03:27:32.487 [JavaFX App] DEBUG FXGLLoggerFactory    - Service [LoggerFactory] initialized
03:27:32.492 [JavaFX App] DEBUG GameApplication      - Starting Game Application
03:27:32.493 [JavaFX App] DEBUG FXGLEventBus         - Service [EventBus] initialized
03:27:32.496 [JavaFX App] DEBUG FXGLExecutor         - Service [Executor] initialized
03:27:32.498 [JavaFX App] DEBUG GameWorld            - Game world initialized
03:27:32.531 [JavaFX App] DEBUG PhysicsWorld         - Physics world initialized
03:27:32.546 [JavaFX App] DEBUG GameScene            - Game scene initialized: 1280.0x720.0
03:27:32.572 [JavaFX App] DEBUG AssetLoader          - Service [AssetLoader] initialized
03:27:32.573 [JavaFX App] DEBUG AssetLoader          - Loading from disk: /assets/sounds/system/notification.wav
03:27:32.591 [JavaFX App] DEBUG AssetLoader          - Loading from disk: /assets/sounds/menu/select.wav
03:27:32.592 [JavaFX App] DEBUG AssetLoader          - Loading from disk: /assets/sounds/menu/back.wav
03:27:32.594 [JavaFX App] DEBUG AssetLoader          - Loading from disk: /assets/sounds/menu/press.wav
03:27:32.596 [JavaFX App] DEBUG AssetLoader          - Loading from disk: /assets/ui/fonts/Copperplate_Gothic_Light_Regular.ttf
03:27:32.690 [JavaFX App] DEBUG AssetLoader          - Loading from disk: /assets/ui/css/fxgl.css
03:27:32.690 [JavaFX App] DEBUG AssetLoader          - Loading from disk: /assets/ui/icons/fxgl_icon.png
03:27:32.722 [JavaFX App] DEBUG AssetLoader          - Loading from disk: /assets/ui/css/fxgl_dark.css
03:27:32.733 [JavaFX App] DEBUG FXGLDisplay          - Target size: DoubleProperty [value: 1280.0] x DoubleProperty [value: 720.0] @ 1.0
03:27:32.733 [JavaFX App] DEBUG FXGLDisplay          - New size:    1280.0 x 720.0 @ DoubleProperty [value: 1.0]
03:27:32.734 [JavaFX App] DEBUG FXGLDisplay          - Service [Display] initialized
03:27:32.734 [JavaFX App] DEBUG FXGLDisplay          - Using CSS: CSS(externalForm=jar:file:/C:/Users/Romano/Documents/GitHub/Breakout/src/lib/FXGL-0.2.4-uber.jar!/assets/ui/css/fxgl_dark.css)
03:27:32.736 [JavaFX App] DEBUG FXGLInput            - Service [Input] initialized
03:27:32.737 [JavaFX App] DEBUG FXGLInput            - Registered new binding: Screenshot - P
03:27:32.737 [JavaFX App] DEBUG FXGLInput            - Registered new binding: Developer Options - CTRL+0
03:27:32.739 [JavaFX App] DEBUG FXGLInput            - Registered new binding: left - A
03:27:32.739 [JavaFX App] DEBUG FXGLInput            - Registered new binding: right - D
03:27:32.739 [JavaFX App] DEBUG GameApplication      - Initializing global event handlers
03:27:32.739 [JavaFX App] DEBUG FXGLMasterTimer      - Service [MasterTimer] initialized
03:27:32.746 [JavaFX App] DEBUG FXGLEventBus         - Firing event: SaveEvent
03:27:32.747 [JavaFX App] DEBUG FXGLInput            - Saving data to profile
03:27:32.747 [JavaFX App] DEBUG Bundle               - Logging bundle: input
03:27:32.748 [JavaFX App] DEBUG Bundle               - input.Screenshot=P
03:27:32.748 [JavaFX App] DEBUG Bundle               - input.right=D
03:27:32.748 [JavaFX App] DEBUG Bundle               - input.Developer Options=CTRL+0
03:27:32.748 [JavaFX App] DEBUG Bundle               - input.left=A
03:27:32.748 [JavaFX App] DEBUG FXGLDisplay          - Saving data to profile
03:27:32.748 [JavaFX App] DEBUG Bundle               - Logging bundle: scene
03:27:32.748 [JavaFX App] DEBUG Bundle               - scene.sizeW=1280.0
03:27:32.748 [JavaFX App] DEBUG Bundle               - scene.sizeH=720.0
03:27:32.748 [JavaFX App] DEBUG FXGLAudioPlayer      - Service [AudioPlayer] initialized
03:27:32.749 [JavaFX App] DEBUG FXGLAudioPlayer      - Saving data to profile
03:27:32.749 [JavaFX App] DEBUG Bundle               - Logging bundle: audio
03:27:32.749 [JavaFX App] DEBUG Bundle               - audio.musicVolume=0.5
03:27:32.749 [JavaFX App] DEBUG Bundle               - audio.soundVolume=0.5
03:27:32.749 [JavaFX App] DEBUG AchievementManager   - Service [AchievementManager] initialized
03:27:32.749 [JavaFX App] DEBUG AchievementManager   - Saving data to profile
03:27:32.749 [JavaFX App] DEBUG Bundle               - Logging bundle: achievement
03:27:32.749 [JavaFX App] DEBUG FXGLMasterTimer      - Saving data to profile
03:27:32.749 [JavaFX App] DEBUG Bundle               - Logging bundle: timer
03:27:32.749 [JavaFX App] DEBUG Bundle               - timer.playtime=0
03:27:32.780 [JavaFX App] DEBUG GameApplication      - State: STARTUP -> MAIN_MENU
03:27:32.899 [JavaFX App] DEBUG FXGLDisplay          - Showing stage
03:27:32.899 [JavaFX App] DEBUG FXGLDisplay          - Root size: 1280.0x720.0
03:27:32.899 [JavaFX App] DEBUG FXGLDisplay          - Scene size: 1280.0x720.0
03:27:32.899 [JavaFX App] DEBUG FXGLDisplay          - Stage size: 1296.0x758.0
03:27:32.966 [JavaFX App] DEBUG SaveLoadManager      - Checking profiles dir: profiles/
03:27:32.967 [JavaFX App] DEBUG SaveLoadManager      - Loading profile names
03:27:32.969 [JavaFX App] DEBUG IOTask               - Showing dialog
03:27:32.977 [JavaFX App] DEBUG FXGLEventBus         - Firing event: DisplayEvent[type=DIALOG_OPENED]
03:27:32.978 [JavaFX App] DEBUG FXGLInput            - Clearing active input actions
03:27:32.982 [pool-3-thr] DEBUG IOTask               - Executing task: loadDirectoryNamesTask(./profiles/, false)
03:27:33.054 [JavaFX App] DEBUG IOTask               - succeed(): Dismissing dialog
03:27:33.055 [JavaFX App] DEBUG FXGLEventBus         - Firing event: DisplayEvent[type=DIALOG_CLOSED]
03:27:33.055 [JavaFX App] DEBUG IOTask               - Task succeeded: loadDirectoryNamesTask(./profiles/, false)
03:27:33.062 [JavaFX App] DEBUG FXGLEventBus         - Firing event: DisplayEvent[type=DIALOG_OPENED]
03:27:33.062 [JavaFX App] DEBUG FXGLInput            - Clearing active input actions
03:27:33.920 [JavaFX App] DEBUG FXGLEventBus         - Firing event: DisplayEvent[type=DIALOG_CLOSED]
03:27:33.921 [JavaFX App] DEBUG SaveLoadManager      - Loading profile: 1
03:27:33.924 [JavaFX App] DEBUG IOTask               - Showing dialog
03:27:33.936 [JavaFX App] DEBUG FXGLEventBus         - Firing event: DisplayEvent[type=DIALOG_OPENED]
03:27:33.936 [JavaFX App] DEBUG FXGLInput            - Clearing active input actions
03:27:33.936 [pool-3-thr] DEBUG IOTask               - Executing task: readDataTask(./profiles/1/user.profile)
03:27:33.941 [pool-3-thr] DEBUG FS                   - Reading from: .\profiles\1\user.profile
03:27:33.958 [JavaFX App] DEBUG IOTask               - succeed(): Dismissing dialog
03:27:33.958 [JavaFX App] DEBUG FXGLEventBus         - Firing event: DisplayEvent[type=DIALOG_CLOSED]
03:27:33.959 [JavaFX App] DEBUG IOTask               - Task succeeded: readDataTask(./profiles/1/user.profile)
03:27:33.959 [JavaFX App] DEBUG FXGLEventBus         - Firing event: LoadEvent[type=LOAD_PROFILE]
03:27:33.959 [JavaFX App] DEBUG FXGLInput            - Loading data from profile
03:27:33.959 [JavaFX App] DEBUG Bundle               - Logging bundle: input
03:27:33.959 [JavaFX App] DEBUG Bundle               - input.Screenshot=P
03:27:33.959 [JavaFX App] DEBUG Bundle               - input.right=D
03:27:33.959 [JavaFX App] DEBUG Bundle               - input.Developer Options=0
03:27:33.959 [JavaFX App] DEBUG Bundle               - input.left=A
03:27:33.959 [JavaFX App] DEBUG FXGLDisplay          - Loading data from profile
03:27:33.959 [JavaFX App] DEBUG Bundle               - Logging bundle: scene
03:27:33.959 [JavaFX App] DEBUG Bundle               - scene.sizeW=1280.0
03:27:33.959 [JavaFX App] DEBUG Bundle               - scene.sizeH=720.0
03:27:33.959 [JavaFX App] DEBUG FXGLDisplay          - Target size: DoubleProperty [value: 1280.0] x DoubleProperty [value: 720.0] @ 1.0
03:27:33.959 [JavaFX App] DEBUG FXGLDisplay          - New size:    1280.0 x 720.0 @ DoubleProperty [value: 1.0]
03:27:33.970 [JavaFX App] DEBUG FXGLAudioPlayer      - Loading data from profile
03:27:33.970 [JavaFX App] DEBUG Bundle               - Logging bundle: audio
03:27:33.970 [JavaFX App] DEBUG Bundle               - audio.musicVolume=0.5
03:27:33.970 [JavaFX App] DEBUG Bundle               - audio.soundVolume=0.5
03:27:33.970 [JavaFX App] DEBUG AchievementManager   - Loading data from profile
03:27:33.970 [JavaFX App] DEBUG Bundle               - Logging bundle: achievement
03:27:33.970 [JavaFX App] DEBUG FXGLMasterTimer      - Loading data from profile
03:27:33.970 [JavaFX App] DEBUG Bundle               - Logging bundle: timer
03:27:33.970 [JavaFX App] DEBUG Bundle               - timer.playtime=121969378906
03:27:33.970 [JavaFX App] DEBUG SaveLoadManager      - Loading last modified save file
03:27:33.970 [JavaFX App] DEBUG SaveLoadManager      - Loading save files
03:27:33.972 [JavaFX App] DEBUG IOTask               - Showing dialog
03:27:33.978 [JavaFX App] DEBUG FXGLEventBus         - Firing event: DisplayEvent[type=DIALOG_OPENED]
03:27:33.978 [JavaFX App] DEBUG FXGLInput            - Clearing active input actions
03:27:33.978 [pool-3-thr] DEBUG IOTask               - Executing task: loadFileNamesTask(./profiles/1/saves/, true, [FileExtension(extension=.sav)])
03:27:33.979 [pool-3-thr] DEBUG IOTask               - Executing task: loadFileNamesTask(./profiles/1/saves/, true, [FileExtension(extension=.sav)])
03:27:33.979 [pool-3-thr] DEBUG IOTask               - Executing task: loadFileNamesTask(./profiles/1/saves/, true, [FileExtension(extension=.sav)])
03:27:33.980 [pool-3-thr] DEBUG IOTask               - Executing task: readSaveFiles
03:27:33.981 [pool-3-thr] DEBUG IOTask               - Executing task: findLastSave
03:27:33.992 [JavaFX App] DEBUG IOTask               - fail(): Dismissing dialog
03:27:33.993 [JavaFX App] DEBUG FXGLEventBus         - Firing event: DisplayEvent[type=DIALOG_CLOSED]
03:27:33.993 [JavaFX App] WARN  IOTask               - Task failed: loadFileNamesTask(./profiles/1/saves/, true, [FileExtension(extension=.sav)]) Error: java.io.FileNotFoundException: No save files found
03:27:33.993 [JavaFX App] DEBUG FXGLEventBus         - Firing event: ProfileSelectedEvent[name=1,hasSaves=false]
03:27:34.422 [JavaFX App] DEBUG Menu                 - fireNewGame()
03:27:34.422 [JavaFX App] DEBUG GameApplication      - Starting new game
03:27:34.425 [JavaFX App] DEBUG GameApplication      - Initializing App
03:27:34.426 [JavaFX App] DEBUG FXGLEventBus         - Firing event: FXGLEvent[type=PAUSE]
03:27:34.426 [JavaFX App] DEBUG FXGLInput            - Clearing active input actions
03:27:34.427 [JavaFX App] DEBUG FXGLMasterTimer      - Stopping master timer
03:27:34.427 [JavaFX App] DEBUG GameApplication      - State: MAIN_MENU -> PAUSED
03:27:34.428 [JavaFX App] DEBUG FXGLEventBus         - Firing event: FXGLEvent[type=RESET]
03:27:34.428 [JavaFX App] DEBUG GameWorld            - Resetting game world
03:27:34.429 [JavaFX App] TRACE EntityWorld          - Resetting entity world
03:27:34.432 [JavaFX App] DEBUG GameScene            - Resetting game scene
03:27:34.433 [JavaFX App] DEBUG FXGLInput            - Clearing active input actions
03:27:34.433 [JavaFX App] DEBUG FXGLMasterTimer      - Resetting ticks and clearing all actions
03:27:34.433 [JavaFX App] DEBUG GameApplication      - State: PAUSED -> LOADING
03:27:34.441 [JavaFX App] DEBUG GameApplication      - Starting FXGL Init Thread
03:27:34.441 [JavaFX App] DEBUG FXGLEventBus         - Firing event: MenuEvent[type=NEW_GAME]
03:27:34.441 [FXGL Init ] DEBUG InitAppTask          - Initializing Assets
03:27:34.443 [FXGL Init ] DEBUG AssetLoader          - Loading from disk: /assets/textures/Balls/ball_red.png
03:27:34.448 [FXGL Init ] DEBUG AssetLoader          - Loading from disk: /assets/textures/Bats/bat_black.png
03:27:34.449 [FXGL Init ] DEBUG AssetLoader          - Loading from disk: /assets/textures/Bricks/brick_blue_small.png
03:27:34.451 [FXGL Init ] DEBUG AssetLoader          - Loading from disk: /assets/textures/Walls/brick_red.png
03:27:34.452 [FXGL Init ] DEBUG InitAppTask          - Initializing Game
03:27:34.471 [FXGL Init ] DEBUG AssetLoader          - Loading from cache: /assets/textures/Walls/brick_red.png
03:27:34.474 [FXGL Init ] DEBUG AssetLoader          - Loading from cache: /assets/textures/Walls/brick_red.png
03:27:34.474 [FXGL Init ] DEBUG AssetLoader          - Loading from cache: /assets/textures/Walls/brick_red.png
03:27:34.475 [FXGL Init ] DEBUG AssetLoader          - Loading from cache: /assets/textures/Walls/brick_red.png
03:27:34.475 [FXGL Init ] DEBUG AssetLoader          - Loading from cache: /assets/textures/Walls/brick_red.png
03:27:34.476 [FXGL Init ] DEBUG AssetLoader          - Loading from cache: /assets/textures/Walls/brick_red.png
03:27:34.476 [FXGL Init ] DEBUG AssetLoader          - Loading from cache: /assets/textures/Walls/brick_red.png
03:27:34.476 [FXGL Init ] DEBUG AssetLoader          - Loading from cache: /assets/textures/Walls/brick_red.png
03:27:34.477 [FXGL Init ] DEBUG AssetLoader          - Loading from cache: /assets/textures/Walls/brick_red.png
03:27:34.477 [FXGL Init ] DEBUG AssetLoader          - Loading from cache: /assets/textures/Walls/brick_red.png
03:27:34.478 [FXGL Init ] DEBUG AssetLoader          - Loading from cache: /assets/textures/Walls/brick_red.png
03:27:34.478 [FXGL Init ] DEBUG AssetLoader          - Loading from cache: /assets/textures/Walls/brick_red.png
03:27:34.478 [FXGL Init ] DEBUG AssetLoader          - Loading from cache: /assets/textures/Walls/brick_red.png
03:27:34.479 [FXGL Init ] DEBUG AssetLoader          - Loading from cache: /assets/textures/Walls/brick_red.png
03:27:34.479 [FXGL Init ] DEBUG AssetLoader          - Loading from cache: /assets/textures/Walls/brick_red.png
03:27:34.479 [FXGL Init ] DEBUG AssetLoader          - Loading from cache: /assets/textures/Walls/brick_red.png
03:27:34.480 [FXGL Init ] DEBUG AssetLoader          - Loading from cache: /assets/textures/Walls/brick_red.png
03:27:34.480 [FXGL Init ] DEBUG AssetLoader          - Loading from cache: /assets/textures/Walls/brick_red.png
03:27:34.481 [FXGL Init ] DEBUG AssetLoader          - Loading from cache: /assets/textures/Walls/brick_red.png
03:27:34.481 [FXGL Init ] DEBUG AssetLoader          - Loading from cache: /assets/textures/Walls/brick_red.png
03:27:34.481 [FXGL Init ] DEBUG AssetLoader          - Loading from cache: /assets/textures/Walls/brick_red.png
03:27:34.481 [FXGL Init ] DEBUG AssetLoader          - Loading from cache: /assets/textures/Walls/brick_red.png
03:27:34.482 [FXGL Init ] DEBUG AssetLoader          - Loading from cache: /assets/textures/Walls/brick_red.png
03:27:34.482 [FXGL Init ] DEBUG AssetLoader          - Loading from cache: /assets/textures/Walls/brick_red.png
03:27:34.482 [FXGL Init ] DEBUG AssetLoader          - Loading from cache: /assets/textures/Walls/brick_red.png
03:27:34.483 [FXGL Init ] DEBUG AssetLoader          - Loading from cache: /assets/textures/Walls/brick_red.png
03:27:34.483 [FXGL Init ] DEBUG AssetLoader          - Loading from cache: /assets/textures/Walls/brick_red.png
03:27:34.483 [FXGL Init ] DEBUG AssetLoader          - Loading from cache: /assets/textures/Walls/brick_red.png
03:27:34.484 [FXGL Init ] DEBUG AssetLoader          - Loading from cache: /assets/textures/Walls/brick_red.png
03:27:34.484 [FXGL Init ] DEBUG AssetLoader          - Loading from cache: /assets/textures/Walls/brick_red.png
03:27:34.484 [FXGL Init ] DEBUG AssetLoader          - Loading from cache: /assets/textures/Walls/brick_red.png
03:27:34.485 [FXGL Init ] DEBUG AssetLoader          - Loading from cache: /assets/textures/Walls/brick_red.png
03:27:34.485 [FXGL Init ] DEBUG AssetLoader          - Loading from cache: /assets/textures/Walls/brick_red.png
03:27:34.485 [FXGL Init ] DEBUG AssetLoader          - Loading from cache: /assets/textures/Walls/brick_red.png
03:27:34.486 [FXGL Init ] DEBUG AssetLoader          - Loading from cache: /assets/textures/Walls/brick_red.png
03:27:34.486 [FXGL Init ] DEBUG AssetLoader          - Loading from cache: /assets/textures/Walls/brick_red.png
03:27:34.486 [FXGL Init ] DEBUG AssetLoader          - Loading from cache: /assets/textures/Walls/brick_red.png
03:27:34.487 [FXGL Init ] DEBUG AssetLoader          - Loading from cache: /assets/textures/Walls/brick_red.png
03:27:34.487 [FXGL Init ] DEBUG AssetLoader          - Loading from cache: /assets/textures/Walls/brick_red.png
03:27:34.487 [FXGL Init ] DEBUG AssetLoader          - Loading from cache: /assets/textures/Walls/brick_red.png
03:27:34.488 [FXGL Init ] DEBUG AssetLoader          - Loading from cache: /assets/textures/Walls/brick_red.png
03:27:34.488 [FXGL Init ] DEBUG AssetLoader          - Loading from cache: /assets/textures/Walls/brick_red.png
03:27:34.488 [FXGL Init ] DEBUG AssetLoader          - Loading from cache: /assets/textures/Walls/brick_red.png
03:27:34.489 [FXGL Init ] DEBUG AssetLoader          - Loading from cache: /assets/textures/Walls/brick_red.png
03:27:34.489 [FXGL Init ] DEBUG AssetLoader          - Loading from cache: /assets/textures/Walls/brick_red.png
03:27:34.489 [FXGL Init ] DEBUG AssetLoader          - Loading from cache: /assets/textures/Walls/brick_red.png
03:27:34.489 [FXGL Init ] DEBUG AssetLoader          - Loading from cache: /assets/textures/Walls/brick_red.png
03:27:34.490 [FXGL Init ] DEBUG AssetLoader          - Loading from cache: /assets/textures/Walls/brick_red.png
03:27:34.490 [FXGL Init ] DEBUG AssetLoader          - Loading from cache: /assets/textures/Walls/brick_red.png
03:27:34.490 [FXGL Init ] DEBUG AssetLoader          - Loading from cache: /assets/textures/Walls/brick_red.png
03:27:34.491 [FXGL Init ] DEBUG AssetLoader          - Loading from cache: /assets/textures/Walls/brick_red.png
03:27:34.491 [FXGL Init ] DEBUG AssetLoader          - Loading from cache: /assets/textures/Walls/brick_red.png
03:27:34.491 [FXGL Init ] DEBUG AssetLoader          - Loading from cache: /assets/textures/Walls/brick_red.png
03:27:34.491 [FXGL Init ] DEBUG AssetLoader          - Loading from cache: /assets/textures/Walls/brick_red.png
03:27:34.492 [FXGL Init ] DEBUG AssetLoader          - Loading from cache: /assets/textures/Walls/brick_red.png
03:27:34.492 [FXGL Init ] DEBUG AssetLoader          - Loading from cache: /assets/textures/Walls/brick_red.png
03:27:34.492 [FXGL Init ] DEBUG AssetLoader          - Loading from cache: /assets/textures/Walls/brick_red.png
03:27:34.492 [FXGL Init ] DEBUG AssetLoader          - Loading from cache: /assets/textures/Walls/brick_red.png
03:27:34.493 [FXGL Init ] DEBUG AssetLoader          - Loading from cache: /assets/textures/Walls/brick_red.png
03:27:34.493 [FXGL Init ] DEBUG AssetLoader          - Loading from cache: /assets/textures/Walls/brick_red.png
03:27:34.493 [FXGL Init ] DEBUG AssetLoader          - Loading from cache: /assets/textures/Walls/brick_red.png
03:27:34.493 [FXGL Init ] DEBUG AssetLoader          - Loading from cache: /assets/textures/Walls/brick_red.png
03:27:34.494 [FXGL Init ] DEBUG AssetLoader          - Loading from cache: /assets/textures/Walls/brick_red.png
03:27:34.494 [FXGL Init ] DEBUG AssetLoader          - Loading from cache: /assets/textures/Walls/brick_red.png
03:27:34.494 [FXGL Init ] DEBUG AssetLoader          - Loading from cache: /assets/textures/Walls/brick_red.png
03:27:34.495 [FXGL Init ] DEBUG AssetLoader          - Loading from cache: /assets/textures/Walls/brick_red.png
03:27:34.495 [FXGL Init ] DEBUG AssetLoader          - Loading from cache: /assets/textures/Walls/brick_red.png
03:27:34.495 [FXGL Init ] DEBUG AssetLoader          - Loading from cache: /assets/textures/Walls/brick_red.png
03:27:34.495 [FXGL Init ] DEBUG AssetLoader          - Loading from cache: /assets/textures/Walls/brick_red.png
03:27:34.495 [FXGL Init ] DEBUG AssetLoader          - Loading from cache: /assets/textures/Walls/brick_red.png
03:27:34.496 [FXGL Init ] DEBUG AssetLoader          - Loading from cache: /assets/textures/Walls/brick_red.png
03:27:34.496 [FXGL Init ] DEBUG AssetLoader          - Loading from cache: /assets/textures/Walls/brick_red.png
03:27:34.496 [FXGL Init ] DEBUG AssetLoader          - Loading from cache: /assets/textures/Walls/brick_red.png
03:27:34.496 [FXGL Init ] DEBUG AssetLoader          - Loading from cache: /assets/textures/Walls/brick_red.png
03:27:34.496 [FXGL Init ] DEBUG AssetLoader          - Loading from cache: /assets/textures/Walls/brick_red.png
03:27:34.497 [FXGL Init ] DEBUG AssetLoader          - Loading from cache: /assets/textures/Walls/brick_red.png
03:27:34.497 [FXGL Init ] DEBUG AssetLoader          - Loading from cache: /assets/textures/Walls/brick_red.png
03:27:34.497 [FXGL Init ] DEBUG AssetLoader          - Loading from cache: /assets/textures/Walls/brick_red.png
03:27:34.497 [FXGL Init ] DEBUG AssetLoader          - Loading from cache: /assets/textures/Walls/brick_red.png
03:27:34.498 [FXGL Init ] DEBUG AssetLoader          - Loading from cache: /assets/textures/Walls/brick_red.png
03:27:34.498 [FXGL Init ] DEBUG AssetLoader          - Loading from cache: /assets/textures/Walls/brick_red.png
03:27:34.498 [FXGL Init ] DEBUG AssetLoader          - Loading from cache: /assets/textures/Walls/brick_red.png
03:27:34.498 [FXGL Init ] DEBUG AssetLoader          - Loading from cache: /assets/textures/Walls/brick_red.png
03:27:34.499 [FXGL Init ] DEBUG AssetLoader          - Loading from cache: /assets/textures/Walls/brick_red.png
03:27:34.499 [FXGL Init ] DEBUG AssetLoader          - Loading from cache: /assets/textures/Walls/brick_red.png
03:27:34.499 [FXGL Init ] DEBUG AssetLoader          - Loading from cache: /assets/textures/Walls/brick_red.png
03:27:34.499 [FXGL Init ] DEBUG AssetLoader          - Loading from cache: /assets/textures/Walls/brick_red.png
03:27:34.499 [FXGL Init ] DEBUG AssetLoader          - Loading from cache: /assets/textures/Walls/brick_red.png
03:27:34.500 [FXGL Init ] DEBUG AssetLoader          - Loading from cache: /assets/textures/Walls/brick_red.png
03:27:34.500 [FXGL Init ] DEBUG AssetLoader          - Loading from cache: /assets/textures/Walls/brick_red.png
03:27:34.500 [FXGL Init ] DEBUG AssetLoader          - Loading from cache: /assets/textures/Walls/brick_red.png
03:27:34.500 [FXGL Init ] DEBUG AssetLoader          - Loading from cache: /assets/textures/Walls/brick_red.png
03:27:34.501 [FXGL Init ] DEBUG AssetLoader          - Loading from cache: /assets/textures/Walls/brick_red.png
03:27:34.501 [FXGL Init ] DEBUG AssetLoader          - Loading from cache: /assets/textures/Walls/brick_red.png
03:27:34.501 [FXGL Init ] DEBUG AssetLoader          - Loading from cache: /assets/textures/Walls/brick_red.png
03:27:34.501 [FXGL Init ] DEBUG AssetLoader          - Loading from cache: /assets/textures/Walls/brick_red.png
03:27:34.501 [FXGL Init ] DEBUG AssetLoader          - Loading from cache: /assets/textures/Walls/brick_red.png
03:27:34.501 [FXGL Init ] DEBUG AssetLoader          - Loading from cache: /assets/textures/Walls/brick_red.png
03:27:34.502 [FXGL Init ] DEBUG AssetLoader          - Loading from cache: /assets/textures/Walls/brick_red.png
03:27:34.502 [FXGL Init ] DEBUG AssetLoader          - Loading from cache: /assets/textures/Walls/brick_red.png
03:27:34.502 [FXGL Init ] DEBUG AssetLoader          - Loading from cache: /assets/textures/Walls/brick_red.png
03:27:34.502 [FXGL Init ] DEBUG AssetLoader          - Loading from cache: /assets/textures/Walls/brick_red.png
03:27:34.503 [FXGL Init ] DEBUG AssetLoader          - Loading from cache: /assets/textures/Walls/brick_red.png
03:27:34.503 [FXGL Init ] DEBUG AssetLoader          - Loading from cache: /assets/textures/Walls/brick_red.png
03:27:34.503 [FXGL Init ] DEBUG AssetLoader          - Loading from cache: /assets/textures/Walls/brick_red.png
03:27:34.503 [FXGL Init ] DEBUG AssetLoader          - Loading from cache: /assets/textures/Walls/brick_red.png
03:27:34.503 [FXGL Init ] DEBUG AssetLoader          - Loading from cache: /assets/textures/Walls/brick_red.png
03:27:34.504 [FXGL Init ] DEBUG AssetLoader          - Loading from cache: /assets/textures/Walls/brick_red.png
03:27:34.504 [FXGL Init ] DEBUG AssetLoader          - Loading from cache: /assets/textures/Walls/brick_red.png
03:27:34.504 [FXGL Init ] DEBUG AssetLoader          - Loading from cache: /assets/textures/Walls/brick_red.png
03:27:34.504 [FXGL Init ] DEBUG AssetLoader          - Loading from cache: /assets/textures/Walls/brick_red.png
03:27:34.504 [FXGL Init ] DEBUG AssetLoader          - Loading from cache: /assets/textures/Walls/brick_red.png
03:27:34.505 [FXGL Init ] DEBUG AssetLoader          - Loading from cache: /assets/textures/Walls/brick_red.png
03:27:34.505 [FXGL Init ] DEBUG AssetLoader          - Loading from cache: /assets/textures/Walls/brick_red.png
03:27:34.505 [FXGL Init ] DEBUG AssetLoader          - Loading from cache: /assets/textures/Walls/brick_red.png
03:27:34.505 [FXGL Init ] DEBUG AssetLoader          - Loading from cache: /assets/textures/Walls/brick_red.png
03:27:34.505 [FXGL Init ] DEBUG AssetLoader          - Loading from cache: /assets/textures/Walls/brick_red.png
03:27:34.505 [FXGL Init ] DEBUG AssetLoader          - Loading from cache: /assets/textures/Walls/brick_red.png
03:27:34.506 [FXGL Init ] DEBUG AssetLoader          - Loading from cache: /assets/textures/Walls/brick_red.png
03:27:34.506 [FXGL Init ] DEBUG AssetLoader          - Loading from cache: /assets/textures/Walls/brick_red.png
03:27:34.506 [FXGL Init ] DEBUG AssetLoader          - Loading from cache: /assets/textures/Walls/brick_red.png
03:27:34.506 [FXGL Init ] DEBUG AssetLoader          - Loading from cache: /assets/textures/Walls/brick_red.png
03:27:34.506 [FXGL Init ] DEBUG AssetLoader          - Loading from cache: /assets/textures/Walls/brick_red.png
03:27:34.507 [FXGL Init ] DEBUG AssetLoader          - Loading from cache: /assets/textures/Walls/brick_red.png
03:27:34.507 [FXGL Init ] DEBUG AssetLoader          - Loading from cache: /assets/textures/Walls/brick_red.png
03:27:34.507 [FXGL Init ] DEBUG AssetLoader          - Loading from cache: /assets/textures/Walls/brick_red.png
03:27:34.507 [FXGL Init ] DEBUG AssetLoader          - Loading from cache: /assets/textures/Walls/brick_red.png
03:27:34.507 [FXGL Init ] DEBUG AssetLoader          - Loading from cache: /assets/textures/Walls/brick_red.png
03:27:34.507 [FXGL Init ] DEBUG AssetLoader          - Loading from cache: /assets/textures/Walls/brick_red.png
03:27:34.508 [FXGL Init ] DEBUG AssetLoader          - Loading from cache: /assets/textures/Walls/brick_red.png
03:27:34.508 [FXGL Init ] DEBUG AssetLoader          - Loading from cache: /assets/textures/Walls/brick_red.png
03:27:34.508 [FXGL Init ] DEBUG AssetLoader          - Loading from cache: /assets/textures/Walls/brick_red.png
03:27:34.508 [FXGL Init ] DEBUG AssetLoader          - Loading from cache: /assets/textures/Walls/brick_red.png
03:27:34.508 [FXGL Init ] DEBUG AssetLoader          - Loading from cache: /assets/textures/Walls/brick_red.png
03:27:34.508 [FXGL Init ] DEBUG AssetLoader          - Loading from cache: /assets/textures/Walls/brick_red.png
03:27:34.509 [FXGL Init ] DEBUG AssetLoader          - Loading from cache: /assets/textures/Walls/brick_red.png
03:27:34.509 [FXGL Init ] DEBUG AssetLoader          - Loading from cache: /assets/textures/Walls/brick_red.png
03:27:34.509 [FXGL Init ] DEBUG AssetLoader          - Loading from cache: /assets/textures/Walls/brick_red.png
03:27:34.509 [FXGL Init ] DEBUG AssetLoader          - Loading from cache: /assets/textures/Walls/brick_red.png
03:27:34.509 [FXGL Init ] DEBUG AssetLoader          - Loading from cache: /assets/textures/Walls/brick_red.png
03:27:34.510 [FXGL Init ] DEBUG AssetLoader          - Loading from cache: /assets/textures/Walls/brick_red.png
03:27:34.510 [FXGL Init ] DEBUG AssetLoader          - Loading from cache: /assets/textures/Walls/brick_red.png
03:27:34.510 [FXGL Init ] DEBUG AssetLoader          - Loading from cache: /assets/textures/Walls/brick_red.png
03:27:34.510 [FXGL Init ] DEBUG AssetLoader          - Loading from cache: /assets/textures/Walls/brick_red.png
03:27:34.510 [FXGL Init ] DEBUG AssetLoader          - Loading from cache: /assets/textures/Walls/brick_red.png
03:27:34.511 [FXGL Init ] DEBUG AssetLoader          - Loading from cache: /assets/textures/Walls/brick_red.png
03:27:34.511 [FXGL Init ] DEBUG AssetLoader          - Loading from cache: /assets/textures/Walls/brick_red.png
03:27:34.511 [FXGL Init ] DEBUG AssetLoader          - Loading from cache: /assets/textures/Walls/brick_red.png
03:27:34.511 [FXGL Init ] DEBUG AssetLoader          - Loading from cache: /assets/textures/Walls/brick_red.png
03:27:34.511 [FXGL Init ] DEBUG AssetLoader          - Loading from cache: /assets/textures/Walls/brick_red.png
03:27:34.511 [FXGL Init ] DEBUG AssetLoader          - Loading from cache: /assets/textures/Walls/brick_red.png
03:27:34.511 [FXGL Init ] DEBUG AssetLoader          - Loading from cache: /assets/textures/Walls/brick_red.png
03:27:34.512 [FXGL Init ] DEBUG AssetLoader          - Loading from cache: /assets/textures/Walls/brick_red.png
03:27:34.512 [FXGL Init ] DEBUG AssetLoader          - Loading from cache: /assets/textures/Walls/brick_red.png
03:27:34.512 [FXGL Init ] DEBUG AssetLoader          - Loading from cache: /assets/textures/Walls/brick_red.png
03:27:34.512 [FXGL Init ] DEBUG AssetLoader          - Loading from cache: /assets/textures/Walls/brick_red.png
03:27:34.512 [FXGL Init ] DEBUG AssetLoader          - Loading from cache: /assets/textures/Walls/brick_red.png
03:27:34.513 [FXGL Init ] DEBUG AssetLoader          - Loading from cache: /assets/textures/Walls/brick_red.png
03:27:34.513 [FXGL Init ] DEBUG AssetLoader          - Loading from cache: /assets/textures/Walls/brick_red.png
03:27:34.513 [FXGL Init ] DEBUG AssetLoader          - Loading from cache: /assets/textures/Walls/brick_red.png
03:27:34.513 [FXGL Init ] DEBUG AssetLoader          - Loading from cache: /assets/textures/Walls/brick_red.png
03:27:34.513 [FXGL Init ] DEBUG AssetLoader          - Loading from cache: /assets/textures/Walls/brick_red.png
03:27:34.514 [FXGL Init ] DEBUG AssetLoader          - Loading from cache: /assets/textures/Walls/brick_red.png
03:27:34.514 [FXGL Init ] DEBUG AssetLoader          - Loading from cache: /assets/textures/Walls/brick_red.png
03:27:34.514 [FXGL Init ] DEBUG AssetLoader          - Loading from cache: /assets/textures/Walls/brick_red.png
03:27:34.514 [FXGL Init ] DEBUG AssetLoader          - Loading from cache: /assets/textures/Walls/brick_red.png
03:27:34.514 [FXGL Init ] DEBUG AssetLoader          - Loading from cache: /assets/textures/Walls/brick_red.png
03:27:34.515 [FXGL Init ] DEBUG AssetLoader          - Loading from cache: /assets/textures/Walls/brick_red.png
03:27:34.515 [FXGL Init ] DEBUG AssetLoader          - Loading from cache: /assets/textures/Walls/brick_red.png
03:27:34.515 [FXGL Init ] DEBUG AssetLoader          - Loading from cache: /assets/textures/Walls/brick_red.png
03:27:34.515 [FXGL Init ] DEBUG AssetLoader          - Loading from cache: /assets/textures/Walls/brick_red.png
03:27:34.515 [FXGL Init ] DEBUG AssetLoader          - Loading from cache: /assets/textures/Walls/brick_red.png
03:27:34.515 [FXGL Init ] DEBUG AssetLoader          - Loading from cache: /assets/textures/Walls/brick_red.png
03:27:34.515 [FXGL Init ] DEBUG AssetLoader          - Loading from cache: /assets/textures/Walls/brick_red.png
03:27:34.516 [FXGL Init ] DEBUG AssetLoader          - Loading from cache: /assets/textures/Walls/brick_red.png
03:27:34.516 [FXGL Init ] DEBUG AssetLoader          - Loading from cache: /assets/textures/Walls/brick_red.png
03:27:34.516 [FXGL Init ] DEBUG AssetLoader          - Loading from cache: /assets/textures/Walls/brick_red.png
03:27:34.516 [FXGL Init ] DEBUG AssetLoader          - Loading from cache: /assets/textures/Walls/brick_red.png
03:27:34.516 [FXGL Init ] DEBUG AssetLoader          - Loading from cache: /assets/textures/Walls/brick_red.png
03:27:34.516 [FXGL Init ] DEBUG AssetLoader          - Loading from cache: /assets/textures/Walls/brick_red.png
03:27:34.517 [FXGL Init ] DEBUG AssetLoader          - Loading from cache: /assets/textures/Bats/bat_black.png
03:27:34.520 [FXGL Init ] DEBUG AssetLoader          - Loading from cache: /assets/textures/Balls/ball_red.png
03:27:34.521 [FXGL Init ] DEBUG AssetLoader          - Loading from cache: /assets/textures/Bricks/brick_blue_small.png
03:27:34.521 [FXGL Init ] DEBUG InitAppTask          - Initializing Physics
03:27:34.522 [FXGL Init ] DEBUG InitAppTask          - Initializing UI
03:27:34.523 [FXGL Init ] DEBUG GameScene            - Adding UI node: Text[text="0", x=0.0, y=0.0, alignment=LEFT, origin=BASELINE, boundsType=LOGICAL, font=Font[name=System Regular, family=System, style=Regular, size=20.0], fontSmoothingType=GRAY, fill=0x000000ff]
03:27:34.523 [FXGL Init ] DEBUG InitAppTask          - Initialization Complete
03:27:34.523 [JavaFX App] DEBUG FXGLEventBus         - Firing event: FXGLEvent[type=INIT_APP_COMPLETE]
03:27:34.524 [JavaFX App] DEBUG FXGLEventBus         - Firing event: FXGLEvent[type=RESUME]
03:27:34.524 [JavaFX App] DEBUG FXGLInput            - Clearing active input actions
03:27:34.524 [JavaFX App] DEBUG FXGLMasterTimer      - Starting master timer
03:27:34.524 [JavaFX App] DEBUG GameApplication      - State: LOADING -> PLAYING
03:27:34.530 [JavaFX App] TRACE Entity               - Initializing entity
03:27:34.531 [JavaFX App] DEBUG GameScene            - Entity added to scene
03:27:34.531 [JavaFX App] DEBUG GameScene            - Added MainViewComponent
03:27:34.532 [JavaFX App] DEBUG GameScene            - Creating render group for layer: TOP(2147483647)
03:27:34.534 [JavaFX App] DEBUG FXGLEventBus         - Firing event: WorldEvent[type=ENTITY_ADDED]
03:27:34.534 [JavaFX App] TRACE Entity               - Initializing entity
03:27:34.534 [JavaFX App] DEBUG GameScene            - Entity added to scene
03:27:34.534 [JavaFX App] DEBUG GameScene            - Added MainViewComponent
03:27:34.535 [JavaFX App] DEBUG FXGLEventBus         - Firing event: WorldEvent[type=ENTITY_ADDED]
03:27:34.535 [JavaFX App] TRACE Entity               - Initializing entity
03:27:34.535 [JavaFX App] DEBUG GameScene            - Entity added to scene
03:27:34.535 [JavaFX App] DEBUG GameScene            - Added MainViewComponent
03:27:34.535 [JavaFX App] DEBUG FXGLEventBus         - Firing event: WorldEvent[type=ENTITY_ADDED]
03:27:34.535 [JavaFX App] TRACE Entity               - Initializing entity
03:27:34.535 [JavaFX App] DEBUG GameScene            - Entity added to scene
03:27:34.535 [JavaFX App] DEBUG GameScene            - Added MainViewComponent
03:27:34.535 [JavaFX App] DEBUG FXGLEventBus         - Firing event: WorldEvent[type=ENTITY_ADDED]
03:27:34.535 [JavaFX App] TRACE Entity               - Initializing entity
03:27:34.535 [JavaFX App] DEBUG GameScene            - Entity added to scene
03:27:34.535 [JavaFX App] DEBUG GameScene            - Added MainViewComponent
03:27:34.535 [JavaFX App] DEBUG FXGLEventBus         - Firing event: WorldEvent[type=ENTITY_ADDED]
03:27:34.535 [JavaFX App] TRACE Entity               - Initializing entity
03:27:34.535 [JavaFX App] DEBUG GameScene            - Entity added to scene
03:27:34.535 [JavaFX App] DEBUG GameScene            - Added MainViewComponent
03:27:34.535 [JavaFX App] DEBUG FXGLEventBus         - Firing event: WorldEvent[type=ENTITY_ADDED]
03:27:34.536 [JavaFX App] TRACE Entity               - Initializing entity
03:27:34.536 [JavaFX App] DEBUG GameScene            - Entity added to scene
03:27:34.536 [JavaFX App] DEBUG GameScene            - Added MainViewComponent
03:27:34.536 [JavaFX App] DEBUG FXGLEventBus         - Firing event: WorldEvent[type=ENTITY_ADDED]
03:27:34.536 [JavaFX App] TRACE Entity               - Initializing entity
03:27:34.536 [JavaFX App] DEBUG GameScene            - Entity added to scene
03:27:34.536 [JavaFX App] DEBUG GameScene            - Added MainViewComponent
03:27:34.536 [JavaFX App] DEBUG FXGLEventBus         - Firing event: WorldEvent[type=ENTITY_ADDED]
03:27:34.536 [JavaFX App] TRACE Entity               - Initializing entity
03:27:34.536 [JavaFX App] DEBUG GameScene            - Entity added to scene
03:27:34.536 [JavaFX App] DEBUG GameScene            - Added MainViewComponent
03:27:34.536 [JavaFX App] DEBUG FXGLEventBus         - Firing event: WorldEvent[type=ENTITY_ADDED]
03:27:34.536 [JavaFX App] TRACE Entity               - Initializing entity
03:27:34.536 [JavaFX App] DEBUG GameScene            - Entity added to scene
03:27:34.536 [JavaFX App] DEBUG GameScene            - Added MainViewComponent
03:27:34.536 [JavaFX App] DEBUG FXGLEventBus         - Firing event: WorldEvent[type=ENTITY_ADDED]
03:27:34.536 [JavaFX App] TRACE Entity               - Initializing entity
03:27:34.536 [JavaFX App] DEBUG GameScene            - Entity added to scene
03:27:34.536 [JavaFX App] DEBUG GameScene            - Added MainViewComponent
03:27:34.536 [JavaFX App] DEBUG FXGLEventBus         - Firing event: WorldEvent[type=ENTITY_ADDED]
03:27:34.536 [JavaFX App] TRACE Entity               - Initializing entity
03:27:34.536 [JavaFX App] DEBUG GameScene            - Entity added to scene
03:27:34.536 [JavaFX App] DEBUG GameScene            - Added MainViewComponent
03:27:34.537 [JavaFX App] DEBUG FXGLEventBus         - Firing event: WorldEvent[type=ENTITY_ADDED]
03:27:34.537 [JavaFX App] TRACE Entity               - Initializing entity
03:27:34.537 [JavaFX App] DEBUG GameScene            - Entity added to scene
03:27:34.537 [JavaFX App] DEBUG GameScene            - Added MainViewComponent
03:27:34.537 [JavaFX App] DEBUG FXGLEventBus         - Firing event: WorldEvent[type=ENTITY_ADDED]
03:27:34.537 [JavaFX App] TRACE Entity               - Initializing entity
03:27:34.537 [JavaFX App] DEBUG GameScene            - Entity added to scene
03:27:34.537 [JavaFX App] DEBUG GameScene            - Added MainViewComponent
03:27:34.537 [JavaFX App] DEBUG FXGLEventBus         - Firing event: WorldEvent[type=ENTITY_ADDED]
03:27:34.537 [JavaFX App] TRACE Entity               - Initializing entity
03:27:34.537 [JavaFX App] DEBUG GameScene            - Entity added to scene
03:27:34.537 [JavaFX App] DEBUG GameScene            - Added MainViewComponent
03:27:34.537 [JavaFX App] DEBUG FXGLEventBus         - Firing event: WorldEvent[type=ENTITY_ADDED]
03:27:34.537 [JavaFX App] TRACE Entity               - Initializing entity
03:27:34.537 [JavaFX App] DEBUG GameScene            - Entity added to scene
03:27:34.537 [JavaFX App] DEBUG GameScene            - Added MainViewComponent
03:27:34.537 [JavaFX App] DEBUG FXGLEventBus         - Firing event: WorldEvent[type=ENTITY_ADDED]
03:27:34.537 [JavaFX App] TRACE Entity               - Initializing entity
03:27:34.537 [JavaFX App] DEBUG GameScene            - Entity added to scene
03:27:34.537 [JavaFX App] DEBUG GameScene            - Added MainViewComponent
03:27:34.538 [JavaFX App] DEBUG FXGLEventBus         - Firing event: WorldEvent[type=ENTITY_ADDED]
03:27:34.538 [JavaFX App] TRACE Entity               - Initializing entity
03:27:34.538 [JavaFX App] DEBUG GameScene            - Entity added to scene
03:27:34.538 [JavaFX App] DEBUG GameScene            - Added MainViewComponent
03:27:34.538 [JavaFX App] DEBUG FXGLEventBus         - Firing event: WorldEvent[type=ENTITY_ADDED]
03:27:34.538 [JavaFX App] TRACE Entity               - Initializing entity
03:27:34.538 [JavaFX App] DEBUG GameScene            - Entity added to scene
03:27:34.538 [JavaFX App] DEBUG GameScene            - Added MainViewComponent
03:27:34.538 [JavaFX App] DEBUG FXGLEventBus         - Firing event: WorldEvent[type=ENTITY_ADDED]
03:27:34.538 [JavaFX App] TRACE Entity               - Initializing entity
03:27:34.538 [JavaFX App] DEBUG GameScene            - Entity added to scene
03:27:34.538 [JavaFX App] DEBUG GameScene            - Added MainViewComponent
03:27:34.538 [JavaFX App] DEBUG FXGLEventBus         - Firing event: WorldEvent[type=ENTITY_ADDED]
03:27:34.538 [JavaFX App] TRACE Entity               - Initializing entity
03:27:34.538 [JavaFX App] DEBUG GameScene            - Entity added to scene
03:27:34.538 [JavaFX App] DEBUG GameScene            - Added MainViewComponent
03:27:34.538 [JavaFX App] DEBUG FXGLEventBus         - Firing event: WorldEvent[type=ENTITY_ADDED]
03:27:34.538 [JavaFX App] TRACE Entity               - Initializing entity
03:27:34.538 [JavaFX App] DEBUG GameScene            - Entity added to scene
03:27:34.538 [JavaFX App] DEBUG GameScene            - Added MainViewComponent
03:27:34.538 [JavaFX App] DEBUG FXGLEventBus         - Firing event: WorldEvent[type=ENTITY_ADDED]
03:27:34.538 [JavaFX App] TRACE Entity               - Initializing entity
03:27:34.538 [JavaFX App] DEBUG GameScene            - Entity added to scene
03:27:34.538 [JavaFX App] DEBUG GameScene            - Added MainViewComponent
03:27:34.539 [JavaFX App] DEBUG FXGLEventBus         - Firing event: WorldEvent[type=ENTITY_ADDED]
03:27:34.539 [JavaFX App] TRACE Entity               - Initializing entity
03:27:34.539 [JavaFX App] DEBUG GameScene            - Entity added to scene
03:27:34.539 [JavaFX App] DEBUG GameScene            - Added MainViewComponent
03:27:34.539 [JavaFX App] DEBUG FXGLEventBus         - Firing event: WorldEvent[type=ENTITY_ADDED]
03:27:34.539 [JavaFX App] TRACE Entity               - Initializing entity
03:27:34.539 [JavaFX App] DEBUG GameScene            - Entity added to scene
03:27:34.539 [JavaFX App] DEBUG GameScene            - Added MainViewComponent
03:27:34.539 [JavaFX App] DEBUG FXGLEventBus         - Firing event: WorldEvent[type=ENTITY_ADDED]
03:27:34.539 [JavaFX App] TRACE Entity               - Initializing entity
03:27:34.539 [JavaFX App] DEBUG GameScene            - Entity added to scene
03:27:34.539 [JavaFX App] DEBUG GameScene            - Added MainViewComponent
03:27:34.539 [JavaFX App] DEBUG FXGLEventBus         - Firing event: WorldEvent[type=ENTITY_ADDED]
03:27:34.539 [JavaFX App] TRACE Entity               - Initializing entity
03:27:34.539 [JavaFX App] DEBUG GameScene            - Entity added to scene
03:27:34.539 [JavaFX App] DEBUG GameScene            - Added MainViewComponent
03:27:34.539 [JavaFX App] DEBUG FXGLEventBus         - Firing event: WorldEvent[type=ENTITY_ADDED]
03:27:34.539 [JavaFX App] TRACE Entity               - Initializing entity
03:27:34.539 [JavaFX App] DEBUG GameScene            - Entity added to scene
03:27:34.539 [JavaFX App] DEBUG GameScene            - Added MainViewComponent
03:27:34.539 [JavaFX App] DEBUG FXGLEventBus         - Firing event: WorldEvent[type=ENTITY_ADDED]
03:27:34.539 [JavaFX App] TRACE Entity               - Initializing entity
03:27:34.539 [JavaFX App] DEBUG GameScene            - Entity added to scene
03:27:34.539 [JavaFX App] DEBUG GameScene            - Added MainViewComponent
03:27:34.539 [JavaFX App] DEBUG FXGLEventBus         - Firing event: WorldEvent[type=ENTITY_ADDED]
03:27:34.540 [JavaFX App] TRACE Entity               - Initializing entity
03:27:34.540 [JavaFX App] DEBUG GameScene            - Entity added to scene
03:27:34.540 [JavaFX App] DEBUG GameScene            - Added MainViewComponent
03:27:34.540 [JavaFX App] DEBUG FXGLEventBus         - Firing event: WorldEvent[type=ENTITY_ADDED]
03:27:34.540 [JavaFX App] TRACE Entity               - Initializing entity
03:27:34.540 [JavaFX App] DEBUG GameScene            - Entity added to scene
03:27:34.540 [JavaFX App] DEBUG GameScene            - Added MainViewComponent
03:27:34.540 [JavaFX App] DEBUG FXGLEventBus         - Firing event: WorldEvent[type=ENTITY_ADDED]
03:27:34.540 [JavaFX App] TRACE Entity               - Initializing entity
03:27:34.540 [JavaFX App] DEBUG GameScene            - Entity added to scene
03:27:34.540 [JavaFX App] DEBUG GameScene            - Added MainViewComponent
03:27:34.540 [JavaFX App] DEBUG FXGLEventBus         - Firing event: WorldEvent[type=ENTITY_ADDED]
03:27:34.540 [JavaFX App] TRACE Entity               - Initializing entity
03:27:34.540 [JavaFX App] DEBUG GameScene            - Entity added to scene
03:27:34.540 [JavaFX App] DEBUG GameScene            - Added MainViewComponent
03:27:34.540 [JavaFX App] DEBUG FXGLEventBus         - Firing event: WorldEvent[type=ENTITY_ADDED]
03:27:34.540 [JavaFX App] TRACE Entity               - Initializing entity
03:27:34.540 [JavaFX App] DEBUG GameScene            - Entity added to scene
03:27:34.540 [JavaFX App] DEBUG GameScene            - Added MainViewComponent
03:27:34.540 [JavaFX App] DEBUG FXGLEventBus         - Firing event: WorldEvent[type=ENTITY_ADDED]
03:27:34.540 [JavaFX App] TRACE Entity               - Initializing entity
03:27:34.540 [JavaFX App] DEBUG GameScene            - Entity added to scene
03:27:34.540 [JavaFX App] DEBUG GameScene            - Added MainViewComponent
03:27:34.540 [JavaFX App] DEBUG FXGLEventBus         - Firing event: WorldEvent[type=ENTITY_ADDED]
03:27:34.541 [JavaFX App] TRACE Entity               - Initializing entity
03:27:34.541 [JavaFX App] DEBUG GameScene            - Entity added to scene
03:27:34.541 [JavaFX App] DEBUG GameScene            - Added MainViewComponent
03:27:34.541 [JavaFX App] DEBUG FXGLEventBus         - Firing event: WorldEvent[type=ENTITY_ADDED]
03:27:34.541 [JavaFX App] TRACE Entity               - Initializing entity
03:27:34.541 [JavaFX App] DEBUG GameScene            - Entity added to scene
03:27:34.541 [JavaFX App] DEBUG GameScene            - Added MainViewComponent
03:27:34.541 [JavaFX App] DEBUG FXGLEventBus         - Firing event: WorldEvent[type=ENTITY_ADDED]
03:27:34.541 [JavaFX App] TRACE Entity               - Initializing entity
03:27:34.541 [JavaFX App] DEBUG GameScene            - Entity added to scene
03:27:34.541 [JavaFX App] DEBUG GameScene            - Added MainViewComponent
03:27:34.541 [JavaFX App] DEBUG FXGLEventBus         - Firing event: WorldEvent[type=ENTITY_ADDED]
03:27:34.541 [JavaFX App] TRACE Entity               - Initializing entity
03:27:34.541 [JavaFX App] DEBUG GameScene            - Entity added to scene
03:27:34.541 [JavaFX App] DEBUG GameScene            - Added MainViewComponent
03:27:34.541 [JavaFX App] DEBUG FXGLEventBus         - Firing event: WorldEvent[type=ENTITY_ADDED]
03:27:34.541 [JavaFX App] TRACE Entity               - Initializing entity
03:27:34.541 [JavaFX App] DEBUG GameScene            - Entity added to scene
03:27:34.541 [JavaFX App] DEBUG GameScene            - Added MainViewComponent
03:27:34.541 [JavaFX App] DEBUG FXGLEventBus         - Firing event: WorldEvent[type=ENTITY_ADDED]
03:27:34.541 [JavaFX App] TRACE Entity               - Initializing entity
03:27:34.541 [JavaFX App] DEBUG GameScene            - Entity added to scene
03:27:34.541 [JavaFX App] DEBUG GameScene            - Added MainViewComponent
03:27:34.542 [JavaFX App] DEBUG FXGLEventBus         - Firing event: WorldEvent[type=ENTITY_ADDED]
03:27:34.542 [JavaFX App] TRACE Entity               - Initializing entity
03:27:34.542 [JavaFX App] DEBUG GameScene            - Entity added to scene
03:27:34.542 [JavaFX App] DEBUG GameScene            - Added MainViewComponent
03:27:34.542 [JavaFX App] DEBUG FXGLEventBus         - Firing event: WorldEvent[type=ENTITY_ADDED]
03:27:34.542 [JavaFX App] TRACE Entity               - Initializing entity
03:27:34.542 [JavaFX App] DEBUG GameScene            - Entity added to scene
03:27:34.542 [JavaFX App] DEBUG GameScene            - Added MainViewComponent
03:27:34.542 [JavaFX App] DEBUG FXGLEventBus         - Firing event: WorldEvent[type=ENTITY_ADDED]
03:27:34.542 [JavaFX App] TRACE Entity               - Initializing entity
03:27:34.542 [JavaFX App] DEBUG GameScene            - Entity added to scene
03:27:34.542 [JavaFX App] DEBUG GameScene            - Added MainViewComponent
03:27:34.542 [JavaFX App] DEBUG FXGLEventBus         - Firing event: WorldEvent[type=ENTITY_ADDED]
03:27:34.542 [JavaFX App] TRACE Entity               - Initializing entity
03:27:34.542 [JavaFX App] DEBUG GameScene            - Entity added to scene
03:27:34.542 [JavaFX App] DEBUG GameScene            - Added MainViewComponent
03:27:34.542 [JavaFX App] DEBUG FXGLEventBus         - Firing event: WorldEvent[type=ENTITY_ADDED]
03:27:34.542 [JavaFX App] TRACE Entity               - Initializing entity
03:27:34.542 [JavaFX App] DEBUG GameScene            - Entity added to scene
03:27:34.542 [JavaFX App] DEBUG GameScene            - Added MainViewComponent
03:27:34.542 [JavaFX App] DEBUG FXGLEventBus         - Firing event: WorldEvent[type=ENTITY_ADDED]
03:27:34.542 [JavaFX App] TRACE Entity               - Initializing entity
03:27:34.542 [JavaFX App] DEBUG GameScene            - Entity added to scene
03:27:34.543 [JavaFX App] DEBUG GameScene            - Added MainViewComponent
03:27:34.543 [JavaFX App] DEBUG FXGLEventBus         - Firing event: WorldEvent[type=ENTITY_ADDED]
03:27:34.543 [JavaFX App] TRACE Entity               - Initializing entity
03:27:34.543 [JavaFX App] DEBUG GameScene            - Entity added to scene
03:27:34.543 [JavaFX App] DEBUG GameScene            - Added MainViewComponent
03:27:34.543 [JavaFX App] DEBUG FXGLEventBus         - Firing event: WorldEvent[type=ENTITY_ADDED]
03:27:34.543 [JavaFX App] TRACE Entity               - Initializing entity
03:27:34.543 [JavaFX App] DEBUG GameScene            - Entity added to scene
03:27:34.543 [JavaFX App] DEBUG GameScene            - Added MainViewComponent
03:27:34.543 [JavaFX App] DEBUG FXGLEventBus         - Firing event: WorldEvent[type=ENTITY_ADDED]
03:27:34.543 [JavaFX App] TRACE Entity               - Initializing entity
03:27:34.543 [JavaFX App] DEBUG GameScene            - Entity added to scene
03:27:34.543 [JavaFX App] DEBUG GameScene            - Added MainViewComponent
03:27:34.543 [JavaFX App] DEBUG FXGLEventBus         - Firing event: WorldEvent[type=ENTITY_ADDED]
03:27:34.543 [JavaFX App] TRACE Entity               - Initializing entity
03:27:34.543 [JavaFX App] DEBUG GameScene            - Entity added to scene
03:27:34.543 [JavaFX App] DEBUG GameScene            - Added MainViewComponent
03:27:34.543 [JavaFX App] DEBUG FXGLEventBus         - Firing event: WorldEvent[type=ENTITY_ADDED]
03:27:34.543 [JavaFX App] TRACE Entity               - Initializing entity
03:27:34.543 [JavaFX App] DEBUG GameScene            - Entity added to scene
03:27:34.543 [JavaFX App] DEBUG GameScene            - Added MainViewComponent
03:27:34.543 [JavaFX App] DEBUG FXGLEventBus         - Firing event: WorldEvent[type=ENTITY_ADDED]
03:27:34.544 [JavaFX App] TRACE Entity               - Initializing entity
03:27:34.544 [JavaFX App] DEBUG GameScene            - Entity added to scene
03:27:34.544 [JavaFX App] DEBUG GameScene            - Added MainViewComponent
03:27:34.544 [JavaFX App] DEBUG FXGLEventBus         - Firing event: WorldEvent[type=ENTITY_ADDED]
03:27:34.544 [JavaFX App] TRACE Entity               - Initializing entity
03:27:34.544 [JavaFX App] DEBUG GameScene            - Entity added to scene
03:27:34.544 [JavaFX App] DEBUG GameScene            - Added MainViewComponent
03:27:34.544 [JavaFX App] DEBUG FXGLEventBus         - Firing event: WorldEvent[type=ENTITY_ADDED]
03:27:34.544 [JavaFX App] TRACE Entity               - Initializing entity
03:27:34.544 [JavaFX App] DEBUG GameScene            - Entity added to scene
03:27:34.544 [JavaFX App] DEBUG GameScene            - Added MainViewComponent
03:27:34.544 [JavaFX App] DEBUG FXGLEventBus         - Firing event: WorldEvent[type=ENTITY_ADDED]
03:27:34.544 [JavaFX App] TRACE Entity               - Initializing entity
03:27:34.544 [JavaFX App] DEBUG GameScene            - Entity added to scene
03:27:34.544 [JavaFX App] DEBUG GameScene            - Added MainViewComponent
03:27:34.544 [JavaFX App] DEBUG FXGLEventBus         - Firing event: WorldEvent[type=ENTITY_ADDED]
03:27:34.544 [JavaFX App] TRACE Entity               - Initializing entity
03:27:34.544 [JavaFX App] DEBUG GameScene            - Entity added to scene
03:27:34.544 [JavaFX App] DEBUG GameScene            - Added MainViewComponent
03:27:34.544 [JavaFX App] DEBUG FXGLEventBus         - Firing event: WorldEvent[type=ENTITY_ADDED]
03:27:34.544 [JavaFX App] TRACE Entity               - Initializing entity
03:27:34.544 [JavaFX App] DEBUG GameScene            - Entity added to scene
03:27:34.544 [JavaFX App] DEBUG GameScene            - Added MainViewComponent
03:27:34.544 [JavaFX App] DEBUG FXGLEventBus         - Firing event: WorldEvent[type=ENTITY_ADDED]
03:27:34.544 [JavaFX App] TRACE Entity               - Initializing entity
03:27:34.544 [JavaFX App] DEBUG GameScene            - Entity added to scene
03:27:34.544 [JavaFX App] DEBUG GameScene            - Added MainViewComponent
03:27:34.545 [JavaFX App] DEBUG FXGLEventBus         - Firing event: WorldEvent[type=ENTITY_ADDED]
03:27:34.545 [JavaFX App] TRACE Entity               - Initializing entity
03:27:34.545 [JavaFX App] DEBUG GameScene            - Entity added to scene
03:27:34.545 [JavaFX App] DEBUG GameScene            - Added MainViewComponent
03:27:34.545 [JavaFX App] DEBUG FXGLEventBus         - Firing event: WorldEvent[type=ENTITY_ADDED]
03:27:34.545 [JavaFX App] TRACE Entity               - Initializing entity
03:27:34.545 [JavaFX App] DEBUG GameScene            - Entity added to scene
03:27:34.545 [JavaFX App] DEBUG GameScene            - Added MainViewComponent
03:27:34.545 [JavaFX App] DEBUG FXGLEventBus         - Firing event: WorldEvent[type=ENTITY_ADDED]
03:27:34.545 [JavaFX App] TRACE Entity               - Initializing entity
03:27:34.545 [JavaFX App] DEBUG GameScene            - Entity added to scene
03:27:34.545 [JavaFX App] DEBUG GameScene            - Added MainViewComponent
03:27:34.545 [JavaFX App] DEBUG FXGLEventBus         - Firing event: WorldEvent[type=ENTITY_ADDED]
03:27:34.545 [JavaFX App] TRACE Entity               - Initializing entity
03:27:34.545 [JavaFX App] DEBUG GameScene            - Entity added to scene
03:27:34.545 [JavaFX App] DEBUG GameScene            - Added MainViewComponent
03:27:34.545 [JavaFX App] DEBUG FXGLEventBus         - Firing event: WorldEvent[type=ENTITY_ADDED]
03:27:34.545 [JavaFX App] TRACE Entity               - Initializing entity
03:27:34.545 [JavaFX App] DEBUG GameScene            - Entity added to scene
03:27:34.545 [JavaFX App] DEBUG GameScene            - Added MainViewComponent
03:27:34.545 [JavaFX App] DEBUG FXGLEventBus         - Firing event: WorldEvent[type=ENTITY_ADDED]
03:27:34.545 [JavaFX App] TRACE Entity               - Initializing entity
03:27:34.545 [JavaFX App] DEBUG GameScene            - Entity added to scene
03:27:34.545 [JavaFX App] DEBUG GameScene            - Added MainViewComponent
03:27:34.546 [JavaFX App] DEBUG FXGLEventBus         - Firing event: WorldEvent[type=ENTITY_ADDED]
03:27:34.546 [JavaFX App] TRACE Entity               - Initializing entity
03:27:34.546 [JavaFX App] DEBUG GameScene            - Entity added to scene
03:27:34.546 [JavaFX App] DEBUG GameScene            - Added MainViewComponent
03:27:34.546 [JavaFX App] DEBUG FXGLEventBus         - Firing event: WorldEvent[type=ENTITY_ADDED]
03:27:34.546 [JavaFX App] TRACE Entity               - Initializing entity
03:27:34.546 [JavaFX App] DEBUG GameScene            - Entity added to scene
03:27:34.546 [JavaFX App] DEBUG GameScene            - Added MainViewComponent
03:27:34.546 [JavaFX App] DEBUG FXGLEventBus         - Firing event: WorldEvent[type=ENTITY_ADDED]
03:27:34.546 [JavaFX App] TRACE Entity               - Initializing entity
03:27:34.546 [JavaFX App] DEBUG GameScene            - Entity added to scene
03:27:34.546 [JavaFX App] DEBUG GameScene            - Added MainViewComponent
03:27:34.546 [JavaFX App] DEBUG FXGLEventBus         - Firing event: WorldEvent[type=ENTITY_ADDED]
03:27:34.546 [JavaFX App] TRACE Entity               - Initializing entity
03:27:34.546 [JavaFX App] DEBUG GameScene            - Entity added to scene
03:27:34.546 [JavaFX App] DEBUG GameScene            - Added MainViewComponent
03:27:34.546 [JavaFX App] DEBUG FXGLEventBus         - Firing event: WorldEvent[type=ENTITY_ADDED]
03:27:34.546 [JavaFX App] TRACE Entity               - Initializing entity
03:27:34.546 [JavaFX App] DEBUG GameScene            - Entity added to scene
03:27:34.546 [JavaFX App] DEBUG GameScene            - Added MainViewComponent
03:27:34.546 [JavaFX App] DEBUG FXGLEventBus         - Firing event: WorldEvent[type=ENTITY_ADDED]
03:27:34.546 [JavaFX App] TRACE Entity               - Initializing entity
03:27:34.546 [JavaFX App] DEBUG GameScene            - Entity added to scene
03:27:34.546 [JavaFX App] DEBUG GameScene            - Added MainViewComponent
03:27:34.546 [JavaFX App] DEBUG FXGLEventBus         - Firing event: WorldEvent[type=ENTITY_ADDED]
03:27:34.546 [JavaFX App] TRACE Entity               - Initializing entity
03:27:34.546 [JavaFX App] DEBUG GameScene            - Entity added to scene
03:27:34.546 [JavaFX App] DEBUG GameScene            - Added MainViewComponent
03:27:34.547 [JavaFX App] DEBUG FXGLEventBus         - Firing event: WorldEvent[type=ENTITY_ADDED]
03:27:34.547 [JavaFX App] TRACE Entity               - Initializing entity
03:27:34.547 [JavaFX App] DEBUG GameScene            - Entity added to scene
03:27:34.547 [JavaFX App] DEBUG GameScene            - Added MainViewComponent
03:27:34.547 [JavaFX App] DEBUG FXGLEventBus         - Firing event: WorldEvent[type=ENTITY_ADDED]
03:27:34.547 [JavaFX App] TRACE Entity               - Initializing entity
03:27:34.547 [JavaFX App] DEBUG GameScene            - Entity added to scene
03:27:34.547 [JavaFX App] DEBUG GameScene            - Added MainViewComponent
03:27:34.547 [JavaFX App] DEBUG FXGLEventBus         - Firing event: WorldEvent[type=ENTITY_ADDED]
03:27:34.547 [JavaFX App] TRACE Entity               - Initializing entity
03:27:34.547 [JavaFX App] DEBUG GameScene            - Entity added to scene
03:27:34.547 [JavaFX App] DEBUG GameScene            - Added MainViewComponent
03:27:34.547 [JavaFX App] DEBUG FXGLEventBus         - Firing event: WorldEvent[type=ENTITY_ADDED]
03:27:34.547 [JavaFX App] TRACE Entity               - Initializing entity
03:27:34.547 [JavaFX App] DEBUG GameScene            - Entity added to scene
03:27:34.547 [JavaFX App] DEBUG GameScene            - Added MainViewComponent
03:27:34.547 [JavaFX App] DEBUG FXGLEventBus         - Firing event: WorldEvent[type=ENTITY_ADDED]
03:27:34.547 [JavaFX App] TRACE Entity               - Initializing entity
03:27:34.547 [JavaFX App] DEBUG GameScene            - Entity added to scene
03:27:34.547 [JavaFX App] DEBUG GameScene            - Added MainViewComponent
03:27:34.547 [JavaFX App] DEBUG FXGLEventBus         - Firing event: WorldEvent[type=ENTITY_ADDED]
03:27:34.547 [JavaFX App] TRACE Entity               - Initializing entity
03:27:34.547 [JavaFX App] DEBUG GameScene            - Entity added to scene
03:27:34.547 [JavaFX App] DEBUG GameScene            - Added MainViewComponent
03:27:34.547 [JavaFX App] DEBUG FXGLEventBus         - Firing event: WorldEvent[type=ENTITY_ADDED]
03:27:34.547 [JavaFX App] TRACE Entity               - Initializing entity
03:27:34.547 [JavaFX App] DEBUG GameScene            - Entity added to scene
03:27:34.547 [JavaFX App] DEBUG GameScene            - Added MainViewComponent
03:27:34.548 [JavaFX App] DEBUG FXGLEventBus         - Firing event: WorldEvent[type=ENTITY_ADDED]
03:27:34.548 [JavaFX App] TRACE Entity               - Initializing entity
03:27:34.548 [JavaFX App] DEBUG GameScene            - Entity added to scene
03:27:34.548 [JavaFX App] DEBUG GameScene            - Added MainViewComponent
03:27:34.548 [JavaFX App] DEBUG FXGLEventBus         - Firing event: WorldEvent[type=ENTITY_ADDED]
03:27:34.548 [JavaFX App] TRACE Entity               - Initializing entity
03:27:34.548 [JavaFX App] DEBUG GameScene            - Entity added to scene
03:27:34.548 [JavaFX App] DEBUG GameScene            - Added MainViewComponent
03:27:34.548 [JavaFX App] DEBUG FXGLEventBus         - Firing event: WorldEvent[type=ENTITY_ADDED]
03:27:34.548 [JavaFX App] TRACE Entity               - Initializing entity
03:27:34.548 [JavaFX App] DEBUG GameScene            - Entity added to scene
03:27:34.548 [JavaFX App] DEBUG GameScene            - Added MainViewComponent
03:27:34.548 [JavaFX App] DEBUG FXGLEventBus         - Firing event: WorldEvent[type=ENTITY_ADDED]
03:27:34.548 [JavaFX App] TRACE Entity               - Initializing entity
03:27:34.548 [JavaFX App] DEBUG GameScene            - Entity added to scene
03:27:34.548 [JavaFX App] DEBUG GameScene            - Added MainViewComponent
03:27:34.548 [JavaFX App] DEBUG FXGLEventBus         - Firing event: WorldEvent[type=ENTITY_ADDED]
03:27:34.548 [JavaFX App] TRACE Entity               - Initializing entity
03:27:34.548 [JavaFX App] DEBUG GameScene            - Entity added to scene
03:27:34.548 [JavaFX App] DEBUG GameScene            - Added MainViewComponent
03:27:34.548 [JavaFX App] DEBUG FXGLEventBus         - Firing event: WorldEvent[type=ENTITY_ADDED]
03:27:34.548 [JavaFX App] TRACE Entity               - Initializing entity
03:27:34.548 [JavaFX App] DEBUG GameScene            - Entity added to scene
03:27:34.548 [JavaFX App] DEBUG GameScene            - Added MainViewComponent
03:27:34.548 [JavaFX App] DEBUG FXGLEventBus         - Firing event: WorldEvent[type=ENTITY_ADDED]
03:27:34.548 [JavaFX App] TRACE Entity               - Initializing entity
03:27:34.549 [JavaFX App] DEBUG GameScene            - Entity added to scene
03:27:34.549 [JavaFX App] DEBUG GameScene            - Added MainViewComponent
03:27:34.549 [JavaFX App] DEBUG FXGLEventBus         - Firing event: WorldEvent[type=ENTITY_ADDED]
03:27:34.549 [JavaFX App] TRACE Entity               - Initializing entity
03:27:34.549 [JavaFX App] DEBUG GameScene            - Entity added to scene
03:27:34.549 [JavaFX App] DEBUG GameScene            - Added MainViewComponent
03:27:34.549 [JavaFX App] DEBUG FXGLEventBus         - Firing event: WorldEvent[type=ENTITY_ADDED]
03:27:34.549 [JavaFX App] TRACE Entity               - Initializing entity
03:27:34.549 [JavaFX App] DEBUG GameScene            - Entity added to scene
03:27:34.549 [JavaFX App] DEBUG GameScene            - Added MainViewComponent
03:27:34.549 [JavaFX App] DEBUG FXGLEventBus         - Firing event: WorldEvent[type=ENTITY_ADDED]
03:27:34.549 [JavaFX App] TRACE Entity               - Initializing entity
03:27:34.549 [JavaFX App] DEBUG GameScene            - Entity added to scene
03:27:34.549 [JavaFX App] DEBUG GameScene            - Added MainViewComponent
03:27:34.549 [JavaFX App] DEBUG FXGLEventBus         - Firing event: WorldEvent[type=ENTITY_ADDED]
03:27:34.549 [JavaFX App] TRACE Entity               - Initializing entity
03:27:34.549 [JavaFX App] DEBUG GameScene            - Entity added to scene
03:27:34.549 [JavaFX App] DEBUG GameScene            - Added MainViewComponent
03:27:34.549 [JavaFX App] DEBUG FXGLEventBus         - Firing event: WorldEvent[type=ENTITY_ADDED]
03:27:34.549 [JavaFX App] TRACE Entity               - Initializing entity
03:27:34.550 [JavaFX App] DEBUG GameScene            - Entity added to scene
03:27:34.550 [JavaFX App] DEBUG GameScene            - Added MainViewComponent
03:27:34.550 [JavaFX App] DEBUG FXGLEventBus         - Firing event: WorldEvent[type=ENTITY_ADDED]
03:27:34.550 [JavaFX App] TRACE Entity               - Initializing entity
03:27:34.550 [JavaFX App] DEBUG GameScene            - Entity added to scene
03:27:34.550 [JavaFX App] DEBUG GameScene            - Added MainViewComponent
03:27:34.550 [JavaFX App] DEBUG FXGLEventBus         - Firing event: WorldEvent[type=ENTITY_ADDED]
03:27:34.550 [JavaFX App] TRACE Entity               - Initializing entity
03:27:34.550 [JavaFX App] DEBUG GameScene            - Entity added to scene
03:27:34.550 [JavaFX App] DEBUG GameScene            - Added MainViewComponent
03:27:34.550 [JavaFX App] DEBUG FXGLEventBus         - Firing event: WorldEvent[type=ENTITY_ADDED]
03:27:34.550 [JavaFX App] TRACE Entity               - Initializing entity
03:27:34.550 [JavaFX App] DEBUG GameScene            - Entity added to scene
03:27:34.550 [JavaFX App] DEBUG GameScene            - Added MainViewComponent
03:27:34.550 [JavaFX App] DEBUG FXGLEventBus         - Firing event: WorldEvent[type=ENTITY_ADDED]
03:27:34.550 [JavaFX App] TRACE Entity               - Initializing entity
03:27:34.550 [JavaFX App] DEBUG GameScene            - Entity added to scene
03:27:34.550 [JavaFX App] DEBUG GameScene            - Added MainViewComponent
03:27:34.550 [JavaFX App] DEBUG FXGLEventBus         - Firing event: WorldEvent[type=ENTITY_ADDED]
03:27:34.550 [JavaFX App] TRACE Entity               - Initializing entity
03:27:34.550 [JavaFX App] DEBUG GameScene            - Entity added to scene
03:27:34.550 [JavaFX App] DEBUG GameScene            - Added MainViewComponent
03:27:34.550 [JavaFX App] DEBUG FXGLEventBus         - Firing event: WorldEvent[type=ENTITY_ADDED]
03:27:34.550 [JavaFX App] TRACE Entity               - Initializing entity
03:27:34.550 [JavaFX App] DEBUG GameScene            - Entity added to scene
03:27:34.550 [JavaFX App] DEBUG GameScene            - Added MainViewComponent
03:27:34.551 [JavaFX App] DEBUG FXGLEventBus         - Firing event: WorldEvent[type=ENTITY_ADDED]
03:27:34.551 [JavaFX App] TRACE Entity               - Initializing entity
03:27:34.551 [JavaFX App] DEBUG GameScene            - Entity added to scene
03:27:34.551 [JavaFX App] DEBUG GameScene            - Added MainViewComponent
03:27:34.551 [JavaFX App] DEBUG FXGLEventBus         - Firing event: WorldEvent[type=ENTITY_ADDED]
03:27:34.551 [JavaFX App] TRACE Entity               - Initializing entity
03:27:34.551 [JavaFX App] DEBUG GameScene            - Entity added to scene
03:27:34.551 [JavaFX App] DEBUG GameScene            - Added MainViewComponent
03:27:34.551 [JavaFX App] DEBUG FXGLEventBus         - Firing event: WorldEvent[type=ENTITY_ADDED]
03:27:34.551 [JavaFX App] TRACE Entity               - Initializing entity
03:27:34.551 [JavaFX App] DEBUG GameScene            - Entity added to scene
03:27:34.551 [JavaFX App] DEBUG GameScene            - Added MainViewComponent
03:27:34.551 [JavaFX App] DEBUG FXGLEventBus         - Firing event: WorldEvent[type=ENTITY_ADDED]
03:27:34.551 [JavaFX App] TRACE Entity               - Initializing entity
03:27:34.551 [JavaFX App] DEBUG GameScene            - Entity added to scene
03:27:34.551 [JavaFX App] DEBUG GameScene            - Added MainViewComponent
03:27:34.551 [JavaFX App] DEBUG FXGLEventBus         - Firing event: WorldEvent[type=ENTITY_ADDED]
03:27:34.551 [JavaFX App] TRACE Entity               - Initializing entity
03:27:34.551 [JavaFX App] DEBUG GameScene            - Entity added to scene
03:27:34.551 [JavaFX App] DEBUG GameScene            - Added MainViewComponent
03:27:34.551 [JavaFX App] DEBUG FXGLEventBus         - Firing event: WorldEvent[type=ENTITY_ADDED]
03:27:34.551 [JavaFX App] TRACE Entity               - Initializing entity
03:27:34.551 [JavaFX App] DEBUG GameScene            - Entity added to scene
03:27:34.551 [JavaFX App] DEBUG GameScene            - Added MainViewComponent
03:27:34.551 [JavaFX App] DEBUG FXGLEventBus         - Firing event: WorldEvent[type=ENTITY_ADDED]
03:27:34.551 [JavaFX App] TRACE Entity               - Initializing entity
03:27:34.551 [JavaFX App] DEBUG GameScene            - Entity added to scene
03:27:34.551 [JavaFX App] DEBUG GameScene            - Added MainViewComponent
03:27:34.551 [JavaFX App] DEBUG FXGLEventBus         - Firing event: WorldEvent[type=ENTITY_ADDED]
03:27:34.551 [JavaFX App] TRACE Entity               - Initializing entity
03:27:34.551 [JavaFX App] DEBUG GameScene            - Entity added to scene
03:27:34.551 [JavaFX App] DEBUG GameScene            - Added MainViewComponent
03:27:34.552 [JavaFX App] DEBUG FXGLEventBus         - Firing event: WorldEvent[type=ENTITY_ADDED]
03:27:34.552 [JavaFX App] TRACE Entity               - Initializing entity
03:27:34.552 [JavaFX App] DEBUG GameScene            - Entity added to scene
03:27:34.552 [JavaFX App] DEBUG GameScene            - Added MainViewComponent
03:27:34.552 [JavaFX App] DEBUG FXGLEventBus         - Firing event: WorldEvent[type=ENTITY_ADDED]
03:27:34.552 [JavaFX App] TRACE Entity               - Initializing entity
03:27:34.552 [JavaFX App] DEBUG GameScene            - Entity added to scene
03:27:34.552 [JavaFX App] DEBUG GameScene            - Added MainViewComponent
03:27:34.552 [JavaFX App] DEBUG FXGLEventBus         - Firing event: WorldEvent[type=ENTITY_ADDED]
03:27:34.552 [JavaFX App] TRACE Entity               - Initializing entity
03:27:34.552 [JavaFX App] DEBUG GameScene            - Entity added to scene
03:27:34.552 [JavaFX App] DEBUG GameScene            - Added MainViewComponent
03:27:34.552 [JavaFX App] DEBUG FXGLEventBus         - Firing event: WorldEvent[type=ENTITY_ADDED]
03:27:34.552 [JavaFX App] TRACE Entity               - Initializing entity
03:27:34.552 [JavaFX App] DEBUG GameScene            - Entity added to scene
03:27:34.552 [JavaFX App] DEBUG GameScene            - Added MainViewComponent
03:27:34.552 [JavaFX App] DEBUG FXGLEventBus         - Firing event: WorldEvent[type=ENTITY_ADDED]
03:27:34.552 [JavaFX App] TRACE Entity               - Initializing entity
03:27:34.552 [JavaFX App] DEBUG GameScene            - Entity added to scene
03:27:34.552 [JavaFX App] DEBUG GameScene            - Added MainViewComponent
03:27:34.552 [JavaFX App] DEBUG FXGLEventBus         - Firing event: WorldEvent[type=ENTITY_ADDED]
03:27:34.552 [JavaFX App] TRACE Entity               - Initializing entity
03:27:34.552 [JavaFX App] DEBUG GameScene            - Entity added to scene
03:27:34.552 [JavaFX App] DEBUG GameScene            - Added MainViewComponent
03:27:34.552 [JavaFX App] DEBUG FXGLEventBus         - Firing event: WorldEvent[type=ENTITY_ADDED]
03:27:34.552 [JavaFX App] TRACE Entity               - Initializing entity
03:27:34.552 [JavaFX App] DEBUG GameScene            - Entity added to scene
03:27:34.552 [JavaFX App] DEBUG GameScene            - Added MainViewComponent
03:27:34.552 [JavaFX App] DEBUG FXGLEventBus         - Firing event: WorldEvent[type=ENTITY_ADDED]
03:27:34.553 [JavaFX App] TRACE Entity               - Initializing entity
03:27:34.553 [JavaFX App] DEBUG GameScene            - Entity added to scene
03:27:34.553 [JavaFX App] DEBUG GameScene            - Added MainViewComponent
03:27:34.553 [JavaFX App] DEBUG FXGLEventBus         - Firing event: WorldEvent[type=ENTITY_ADDED]
03:27:34.553 [JavaFX App] TRACE Entity               - Initializing entity
03:27:34.553 [JavaFX App] DEBUG GameScene            - Entity added to scene
03:27:34.553 [JavaFX App] DEBUG GameScene            - Added MainViewComponent
03:27:34.553 [JavaFX App] DEBUG FXGLEventBus         - Firing event: WorldEvent[type=ENTITY_ADDED]
03:27:34.553 [JavaFX App] TRACE Entity               - Initializing entity
03:27:34.553 [JavaFX App] DEBUG GameScene            - Entity added to scene
03:27:34.553 [JavaFX App] DEBUG GameScene            - Added MainViewComponent
03:27:34.553 [JavaFX App] DEBUG FXGLEventBus         - Firing event: WorldEvent[type=ENTITY_ADDED]
03:27:34.553 [JavaFX App] TRACE Entity               - Initializing entity
03:27:34.553 [JavaFX App] DEBUG GameScene            - Entity added to scene
03:27:34.553 [JavaFX App] DEBUG GameScene            - Added MainViewComponent
03:27:34.553 [JavaFX App] DEBUG FXGLEventBus         - Firing event: WorldEvent[type=ENTITY_ADDED]
03:27:34.553 [JavaFX App] TRACE Entity               - Initializing entity
03:27:34.553 [JavaFX App] DEBUG GameScene            - Entity added to scene
03:27:34.553 [JavaFX App] DEBUG GameScene            - Added MainViewComponent
03:27:34.553 [JavaFX App] DEBUG FXGLEventBus         - Firing event: WorldEvent[type=ENTITY_ADDED]
03:27:34.553 [JavaFX App] TRACE Entity               - Initializing entity
03:27:34.553 [JavaFX App] DEBUG GameScene            - Entity added to scene
03:27:34.553 [JavaFX App] DEBUG GameScene            - Added MainViewComponent
03:27:34.553 [JavaFX App] DEBUG FXGLEventBus         - Firing event: WorldEvent[type=ENTITY_ADDED]
03:27:34.553 [JavaFX App] TRACE Entity               - Initializing entity
03:27:34.553 [JavaFX App] DEBUG GameScene            - Entity added to scene
03:27:34.553 [JavaFX App] DEBUG GameScene            - Added MainViewComponent
03:27:34.553 [JavaFX App] DEBUG FXGLEventBus         - Firing event: WorldEvent[type=ENTITY_ADDED]
03:27:34.553 [JavaFX App] TRACE Entity               - Initializing entity
03:27:34.553 [JavaFX App] DEBUG GameScene            - Entity added to scene
03:27:34.553 [JavaFX App] DEBUG GameScene            - Added MainViewComponent
03:27:34.554 [JavaFX App] DEBUG FXGLEventBus         - Firing event: WorldEvent[type=ENTITY_ADDED]
03:27:34.554 [JavaFX App] TRACE Entity               - Initializing entity
03:27:34.554 [JavaFX App] DEBUG GameScene            - Entity added to scene
03:27:34.554 [JavaFX App] DEBUG GameScene            - Added MainViewComponent
03:27:34.554 [JavaFX App] DEBUG FXGLEventBus         - Firing event: WorldEvent[type=ENTITY_ADDED]
03:27:34.554 [JavaFX App] TRACE Entity               - Initializing entity
03:27:34.554 [JavaFX App] DEBUG GameScene            - Entity added to scene
03:27:34.554 [JavaFX App] DEBUG GameScene            - Added MainViewComponent
03:27:34.554 [JavaFX App] DEBUG FXGLEventBus         - Firing event: WorldEvent[type=ENTITY_ADDED]
03:27:34.554 [JavaFX App] TRACE Entity               - Initializing entity
03:27:34.554 [JavaFX App] DEBUG GameScene            - Entity added to scene
03:27:34.554 [JavaFX App] DEBUG GameScene            - Added MainViewComponent
03:27:34.554 [JavaFX App] DEBUG FXGLEventBus         - Firing event: WorldEvent[type=ENTITY_ADDED]
03:27:34.554 [JavaFX App] TRACE Entity               - Initializing entity
03:27:34.554 [JavaFX App] DEBUG GameScene            - Entity added to scene
03:27:34.554 [JavaFX App] DEBUG GameScene            - Added MainViewComponent
03:27:34.554 [JavaFX App] DEBUG FXGLEventBus         - Firing event: WorldEvent[type=ENTITY_ADDED]
03:27:34.554 [JavaFX App] TRACE Entity               - Initializing entity
03:27:34.554 [JavaFX App] DEBUG GameScene            - Entity added to scene
03:27:34.554 [JavaFX App] DEBUG GameScene            - Added MainViewComponent
03:27:34.554 [JavaFX App] DEBUG FXGLEventBus         - Firing event: WorldEvent[type=ENTITY_ADDED]
03:27:34.554 [JavaFX App] TRACE Entity               - Initializing entity
03:27:34.554 [JavaFX App] DEBUG GameScene            - Entity added to scene
03:27:34.554 [JavaFX App] DEBUG GameScene            - Added MainViewComponent
03:27:34.554 [JavaFX App] DEBUG FXGLEventBus         - Firing event: WorldEvent[type=ENTITY_ADDED]
03:27:34.554 [JavaFX App] TRACE Entity               - Initializing entity
03:27:34.554 [JavaFX App] DEBUG GameScene            - Entity added to scene
03:27:34.554 [JavaFX App] DEBUG GameScene            - Added MainViewComponent
03:27:34.554 [JavaFX App] DEBUG FXGLEventBus         - Firing event: WorldEvent[type=ENTITY_ADDED]
03:27:34.554 [JavaFX App] TRACE Entity               - Initializing entity
03:27:34.555 [JavaFX App] DEBUG GameScene            - Entity added to scene
03:27:34.555 [JavaFX App] DEBUG GameScene            - Added MainViewComponent
03:27:34.555 [JavaFX App] DEBUG FXGLEventBus         - Firing event: WorldEvent[type=ENTITY_ADDED]
03:27:34.555 [JavaFX App] TRACE Entity               - Initializing entity
03:27:34.555 [JavaFX App] DEBUG GameScene            - Entity added to scene
03:27:34.555 [JavaFX App] DEBUG GameScene            - Added MainViewComponent
03:27:34.555 [JavaFX App] DEBUG FXGLEventBus         - Firing event: WorldEvent[type=ENTITY_ADDED]
03:27:34.555 [JavaFX App] TRACE Entity               - Initializing entity
03:27:34.555 [JavaFX App] DEBUG GameScene            - Entity added to scene
03:27:34.555 [JavaFX App] DEBUG GameScene            - Added MainViewComponent
03:27:34.555 [JavaFX App] DEBUG FXGLEventBus         - Firing event: WorldEvent[type=ENTITY_ADDED]
03:27:34.555 [JavaFX App] TRACE Entity               - Initializing entity
03:27:34.555 [JavaFX App] DEBUG GameScene            - Entity added to scene
03:27:34.555 [JavaFX App] DEBUG GameScene            - Added MainViewComponent
03:27:34.555 [JavaFX App] DEBUG FXGLEventBus         - Firing event: WorldEvent[type=ENTITY_ADDED]
03:27:34.555 [JavaFX App] TRACE Entity               - Initializing entity
03:27:34.555 [JavaFX App] DEBUG GameScene            - Entity added to scene
03:27:34.555 [JavaFX App] DEBUG GameScene            - Added MainViewComponent
03:27:34.555 [JavaFX App] DEBUG FXGLEventBus         - Firing event: WorldEvent[type=ENTITY_ADDED]
03:27:34.555 [JavaFX App] TRACE Entity               - Initializing entity
03:27:34.555 [JavaFX App] DEBUG GameScene            - Entity added to scene
03:27:34.555 [JavaFX App] DEBUG GameScene            - Added MainViewComponent
03:27:34.555 [JavaFX App] DEBUG FXGLEventBus         - Firing event: WorldEvent[type=ENTITY_ADDED]
03:27:34.555 [JavaFX App] TRACE Entity               - Initializing entity
03:27:34.555 [JavaFX App] DEBUG GameScene            - Entity added to scene
03:27:34.555 [JavaFX App] DEBUG GameScene            - Added MainViewComponent
03:27:34.556 [JavaFX App] DEBUG FXGLEventBus         - Firing event: WorldEvent[type=ENTITY_ADDED]
03:27:34.556 [JavaFX App] TRACE Entity               - Initializing entity
03:27:34.556 [JavaFX App] DEBUG GameScene            - Entity added to scene
03:27:34.556 [JavaFX App] DEBUG GameScene            - Added MainViewComponent
03:27:34.556 [JavaFX App] DEBUG FXGLEventBus         - Firing event: WorldEvent[type=ENTITY_ADDED]
03:27:34.556 [JavaFX App] TRACE Entity               - Initializing entity
03:27:34.556 [JavaFX App] DEBUG GameScene            - Entity added to scene
03:27:34.556 [JavaFX App] DEBUG GameScene            - Added MainViewComponent
03:27:34.556 [JavaFX App] DEBUG FXGLEventBus         - Firing event: WorldEvent[type=ENTITY_ADDED]
03:27:34.556 [JavaFX App] TRACE Entity               - Initializing entity
03:27:34.556 [JavaFX App] DEBUG GameScene            - Entity added to scene
03:27:34.556 [JavaFX App] DEBUG GameScene            - Added MainViewComponent
03:27:34.556 [JavaFX App] DEBUG FXGLEventBus         - Firing event: WorldEvent[type=ENTITY_ADDED]
03:27:34.556 [JavaFX App] TRACE Entity               - Initializing entity
03:27:34.556 [JavaFX App] DEBUG GameScene            - Entity added to scene
03:27:34.556 [JavaFX App] DEBUG GameScene            - Added MainViewComponent
03:27:34.556 [JavaFX App] DEBUG FXGLEventBus         - Firing event: WorldEvent[type=ENTITY_ADDED]
03:27:34.556 [JavaFX App] TRACE Entity               - Initializing entity
03:27:34.556 [JavaFX App] DEBUG GameScene            - Entity added to scene
03:27:34.556 [JavaFX App] DEBUG GameScene            - Added MainViewComponent
03:27:34.556 [JavaFX App] DEBUG FXGLEventBus         - Firing event: WorldEvent[type=ENTITY_ADDED]
03:27:34.556 [JavaFX App] TRACE Entity               - Initializing entity
03:27:34.556 [JavaFX App] DEBUG GameScene            - Entity added to scene
03:27:34.556 [JavaFX App] DEBUG GameScene            - Added MainViewComponent
03:27:34.556 [JavaFX App] DEBUG FXGLEventBus         - Firing event: WorldEvent[type=ENTITY_ADDED]
03:27:34.556 [JavaFX App] TRACE Entity               - Initializing entity
03:27:34.556 [JavaFX App] DEBUG GameScene            - Entity added to scene
03:27:34.556 [JavaFX App] DEBUG GameScene            - Added MainViewComponent
03:27:34.556 [JavaFX App] DEBUG FXGLEventBus         - Firing event: WorldEvent[type=ENTITY_ADDED]
03:27:34.556 [JavaFX App] TRACE Entity               - Initializing entity
03:27:34.556 [JavaFX App] DEBUG GameScene            - Entity added to scene
03:27:34.556 [JavaFX App] DEBUG GameScene            - Added MainViewComponent
03:27:34.557 [JavaFX App] DEBUG FXGLEventBus         - Firing event: WorldEvent[type=ENTITY_ADDED]
03:27:34.557 [JavaFX App] TRACE Entity               - Initializing entity
03:27:34.557 [JavaFX App] DEBUG GameScene            - Entity added to scene
03:27:34.557 [JavaFX App] DEBUG GameScene            - Added MainViewComponent
03:27:34.557 [JavaFX App] DEBUG FXGLEventBus         - Firing event: WorldEvent[type=ENTITY_ADDED]
03:27:34.557 [JavaFX App] TRACE Entity               - Initializing entity
03:27:34.557 [JavaFX App] DEBUG GameScene            - Entity added to scene
03:27:34.557 [JavaFX App] DEBUG GameScene            - Added MainViewComponent
03:27:34.557 [JavaFX App] DEBUG FXGLEventBus         - Firing event: WorldEvent[type=ENTITY_ADDED]
03:27:34.557 [JavaFX App] TRACE Entity               - Initializing entity
03:27:34.557 [JavaFX App] DEBUG GameScene            - Entity added to scene
03:27:34.557 [JavaFX App] DEBUG GameScene            - Added MainViewComponent
03:27:34.557 [JavaFX App] DEBUG FXGLEventBus         - Firing event: WorldEvent[type=ENTITY_ADDED]
03:27:34.557 [JavaFX App] TRACE Entity               - Initializing entity
03:27:34.557 [JavaFX App] DEBUG GameScene            - Entity added to scene
03:27:34.557 [JavaFX App] DEBUG GameScene            - Added MainViewComponent
03:27:34.557 [JavaFX App] DEBUG FXGLEventBus         - Firing event: WorldEvent[type=ENTITY_ADDED]
03:27:34.557 [JavaFX App] TRACE Entity               - Initializing entity
03:27:34.557 [JavaFX App] DEBUG GameScene            - Entity added to scene
03:27:34.557 [JavaFX App] DEBUG GameScene            - Added MainViewComponent
03:27:34.557 [JavaFX App] DEBUG FXGLEventBus         - Firing event: WorldEvent[type=ENTITY_ADDED]
03:27:34.557 [JavaFX App] TRACE Entity               - Initializing entity
03:27:34.557 [JavaFX App] DEBUG GameScene            - Entity added to scene
03:27:34.557 [JavaFX App] DEBUG GameScene            - Added MainViewComponent
03:27:34.557 [JavaFX App] DEBUG FXGLEventBus         - Firing event: WorldEvent[type=ENTITY_ADDED]
03:27:34.557 [JavaFX App] TRACE Entity               - Initializing entity
03:27:34.557 [JavaFX App] DEBUG GameScene            - Entity added to scene
03:27:34.557 [JavaFX App] DEBUG GameScene            - Added MainViewComponent
03:27:34.558 [JavaFX App] DEBUG FXGLEventBus         - Firing event: WorldEvent[type=ENTITY_ADDED]
03:27:34.558 [JavaFX App] TRACE Entity               - Initializing entity
03:27:34.558 [JavaFX App] DEBUG GameScene            - Entity added to scene
03:27:34.558 [JavaFX App] DEBUG GameScene            - Added MainViewComponent
03:27:34.558 [JavaFX App] DEBUG FXGLEventBus         - Firing event: WorldEvent[type=ENTITY_ADDED]
03:27:34.558 [JavaFX App] TRACE Entity               - Initializing entity
03:27:34.558 [JavaFX App] DEBUG GameScene            - Entity added to scene
03:27:34.558 [JavaFX App] DEBUG GameScene            - Added MainViewComponent
03:27:34.558 [JavaFX App] DEBUG FXGLEventBus         - Firing event: WorldEvent[type=ENTITY_ADDED]
03:27:34.558 [JavaFX App] TRACE Entity               - Initializing entity
03:27:34.558 [JavaFX App] DEBUG GameScene            - Entity added to scene
03:27:34.558 [JavaFX App] DEBUG GameScene            - Added MainViewComponent
03:27:34.558 [JavaFX App] DEBUG FXGLEventBus         - Firing event: WorldEvent[type=ENTITY_ADDED]
03:27:34.558 [JavaFX App] TRACE Entity               - Initializing entity
03:27:34.558 [JavaFX App] DEBUG GameScene            - Entity added to scene
03:27:34.558 [JavaFX App] DEBUG GameScene            - Added MainViewComponent
03:27:34.558 [JavaFX App] DEBUG FXGLEventBus         - Firing event: WorldEvent[type=ENTITY_ADDED]
03:27:34.558 [JavaFX App] TRACE Entity               - Initializing entity
03:27:34.558 [JavaFX App] DEBUG GameScene            - Entity added to scene
03:27:34.558 [JavaFX App] DEBUG GameScene            - Added MainViewComponent
03:27:34.558 [JavaFX App] DEBUG FXGLEventBus         - Firing event: WorldEvent[type=ENTITY_ADDED]
03:27:34.558 [JavaFX App] TRACE Entity               - Initializing entity
03:27:34.558 [JavaFX App] DEBUG GameScene            - Entity added to scene
03:27:34.558 [JavaFX App] DEBUG GameScene            - Added MainViewComponent
03:27:34.558 [JavaFX App] DEBUG FXGLEventBus         - Firing event: WorldEvent[type=ENTITY_ADDED]
03:27:34.558 [JavaFX App] TRACE Entity               - Initializing entity
03:27:34.558 [JavaFX App] DEBUG GameScene            - Entity added to scene
03:27:34.558 [JavaFX App] DEBUG GameScene            - Added MainViewComponent
03:27:34.558 [JavaFX App] DEBUG FXGLEventBus         - Firing event: WorldEvent[type=ENTITY_ADDED]
03:27:34.558 [JavaFX App] TRACE Entity               - Initializing entity
03:27:34.558 [JavaFX App] DEBUG GameScene            - Entity added to scene
03:27:34.558 [JavaFX App] DEBUG GameScene            - Added MainViewComponent
03:27:34.559 [JavaFX App] DEBUG FXGLEventBus         - Firing event: WorldEvent[type=ENTITY_ADDED]
03:27:34.559 [JavaFX App] TRACE Entity               - Initializing entity
03:27:34.559 [JavaFX App] DEBUG GameScene            - Entity added to scene
03:27:34.559 [JavaFX App] DEBUG GameScene            - Added MainViewComponent
03:27:34.559 [JavaFX App] DEBUG FXGLEventBus         - Firing event: WorldEvent[type=ENTITY_ADDED]
03:27:34.559 [JavaFX App] TRACE Entity               - Initializing entity
03:27:34.559 [JavaFX App] DEBUG GameScene            - Entity added to scene
03:27:34.559 [JavaFX App] DEBUG GameScene            - Added MainViewComponent
03:27:34.559 [JavaFX App] DEBUG FXGLEventBus         - Firing event: WorldEvent[type=ENTITY_ADDED]
03:27:34.559 [JavaFX App] TRACE Entity               - Initializing entity
03:27:34.559 [JavaFX App] DEBUG GameScene            - Entity added to scene
03:27:34.559 [JavaFX App] DEBUG GameScene            - Added MainViewComponent
03:27:34.559 [JavaFX App] DEBUG FXGLEventBus         - Firing event: WorldEvent[type=ENTITY_ADDED]
03:27:34.559 [JavaFX App] TRACE Entity               - Initializing entity
03:27:34.559 [JavaFX App] DEBUG GameScene            - Entity added to scene
03:27:34.559 [JavaFX App] DEBUG GameScene            - Added MainViewComponent
03:27:34.559 [JavaFX App] DEBUG FXGLEventBus         - Firing event: WorldEvent[type=ENTITY_ADDED]
03:27:34.559 [JavaFX App] TRACE Entity               - Initializing entity
03:27:34.559 [JavaFX App] DEBUG GameScene            - Entity added to scene
03:27:34.559 [JavaFX App] DEBUG GameScene            - Added MainViewComponent
03:27:34.559 [JavaFX App] DEBUG FXGLEventBus         - Firing event: WorldEvent[type=ENTITY_ADDED]
03:27:34.559 [JavaFX App] TRACE Entity               - Initializing entity
03:27:34.559 [JavaFX App] DEBUG GameScene            - Entity added to scene
03:27:34.559 [JavaFX App] DEBUG GameScene            - Added MainViewComponent
03:27:34.559 [JavaFX App] DEBUG FXGLEventBus         - Firing event: WorldEvent[type=ENTITY_ADDED]
03:27:34.559 [JavaFX App] TRACE Entity               - Initializing entity
03:27:34.559 [JavaFX App] DEBUG GameScene            - Entity added to scene
03:27:34.559 [JavaFX App] DEBUG GameScene            - Added MainViewComponent
03:27:34.559 [JavaFX App] DEBUG FXGLEventBus         - Firing event: WorldEvent[type=ENTITY_ADDED]
03:27:34.559 [JavaFX App] TRACE Entity               - Initializing entity
03:27:34.559 [JavaFX App] DEBUG GameScene            - Entity added to scene
03:27:34.559 [JavaFX App] DEBUG GameScene            - Added MainViewComponent
03:27:34.559 [JavaFX App] DEBUG FXGLEventBus         - Firing event: WorldEvent[type=ENTITY_ADDED]
03:27:34.560 [JavaFX App] TRACE Entity               - Initializing entity
03:27:34.560 [JavaFX App] DEBUG GameScene            - Entity added to scene
03:27:34.560 [JavaFX App] DEBUG GameScene            - Added MainViewComponent
03:27:34.560 [JavaFX App] DEBUG FXGLEventBus         - Firing event: WorldEvent[type=ENTITY_ADDED]
03:27:34.560 [JavaFX App] TRACE Entity               - Initializing entity
03:27:34.560 [JavaFX App] DEBUG GameScene            - Entity added to scene
03:27:34.560 [JavaFX App] DEBUG GameScene            - Added MainViewComponent
03:27:34.560 [JavaFX App] DEBUG FXGLEventBus         - Firing event: WorldEvent[type=ENTITY_ADDED]
03:27:34.560 [JavaFX App] TRACE Entity               - Initializing entity
03:27:34.560 [JavaFX App] DEBUG GameScene            - Entity added to scene
03:27:34.560 [JavaFX App] DEBUG GameScene            - Added MainViewComponent
03:27:34.560 [JavaFX App] DEBUG FXGLEventBus         - Firing event: WorldEvent[type=ENTITY_ADDED]
03:27:34.560 [JavaFX App] TRACE Entity               - Initializing entity
03:27:34.560 [JavaFX App] DEBUG GameScene            - Entity added to scene
03:27:34.560 [JavaFX App] DEBUG GameScene            - Added MainViewComponent
03:27:34.560 [JavaFX App] DEBUG FXGLEventBus         - Firing event: WorldEvent[type=ENTITY_ADDED]
03:27:34.560 [JavaFX App] TRACE Entity               - Initializing entity
03:27:34.560 [JavaFX App] DEBUG GameScene            - Entity added to scene
03:27:34.560 [JavaFX App] DEBUG GameScene            - Added MainViewComponent
03:27:34.560 [JavaFX App] DEBUG FXGLEventBus         - Firing event: WorldEvent[type=ENTITY_ADDED]
03:27:34.560 [JavaFX App] TRACE Entity               - Initializing entity
03:27:34.560 [JavaFX App] DEBUG GameScene            - Entity added to scene
03:27:34.560 [JavaFX App] DEBUG GameScene            - Added MainViewComponent
03:27:34.560 [JavaFX App] DEBUG FXGLEventBus         - Firing event: WorldEvent[type=ENTITY_ADDED]
03:27:34.560 [JavaFX App] TRACE Entity               - Initializing entity
03:27:34.560 [JavaFX App] DEBUG GameScene            - Entity added to scene
03:27:34.560 [JavaFX App] DEBUG GameScene            - Added MainViewComponent
03:27:34.560 [JavaFX App] DEBUG FXGLEventBus         - Firing event: WorldEvent[type=ENTITY_ADDED]
03:27:34.560 [JavaFX App] TRACE Entity               - Initializing entity
03:27:34.560 [JavaFX App] DEBUG GameScene            - Entity added to scene
03:27:34.560 [JavaFX App] DEBUG GameScene            - Added MainViewComponent
03:27:34.560 [JavaFX App] DEBUG FXGLEventBus         - Firing event: WorldEvent[type=ENTITY_ADDED]
03:27:34.561 [JavaFX App] TRACE Entity               - Initializing entity
03:27:34.561 [JavaFX App] DEBUG GameScene            - Entity added to scene
03:27:34.561 [JavaFX App] DEBUG GameScene            - Added MainViewComponent
03:27:34.561 [JavaFX App] DEBUG FXGLEventBus         - Firing event: WorldEvent[type=ENTITY_ADDED]
03:27:34.561 [JavaFX App] TRACE Entity               - Initializing entity
03:27:34.561 [JavaFX App] DEBUG GameScene            - Entity added to scene
03:27:34.561 [JavaFX App] DEBUG GameScene            - Added MainViewComponent
03:27:34.561 [JavaFX App] DEBUG FXGLEventBus         - Firing event: WorldEvent[type=ENTITY_ADDED]
03:27:34.561 [JavaFX App] TRACE Entity               - Initializing entity
03:27:34.561 [JavaFX App] DEBUG GameScene            - Entity added to scene
03:27:34.561 [JavaFX App] DEBUG GameScene            - Added MainViewComponent
03:27:34.561 [JavaFX App] DEBUG FXGLEventBus         - Firing event: WorldEvent[type=ENTITY_ADDED]
03:27:34.561 [JavaFX App] TRACE Entity               - Initializing entity
03:27:34.561 [JavaFX App] DEBUG GameScene            - Entity added to scene
03:27:34.561 [JavaFX App] DEBUG GameScene            - Added MainViewComponent
03:27:34.561 [JavaFX App] DEBUG FXGLEventBus         - Firing event: WorldEvent[type=ENTITY_ADDED]
03:27:34.561 [JavaFX App] TRACE Entity               - Initializing entity
03:27:34.561 [JavaFX App] DEBUG GameScene            - Entity added to scene
03:27:34.561 [JavaFX App] DEBUG GameScene            - Added MainViewComponent
03:27:34.561 [JavaFX App] DEBUG FXGLEventBus         - Firing event: WorldEvent[type=ENTITY_ADDED]
03:27:34.561 [JavaFX App] TRACE Entity               - Initializing entity
03:27:34.561 [JavaFX App] DEBUG GameScene            - Entity added to scene
03:27:34.561 [JavaFX App] DEBUG GameScene            - Added MainViewComponent
03:27:34.561 [JavaFX App] DEBUG FXGLEventBus         - Firing event: WorldEvent[type=ENTITY_ADDED]
03:27:34.561 [JavaFX App] TRACE Entity               - Initializing entity
03:27:34.561 [JavaFX App] DEBUG GameScene            - Entity added to scene
03:27:34.561 [JavaFX App] DEBUG GameScene            - Added MainViewComponent
03:27:34.561 [JavaFX App] DEBUG FXGLEventBus         - Firing event: WorldEvent[type=ENTITY_ADDED]
03:27:34.561 [JavaFX App] TRACE Entity               - Initializing entity
03:27:34.561 [JavaFX App] DEBUG GameScene            - Entity added to scene
03:27:34.561 [JavaFX App] DEBUG GameScene            - Added MainViewComponent
03:27:34.562 [JavaFX App] DEBUG FXGLEventBus         - Firing event: WorldEvent[type=ENTITY_ADDED]
03:27:34.562 [JavaFX App] TRACE Entity               - Initializing entity
03:27:34.604 [JavaFX App] DEBUG GameScene            - Entity added to scene
03:27:34.604 [JavaFX App] DEBUG GameScene            - Added MainViewComponent
03:27:34.604 [JavaFX App] DEBUG FXGLEventBus         - Firing event: WorldEvent[type=ENTITY_ADDED]
03:27:34.604 [JavaFX App] TRACE Entity               - Initializing entity
03:27:34.604 [JavaFX App] DEBUG GameScene            - Entity added to scene
03:27:34.604 [JavaFX App] DEBUG GameScene            - Added MainViewComponent
03:27:34.604 [JavaFX App] DEBUG FXGLEventBus         - Firing event: WorldEvent[type=ENTITY_ADDED]
03:27:34.604 [JavaFX App] TRACE Entity               - Initializing entity
03:27:34.604 [JavaFX App] DEBUG GameScene            - Entity added to scene
03:27:34.604 [JavaFX App] DEBUG GameScene            - Added MainViewComponent
03:27:34.604 [JavaFX App] DEBUG FXGLEventBus         - Firing event: WorldEvent[type=ENTITY_ADDED]
03:27:37.570 [JavaFX App] DEBUG GameScene            - Entity removed from scene
03:27:37.571 [JavaFX App] DEBUG GameScene            - Removed MainViewComponent
03:27:37.574 [JavaFX App] DEBUG FXGLEventBus         - Firing event: WorldEvent[type=ENTITY_REMOVED]
03:27:37.574 [JavaFX App] TRACE Entity               - Cleaning entity
03:27:37.574 [JavaFX App] TRACE Entity               - Removing all controls
03:27:37.575 [JavaFX App] TRACE Entity               - Removing all components
03:27:38.219 [JavaFX App] DEBUG FXGLEventBus         - Firing event: DisplayEvent[type=DIALOG_OPENED]
03:27:38.219 [JavaFX App] DEBUG FXGLEventBus         - Firing event: FXGLEvent[type=PAUSE]
03:27:38.219 [JavaFX App] DEBUG FXGLInput            - Clearing active input actions
03:27:38.219 [JavaFX App] DEBUG FXGLMasterTimer      - Stopping master timer
03:27:38.219 [JavaFX App] DEBUG GameApplication      - State: PLAYING -> PAUSED
03:27:38.219 [JavaFX App] DEBUG FXGLInput            - Clearing active input actions
03:27:39.277 [JavaFX App] DEBUG FXGLEventBus         - Firing event: DisplayEvent[type=DIALOG_CLOSED]
03:27:39.278 [JavaFX App] DEBUG FXGLEventBus         - Firing event: FXGLEvent[type=RESUME]
03:27:39.278 [JavaFX App] DEBUG FXGLInput            - Clearing active input actions
03:27:39.278 [JavaFX App] DEBUG FXGLMasterTimer      - Starting master timer
03:27:39.278 [JavaFX App] DEBUG GameApplication      - State: PAUSED -> PLAYING
03:27:39.279 [JavaFX App] DEBUG FXGLEventBus         - Firing event: DisplayEvent[type=CLOSE_REQUEST]
03:27:39.279 [JavaFX App] DEBUG FXGLEventBus         - Firing event: FXGLEvent[type=EXIT]
03:27:39.280 [JavaFX App] DEBUG FXGLEventBus         - Firing event: SaveEvent
03:27:39.280 [JavaFX App] DEBUG FXGLInput            - Saving data to profile
03:27:39.280 [JavaFX App] DEBUG Bundle               - Logging bundle: input
03:27:39.280 [JavaFX App] DEBUG Bundle               - input.Screenshot=P
03:27:39.280 [JavaFX App] DEBUG Bundle               - input.right=D
03:27:39.280 [JavaFX App] DEBUG Bundle               - input.Developer Options=0
03:27:39.280 [JavaFX App] DEBUG Bundle               - input.left=A
03:27:39.280 [JavaFX App] DEBUG FXGLDisplay          - Saving data to profile
03:27:39.280 [JavaFX App] DEBUG Bundle               - Logging bundle: scene
03:27:39.280 [JavaFX App] DEBUG Bundle               - scene.sizeW=1280.0
03:27:39.280 [JavaFX App] DEBUG Bundle               - scene.sizeH=720.0
03:27:39.280 [JavaFX App] DEBUG FXGLAudioPlayer      - Saving data to profile
03:27:39.280 [JavaFX App] DEBUG Bundle               - Logging bundle: audio
03:27:39.280 [JavaFX App] DEBUG Bundle               - audio.musicVolume=0.5
03:27:39.280 [JavaFX App] DEBUG Bundle               - audio.soundVolume=0.5
03:27:39.280 [JavaFX App] DEBUG AchievementManager   - Saving data to profile
03:27:39.280 [JavaFX App] DEBUG Bundle               - Logging bundle: achievement
03:27:39.280 [JavaFX App] DEBUG FXGLMasterTimer      - Saving data to profile
03:27:39.280 [JavaFX App] DEBUG Bundle               - Logging bundle: timer
03:27:39.280 [JavaFX App] DEBUG Bundle               - timer.playtime=125338399365
03:27:39.281 [JavaFX App] DEBUG SaveLoadManager      - Saving profile: 1
03:27:39.284 [JavaFX App] DEBUG IOTask               - Executing task: writeDataTask(./profiles/1/user.profile)
03:27:39.285 [JavaFX App] DEBUG IOTask               - Executing task: writeDataTask(./profiles/1/user.profile)
03:27:39.288 [JavaFX App] DEBUG FS                   - Writing to: .\profiles\1\user.profile
03:27:39.296 [JavaFX App] DEBUG IOTask               - Executing task: checkSavesDir(./profiles/1/saves/)
03:27:39.297 [JavaFX App] DEBUG IOTask               - Task succeeded: writeDataTask(./profiles/1/user.profile)
