03:33:06.857 [JavaFX App] DEBUG FXGLLoggerFactory    - Service [LoggerFactory] initialized
03:33:06.862 [JavaFX App] DEBUG GameApplication      - Starting Game Application
03:33:06.863 [JavaFX App] DEBUG FXGLEventBus         - Service [EventBus] initialized
03:33:06.866 [JavaFX App] DEBUG FXGLExecutor         - Service [Executor] initialized
03:33:06.868 [JavaFX App] DEBUG GameWorld            - Game world initialized
03:33:06.904 [JavaFX App] DEBUG PhysicsWorld         - Physics world initialized
03:33:06.920 [JavaFX App] DEBUG GameScene            - Game scene initialized: 1280.0x720.0
03:33:06.947 [JavaFX App] DEBUG AssetLoader          - Service [AssetLoader] initialized
03:33:06.948 [JavaFX App] DEBUG AssetLoader          - Loading from disk: /assets/sounds/system/notification.wav
03:33:06.965 [JavaFX App] DEBUG AssetLoader          - Loading from disk: /assets/sounds/menu/select.wav
03:33:06.966 [JavaFX App] DEBUG AssetLoader          - Loading from disk: /assets/sounds/menu/back.wav
03:33:06.967 [JavaFX App] DEBUG AssetLoader          - Loading from disk: /assets/sounds/menu/press.wav
03:33:06.969 [JavaFX App] DEBUG AssetLoader          - Loading from disk: /assets/ui/fonts/Copperplate_Gothic_Light_Regular.ttf
03:33:07.057 [JavaFX App] DEBUG AssetLoader          - Loading from disk: /assets/ui/css/fxgl.css
03:33:07.057 [JavaFX App] DEBUG AssetLoader          - Loading from disk: /assets/ui/icons/fxgl_icon.png
03:33:07.088 [JavaFX App] DEBUG AssetLoader          - Loading from disk: /assets/ui/css/fxgl_dark.css
03:33:07.100 [JavaFX App] DEBUG FXGLDisplay          - Target size: DoubleProperty [value: 1280.0] x DoubleProperty [value: 720.0] @ 1.0
03:33:07.100 [JavaFX App] DEBUG FXGLDisplay          - New size:    1280.0 x 720.0 @ DoubleProperty [value: 1.0]
03:33:07.100 [JavaFX App] DEBUG FXGLDisplay          - Service [Display] initialized
03:33:07.100 [JavaFX App] DEBUG FXGLDisplay          - Using CSS: CSS(externalForm=jar:file:/C:/Users/Romano/Documents/GitHub/Breakout/src/lib/FXGL-0.2.4-uber.jar!/assets/ui/css/fxgl_dark.css)
03:33:07.103 [JavaFX App] DEBUG FXGLInput            - Service [Input] initialized
03:33:07.103 [JavaFX App] DEBUG FXGLInput            - Registered new binding: Screenshot - P
03:33:07.104 [JavaFX App] DEBUG FXGLInput            - Registered new binding: Developer Options - CTRL+0
03:33:07.106 [JavaFX App] DEBUG FXGLInput            - Registered new binding: left - A
03:33:07.106 [JavaFX App] DEBUG FXGLInput            - Registered new binding: right - D
03:33:07.106 [JavaFX App] DEBUG GameApplication      - Initializing global event handlers
03:33:07.106 [JavaFX App] DEBUG FXGLMasterTimer      - Service [MasterTimer] initialized
03:33:07.112 [JavaFX App] DEBUG FXGLEventBus         - Firing event: SaveEvent
03:33:07.113 [JavaFX App] DEBUG FXGLInput            - Saving data to profile
03:33:07.114 [JavaFX App] DEBUG Bundle               - Logging bundle: input
03:33:07.114 [JavaFX App] DEBUG Bundle               - input.Screenshot=P
03:33:07.114 [JavaFX App] DEBUG Bundle               - input.right=D
03:33:07.114 [JavaFX App] DEBUG Bundle               - input.Developer Options=CTRL+0
03:33:07.114 [JavaFX App] DEBUG Bundle               - input.left=A
03:33:07.114 [JavaFX App] DEBUG FXGLDisplay          - Saving data to profile
03:33:07.114 [JavaFX App] DEBUG Bundle               - Logging bundle: scene
03:33:07.114 [JavaFX App] DEBUG Bundle               - scene.sizeW=1280.0
03:33:07.114 [JavaFX App] DEBUG Bundle               - scene.sizeH=720.0
03:33:07.115 [JavaFX App] DEBUG FXGLAudioPlayer      - Service [AudioPlayer] initialized
03:33:07.115 [JavaFX App] DEBUG FXGLAudioPlayer      - Saving data to profile
03:33:07.115 [JavaFX App] DEBUG Bundle               - Logging bundle: audio
03:33:07.115 [JavaFX App] DEBUG Bundle               - audio.musicVolume=0.5
03:33:07.115 [JavaFX App] DEBUG Bundle               - audio.soundVolume=0.5
03:33:07.116 [JavaFX App] DEBUG AchievementManager   - Service [AchievementManager] initialized
03:33:07.116 [JavaFX App] DEBUG AchievementManager   - Saving data to profile
03:33:07.116 [JavaFX App] DEBUG Bundle               - Logging bundle: achievement
03:33:07.116 [JavaFX App] DEBUG FXGLMasterTimer      - Saving data to profile
03:33:07.116 [JavaFX App] DEBUG Bundle               - Logging bundle: timer
03:33:07.116 [JavaFX App] DEBUG Bundle               - timer.playtime=0
03:33:07.147 [JavaFX App] DEBUG GameApplication      - State: STARTUP -> MAIN_MENU
03:33:07.267 [JavaFX App] DEBUG FXGLDisplay          - Showing stage
03:33:07.267 [JavaFX App] DEBUG FXGLDisplay          - Root size: 1280.0x720.0
03:33:07.267 [JavaFX App] DEBUG FXGLDisplay          - Scene size: 1280.0x720.0
03:33:07.267 [JavaFX App] DEBUG FXGLDisplay          - Stage size: 1296.0x758.0
03:33:07.333 [JavaFX App] DEBUG SaveLoadManager      - Checking profiles dir: profiles/
03:33:07.333 [JavaFX App] DEBUG SaveLoadManager      - Loading profile names
03:33:07.336 [JavaFX App] DEBUG IOTask               - Showing dialog
03:33:07.342 [JavaFX App] DEBUG FXGLEventBus         - Firing event: DisplayEvent[type=DIALOG_OPENED]
03:33:07.342 [JavaFX App] DEBUG FXGLInput            - Clearing active input actions
03:33:07.344 [pool-3-thr] DEBUG IOTask               - Executing task: loadDirectoryNamesTask(./profiles/, false)
03:33:07.415 [JavaFX App] DEBUG IOTask               - succeed(): Dismissing dialog
03:33:07.416 [JavaFX App] DEBUG FXGLEventBus         - Firing event: DisplayEvent[type=DIALOG_CLOSED]
03:33:07.416 [JavaFX App] DEBUG IOTask               - Task succeeded: loadDirectoryNamesTask(./profiles/, false)
03:33:07.423 [JavaFX App] DEBUG FXGLEventBus         - Firing event: DisplayEvent[type=DIALOG_OPENED]
03:33:07.423 [JavaFX App] DEBUG FXGLInput            - Clearing active input actions
03:33:08.237 [JavaFX App] DEBUG FXGLEventBus         - Firing event: DisplayEvent[type=DIALOG_CLOSED]
03:33:08.237 [JavaFX App] DEBUG SaveLoadManager      - Loading profile: 1
03:33:08.238 [JavaFX App] DEBUG IOTask               - Showing dialog
03:33:08.242 [JavaFX App] DEBUG FXGLEventBus         - Firing event: DisplayEvent[type=DIALOG_OPENED]
03:33:08.242 [JavaFX App] DEBUG FXGLInput            - Clearing active input actions
03:33:08.242 [pool-3-thr] DEBUG IOTask               - Executing task: readDataTask(./profiles/1/user.profile)
03:33:08.245 [pool-3-thr] DEBUG FS                   - Reading from: .\profiles\1\user.profile
03:33:08.257 [JavaFX App] DEBUG IOTask               - succeed(): Dismissing dialog
03:33:08.257 [JavaFX App] DEBUG FXGLEventBus         - Firing event: DisplayEvent[type=DIALOG_CLOSED]
03:33:08.258 [JavaFX App] DEBUG IOTask               - Task succeeded: readDataTask(./profiles/1/user.profile)
03:33:08.258 [JavaFX App] DEBUG FXGLEventBus         - Firing event: LoadEvent[type=LOAD_PROFILE]
03:33:08.258 [JavaFX App] DEBUG FXGLInput            - Loading data from profile
03:33:08.258 [JavaFX App] DEBUG Bundle               - Logging bundle: input
03:33:08.258 [JavaFX App] DEBUG Bundle               - input.Screenshot=P
03:33:08.258 [JavaFX App] DEBUG Bundle               - input.right=D
03:33:08.258 [JavaFX App] DEBUG Bundle               - input.Developer Options=0
03:33:08.258 [JavaFX App] DEBUG Bundle               - input.left=A
03:33:08.258 [JavaFX App] DEBUG FXGLDisplay          - Loading data from profile
03:33:08.258 [JavaFX App] DEBUG Bundle               - Logging bundle: scene
03:33:08.258 [JavaFX App] DEBUG Bundle               - scene.sizeW=1280.0
03:33:08.258 [JavaFX App] DEBUG Bundle               - scene.sizeH=720.0
03:33:08.258 [JavaFX App] DEBUG FXGLDisplay          - Target size: DoubleProperty [value: 1280.0] x DoubleProperty [value: 720.0] @ 1.0
03:33:08.258 [JavaFX App] DEBUG FXGLDisplay          - New size:    1280.0 x 720.0 @ DoubleProperty [value: 1.0]
03:33:08.268 [JavaFX App] DEBUG FXGLAudioPlayer      - Loading data from profile
03:33:08.268 [JavaFX App] DEBUG Bundle               - Logging bundle: audio
03:33:08.268 [JavaFX App] DEBUG Bundle               - audio.musicVolume=0.5
03:33:08.268 [JavaFX App] DEBUG Bundle               - audio.soundVolume=0.5
03:33:08.268 [JavaFX App] DEBUG AchievementManager   - Loading data from profile
03:33:08.268 [JavaFX App] DEBUG Bundle               - Logging bundle: achievement
03:33:08.268 [JavaFX App] DEBUG FXGLMasterTimer      - Loading data from profile
03:33:08.268 [JavaFX App] DEBUG Bundle               - Logging bundle: timer
03:33:08.268 [JavaFX App] DEBUG Bundle               - timer.playtime=129074484173
03:33:08.269 [JavaFX App] DEBUG SaveLoadManager      - Loading last modified save file
03:33:08.269 [JavaFX App] DEBUG SaveLoadManager      - Loading save files
03:33:08.271 [JavaFX App] DEBUG IOTask               - Showing dialog
03:33:08.276 [JavaFX App] DEBUG FXGLEventBus         - Firing event: DisplayEvent[type=DIALOG_OPENED]
03:33:08.276 [JavaFX App] DEBUG FXGLInput            - Clearing active input actions
03:33:08.276 [pool-3-thr] DEBUG IOTask               - Executing task: loadFileNamesTask(./profiles/1/saves/, true, [FileExtension(extension=.sav)])
03:33:08.276 [pool-3-thr] DEBUG IOTask               - Executing task: loadFileNamesTask(./profiles/1/saves/, true, [FileExtension(extension=.sav)])
03:33:08.276 [pool-3-thr] DEBUG IOTask               - Executing task: loadFileNamesTask(./profiles/1/saves/, true, [FileExtension(extension=.sav)])
03:33:08.278 [pool-3-thr] DEBUG IOTask               - Executing task: readSaveFiles
03:33:08.279 [pool-3-thr] DEBUG IOTask               - Executing task: findLastSave
03:33:08.293 [JavaFX App] DEBUG IOTask               - fail(): Dismissing dialog
03:33:08.293 [JavaFX App] DEBUG FXGLEventBus         - Firing event: DisplayEvent[type=DIALOG_CLOSED]
03:33:08.293 [JavaFX App] WARN  IOTask               - Task failed: loadFileNamesTask(./profiles/1/saves/, true, [FileExtension(extension=.sav)]) Error: java.io.FileNotFoundException: No save files found
03:33:08.293 [JavaFX App] DEBUG FXGLEventBus         - Firing event: ProfileSelectedEvent[name=1,hasSaves=false]
03:33:08.917 [JavaFX App] DEBUG Menu                 - fireNewGame()
03:33:08.917 [JavaFX App] DEBUG GameApplication      - Starting new game
03:33:08.920 [JavaFX App] DEBUG GameApplication      - Initializing App
03:33:08.921 [JavaFX App] DEBUG FXGLEventBus         - Firing event: FXGLEvent[type=PAUSE]
03:33:08.921 [JavaFX App] DEBUG FXGLInput            - Clearing active input actions
03:33:08.922 [JavaFX App] DEBUG FXGLMasterTimer      - Stopping master timer
03:33:08.922 [JavaFX App] DEBUG GameApplication      - State: MAIN_MENU -> PAUSED
03:33:08.923 [JavaFX App] DEBUG FXGLEventBus         - Firing event: FXGLEvent[type=RESET]
03:33:08.923 [JavaFX App] DEBUG GameWorld            - Resetting game world
03:33:08.923 [JavaFX App] TRACE EntityWorld          - Resetting entity world
03:33:08.927 [JavaFX App] DEBUG GameScene            - Resetting game scene
03:33:08.927 [JavaFX App] DEBUG FXGLInput            - Clearing active input actions
03:33:08.927 [JavaFX App] DEBUG FXGLMasterTimer      - Resetting ticks and clearing all actions
03:33:08.928 [JavaFX App] DEBUG GameApplication      - State: PAUSED -> LOADING
03:33:08.938 [JavaFX App] DEBUG GameApplication      - Starting FXGL Init Thread
03:33:08.938 [JavaFX App] DEBUG FXGLEventBus         - Firing event: MenuEvent[type=NEW_GAME]
03:33:08.939 [FXGL Init ] DEBUG InitAppTask          - Initializing Assets
03:33:08.940 [FXGL Init ] DEBUG AssetLoader          - Loading from disk: /assets/textures/Balls/ball_red.png
03:33:08.947 [FXGL Init ] DEBUG AssetLoader          - Loading from disk: /assets/textures/Bats/bat_black.png
03:33:08.948 [FXGL Init ] DEBUG AssetLoader          - Loading from disk: /assets/textures/Bricks/brick_blue_small.png
03:33:08.949 [FXGL Init ] DEBUG AssetLoader          - Loading from disk: /assets/textures/Walls/brick_red.png
03:33:08.950 [FXGL Init ] DEBUG InitAppTask          - Initializing Game
03:33:08.973 [FXGL Init ] DEBUG AssetLoader          - Loading from cache: /assets/textures/Walls/brick_red.png
03:33:08.974 [FXGL Init ] DEBUG AssetLoader          - Loading from cache: /assets/textures/Walls/brick_red.png
03:33:08.975 [FXGL Init ] DEBUG AssetLoader          - Loading from cache: /assets/textures/Walls/brick_red.png
03:33:08.975 [FXGL Init ] DEBUG AssetLoader          - Loading from cache: /assets/textures/Walls/brick_red.png
03:33:08.975 [FXGL Init ] DEBUG AssetLoader          - Loading from cache: /assets/textures/Walls/brick_red.png
03:33:08.976 [FXGL Init ] DEBUG AssetLoader          - Loading from cache: /assets/textures/Walls/brick_red.png
03:33:08.976 [FXGL Init ] DEBUG AssetLoader          - Loading from cache: /assets/textures/Walls/brick_red.png
03:33:08.977 [FXGL Init ] DEBUG AssetLoader          - Loading from cache: /assets/textures/Walls/brick_red.png
03:33:08.977 [FXGL Init ] DEBUG AssetLoader          - Loading from cache: /assets/textures/Walls/brick_red.png
03:33:08.978 [FXGL Init ] DEBUG AssetLoader          - Loading from cache: /assets/textures/Walls/brick_red.png
03:33:08.978 [FXGL Init ] DEBUG AssetLoader          - Loading from cache: /assets/textures/Walls/brick_red.png
03:33:08.978 [FXGL Init ] DEBUG AssetLoader          - Loading from cache: /assets/textures/Walls/brick_red.png
03:33:08.978 [FXGL Init ] DEBUG AssetLoader          - Loading from cache: /assets/textures/Walls/brick_red.png
03:33:08.979 [FXGL Init ] DEBUG AssetLoader          - Loading from cache: /assets/textures/Walls/brick_red.png
03:33:08.979 [FXGL Init ] DEBUG AssetLoader          - Loading from cache: /assets/textures/Walls/brick_red.png
03:33:08.980 [FXGL Init ] DEBUG AssetLoader          - Loading from cache: /assets/textures/Walls/brick_red.png
03:33:08.980 [FXGL Init ] DEBUG AssetLoader          - Loading from cache: /assets/textures/Walls/brick_red.png
03:33:08.981 [FXGL Init ] DEBUG AssetLoader          - Loading from cache: /assets/textures/Walls/brick_red.png
03:33:08.982 [FXGL Init ] DEBUG AssetLoader          - Loading from cache: /assets/textures/Walls/brick_red.png
03:33:08.982 [FXGL Init ] DEBUG AssetLoader          - Loading from cache: /assets/textures/Walls/brick_red.png
03:33:08.982 [FXGL Init ] DEBUG AssetLoader          - Loading from cache: /assets/textures/Walls/brick_red.png
03:33:08.983 [FXGL Init ] DEBUG AssetLoader          - Loading from cache: /assets/textures/Walls/brick_red.png
03:33:08.983 [FXGL Init ] DEBUG AssetLoader          - Loading from cache: /assets/textures/Walls/brick_red.png
03:33:08.983 [FXGL Init ] DEBUG AssetLoader          - Loading from cache: /assets/textures/Walls/brick_red.png
03:33:08.983 [FXGL Init ] DEBUG AssetLoader          - Loading from cache: /assets/textures/Walls/brick_red.png
03:33:08.984 [FXGL Init ] DEBUG AssetLoader          - Loading from cache: /assets/textures/Walls/brick_red.png
03:33:08.984 [FXGL Init ] DEBUG AssetLoader          - Loading from cache: /assets/textures/Walls/brick_red.png
03:33:08.984 [FXGL Init ] DEBUG AssetLoader          - Loading from cache: /assets/textures/Walls/brick_red.png
03:33:08.985 [FXGL Init ] DEBUG AssetLoader          - Loading from cache: /assets/textures/Walls/brick_red.png
03:33:08.985 [FXGL Init ] DEBUG AssetLoader          - Loading from cache: /assets/textures/Walls/brick_red.png
03:33:08.985 [FXGL Init ] DEBUG AssetLoader          - Loading from cache: /assets/textures/Walls/brick_red.png
03:33:08.985 [FXGL Init ] DEBUG AssetLoader          - Loading from cache: /assets/textures/Walls/brick_red.png
03:33:08.986 [FXGL Init ] DEBUG AssetLoader          - Loading from cache: /assets/textures/Walls/brick_red.png
03:33:08.986 [FXGL Init ] DEBUG AssetLoader          - Loading from cache: /assets/textures/Walls/brick_red.png
03:33:08.986 [FXGL Init ] DEBUG AssetLoader          - Loading from cache: /assets/textures/Walls/brick_red.png
03:33:08.987 [FXGL Init ] DEBUG AssetLoader          - Loading from cache: /assets/textures/Walls/brick_red.png
03:33:08.987 [FXGL Init ] DEBUG AssetLoader          - Loading from cache: /assets/textures/Walls/brick_red.png
03:33:08.987 [FXGL Init ] DEBUG AssetLoader          - Loading from cache: /assets/textures/Walls/brick_red.png
03:33:08.987 [FXGL Init ] DEBUG AssetLoader          - Loading from cache: /assets/textures/Walls/brick_red.png
03:33:08.988 [FXGL Init ] DEBUG AssetLoader          - Loading from cache: /assets/textures/Walls/brick_red.png
03:33:08.988 [FXGL Init ] DEBUG AssetLoader          - Loading from cache: /assets/textures/Walls/brick_red.png
03:33:08.988 [FXGL Init ] DEBUG AssetLoader          - Loading from cache: /assets/textures/Walls/brick_red.png
03:33:08.989 [FXGL Init ] DEBUG AssetLoader          - Loading from cache: /assets/textures/Walls/brick_red.png
03:33:08.989 [FXGL Init ] DEBUG AssetLoader          - Loading from cache: /assets/textures/Walls/brick_red.png
03:33:08.989 [FXGL Init ] DEBUG AssetLoader          - Loading from cache: /assets/textures/Walls/brick_red.png
03:33:08.989 [FXGL Init ] DEBUG AssetLoader          - Loading from cache: /assets/textures/Walls/brick_red.png
03:33:08.990 [FXGL Init ] DEBUG AssetLoader          - Loading from cache: /assets/textures/Walls/brick_red.png
03:33:08.990 [FXGL Init ] DEBUG AssetLoader          - Loading from cache: /assets/textures/Walls/brick_red.png
03:33:08.990 [FXGL Init ] DEBUG AssetLoader          - Loading from cache: /assets/textures/Walls/brick_red.png
03:33:08.990 [FXGL Init ] DEBUG AssetLoader          - Loading from cache: /assets/textures/Walls/brick_red.png
03:33:08.991 [FXGL Init ] DEBUG AssetLoader          - Loading from cache: /assets/textures/Walls/brick_red.png
03:33:08.991 [FXGL Init ] DEBUG AssetLoader          - Loading from cache: /assets/textures/Walls/brick_red.png
03:33:08.991 [FXGL Init ] DEBUG AssetLoader          - Loading from cache: /assets/textures/Walls/brick_red.png
03:33:08.991 [FXGL Init ] DEBUG AssetLoader          - Loading from cache: /assets/textures/Walls/brick_red.png
03:33:08.991 [FXGL Init ] DEBUG AssetLoader          - Loading from cache: /assets/textures/Walls/brick_red.png
03:33:08.992 [FXGL Init ] DEBUG AssetLoader          - Loading from cache: /assets/textures/Walls/brick_red.png
03:33:08.992 [FXGL Init ] DEBUG AssetLoader          - Loading from cache: /assets/textures/Walls/brick_red.png
03:33:08.992 [FXGL Init ] DEBUG AssetLoader          - Loading from cache: /assets/textures/Walls/brick_red.png
03:33:08.993 [FXGL Init ] DEBUG AssetLoader          - Loading from cache: /assets/textures/Walls/brick_red.png
03:33:08.993 [FXGL Init ] DEBUG AssetLoader          - Loading from cache: /assets/textures/Walls/brick_red.png
03:33:08.993 [FXGL Init ] DEBUG AssetLoader          - Loading from cache: /assets/textures/Walls/brick_red.png
03:33:08.993 [FXGL Init ] DEBUG AssetLoader          - Loading from cache: /assets/textures/Walls/brick_red.png
03:33:08.994 [FXGL Init ] DEBUG AssetLoader          - Loading from cache: /assets/textures/Walls/brick_red.png
03:33:08.994 [FXGL Init ] DEBUG AssetLoader          - Loading from cache: /assets/textures/Walls/brick_red.png
03:33:08.995 [FXGL Init ] DEBUG AssetLoader          - Loading from cache: /assets/textures/Walls/brick_red.png
03:33:08.995 [FXGL Init ] DEBUG AssetLoader          - Loading from cache: /assets/textures/Walls/brick_red.png
03:33:08.996 [FXGL Init ] DEBUG AssetLoader          - Loading from cache: /assets/textures/Walls/brick_red.png
03:33:08.996 [FXGL Init ] DEBUG AssetLoader          - Loading from cache: /assets/textures/Walls/brick_red.png
03:33:08.996 [FXGL Init ] DEBUG AssetLoader          - Loading from cache: /assets/textures/Walls/brick_red.png
03:33:08.996 [FXGL Init ] DEBUG AssetLoader          - Loading from cache: /assets/textures/Walls/brick_red.png
03:33:08.997 [FXGL Init ] DEBUG AssetLoader          - Loading from cache: /assets/textures/Walls/brick_red.png
03:33:08.997 [FXGL Init ] DEBUG AssetLoader          - Loading from cache: /assets/textures/Walls/brick_red.png
03:33:08.997 [FXGL Init ] DEBUG AssetLoader          - Loading from cache: /assets/textures/Walls/brick_red.png
03:33:08.997 [FXGL Init ] DEBUG AssetLoader          - Loading from cache: /assets/textures/Walls/brick_red.png
03:33:08.998 [FXGL Init ] DEBUG AssetLoader          - Loading from cache: /assets/textures/Walls/brick_red.png
03:33:08.998 [FXGL Init ] DEBUG AssetLoader          - Loading from cache: /assets/textures/Walls/brick_red.png
03:33:08.998 [FXGL Init ] DEBUG AssetLoader          - Loading from cache: /assets/textures/Walls/brick_red.png
03:33:08.998 [FXGL Init ] DEBUG AssetLoader          - Loading from cache: /assets/textures/Walls/brick_red.png
03:33:08.999 [FXGL Init ] DEBUG AssetLoader          - Loading from cache: /assets/textures/Walls/brick_red.png
03:33:08.999 [FXGL Init ] DEBUG AssetLoader          - Loading from cache: /assets/textures/Walls/brick_red.png
03:33:08.999 [FXGL Init ] DEBUG AssetLoader          - Loading from cache: /assets/textures/Walls/brick_red.png
03:33:08.999 [FXGL Init ] DEBUG AssetLoader          - Loading from cache: /assets/textures/Walls/brick_red.png
03:33:09.000 [FXGL Init ] DEBUG AssetLoader          - Loading from cache: /assets/textures/Walls/brick_red.png
03:33:09.000 [FXGL Init ] DEBUG AssetLoader          - Loading from cache: /assets/textures/Walls/brick_red.png
03:33:09.000 [FXGL Init ] DEBUG AssetLoader          - Loading from cache: /assets/textures/Walls/brick_red.png
03:33:09.000 [FXGL Init ] DEBUG AssetLoader          - Loading from cache: /assets/textures/Walls/brick_red.png
03:33:09.000 [FXGL Init ] DEBUG AssetLoader          - Loading from cache: /assets/textures/Walls/brick_red.png
03:33:09.001 [FXGL Init ] DEBUG AssetLoader          - Loading from cache: /assets/textures/Walls/brick_red.png
03:33:09.001 [FXGL Init ] DEBUG AssetLoader          - Loading from cache: /assets/textures/Walls/brick_red.png
03:33:09.001 [FXGL Init ] DEBUG AssetLoader          - Loading from cache: /assets/textures/Walls/brick_red.png
03:33:09.001 [FXGL Init ] DEBUG AssetLoader          - Loading from cache: /assets/textures/Walls/brick_red.png
03:33:09.002 [FXGL Init ] DEBUG AssetLoader          - Loading from cache: /assets/textures/Walls/brick_red.png
03:33:09.002 [FXGL Init ] DEBUG AssetLoader          - Loading from cache: /assets/textures/Walls/brick_red.png
03:33:09.002 [FXGL Init ] DEBUG AssetLoader          - Loading from cache: /assets/textures/Walls/brick_red.png
03:33:09.002 [FXGL Init ] DEBUG AssetLoader          - Loading from cache: /assets/textures/Walls/brick_red.png
03:33:09.002 [FXGL Init ] DEBUG AssetLoader          - Loading from cache: /assets/textures/Walls/brick_red.png
03:33:09.003 [FXGL Init ] DEBUG AssetLoader          - Loading from cache: /assets/textures/Walls/brick_red.png
03:33:09.003 [FXGL Init ] DEBUG AssetLoader          - Loading from cache: /assets/textures/Walls/brick_red.png
03:33:09.003 [FXGL Init ] DEBUG AssetLoader          - Loading from cache: /assets/textures/Walls/brick_red.png
03:33:09.003 [FXGL Init ] DEBUG AssetLoader          - Loading from cache: /assets/textures/Walls/brick_red.png
03:33:09.003 [FXGL Init ] DEBUG AssetLoader          - Loading from cache: /assets/textures/Walls/brick_red.png
03:33:09.004 [FXGL Init ] DEBUG AssetLoader          - Loading from cache: /assets/textures/Walls/brick_red.png
03:33:09.004 [FXGL Init ] DEBUG AssetLoader          - Loading from cache: /assets/textures/Walls/brick_red.png
03:33:09.004 [FXGL Init ] DEBUG AssetLoader          - Loading from cache: /assets/textures/Walls/brick_red.png
03:33:09.004 [FXGL Init ] DEBUG AssetLoader          - Loading from cache: /assets/textures/Walls/brick_red.png
03:33:09.004 [FXGL Init ] DEBUG AssetLoader          - Loading from cache: /assets/textures/Walls/brick_red.png
03:33:09.004 [FXGL Init ] DEBUG AssetLoader          - Loading from cache: /assets/textures/Walls/brick_red.png
03:33:09.005 [FXGL Init ] DEBUG AssetLoader          - Loading from cache: /assets/textures/Walls/brick_red.png
03:33:09.005 [FXGL Init ] DEBUG AssetLoader          - Loading from cache: /assets/textures/Walls/brick_red.png
03:33:09.005 [FXGL Init ] DEBUG AssetLoader          - Loading from cache: /assets/textures/Walls/brick_red.png
03:33:09.005 [FXGL Init ] DEBUG AssetLoader          - Loading from cache: /assets/textures/Walls/brick_red.png
03:33:09.006 [FXGL Init ] DEBUG AssetLoader          - Loading from cache: /assets/textures/Walls/brick_red.png
03:33:09.006 [FXGL Init ] DEBUG AssetLoader          - Loading from cache: /assets/textures/Walls/brick_red.png
03:33:09.006 [FXGL Init ] DEBUG AssetLoader          - Loading from cache: /assets/textures/Walls/brick_red.png
03:33:09.006 [FXGL Init ] DEBUG AssetLoader          - Loading from cache: /assets/textures/Walls/brick_red.png
03:33:09.006 [FXGL Init ] DEBUG AssetLoader          - Loading from cache: /assets/textures/Walls/brick_red.png
03:33:09.007 [FXGL Init ] DEBUG AssetLoader          - Loading from cache: /assets/textures/Walls/brick_red.png
03:33:09.007 [FXGL Init ] DEBUG AssetLoader          - Loading from cache: /assets/textures/Walls/brick_red.png
03:33:09.007 [FXGL Init ] DEBUG AssetLoader          - Loading from cache: /assets/textures/Walls/brick_red.png
03:33:09.007 [FXGL Init ] DEBUG AssetLoader          - Loading from cache: /assets/textures/Walls/brick_red.png
03:33:09.007 [FXGL Init ] DEBUG AssetLoader          - Loading from cache: /assets/textures/Walls/brick_red.png
03:33:09.008 [FXGL Init ] DEBUG AssetLoader          - Loading from cache: /assets/textures/Walls/brick_red.png
03:33:09.008 [FXGL Init ] DEBUG AssetLoader          - Loading from cache: /assets/textures/Walls/brick_red.png
03:33:09.008 [FXGL Init ] DEBUG AssetLoader          - Loading from cache: /assets/textures/Walls/brick_red.png
03:33:09.008 [FXGL Init ] DEBUG AssetLoader          - Loading from cache: /assets/textures/Walls/brick_red.png
03:33:09.008 [FXGL Init ] DEBUG AssetLoader          - Loading from cache: /assets/textures/Walls/brick_red.png
03:33:09.009 [FXGL Init ] DEBUG AssetLoader          - Loading from cache: /assets/textures/Walls/brick_red.png
03:33:09.009 [FXGL Init ] DEBUG AssetLoader          - Loading from cache: /assets/textures/Walls/brick_red.png
03:33:09.009 [FXGL Init ] DEBUG AssetLoader          - Loading from cache: /assets/textures/Walls/brick_red.png
03:33:09.009 [FXGL Init ] DEBUG AssetLoader          - Loading from cache: /assets/textures/Walls/brick_red.png
03:33:09.009 [FXGL Init ] DEBUG AssetLoader          - Loading from cache: /assets/textures/Walls/brick_red.png
03:33:09.010 [FXGL Init ] DEBUG AssetLoader          - Loading from cache: /assets/textures/Walls/brick_red.png
03:33:09.010 [FXGL Init ] DEBUG AssetLoader          - Loading from cache: /assets/textures/Walls/brick_red.png
03:33:09.010 [FXGL Init ] DEBUG AssetLoader          - Loading from cache: /assets/textures/Walls/brick_red.png
03:33:09.010 [FXGL Init ] DEBUG AssetLoader          - Loading from cache: /assets/textures/Walls/brick_red.png
03:33:09.010 [FXGL Init ] DEBUG AssetLoader          - Loading from cache: /assets/textures/Walls/brick_red.png
03:33:09.010 [FXGL Init ] DEBUG AssetLoader          - Loading from cache: /assets/textures/Walls/brick_red.png
03:33:09.011 [FXGL Init ] DEBUG AssetLoader          - Loading from cache: /assets/textures/Walls/brick_red.png
03:33:09.011 [FXGL Init ] DEBUG AssetLoader          - Loading from cache: /assets/textures/Walls/brick_red.png
03:33:09.011 [FXGL Init ] DEBUG AssetLoader          - Loading from cache: /assets/textures/Walls/brick_red.png
03:33:09.011 [FXGL Init ] DEBUG AssetLoader          - Loading from cache: /assets/textures/Walls/brick_red.png
03:33:09.011 [FXGL Init ] DEBUG AssetLoader          - Loading from cache: /assets/textures/Walls/brick_red.png
03:33:09.012 [FXGL Init ] DEBUG AssetLoader          - Loading from cache: /assets/textures/Walls/brick_red.png
03:33:09.012 [FXGL Init ] DEBUG AssetLoader          - Loading from cache: /assets/textures/Walls/brick_red.png
03:33:09.012 [FXGL Init ] DEBUG AssetLoader          - Loading from cache: /assets/textures/Walls/brick_red.png
03:33:09.012 [FXGL Init ] DEBUG AssetLoader          - Loading from cache: /assets/textures/Walls/brick_red.png
03:33:09.012 [FXGL Init ] DEBUG AssetLoader          - Loading from cache: /assets/textures/Walls/brick_red.png
03:33:09.012 [FXGL Init ] DEBUG AssetLoader          - Loading from cache: /assets/textures/Walls/brick_red.png
03:33:09.013 [FXGL Init ] DEBUG AssetLoader          - Loading from cache: /assets/textures/Walls/brick_red.png
03:33:09.013 [FXGL Init ] DEBUG AssetLoader          - Loading from cache: /assets/textures/Walls/brick_red.png
03:33:09.013 [FXGL Init ] DEBUG AssetLoader          - Loading from cache: /assets/textures/Walls/brick_red.png
03:33:09.013 [FXGL Init ] DEBUG AssetLoader          - Loading from cache: /assets/textures/Walls/brick_red.png
03:33:09.013 [FXGL Init ] DEBUG AssetLoader          - Loading from cache: /assets/textures/Walls/brick_red.png
03:33:09.014 [FXGL Init ] DEBUG AssetLoader          - Loading from cache: /assets/textures/Walls/brick_red.png
03:33:09.014 [FXGL Init ] DEBUG AssetLoader          - Loading from cache: /assets/textures/Walls/brick_red.png
03:33:09.014 [FXGL Init ] DEBUG AssetLoader          - Loading from cache: /assets/textures/Walls/brick_red.png
03:33:09.014 [FXGL Init ] DEBUG AssetLoader          - Loading from cache: /assets/textures/Walls/brick_red.png
03:33:09.014 [FXGL Init ] DEBUG AssetLoader          - Loading from cache: /assets/textures/Walls/brick_red.png
03:33:09.014 [FXGL Init ] DEBUG AssetLoader          - Loading from cache: /assets/textures/Walls/brick_red.png
03:33:09.015 [FXGL Init ] DEBUG AssetLoader          - Loading from cache: /assets/textures/Walls/brick_red.png
03:33:09.015 [FXGL Init ] DEBUG AssetLoader          - Loading from cache: /assets/textures/Walls/brick_red.png
03:33:09.015 [FXGL Init ] DEBUG AssetLoader          - Loading from cache: /assets/textures/Walls/brick_red.png
03:33:09.015 [FXGL Init ] DEBUG AssetLoader          - Loading from cache: /assets/textures/Walls/brick_red.png
03:33:09.015 [FXGL Init ] DEBUG AssetLoader          - Loading from cache: /assets/textures/Walls/brick_red.png
03:33:09.015 [FXGL Init ] DEBUG AssetLoader          - Loading from cache: /assets/textures/Walls/brick_red.png
03:33:09.015 [FXGL Init ] DEBUG AssetLoader          - Loading from cache: /assets/textures/Walls/brick_red.png
03:33:09.016 [FXGL Init ] DEBUG AssetLoader          - Loading from cache: /assets/textures/Walls/brick_red.png
03:33:09.016 [FXGL Init ] DEBUG AssetLoader          - Loading from cache: /assets/textures/Walls/brick_red.png
03:33:09.016 [FXGL Init ] DEBUG AssetLoader          - Loading from cache: /assets/textures/Walls/brick_red.png
03:33:09.016 [FXGL Init ] DEBUG AssetLoader          - Loading from cache: /assets/textures/Walls/brick_red.png
03:33:09.017 [FXGL Init ] DEBUG AssetLoader          - Loading from cache: /assets/textures/Walls/brick_red.png
03:33:09.017 [FXGL Init ] DEBUG AssetLoader          - Loading from cache: /assets/textures/Walls/brick_red.png
03:33:09.017 [FXGL Init ] DEBUG AssetLoader          - Loading from cache: /assets/textures/Walls/brick_red.png
03:33:09.017 [FXGL Init ] DEBUG AssetLoader          - Loading from cache: /assets/textures/Walls/brick_red.png
03:33:09.017 [FXGL Init ] DEBUG AssetLoader          - Loading from cache: /assets/textures/Walls/brick_red.png
03:33:09.017 [FXGL Init ] DEBUG AssetLoader          - Loading from cache: /assets/textures/Walls/brick_red.png
03:33:09.018 [FXGL Init ] DEBUG AssetLoader          - Loading from cache: /assets/textures/Walls/brick_red.png
03:33:09.018 [FXGL Init ] DEBUG AssetLoader          - Loading from cache: /assets/textures/Walls/brick_red.png
03:33:09.018 [FXGL Init ] DEBUG AssetLoader          - Loading from cache: /assets/textures/Walls/brick_red.png
03:33:09.018 [FXGL Init ] DEBUG AssetLoader          - Loading from cache: /assets/textures/Walls/brick_red.png
03:33:09.018 [FXGL Init ] DEBUG AssetLoader          - Loading from cache: /assets/textures/Bats/bat_black.png
03:33:09.021 [FXGL Init ] DEBUG AssetLoader          - Loading from cache: /assets/textures/Balls/ball_red.png
03:33:09.022 [FXGL Init ] DEBUG AssetLoader          - Loading from cache: /assets/textures/Bricks/brick_blue_small.png
03:33:09.022 [FXGL Init ] DEBUG InitAppTask          - Initializing Physics
03:33:09.023 [FXGL Init ] DEBUG InitAppTask          - Initializing UI
03:33:09.024 [FXGL Init ] DEBUG GameScene            - Adding UI node: Text[text="0", x=0.0, y=0.0, alignment=LEFT, origin=BASELINE, boundsType=LOGICAL, font=Font[name=System Regular, family=System, style=Regular, size=20.0], fontSmoothingType=GRAY, fill=0x000000ff]
03:33:09.024 [FXGL Init ] DEBUG InitAppTask          - Initialization Complete
03:33:09.024 [JavaFX App] DEBUG FXGLEventBus         - Firing event: FXGLEvent[type=INIT_APP_COMPLETE]
03:33:09.024 [JavaFX App] DEBUG FXGLEventBus         - Firing event: FXGLEvent[type=RESUME]
03:33:09.024 [JavaFX App] DEBUG FXGLInput            - Clearing active input actions
03:33:09.025 [JavaFX App] DEBUG FXGLMasterTimer      - Starting master timer
03:33:09.025 [JavaFX App] DEBUG GameApplication      - State: LOADING -> PLAYING
03:33:09.031 [JavaFX App] TRACE Entity               - Initializing entity
03:33:09.032 [JavaFX App] DEBUG GameScene            - Entity added to scene
03:33:09.032 [JavaFX App] DEBUG GameScene            - Added MainViewComponent
03:33:09.033 [JavaFX App] DEBUG GameScene            - Creating render group for layer: TOP(2147483647)
03:33:09.035 [JavaFX App] DEBUG FXGLEventBus         - Firing event: WorldEvent[type=ENTITY_ADDED]
03:33:09.035 [JavaFX App] TRACE Entity               - Initializing entity
03:33:09.035 [JavaFX App] DEBUG GameScene            - Entity added to scene
03:33:09.035 [JavaFX App] DEBUG GameScene            - Added MainViewComponent
03:33:09.035 [JavaFX App] DEBUG FXGLEventBus         - Firing event: WorldEvent[type=ENTITY_ADDED]
03:33:09.035 [JavaFX App] TRACE Entity               - Initializing entity
03:33:09.035 [JavaFX App] DEBUG GameScene            - Entity added to scene
03:33:09.035 [JavaFX App] DEBUG GameScene            - Added MainViewComponent
03:33:09.035 [JavaFX App] DEBUG FXGLEventBus         - Firing event: WorldEvent[type=ENTITY_ADDED]
03:33:09.035 [JavaFX App] TRACE Entity               - Initializing entity
03:33:09.035 [JavaFX App] DEBUG GameScene            - Entity added to scene
03:33:09.035 [JavaFX App] DEBUG GameScene            - Added MainViewComponent
03:33:09.036 [JavaFX App] DEBUG FXGLEventBus         - Firing event: WorldEvent[type=ENTITY_ADDED]
03:33:09.036 [JavaFX App] TRACE Entity               - Initializing entity
03:33:09.036 [JavaFX App] DEBUG GameScene            - Entity added to scene
03:33:09.036 [JavaFX App] DEBUG GameScene            - Added MainViewComponent
03:33:09.036 [JavaFX App] DEBUG FXGLEventBus         - Firing event: WorldEvent[type=ENTITY_ADDED]
03:33:09.036 [JavaFX App] TRACE Entity               - Initializing entity
03:33:09.036 [JavaFX App] DEBUG GameScene            - Entity added to scene
03:33:09.036 [JavaFX App] DEBUG GameScene            - Added MainViewComponent
03:33:09.036 [JavaFX App] DEBUG FXGLEventBus         - Firing event: WorldEvent[type=ENTITY_ADDED]
03:33:09.036 [JavaFX App] TRACE Entity               - Initializing entity
03:33:09.036 [JavaFX App] DEBUG GameScene            - Entity added to scene
03:33:09.036 [JavaFX App] DEBUG GameScene            - Added MainViewComponent
03:33:09.036 [JavaFX App] DEBUG FXGLEventBus         - Firing event: WorldEvent[type=ENTITY_ADDED]
03:33:09.036 [JavaFX App] TRACE Entity               - Initializing entity
03:33:09.036 [JavaFX App] DEBUG GameScene            - Entity added to scene
03:33:09.036 [JavaFX App] DEBUG GameScene            - Added MainViewComponent
03:33:09.036 [JavaFX App] DEBUG FXGLEventBus         - Firing event: WorldEvent[type=ENTITY_ADDED]
03:33:09.036 [JavaFX App] TRACE Entity               - Initializing entity
03:33:09.036 [JavaFX App] DEBUG GameScene            - Entity added to scene
03:33:09.036 [JavaFX App] DEBUG GameScene            - Added MainViewComponent
03:33:09.036 [JavaFX App] DEBUG FXGLEventBus         - Firing event: WorldEvent[type=ENTITY_ADDED]
03:33:09.037 [JavaFX App] TRACE Entity               - Initializing entity
03:33:09.037 [JavaFX App] DEBUG GameScene            - Entity added to scene
03:33:09.037 [JavaFX App] DEBUG GameScene            - Added MainViewComponent
03:33:09.037 [JavaFX App] DEBUG FXGLEventBus         - Firing event: WorldEvent[type=ENTITY_ADDED]
03:33:09.037 [JavaFX App] TRACE Entity               - Initializing entity
03:33:09.037 [JavaFX App] DEBUG GameScene            - Entity added to scene
03:33:09.037 [JavaFX App] DEBUG GameScene            - Added MainViewComponent
03:33:09.037 [JavaFX App] DEBUG FXGLEventBus         - Firing event: WorldEvent[type=ENTITY_ADDED]
03:33:09.037 [JavaFX App] TRACE Entity               - Initializing entity
03:33:09.037 [JavaFX App] DEBUG GameScene            - Entity added to scene
03:33:09.037 [JavaFX App] DEBUG GameScene            - Added MainViewComponent
03:33:09.037 [JavaFX App] DEBUG FXGLEventBus         - Firing event: WorldEvent[type=ENTITY_ADDED]
03:33:09.037 [JavaFX App] TRACE Entity               - Initializing entity
03:33:09.037 [JavaFX App] DEBUG GameScene            - Entity added to scene
03:33:09.037 [JavaFX App] DEBUG GameScene            - Added MainViewComponent
03:33:09.037 [JavaFX App] DEBUG FXGLEventBus         - Firing event: WorldEvent[type=ENTITY_ADDED]
03:33:09.037 [JavaFX App] TRACE Entity               - Initializing entity
03:33:09.037 [JavaFX App] DEBUG GameScene            - Entity added to scene
03:33:09.037 [JavaFX App] DEBUG GameScene            - Added MainViewComponent
03:33:09.037 [JavaFX App] DEBUG FXGLEventBus         - Firing event: WorldEvent[type=ENTITY_ADDED]
03:33:09.037 [JavaFX App] TRACE Entity               - Initializing entity
03:33:09.037 [JavaFX App] DEBUG GameScene            - Entity added to scene
03:33:09.037 [JavaFX App] DEBUG GameScene            - Added MainViewComponent
03:33:09.038 [JavaFX App] DEBUG FXGLEventBus         - Firing event: WorldEvent[type=ENTITY_ADDED]
03:33:09.038 [JavaFX App] TRACE Entity               - Initializing entity
03:33:09.038 [JavaFX App] DEBUG GameScene            - Entity added to scene
03:33:09.038 [JavaFX App] DEBUG GameScene            - Added MainViewComponent
03:33:09.038 [JavaFX App] DEBUG FXGLEventBus         - Firing event: WorldEvent[type=ENTITY_ADDED]
03:33:09.038 [JavaFX App] TRACE Entity               - Initializing entity
03:33:09.038 [JavaFX App] DEBUG GameScene            - Entity added to scene
03:33:09.038 [JavaFX App] DEBUG GameScene            - Added MainViewComponent
03:33:09.038 [JavaFX App] DEBUG FXGLEventBus         - Firing event: WorldEvent[type=ENTITY_ADDED]
03:33:09.038 [JavaFX App] TRACE Entity               - Initializing entity
03:33:09.038 [JavaFX App] DEBUG GameScene            - Entity added to scene
03:33:09.038 [JavaFX App] DEBUG GameScene            - Added MainViewComponent
03:33:09.038 [JavaFX App] DEBUG FXGLEventBus         - Firing event: WorldEvent[type=ENTITY_ADDED]
03:33:09.038 [JavaFX App] TRACE Entity               - Initializing entity
03:33:09.038 [JavaFX App] DEBUG GameScene            - Entity added to scene
03:33:09.038 [JavaFX App] DEBUG GameScene            - Added MainViewComponent
03:33:09.038 [JavaFX App] DEBUG FXGLEventBus         - Firing event: WorldEvent[type=ENTITY_ADDED]
03:33:09.038 [JavaFX App] TRACE Entity               - Initializing entity
03:33:09.038 [JavaFX App] DEBUG GameScene            - Entity added to scene
03:33:09.038 [JavaFX App] DEBUG GameScene            - Added MainViewComponent
03:33:09.038 [JavaFX App] DEBUG FXGLEventBus         - Firing event: WorldEvent[type=ENTITY_ADDED]
03:33:09.038 [JavaFX App] TRACE Entity               - Initializing entity
03:33:09.038 [JavaFX App] DEBUG GameScene            - Entity added to scene
03:33:09.038 [JavaFX App] DEBUG GameScene            - Added MainViewComponent
03:33:09.039 [JavaFX App] DEBUG FXGLEventBus         - Firing event: WorldEvent[type=ENTITY_ADDED]
03:33:09.039 [JavaFX App] TRACE Entity               - Initializing entity
03:33:09.039 [JavaFX App] DEBUG GameScene            - Entity added to scene
03:33:09.039 [JavaFX App] DEBUG GameScene            - Added MainViewComponent
03:33:09.039 [JavaFX App] DEBUG FXGLEventBus         - Firing event: WorldEvent[type=ENTITY_ADDED]
03:33:09.039 [JavaFX App] TRACE Entity               - Initializing entity
03:33:09.039 [JavaFX App] DEBUG GameScene            - Entity added to scene
03:33:09.039 [JavaFX App] DEBUG GameScene            - Added MainViewComponent
03:33:09.039 [JavaFX App] DEBUG FXGLEventBus         - Firing event: WorldEvent[type=ENTITY_ADDED]
03:33:09.039 [JavaFX App] TRACE Entity               - Initializing entity
03:33:09.039 [JavaFX App] DEBUG GameScene            - Entity added to scene
03:33:09.039 [JavaFX App] DEBUG GameScene            - Added MainViewComponent
03:33:09.039 [JavaFX App] DEBUG FXGLEventBus         - Firing event: WorldEvent[type=ENTITY_ADDED]
03:33:09.039 [JavaFX App] TRACE Entity               - Initializing entity
03:33:09.039 [JavaFX App] DEBUG GameScene            - Entity added to scene
03:33:09.039 [JavaFX App] DEBUG GameScene            - Added MainViewComponent
03:33:09.039 [JavaFX App] DEBUG FXGLEventBus         - Firing event: WorldEvent[type=ENTITY_ADDED]
03:33:09.039 [JavaFX App] TRACE Entity               - Initializing entity
03:33:09.039 [JavaFX App] DEBUG GameScene            - Entity added to scene
03:33:09.039 [JavaFX App] DEBUG GameScene            - Added MainViewComponent
03:33:09.039 [JavaFX App] DEBUG FXGLEventBus         - Firing event: WorldEvent[type=ENTITY_ADDED]
03:33:09.039 [JavaFX App] TRACE Entity               - Initializing entity
03:33:09.039 [JavaFX App] DEBUG GameScene            - Entity added to scene
03:33:09.039 [JavaFX App] DEBUG GameScene            - Added MainViewComponent
03:33:09.039 [JavaFX App] DEBUG FXGLEventBus         - Firing event: WorldEvent[type=ENTITY_ADDED]
03:33:09.040 [JavaFX App] TRACE Entity               - Initializing entity
03:33:09.040 [JavaFX App] DEBUG GameScene            - Entity added to scene
03:33:09.040 [JavaFX App] DEBUG GameScene            - Added MainViewComponent
03:33:09.040 [JavaFX App] DEBUG FXGLEventBus         - Firing event: WorldEvent[type=ENTITY_ADDED]
03:33:09.040 [JavaFX App] TRACE Entity               - Initializing entity
03:33:09.040 [JavaFX App] DEBUG GameScene            - Entity added to scene
03:33:09.040 [JavaFX App] DEBUG GameScene            - Added MainViewComponent
03:33:09.040 [JavaFX App] DEBUG FXGLEventBus         - Firing event: WorldEvent[type=ENTITY_ADDED]
03:33:09.040 [JavaFX App] TRACE Entity               - Initializing entity
03:33:09.040 [JavaFX App] DEBUG GameScene            - Entity added to scene
03:33:09.040 [JavaFX App] DEBUG GameScene            - Added MainViewComponent
03:33:09.040 [JavaFX App] DEBUG FXGLEventBus         - Firing event: WorldEvent[type=ENTITY_ADDED]
03:33:09.040 [JavaFX App] TRACE Entity               - Initializing entity
03:33:09.040 [JavaFX App] DEBUG GameScene            - Entity added to scene
03:33:09.040 [JavaFX App] DEBUG GameScene            - Added MainViewComponent
03:33:09.040 [JavaFX App] DEBUG FXGLEventBus         - Firing event: WorldEvent[type=ENTITY_ADDED]
03:33:09.040 [JavaFX App] TRACE Entity               - Initializing entity
03:33:09.040 [JavaFX App] DEBUG GameScene            - Entity added to scene
03:33:09.040 [JavaFX App] DEBUG GameScene            - Added MainViewComponent
03:33:09.040 [JavaFX App] DEBUG FXGLEventBus         - Firing event: WorldEvent[type=ENTITY_ADDED]
03:33:09.040 [JavaFX App] TRACE Entity               - Initializing entity
03:33:09.040 [JavaFX App] DEBUG GameScene            - Entity added to scene
03:33:09.040 [JavaFX App] DEBUG GameScene            - Added MainViewComponent
03:33:09.040 [JavaFX App] DEBUG FXGLEventBus         - Firing event: WorldEvent[type=ENTITY_ADDED]
03:33:09.040 [JavaFX App] TRACE Entity               - Initializing entity
03:33:09.040 [JavaFX App] DEBUG GameScene            - Entity added to scene
03:33:09.040 [JavaFX App] DEBUG GameScene            - Added MainViewComponent
03:33:09.041 [JavaFX App] DEBUG FXGLEventBus         - Firing event: WorldEvent[type=ENTITY_ADDED]
03:33:09.041 [JavaFX App] TRACE Entity               - Initializing entity
03:33:09.041 [JavaFX App] DEBUG GameScene            - Entity added to scene
03:33:09.041 [JavaFX App] DEBUG GameScene            - Added MainViewComponent
03:33:09.041 [JavaFX App] DEBUG FXGLEventBus         - Firing event: WorldEvent[type=ENTITY_ADDED]
03:33:09.041 [JavaFX App] TRACE Entity               - Initializing entity
03:33:09.041 [JavaFX App] DEBUG GameScene            - Entity added to scene
03:33:09.041 [JavaFX App] DEBUG GameScene            - Added MainViewComponent
03:33:09.041 [JavaFX App] DEBUG FXGLEventBus         - Firing event: WorldEvent[type=ENTITY_ADDED]
03:33:09.041 [JavaFX App] TRACE Entity               - Initializing entity
03:33:09.041 [JavaFX App] DEBUG GameScene            - Entity added to scene
03:33:09.041 [JavaFX App] DEBUG GameScene            - Added MainViewComponent
03:33:09.041 [JavaFX App] DEBUG FXGLEventBus         - Firing event: WorldEvent[type=ENTITY_ADDED]
03:33:09.041 [JavaFX App] TRACE Entity               - Initializing entity
03:33:09.041 [JavaFX App] DEBUG GameScene            - Entity added to scene
03:33:09.041 [JavaFX App] DEBUG GameScene            - Added MainViewComponent
03:33:09.041 [JavaFX App] DEBUG FXGLEventBus         - Firing event: WorldEvent[type=ENTITY_ADDED]
03:33:09.041 [JavaFX App] TRACE Entity               - Initializing entity
03:33:09.041 [JavaFX App] DEBUG GameScene            - Entity added to scene
03:33:09.041 [JavaFX App] DEBUG GameScene            - Added MainViewComponent
03:33:09.041 [JavaFX App] DEBUG FXGLEventBus         - Firing event: WorldEvent[type=ENTITY_ADDED]
03:33:09.041 [JavaFX App] TRACE Entity               - Initializing entity
03:33:09.041 [JavaFX App] DEBUG GameScene            - Entity added to scene
03:33:09.041 [JavaFX App] DEBUG GameScene            - Added MainViewComponent
03:33:09.041 [JavaFX App] DEBUG FXGLEventBus         - Firing event: WorldEvent[type=ENTITY_ADDED]
03:33:09.041 [JavaFX App] TRACE Entity               - Initializing entity
03:33:09.041 [JavaFX App] DEBUG GameScene            - Entity added to scene
03:33:09.042 [JavaFX App] DEBUG GameScene            - Added MainViewComponent
03:33:09.042 [JavaFX App] DEBUG FXGLEventBus         - Firing event: WorldEvent[type=ENTITY_ADDED]
03:33:09.042 [JavaFX App] TRACE Entity               - Initializing entity
03:33:09.042 [JavaFX App] DEBUG GameScene            - Entity added to scene
03:33:09.042 [JavaFX App] DEBUG GameScene            - Added MainViewComponent
03:33:09.042 [JavaFX App] DEBUG FXGLEventBus         - Firing event: WorldEvent[type=ENTITY_ADDED]
03:33:09.042 [JavaFX App] TRACE Entity               - Initializing entity
03:33:09.042 [JavaFX App] DEBUG GameScene            - Entity added to scene
03:33:09.042 [JavaFX App] DEBUG GameScene            - Added MainViewComponent
03:33:09.042 [JavaFX App] DEBUG FXGLEventBus         - Firing event: WorldEvent[type=ENTITY_ADDED]
03:33:09.042 [JavaFX App] TRACE Entity               - Initializing entity
03:33:09.042 [JavaFX App] DEBUG GameScene            - Entity added to scene
03:33:09.042 [JavaFX App] DEBUG GameScene            - Added MainViewComponent
03:33:09.042 [JavaFX App] DEBUG FXGLEventBus         - Firing event: WorldEvent[type=ENTITY_ADDED]
03:33:09.042 [JavaFX App] TRACE Entity               - Initializing entity
03:33:09.042 [JavaFX App] DEBUG GameScene            - Entity added to scene
03:33:09.042 [JavaFX App] DEBUG GameScene            - Added MainViewComponent
03:33:09.042 [JavaFX App] DEBUG FXGLEventBus         - Firing event: WorldEvent[type=ENTITY_ADDED]
03:33:09.042 [JavaFX App] TRACE Entity               - Initializing entity
03:33:09.042 [JavaFX App] DEBUG GameScene            - Entity added to scene
03:33:09.042 [JavaFX App] DEBUG GameScene            - Added MainViewComponent
03:33:09.042 [JavaFX App] DEBUG FXGLEventBus         - Firing event: WorldEvent[type=ENTITY_ADDED]
03:33:09.042 [JavaFX App] TRACE Entity               - Initializing entity
03:33:09.042 [JavaFX App] DEBUG GameScene            - Entity added to scene
03:33:09.043 [JavaFX App] DEBUG GameScene            - Added MainViewComponent
03:33:09.043 [JavaFX App] DEBUG FXGLEventBus         - Firing event: WorldEvent[type=ENTITY_ADDED]
03:33:09.043 [JavaFX App] TRACE Entity               - Initializing entity
03:33:09.043 [JavaFX App] DEBUG GameScene            - Entity added to scene
03:33:09.043 [JavaFX App] DEBUG GameScene            - Added MainViewComponent
03:33:09.043 [JavaFX App] DEBUG FXGLEventBus         - Firing event: WorldEvent[type=ENTITY_ADDED]
03:33:09.043 [JavaFX App] TRACE Entity               - Initializing entity
03:33:09.043 [JavaFX App] DEBUG GameScene            - Entity added to scene
03:33:09.043 [JavaFX App] DEBUG GameScene            - Added MainViewComponent
03:33:09.043 [JavaFX App] DEBUG FXGLEventBus         - Firing event: WorldEvent[type=ENTITY_ADDED]
03:33:09.043 [JavaFX App] TRACE Entity               - Initializing entity
03:33:09.043 [JavaFX App] DEBUG GameScene            - Entity added to scene
03:33:09.043 [JavaFX App] DEBUG GameScene            - Added MainViewComponent
03:33:09.043 [JavaFX App] DEBUG FXGLEventBus         - Firing event: WorldEvent[type=ENTITY_ADDED]
03:33:09.043 [JavaFX App] TRACE Entity               - Initializing entity
03:33:09.043 [JavaFX App] DEBUG GameScene            - Entity added to scene
03:33:09.043 [JavaFX App] DEBUG GameScene            - Added MainViewComponent
03:33:09.043 [JavaFX App] DEBUG FXGLEventBus         - Firing event: WorldEvent[type=ENTITY_ADDED]
03:33:09.043 [JavaFX App] TRACE Entity               - Initializing entity
03:33:09.043 [JavaFX App] DEBUG GameScene            - Entity added to scene
03:33:09.043 [JavaFX App] DEBUG GameScene            - Added MainViewComponent
03:33:09.043 [JavaFX App] DEBUG FXGLEventBus         - Firing event: WorldEvent[type=ENTITY_ADDED]
03:33:09.044 [JavaFX App] TRACE Entity               - Initializing entity
03:33:09.044 [JavaFX App] DEBUG GameScene            - Entity added to scene
03:33:09.044 [JavaFX App] DEBUG GameScene            - Added MainViewComponent
03:33:09.044 [JavaFX App] DEBUG FXGLEventBus         - Firing event: WorldEvent[type=ENTITY_ADDED]
03:33:09.044 [JavaFX App] TRACE Entity               - Initializing entity
03:33:09.044 [JavaFX App] DEBUG GameScene            - Entity added to scene
03:33:09.044 [JavaFX App] DEBUG GameScene            - Added MainViewComponent
03:33:09.044 [JavaFX App] DEBUG FXGLEventBus         - Firing event: WorldEvent[type=ENTITY_ADDED]
03:33:09.044 [JavaFX App] TRACE Entity               - Initializing entity
03:33:09.044 [JavaFX App] DEBUG GameScene            - Entity added to scene
03:33:09.044 [JavaFX App] DEBUG GameScene            - Added MainViewComponent
03:33:09.044 [JavaFX App] DEBUG FXGLEventBus         - Firing event: WorldEvent[type=ENTITY_ADDED]
03:33:09.044 [JavaFX App] TRACE Entity               - Initializing entity
03:33:09.044 [JavaFX App] DEBUG GameScene            - Entity added to scene
03:33:09.044 [JavaFX App] DEBUG GameScene            - Added MainViewComponent
03:33:09.044 [JavaFX App] DEBUG FXGLEventBus         - Firing event: WorldEvent[type=ENTITY_ADDED]
03:33:09.044 [JavaFX App] TRACE Entity               - Initializing entity
03:33:09.044 [JavaFX App] DEBUG GameScene            - Entity added to scene
03:33:09.044 [JavaFX App] DEBUG GameScene            - Added MainViewComponent
03:33:09.044 [JavaFX App] DEBUG FXGLEventBus         - Firing event: WorldEvent[type=ENTITY_ADDED]
03:33:09.044 [JavaFX App] TRACE Entity               - Initializing entity
03:33:09.044 [JavaFX App] DEBUG GameScene            - Entity added to scene
03:33:09.044 [JavaFX App] DEBUG GameScene            - Added MainViewComponent
03:33:09.044 [JavaFX App] DEBUG FXGLEventBus         - Firing event: WorldEvent[type=ENTITY_ADDED]
03:33:09.044 [JavaFX App] TRACE Entity               - Initializing entity
03:33:09.044 [JavaFX App] DEBUG GameScene            - Entity added to scene
03:33:09.044 [JavaFX App] DEBUG GameScene            - Added MainViewComponent
03:33:09.045 [JavaFX App] DEBUG FXGLEventBus         - Firing event: WorldEvent[type=ENTITY_ADDED]
03:33:09.045 [JavaFX App] TRACE Entity               - Initializing entity
03:33:09.045 [JavaFX App] DEBUG GameScene            - Entity added to scene
03:33:09.045 [JavaFX App] DEBUG GameScene            - Added MainViewComponent
03:33:09.045 [JavaFX App] DEBUG FXGLEventBus         - Firing event: WorldEvent[type=ENTITY_ADDED]
03:33:09.045 [JavaFX App] TRACE Entity               - Initializing entity
03:33:09.045 [JavaFX App] DEBUG GameScene            - Entity added to scene
03:33:09.045 [JavaFX App] DEBUG GameScene            - Added MainViewComponent
03:33:09.045 [JavaFX App] DEBUG FXGLEventBus         - Firing event: WorldEvent[type=ENTITY_ADDED]
03:33:09.045 [JavaFX App] TRACE Entity               - Initializing entity
03:33:09.045 [JavaFX App] DEBUG GameScene            - Entity added to scene
03:33:09.045 [JavaFX App] DEBUG GameScene            - Added MainViewComponent
03:33:09.045 [JavaFX App] DEBUG FXGLEventBus         - Firing event: WorldEvent[type=ENTITY_ADDED]
03:33:09.045 [JavaFX App] TRACE Entity               - Initializing entity
03:33:09.045 [JavaFX App] DEBUG GameScene            - Entity added to scene
03:33:09.045 [JavaFX App] DEBUG GameScene            - Added MainViewComponent
03:33:09.045 [JavaFX App] DEBUG FXGLEventBus         - Firing event: WorldEvent[type=ENTITY_ADDED]
03:33:09.045 [JavaFX App] TRACE Entity               - Initializing entity
03:33:09.045 [JavaFX App] DEBUG GameScene            - Entity added to scene
03:33:09.045 [JavaFX App] DEBUG GameScene            - Added MainViewComponent
03:33:09.045 [JavaFX App] DEBUG FXGLEventBus         - Firing event: WorldEvent[type=ENTITY_ADDED]
03:33:09.045 [JavaFX App] TRACE Entity               - Initializing entity
03:33:09.045 [JavaFX App] DEBUG GameScene            - Entity added to scene
03:33:09.045 [JavaFX App] DEBUG GameScene            - Added MainViewComponent
03:33:09.045 [JavaFX App] DEBUG FXGLEventBus         - Firing event: WorldEvent[type=ENTITY_ADDED]
03:33:09.045 [JavaFX App] TRACE Entity               - Initializing entity
03:33:09.045 [JavaFX App] DEBUG GameScene            - Entity added to scene
03:33:09.045 [JavaFX App] DEBUG GameScene            - Added MainViewComponent
03:33:09.045 [JavaFX App] DEBUG FXGLEventBus         - Firing event: WorldEvent[type=ENTITY_ADDED]
03:33:09.046 [JavaFX App] TRACE Entity               - Initializing entity
03:33:09.046 [JavaFX App] DEBUG GameScene            - Entity added to scene
03:33:09.046 [JavaFX App] DEBUG GameScene            - Added MainViewComponent
03:33:09.046 [JavaFX App] DEBUG FXGLEventBus         - Firing event: WorldEvent[type=ENTITY_ADDED]
03:33:09.046 [JavaFX App] TRACE Entity               - Initializing entity
03:33:09.046 [JavaFX App] DEBUG GameScene            - Entity added to scene
03:33:09.046 [JavaFX App] DEBUG GameScene            - Added MainViewComponent
03:33:09.046 [JavaFX App] DEBUG FXGLEventBus         - Firing event: WorldEvent[type=ENTITY_ADDED]
03:33:09.046 [JavaFX App] TRACE Entity               - Initializing entity
03:33:09.046 [JavaFX App] DEBUG GameScene            - Entity added to scene
03:33:09.046 [JavaFX App] DEBUG GameScene            - Added MainViewComponent
03:33:09.046 [JavaFX App] DEBUG FXGLEventBus         - Firing event: WorldEvent[type=ENTITY_ADDED]
03:33:09.046 [JavaFX App] TRACE Entity               - Initializing entity
03:33:09.046 [JavaFX App] DEBUG GameScene            - Entity added to scene
03:33:09.046 [JavaFX App] DEBUG GameScene            - Added MainViewComponent
03:33:09.046 [JavaFX App] DEBUG FXGLEventBus         - Firing event: WorldEvent[type=ENTITY_ADDED]
03:33:09.046 [JavaFX App] TRACE Entity               - Initializing entity
03:33:09.046 [JavaFX App] DEBUG GameScene            - Entity added to scene
03:33:09.046 [JavaFX App] DEBUG GameScene            - Added MainViewComponent
03:33:09.046 [JavaFX App] DEBUG FXGLEventBus         - Firing event: WorldEvent[type=ENTITY_ADDED]
03:33:09.046 [JavaFX App] TRACE Entity               - Initializing entity
03:33:09.046 [JavaFX App] DEBUG GameScene            - Entity added to scene
03:33:09.046 [JavaFX App] DEBUG GameScene            - Added MainViewComponent
03:33:09.047 [JavaFX App] DEBUG FXGLEventBus         - Firing event: WorldEvent[type=ENTITY_ADDED]
03:33:09.047 [JavaFX App] TRACE Entity               - Initializing entity
03:33:09.047 [JavaFX App] DEBUG GameScene            - Entity added to scene
03:33:09.047 [JavaFX App] DEBUG GameScene            - Added MainViewComponent
03:33:09.047 [JavaFX App] DEBUG FXGLEventBus         - Firing event: WorldEvent[type=ENTITY_ADDED]
03:33:09.047 [JavaFX App] TRACE Entity               - Initializing entity
03:33:09.047 [JavaFX App] DEBUG GameScene            - Entity added to scene
03:33:09.047 [JavaFX App] DEBUG GameScene            - Added MainViewComponent
03:33:09.047 [JavaFX App] DEBUG FXGLEventBus         - Firing event: WorldEvent[type=ENTITY_ADDED]
03:33:09.047 [JavaFX App] TRACE Entity               - Initializing entity
03:33:09.047 [JavaFX App] DEBUG GameScene            - Entity added to scene
03:33:09.047 [JavaFX App] DEBUG GameScene            - Added MainViewComponent
03:33:09.047 [JavaFX App] DEBUG FXGLEventBus         - Firing event: WorldEvent[type=ENTITY_ADDED]
03:33:09.047 [JavaFX App] TRACE Entity               - Initializing entity
03:33:09.047 [JavaFX App] DEBUG GameScene            - Entity added to scene
03:33:09.047 [JavaFX App] DEBUG GameScene            - Added MainViewComponent
03:33:09.047 [JavaFX App] DEBUG FXGLEventBus         - Firing event: WorldEvent[type=ENTITY_ADDED]
03:33:09.047 [JavaFX App] TRACE Entity               - Initializing entity
03:33:09.047 [JavaFX App] DEBUG GameScene            - Entity added to scene
03:33:09.047 [JavaFX App] DEBUG GameScene            - Added MainViewComponent
03:33:09.047 [JavaFX App] DEBUG FXGLEventBus         - Firing event: WorldEvent[type=ENTITY_ADDED]
03:33:09.047 [JavaFX App] TRACE Entity               - Initializing entity
03:33:09.047 [JavaFX App] DEBUG GameScene            - Entity added to scene
03:33:09.047 [JavaFX App] DEBUG GameScene            - Added MainViewComponent
03:33:09.047 [JavaFX App] DEBUG FXGLEventBus         - Firing event: WorldEvent[type=ENTITY_ADDED]
03:33:09.047 [JavaFX App] TRACE Entity               - Initializing entity
03:33:09.048 [JavaFX App] DEBUG GameScene            - Entity added to scene
03:33:09.048 [JavaFX App] DEBUG GameScene            - Added MainViewComponent
03:33:09.048 [JavaFX App] DEBUG FXGLEventBus         - Firing event: WorldEvent[type=ENTITY_ADDED]
03:33:09.048 [JavaFX App] TRACE Entity               - Initializing entity
03:33:09.048 [JavaFX App] DEBUG GameScene            - Entity added to scene
03:33:09.048 [JavaFX App] DEBUG GameScene            - Added MainViewComponent
03:33:09.048 [JavaFX App] DEBUG FXGLEventBus         - Firing event: WorldEvent[type=ENTITY_ADDED]
03:33:09.048 [JavaFX App] TRACE Entity               - Initializing entity
03:33:09.048 [JavaFX App] DEBUG GameScene            - Entity added to scene
03:33:09.048 [JavaFX App] DEBUG GameScene            - Added MainViewComponent
03:33:09.048 [JavaFX App] DEBUG FXGLEventBus         - Firing event: WorldEvent[type=ENTITY_ADDED]
03:33:09.048 [JavaFX App] TRACE Entity               - Initializing entity
03:33:09.048 [JavaFX App] DEBUG GameScene            - Entity added to scene
03:33:09.048 [JavaFX App] DEBUG GameScene            - Added MainViewComponent
03:33:09.048 [JavaFX App] DEBUG FXGLEventBus         - Firing event: WorldEvent[type=ENTITY_ADDED]
03:33:09.048 [JavaFX App] TRACE Entity               - Initializing entity
03:33:09.048 [JavaFX App] DEBUG GameScene            - Entity added to scene
03:33:09.048 [JavaFX App] DEBUG GameScene            - Added MainViewComponent
03:33:09.048 [JavaFX App] DEBUG FXGLEventBus         - Firing event: WorldEvent[type=ENTITY_ADDED]
03:33:09.048 [JavaFX App] TRACE Entity               - Initializing entity
03:33:09.048 [JavaFX App] DEBUG GameScene            - Entity added to scene
03:33:09.048 [JavaFX App] DEBUG GameScene            - Added MainViewComponent
03:33:09.048 [JavaFX App] DEBUG FXGLEventBus         - Firing event: WorldEvent[type=ENTITY_ADDED]
03:33:09.048 [JavaFX App] TRACE Entity               - Initializing entity
03:33:09.048 [JavaFX App] DEBUG GameScene            - Entity added to scene
03:33:09.048 [JavaFX App] DEBUG GameScene            - Added MainViewComponent
03:33:09.049 [JavaFX App] DEBUG FXGLEventBus         - Firing event: WorldEvent[type=ENTITY_ADDED]
03:33:09.049 [JavaFX App] TRACE Entity               - Initializing entity
03:33:09.049 [JavaFX App] DEBUG GameScene            - Entity added to scene
03:33:09.049 [JavaFX App] DEBUG GameScene            - Added MainViewComponent
03:33:09.049 [JavaFX App] DEBUG FXGLEventBus         - Firing event: WorldEvent[type=ENTITY_ADDED]
03:33:09.049 [JavaFX App] TRACE Entity               - Initializing entity
03:33:09.049 [JavaFX App] DEBUG GameScene            - Entity added to scene
03:33:09.049 [JavaFX App] DEBUG GameScene            - Added MainViewComponent
03:33:09.049 [JavaFX App] DEBUG FXGLEventBus         - Firing event: WorldEvent[type=ENTITY_ADDED]
03:33:09.049 [JavaFX App] TRACE Entity               - Initializing entity
03:33:09.049 [JavaFX App] DEBUG GameScene            - Entity added to scene
03:33:09.049 [JavaFX App] DEBUG GameScene            - Added MainViewComponent
03:33:09.049 [JavaFX App] DEBUG FXGLEventBus         - Firing event: WorldEvent[type=ENTITY_ADDED]
03:33:09.049 [JavaFX App] TRACE Entity               - Initializing entity
03:33:09.049 [JavaFX App] DEBUG GameScene            - Entity added to scene
03:33:09.049 [JavaFX App] DEBUG GameScene            - Added MainViewComponent
03:33:09.049 [JavaFX App] DEBUG FXGLEventBus         - Firing event: WorldEvent[type=ENTITY_ADDED]
03:33:09.049 [JavaFX App] TRACE Entity               - Initializing entity
03:33:09.049 [JavaFX App] DEBUG GameScene            - Entity added to scene
03:33:09.049 [JavaFX App] DEBUG GameScene            - Added MainViewComponent
03:33:09.049 [JavaFX App] DEBUG FXGLEventBus         - Firing event: WorldEvent[type=ENTITY_ADDED]
03:33:09.049 [JavaFX App] TRACE Entity               - Initializing entity
03:33:09.049 [JavaFX App] DEBUG GameScene            - Entity added to scene
03:33:09.049 [JavaFX App] DEBUG GameScene            - Added MainViewComponent
03:33:09.049 [JavaFX App] DEBUG FXGLEventBus         - Firing event: WorldEvent[type=ENTITY_ADDED]
03:33:09.049 [JavaFX App] TRACE Entity               - Initializing entity
03:33:09.049 [JavaFX App] DEBUG GameScene            - Entity added to scene
03:33:09.049 [JavaFX App] DEBUG GameScene            - Added MainViewComponent
03:33:09.050 [JavaFX App] DEBUG FXGLEventBus         - Firing event: WorldEvent[type=ENTITY_ADDED]
03:33:09.050 [JavaFX App] TRACE Entity               - Initializing entity
03:33:09.050 [JavaFX App] DEBUG GameScene            - Entity added to scene
03:33:09.050 [JavaFX App] DEBUG GameScene            - Added MainViewComponent
03:33:09.050 [JavaFX App] DEBUG FXGLEventBus         - Firing event: WorldEvent[type=ENTITY_ADDED]
03:33:09.050 [JavaFX App] TRACE Entity               - Initializing entity
03:33:09.050 [JavaFX App] DEBUG GameScene            - Entity added to scene
03:33:09.050 [JavaFX App] DEBUG GameScene            - Added MainViewComponent
03:33:09.050 [JavaFX App] DEBUG FXGLEventBus         - Firing event: WorldEvent[type=ENTITY_ADDED]
03:33:09.050 [JavaFX App] TRACE Entity               - Initializing entity
03:33:09.050 [JavaFX App] DEBUG GameScene            - Entity added to scene
03:33:09.050 [JavaFX App] DEBUG GameScene            - Added MainViewComponent
03:33:09.050 [JavaFX App] DEBUG FXGLEventBus         - Firing event: WorldEvent[type=ENTITY_ADDED]
03:33:09.050 [JavaFX App] TRACE Entity               - Initializing entity
03:33:09.050 [JavaFX App] DEBUG GameScene            - Entity added to scene
03:33:09.050 [JavaFX App] DEBUG GameScene            - Added MainViewComponent
03:33:09.050 [JavaFX App] DEBUG FXGLEventBus         - Firing event: WorldEvent[type=ENTITY_ADDED]
03:33:09.050 [JavaFX App] TRACE Entity               - Initializing entity
03:33:09.050 [JavaFX App] DEBUG GameScene            - Entity added to scene
03:33:09.050 [JavaFX App] DEBUG GameScene            - Added MainViewComponent
03:33:09.050 [JavaFX App] DEBUG FXGLEventBus         - Firing event: WorldEvent[type=ENTITY_ADDED]
03:33:09.050 [JavaFX App] TRACE Entity               - Initializing entity
03:33:09.050 [JavaFX App] DEBUG GameScene            - Entity added to scene
03:33:09.050 [JavaFX App] DEBUG GameScene            - Added MainViewComponent
03:33:09.050 [JavaFX App] DEBUG FXGLEventBus         - Firing event: WorldEvent[type=ENTITY_ADDED]
03:33:09.051 [JavaFX App] TRACE Entity               - Initializing entity
03:33:09.051 [JavaFX App] DEBUG GameScene            - Entity added to scene
03:33:09.051 [JavaFX App] DEBUG GameScene            - Added MainViewComponent
03:33:09.051 [JavaFX App] DEBUG FXGLEventBus         - Firing event: WorldEvent[type=ENTITY_ADDED]
03:33:09.051 [JavaFX App] TRACE Entity               - Initializing entity
03:33:09.051 [JavaFX App] DEBUG GameScene            - Entity added to scene
03:33:09.051 [JavaFX App] DEBUG GameScene            - Added MainViewComponent
03:33:09.051 [JavaFX App] DEBUG FXGLEventBus         - Firing event: WorldEvent[type=ENTITY_ADDED]
03:33:09.051 [JavaFX App] TRACE Entity               - Initializing entity
03:33:09.051 [JavaFX App] DEBUG GameScene            - Entity added to scene
03:33:09.051 [JavaFX App] DEBUG GameScene            - Added MainViewComponent
03:33:09.051 [JavaFX App] DEBUG FXGLEventBus         - Firing event: WorldEvent[type=ENTITY_ADDED]
03:33:09.051 [JavaFX App] TRACE Entity               - Initializing entity
03:33:09.051 [JavaFX App] DEBUG GameScene            - Entity added to scene
03:33:09.051 [JavaFX App] DEBUG GameScene            - Added MainViewComponent
03:33:09.051 [JavaFX App] DEBUG FXGLEventBus         - Firing event: WorldEvent[type=ENTITY_ADDED]
03:33:09.051 [JavaFX App] TRACE Entity               - Initializing entity
03:33:09.051 [JavaFX App] DEBUG GameScene            - Entity added to scene
03:33:09.051 [JavaFX App] DEBUG GameScene            - Added MainViewComponent
03:33:09.051 [JavaFX App] DEBUG FXGLEventBus         - Firing event: WorldEvent[type=ENTITY_ADDED]
03:33:09.051 [JavaFX App] TRACE Entity               - Initializing entity
03:33:09.051 [JavaFX App] DEBUG GameScene            - Entity added to scene
03:33:09.051 [JavaFX App] DEBUG GameScene            - Added MainViewComponent
03:33:09.051 [JavaFX App] DEBUG FXGLEventBus         - Firing event: WorldEvent[type=ENTITY_ADDED]
03:33:09.051 [JavaFX App] TRACE Entity               - Initializing entity
03:33:09.051 [JavaFX App] DEBUG GameScene            - Entity added to scene
03:33:09.051 [JavaFX App] DEBUG GameScene            - Added MainViewComponent
03:33:09.051 [JavaFX App] DEBUG FXGLEventBus         - Firing event: WorldEvent[type=ENTITY_ADDED]
03:33:09.051 [JavaFX App] TRACE Entity               - Initializing entity
03:33:09.051 [JavaFX App] DEBUG GameScene            - Entity added to scene
03:33:09.051 [JavaFX App] DEBUG GameScene            - Added MainViewComponent
03:33:09.052 [JavaFX App] DEBUG FXGLEventBus         - Firing event: WorldEvent[type=ENTITY_ADDED]
03:33:09.052 [JavaFX App] TRACE Entity               - Initializing entity
03:33:09.052 [JavaFX App] DEBUG GameScene            - Entity added to scene
03:33:09.052 [JavaFX App] DEBUG GameScene            - Added MainViewComponent
03:33:09.052 [JavaFX App] DEBUG FXGLEventBus         - Firing event: WorldEvent[type=ENTITY_ADDED]
03:33:09.052 [JavaFX App] TRACE Entity               - Initializing entity
03:33:09.052 [JavaFX App] DEBUG GameScene            - Entity added to scene
03:33:09.052 [JavaFX App] DEBUG GameScene            - Added MainViewComponent
03:33:09.052 [JavaFX App] DEBUG FXGLEventBus         - Firing event: WorldEvent[type=ENTITY_ADDED]
03:33:09.052 [JavaFX App] TRACE Entity               - Initializing entity
03:33:09.052 [JavaFX App] DEBUG GameScene            - Entity added to scene
03:33:09.052 [JavaFX App] DEBUG GameScene            - Added MainViewComponent
03:33:09.052 [JavaFX App] DEBUG FXGLEventBus         - Firing event: WorldEvent[type=ENTITY_ADDED]
03:33:09.052 [JavaFX App] TRACE Entity               - Initializing entity
03:33:09.052 [JavaFX App] DEBUG GameScene            - Entity added to scene
03:33:09.052 [JavaFX App] DEBUG GameScene            - Added MainViewComponent
03:33:09.052 [JavaFX App] DEBUG FXGLEventBus         - Firing event: WorldEvent[type=ENTITY_ADDED]
03:33:09.052 [JavaFX App] TRACE Entity               - Initializing entity
03:33:09.052 [JavaFX App] DEBUG GameScene            - Entity added to scene
03:33:09.052 [JavaFX App] DEBUG GameScene            - Added MainViewComponent
03:33:09.052 [JavaFX App] DEBUG FXGLEventBus         - Firing event: WorldEvent[type=ENTITY_ADDED]
03:33:09.052 [JavaFX App] TRACE Entity               - Initializing entity
03:33:09.052 [JavaFX App] DEBUG GameScene            - Entity added to scene
03:33:09.052 [JavaFX App] DEBUG GameScene            - Added MainViewComponent
03:33:09.053 [JavaFX App] DEBUG FXGLEventBus         - Firing event: WorldEvent[type=ENTITY_ADDED]
03:33:09.053 [JavaFX App] TRACE Entity               - Initializing entity
03:33:09.053 [JavaFX App] DEBUG GameScene            - Entity added to scene
03:33:09.053 [JavaFX App] DEBUG GameScene            - Added MainViewComponent
03:33:09.053 [JavaFX App] DEBUG FXGLEventBus         - Firing event: WorldEvent[type=ENTITY_ADDED]
03:33:09.053 [JavaFX App] TRACE Entity               - Initializing entity
03:33:09.053 [JavaFX App] DEBUG GameScene            - Entity added to scene
03:33:09.053 [JavaFX App] DEBUG GameScene            - Added MainViewComponent
03:33:09.053 [JavaFX App] DEBUG FXGLEventBus         - Firing event: WorldEvent[type=ENTITY_ADDED]
03:33:09.053 [JavaFX App] TRACE Entity               - Initializing entity
03:33:09.053 [JavaFX App] DEBUG GameScene            - Entity added to scene
03:33:09.053 [JavaFX App] DEBUG GameScene            - Added MainViewComponent
03:33:09.053 [JavaFX App] DEBUG FXGLEventBus         - Firing event: WorldEvent[type=ENTITY_ADDED]
03:33:09.053 [JavaFX App] TRACE Entity               - Initializing entity
03:33:09.053 [JavaFX App] DEBUG GameScene            - Entity added to scene
03:33:09.053 [JavaFX App] DEBUG GameScene            - Added MainViewComponent
03:33:09.053 [JavaFX App] DEBUG FXGLEventBus         - Firing event: WorldEvent[type=ENTITY_ADDED]
03:33:09.053 [JavaFX App] TRACE Entity               - Initializing entity
03:33:09.053 [JavaFX App] DEBUG GameScene            - Entity added to scene
03:33:09.053 [JavaFX App] DEBUG GameScene            - Added MainViewComponent
03:33:09.053 [JavaFX App] DEBUG FXGLEventBus         - Firing event: WorldEvent[type=ENTITY_ADDED]
03:33:09.053 [JavaFX App] TRACE Entity               - Initializing entity
03:33:09.053 [JavaFX App] DEBUG GameScene            - Entity added to scene
03:33:09.053 [JavaFX App] DEBUG GameScene            - Added MainViewComponent
03:33:09.053 [JavaFX App] DEBUG FXGLEventBus         - Firing event: WorldEvent[type=ENTITY_ADDED]
03:33:09.053 [JavaFX App] TRACE Entity               - Initializing entity
03:33:09.053 [JavaFX App] DEBUG GameScene            - Entity added to scene
03:33:09.053 [JavaFX App] DEBUG GameScene            - Added MainViewComponent
03:33:09.053 [JavaFX App] DEBUG FXGLEventBus         - Firing event: WorldEvent[type=ENTITY_ADDED]
03:33:09.053 [JavaFX App] TRACE Entity               - Initializing entity
03:33:09.053 [JavaFX App] DEBUG GameScene            - Entity added to scene
03:33:09.053 [JavaFX App] DEBUG GameScene            - Added MainViewComponent
03:33:09.054 [JavaFX App] DEBUG FXGLEventBus         - Firing event: WorldEvent[type=ENTITY_ADDED]
03:33:09.054 [JavaFX App] TRACE Entity               - Initializing entity
03:33:09.054 [JavaFX App] DEBUG GameScene            - Entity added to scene
03:33:09.054 [JavaFX App] DEBUG GameScene            - Added MainViewComponent
03:33:09.054 [JavaFX App] DEBUG FXGLEventBus         - Firing event: WorldEvent[type=ENTITY_ADDED]
03:33:09.054 [JavaFX App] TRACE Entity               - Initializing entity
03:33:09.054 [JavaFX App] DEBUG GameScene            - Entity added to scene
03:33:09.054 [JavaFX App] DEBUG GameScene            - Added MainViewComponent
03:33:09.054 [JavaFX App] DEBUG FXGLEventBus         - Firing event: WorldEvent[type=ENTITY_ADDED]
03:33:09.054 [JavaFX App] TRACE Entity               - Initializing entity
03:33:09.054 [JavaFX App] DEBUG GameScene            - Entity added to scene
03:33:09.054 [JavaFX App] DEBUG GameScene            - Added MainViewComponent
03:33:09.054 [JavaFX App] DEBUG FXGLEventBus         - Firing event: WorldEvent[type=ENTITY_ADDED]
03:33:09.054 [JavaFX App] TRACE Entity               - Initializing entity
03:33:09.054 [JavaFX App] DEBUG GameScene            - Entity added to scene
03:33:09.054 [JavaFX App] DEBUG GameScene            - Added MainViewComponent
03:33:09.054 [JavaFX App] DEBUG FXGLEventBus         - Firing event: WorldEvent[type=ENTITY_ADDED]
03:33:09.054 [JavaFX App] TRACE Entity               - Initializing entity
03:33:09.054 [JavaFX App] DEBUG GameScene            - Entity added to scene
03:33:09.054 [JavaFX App] DEBUG GameScene            - Added MainViewComponent
03:33:09.054 [JavaFX App] DEBUG FXGLEventBus         - Firing event: WorldEvent[type=ENTITY_ADDED]
03:33:09.054 [JavaFX App] TRACE Entity               - Initializing entity
03:33:09.054 [JavaFX App] DEBUG GameScene            - Entity added to scene
03:33:09.054 [JavaFX App] DEBUG GameScene            - Added MainViewComponent
03:33:09.054 [JavaFX App] DEBUG FXGLEventBus         - Firing event: WorldEvent[type=ENTITY_ADDED]
03:33:09.054 [JavaFX App] TRACE Entity               - Initializing entity
03:33:09.054 [JavaFX App] DEBUG GameScene            - Entity added to scene
03:33:09.054 [JavaFX App] DEBUG GameScene            - Added MainViewComponent
03:33:09.054 [JavaFX App] DEBUG FXGLEventBus         - Firing event: WorldEvent[type=ENTITY_ADDED]
03:33:09.054 [JavaFX App] TRACE Entity               - Initializing entity
03:33:09.054 [JavaFX App] DEBUG GameScene            - Entity added to scene
03:33:09.054 [JavaFX App] DEBUG GameScene            - Added MainViewComponent
03:33:09.055 [JavaFX App] DEBUG FXGLEventBus         - Firing event: WorldEvent[type=ENTITY_ADDED]
03:33:09.055 [JavaFX App] TRACE Entity               - Initializing entity
03:33:09.055 [JavaFX App] DEBUG GameScene            - Entity added to scene
03:33:09.055 [JavaFX App] DEBUG GameScene            - Added MainViewComponent
03:33:09.055 [JavaFX App] DEBUG FXGLEventBus         - Firing event: WorldEvent[type=ENTITY_ADDED]
03:33:09.055 [JavaFX App] TRACE Entity               - Initializing entity
03:33:09.055 [JavaFX App] DEBUG GameScene            - Entity added to scene
03:33:09.055 [JavaFX App] DEBUG GameScene            - Added MainViewComponent
03:33:09.055 [JavaFX App] DEBUG FXGLEventBus         - Firing event: WorldEvent[type=ENTITY_ADDED]
03:33:09.055 [JavaFX App] TRACE Entity               - Initializing entity
03:33:09.055 [JavaFX App] DEBUG GameScene            - Entity added to scene
03:33:09.055 [JavaFX App] DEBUG GameScene            - Added MainViewComponent
03:33:09.055 [JavaFX App] DEBUG FXGLEventBus         - Firing event: WorldEvent[type=ENTITY_ADDED]
03:33:09.055 [JavaFX App] TRACE Entity               - Initializing entity
03:33:09.055 [JavaFX App] DEBUG GameScene            - Entity added to scene
03:33:09.055 [JavaFX App] DEBUG GameScene            - Added MainViewComponent
03:33:09.055 [JavaFX App] DEBUG FXGLEventBus         - Firing event: WorldEvent[type=ENTITY_ADDED]
03:33:09.055 [JavaFX App] TRACE Entity               - Initializing entity
03:33:09.055 [JavaFX App] DEBUG GameScene            - Entity added to scene
03:33:09.055 [JavaFX App] DEBUG GameScene            - Added MainViewComponent
03:33:09.055 [JavaFX App] DEBUG FXGLEventBus         - Firing event: WorldEvent[type=ENTITY_ADDED]
03:33:09.055 [JavaFX App] TRACE Entity               - Initializing entity
03:33:09.055 [JavaFX App] DEBUG GameScene            - Entity added to scene
03:33:09.055 [JavaFX App] DEBUG GameScene            - Added MainViewComponent
03:33:09.055 [JavaFX App] DEBUG FXGLEventBus         - Firing event: WorldEvent[type=ENTITY_ADDED]
03:33:09.055 [JavaFX App] TRACE Entity               - Initializing entity
03:33:09.055 [JavaFX App] DEBUG GameScene            - Entity added to scene
03:33:09.055 [JavaFX App] DEBUG GameScene            - Added MainViewComponent
03:33:09.055 [JavaFX App] DEBUG FXGLEventBus         - Firing event: WorldEvent[type=ENTITY_ADDED]
03:33:09.055 [JavaFX App] TRACE Entity               - Initializing entity
03:33:09.055 [JavaFX App] DEBUG GameScene            - Entity added to scene
03:33:09.055 [JavaFX App] DEBUG GameScene            - Added MainViewComponent
03:33:09.055 [JavaFX App] DEBUG FXGLEventBus         - Firing event: WorldEvent[type=ENTITY_ADDED]
03:33:09.056 [JavaFX App] TRACE Entity               - Initializing entity
03:33:09.056 [JavaFX App] DEBUG GameScene            - Entity added to scene
03:33:09.056 [JavaFX App] DEBUG GameScene            - Added MainViewComponent
03:33:09.056 [JavaFX App] DEBUG FXGLEventBus         - Firing event: WorldEvent[type=ENTITY_ADDED]
03:33:09.056 [JavaFX App] TRACE Entity               - Initializing entity
03:33:09.056 [JavaFX App] DEBUG GameScene            - Entity added to scene
03:33:09.056 [JavaFX App] DEBUG GameScene            - Added MainViewComponent
03:33:09.056 [JavaFX App] DEBUG FXGLEventBus         - Firing event: WorldEvent[type=ENTITY_ADDED]
03:33:09.056 [JavaFX App] TRACE Entity               - Initializing entity
03:33:09.056 [JavaFX App] DEBUG GameScene            - Entity added to scene
03:33:09.056 [JavaFX App] DEBUG GameScene            - Added MainViewComponent
03:33:09.056 [JavaFX App] DEBUG FXGLEventBus         - Firing event: WorldEvent[type=ENTITY_ADDED]
03:33:09.056 [JavaFX App] TRACE Entity               - Initializing entity
03:33:09.056 [JavaFX App] DEBUG GameScene            - Entity added to scene
03:33:09.056 [JavaFX App] DEBUG GameScene            - Added MainViewComponent
03:33:09.056 [JavaFX App] DEBUG FXGLEventBus         - Firing event: WorldEvent[type=ENTITY_ADDED]
03:33:09.056 [JavaFX App] TRACE Entity               - Initializing entity
03:33:09.056 [JavaFX App] DEBUG GameScene            - Entity added to scene
03:33:09.056 [JavaFX App] DEBUG GameScene            - Added MainViewComponent
03:33:09.056 [JavaFX App] DEBUG FXGLEventBus         - Firing event: WorldEvent[type=ENTITY_ADDED]
03:33:09.056 [JavaFX App] TRACE Entity               - Initializing entity
03:33:09.056 [JavaFX App] DEBUG GameScene            - Entity added to scene
03:33:09.056 [JavaFX App] DEBUG GameScene            - Added MainViewComponent
03:33:09.056 [JavaFX App] DEBUG FXGLEventBus         - Firing event: WorldEvent[type=ENTITY_ADDED]
03:33:09.056 [JavaFX App] TRACE Entity               - Initializing entity
03:33:09.056 [JavaFX App] DEBUG GameScene            - Entity added to scene
03:33:09.056 [JavaFX App] DEBUG GameScene            - Added MainViewComponent
03:33:09.056 [JavaFX App] DEBUG FXGLEventBus         - Firing event: WorldEvent[type=ENTITY_ADDED]
03:33:09.057 [JavaFX App] TRACE Entity               - Initializing entity
03:33:09.057 [JavaFX App] DEBUG GameScene            - Entity added to scene
03:33:09.057 [JavaFX App] DEBUG GameScene            - Added MainViewComponent
03:33:09.057 [JavaFX App] DEBUG FXGLEventBus         - Firing event: WorldEvent[type=ENTITY_ADDED]
03:33:09.057 [JavaFX App] TRACE Entity               - Initializing entity
03:33:09.057 [JavaFX App] DEBUG GameScene            - Entity added to scene
03:33:09.057 [JavaFX App] DEBUG GameScene            - Added MainViewComponent
03:33:09.057 [JavaFX App] DEBUG FXGLEventBus         - Firing event: WorldEvent[type=ENTITY_ADDED]
03:33:09.057 [JavaFX App] TRACE Entity               - Initializing entity
03:33:09.057 [JavaFX App] DEBUG GameScene            - Entity added to scene
03:33:09.057 [JavaFX App] DEBUG GameScene            - Added MainViewComponent
03:33:09.057 [JavaFX App] DEBUG FXGLEventBus         - Firing event: WorldEvent[type=ENTITY_ADDED]
03:33:09.057 [JavaFX App] TRACE Entity               - Initializing entity
03:33:09.057 [JavaFX App] DEBUG GameScene            - Entity added to scene
03:33:09.057 [JavaFX App] DEBUG GameScene            - Added MainViewComponent
03:33:09.057 [JavaFX App] DEBUG FXGLEventBus         - Firing event: WorldEvent[type=ENTITY_ADDED]
03:33:09.057 [JavaFX App] TRACE Entity               - Initializing entity
03:33:09.057 [JavaFX App] DEBUG GameScene            - Entity added to scene
03:33:09.057 [JavaFX App] DEBUG GameScene            - Added MainViewComponent
03:33:09.057 [JavaFX App] DEBUG FXGLEventBus         - Firing event: WorldEvent[type=ENTITY_ADDED]
03:33:09.057 [JavaFX App] TRACE Entity               - Initializing entity
03:33:09.057 [JavaFX App] DEBUG GameScene            - Entity added to scene
03:33:09.057 [JavaFX App] DEBUG GameScene            - Added MainViewComponent
03:33:09.057 [JavaFX App] DEBUG FXGLEventBus         - Firing event: WorldEvent[type=ENTITY_ADDED]
03:33:09.057 [JavaFX App] TRACE Entity               - Initializing entity
03:33:09.057 [JavaFX App] DEBUG GameScene            - Entity added to scene
03:33:09.057 [JavaFX App] DEBUG GameScene            - Added MainViewComponent
03:33:09.057 [JavaFX App] DEBUG FXGLEventBus         - Firing event: WorldEvent[type=ENTITY_ADDED]
03:33:09.057 [JavaFX App] TRACE Entity               - Initializing entity
03:33:09.057 [JavaFX App] DEBUG GameScene            - Entity added to scene
03:33:09.057 [JavaFX App] DEBUG GameScene            - Added MainViewComponent
03:33:09.057 [JavaFX App] DEBUG FXGLEventBus         - Firing event: WorldEvent[type=ENTITY_ADDED]
03:33:09.057 [JavaFX App] TRACE Entity               - Initializing entity
03:33:09.057 [JavaFX App] DEBUG GameScene            - Entity added to scene
03:33:09.057 [JavaFX App] DEBUG GameScene            - Added MainViewComponent
03:33:09.058 [JavaFX App] DEBUG FXGLEventBus         - Firing event: WorldEvent[type=ENTITY_ADDED]
03:33:09.058 [JavaFX App] TRACE Entity               - Initializing entity
03:33:09.058 [JavaFX App] DEBUG GameScene            - Entity added to scene
03:33:09.058 [JavaFX App] DEBUG GameScene            - Added MainViewComponent
03:33:09.058 [JavaFX App] DEBUG FXGLEventBus         - Firing event: WorldEvent[type=ENTITY_ADDED]
03:33:09.058 [JavaFX App] TRACE Entity               - Initializing entity
03:33:09.058 [JavaFX App] DEBUG GameScene            - Entity added to scene
03:33:09.058 [JavaFX App] DEBUG GameScene            - Added MainViewComponent
03:33:09.058 [JavaFX App] DEBUG FXGLEventBus         - Firing event: WorldEvent[type=ENTITY_ADDED]
03:33:09.058 [JavaFX App] TRACE Entity               - Initializing entity
03:33:09.058 [JavaFX App] DEBUG GameScene            - Entity added to scene
03:33:09.058 [JavaFX App] DEBUG GameScene            - Added MainViewComponent
03:33:09.058 [JavaFX App] DEBUG FXGLEventBus         - Firing event: WorldEvent[type=ENTITY_ADDED]
03:33:09.058 [JavaFX App] TRACE Entity               - Initializing entity
03:33:09.058 [JavaFX App] DEBUG GameScene            - Entity added to scene
03:33:09.058 [JavaFX App] DEBUG GameScene            - Added MainViewComponent
03:33:09.058 [JavaFX App] DEBUG FXGLEventBus         - Firing event: WorldEvent[type=ENTITY_ADDED]
03:33:09.058 [JavaFX App] TRACE Entity               - Initializing entity
03:33:09.058 [JavaFX App] DEBUG GameScene            - Entity added to scene
03:33:09.058 [JavaFX App] DEBUG GameScene            - Added MainViewComponent
03:33:09.058 [JavaFX App] DEBUG FXGLEventBus         - Firing event: WorldEvent[type=ENTITY_ADDED]
03:33:09.058 [JavaFX App] TRACE Entity               - Initializing entity
03:33:09.058 [JavaFX App] DEBUG GameScene            - Entity added to scene
03:33:09.058 [JavaFX App] DEBUG GameScene            - Added MainViewComponent
03:33:09.058 [JavaFX App] DEBUG FXGLEventBus         - Firing event: WorldEvent[type=ENTITY_ADDED]
03:33:09.058 [JavaFX App] TRACE Entity               - Initializing entity
03:33:09.058 [JavaFX App] DEBUG GameScene            - Entity added to scene
03:33:09.058 [JavaFX App] DEBUG GameScene            - Added MainViewComponent
03:33:09.058 [JavaFX App] DEBUG FXGLEventBus         - Firing event: WorldEvent[type=ENTITY_ADDED]
03:33:09.058 [JavaFX App] TRACE Entity               - Initializing entity
03:33:09.058 [JavaFX App] DEBUG GameScene            - Entity added to scene
03:33:09.058 [JavaFX App] DEBUG GameScene            - Added MainViewComponent
03:33:09.059 [JavaFX App] DEBUG FXGLEventBus         - Firing event: WorldEvent[type=ENTITY_ADDED]
03:33:09.059 [JavaFX App] TRACE Entity               - Initializing entity
03:33:09.059 [JavaFX App] DEBUG GameScene            - Entity added to scene
03:33:09.059 [JavaFX App] DEBUG GameScene            - Added MainViewComponent
03:33:09.059 [JavaFX App] DEBUG FXGLEventBus         - Firing event: WorldEvent[type=ENTITY_ADDED]
03:33:09.059 [JavaFX App] TRACE Entity               - Initializing entity
03:33:09.059 [JavaFX App] DEBUG GameScene            - Entity added to scene
03:33:09.059 [JavaFX App] DEBUG GameScene            - Added MainViewComponent
03:33:09.059 [JavaFX App] DEBUG FXGLEventBus         - Firing event: WorldEvent[type=ENTITY_ADDED]
03:33:09.059 [JavaFX App] TRACE Entity               - Initializing entity
03:33:09.059 [JavaFX App] DEBUG GameScene            - Entity added to scene
03:33:09.059 [JavaFX App] DEBUG GameScene            - Added MainViewComponent
03:33:09.059 [JavaFX App] DEBUG FXGLEventBus         - Firing event: WorldEvent[type=ENTITY_ADDED]
03:33:09.059 [JavaFX App] TRACE Entity               - Initializing entity
03:33:09.059 [JavaFX App] DEBUG GameScene            - Entity added to scene
03:33:09.059 [JavaFX App] DEBUG GameScene            - Added MainViewComponent
03:33:09.059 [JavaFX App] DEBUG FXGLEventBus         - Firing event: WorldEvent[type=ENTITY_ADDED]
03:33:09.059 [JavaFX App] TRACE Entity               - Initializing entity
03:33:09.059 [JavaFX App] DEBUG GameScene            - Entity added to scene
03:33:09.059 [JavaFX App] DEBUG GameScene            - Added MainViewComponent
03:33:09.059 [JavaFX App] DEBUG FXGLEventBus         - Firing event: WorldEvent[type=ENTITY_ADDED]
03:33:09.059 [JavaFX App] TRACE Entity               - Initializing entity
03:33:09.059 [JavaFX App] DEBUG GameScene            - Entity added to scene
03:33:09.059 [JavaFX App] DEBUG GameScene            - Added MainViewComponent
03:33:09.059 [JavaFX App] DEBUG FXGLEventBus         - Firing event: WorldEvent[type=ENTITY_ADDED]
03:33:09.059 [JavaFX App] TRACE Entity               - Initializing entity
03:33:09.059 [JavaFX App] DEBUG GameScene            - Entity added to scene
03:33:09.059 [JavaFX App] DEBUG GameScene            - Added MainViewComponent
03:33:09.059 [JavaFX App] DEBUG FXGLEventBus         - Firing event: WorldEvent[type=ENTITY_ADDED]
03:33:09.059 [JavaFX App] TRACE Entity               - Initializing entity
03:33:09.059 [JavaFX App] DEBUG GameScene            - Entity added to scene
03:33:09.059 [JavaFX App] DEBUG GameScene            - Added MainViewComponent
03:33:09.059 [JavaFX App] DEBUG FXGLEventBus         - Firing event: WorldEvent[type=ENTITY_ADDED]
03:33:09.059 [JavaFX App] TRACE Entity               - Initializing entity
03:33:09.059 [JavaFX App] DEBUG GameScene            - Entity added to scene
03:33:09.059 [JavaFX App] DEBUG GameScene            - Added MainViewComponent
03:33:09.060 [JavaFX App] DEBUG FXGLEventBus         - Firing event: WorldEvent[type=ENTITY_ADDED]
03:33:09.060 [JavaFX App] TRACE Entity               - Initializing entity
03:33:09.060 [JavaFX App] DEBUG GameScene            - Entity added to scene
03:33:09.060 [JavaFX App] DEBUG GameScene            - Added MainViewComponent
03:33:09.060 [JavaFX App] DEBUG FXGLEventBus         - Firing event: WorldEvent[type=ENTITY_ADDED]
03:33:09.060 [JavaFX App] TRACE Entity               - Initializing entity
03:33:09.060 [JavaFX App] DEBUG GameScene            - Entity added to scene
03:33:09.060 [JavaFX App] DEBUG GameScene            - Added MainViewComponent
03:33:09.060 [JavaFX App] DEBUG FXGLEventBus         - Firing event: WorldEvent[type=ENTITY_ADDED]
03:33:09.060 [JavaFX App] TRACE Entity               - Initializing entity
03:33:09.060 [JavaFX App] DEBUG GameScene            - Entity added to scene
03:33:09.060 [JavaFX App] DEBUG GameScene            - Added MainViewComponent
03:33:09.060 [JavaFX App] DEBUG FXGLEventBus         - Firing event: WorldEvent[type=ENTITY_ADDED]
03:33:09.060 [JavaFX App] TRACE Entity               - Initializing entity
03:33:09.060 [JavaFX App] DEBUG GameScene            - Entity added to scene
03:33:09.060 [JavaFX App] DEBUG GameScene            - Added MainViewComponent
03:33:09.060 [JavaFX App] DEBUG FXGLEventBus         - Firing event: WorldEvent[type=ENTITY_ADDED]
03:33:09.060 [JavaFX App] TRACE Entity               - Initializing entity
03:33:09.060 [JavaFX App] DEBUG GameScene            - Entity added to scene
03:33:09.060 [JavaFX App] DEBUG GameScene            - Added MainViewComponent
03:33:09.060 [JavaFX App] DEBUG FXGLEventBus         - Firing event: WorldEvent[type=ENTITY_ADDED]
03:33:09.060 [JavaFX App] TRACE Entity               - Initializing entity
03:33:09.060 [JavaFX App] DEBUG GameScene            - Entity added to scene
03:33:09.060 [JavaFX App] DEBUG GameScene            - Added MainViewComponent
03:33:09.060 [JavaFX App] DEBUG FXGLEventBus         - Firing event: WorldEvent[type=ENTITY_ADDED]
03:33:09.060 [JavaFX App] TRACE Entity               - Initializing entity
03:33:09.060 [JavaFX App] DEBUG GameScene            - Entity added to scene
03:33:09.060 [JavaFX App] DEBUG GameScene            - Added MainViewComponent
03:33:09.061 [JavaFX App] DEBUG FXGLEventBus         - Firing event: WorldEvent[type=ENTITY_ADDED]
03:33:09.061 [JavaFX App] TRACE Entity               - Initializing entity
03:33:09.061 [JavaFX App] DEBUG GameScene            - Entity added to scene
03:33:09.061 [JavaFX App] DEBUG GameScene            - Added MainViewComponent
03:33:09.061 [JavaFX App] DEBUG FXGLEventBus         - Firing event: WorldEvent[type=ENTITY_ADDED]
03:33:09.061 [JavaFX App] TRACE Entity               - Initializing entity
03:33:09.061 [JavaFX App] DEBUG GameScene            - Entity added to scene
03:33:09.061 [JavaFX App] DEBUG GameScene            - Added MainViewComponent
03:33:09.061 [JavaFX App] DEBUG FXGLEventBus         - Firing event: WorldEvent[type=ENTITY_ADDED]
03:33:09.061 [JavaFX App] TRACE Entity               - Initializing entity
03:33:09.061 [JavaFX App] DEBUG GameScene            - Entity added to scene
03:33:09.061 [JavaFX App] DEBUG GameScene            - Added MainViewComponent
03:33:09.061 [JavaFX App] DEBUG FXGLEventBus         - Firing event: WorldEvent[type=ENTITY_ADDED]
03:33:09.061 [JavaFX App] TRACE Entity               - Initializing entity
03:33:09.061 [JavaFX App] DEBUG GameScene            - Entity added to scene
03:33:09.061 [JavaFX App] DEBUG GameScene            - Added MainViewComponent
03:33:09.061 [JavaFX App] DEBUG FXGLEventBus         - Firing event: WorldEvent[type=ENTITY_ADDED]
03:33:09.061 [JavaFX App] TRACE Entity               - Initializing entity
03:33:09.061 [JavaFX App] DEBUG GameScene            - Entity added to scene
03:33:09.061 [JavaFX App] DEBUG GameScene            - Added MainViewComponent
03:33:09.061 [JavaFX App] DEBUG FXGLEventBus         - Firing event: WorldEvent[type=ENTITY_ADDED]
03:33:09.061 [JavaFX App] TRACE Entity               - Initializing entity
03:33:09.102 [JavaFX App] DEBUG GameScene            - Entity added to scene
03:33:09.102 [JavaFX App] DEBUG GameScene            - Added MainViewComponent
03:33:09.102 [JavaFX App] DEBUG FXGLEventBus         - Firing event: WorldEvent[type=ENTITY_ADDED]
03:33:09.102 [JavaFX App] TRACE Entity               - Initializing entity
03:33:09.102 [JavaFX App] DEBUG GameScene            - Entity added to scene
03:33:09.102 [JavaFX App] DEBUG GameScene            - Added MainViewComponent
03:33:09.102 [JavaFX App] DEBUG FXGLEventBus         - Firing event: WorldEvent[type=ENTITY_ADDED]
03:33:09.102 [JavaFX App] TRACE Entity               - Initializing entity
03:33:09.102 [JavaFX App] DEBUG GameScene            - Entity added to scene
03:33:09.102 [JavaFX App] DEBUG GameScene            - Added MainViewComponent
03:33:09.102 [JavaFX App] DEBUG FXGLEventBus         - Firing event: WorldEvent[type=ENTITY_ADDED]
03:33:12.070 [JavaFX App] DEBUG GameScene            - Entity removed from scene
03:33:12.071 [JavaFX App] DEBUG GameScene            - Removed MainViewComponent
03:33:12.072 [JavaFX App] DEBUG FXGLEventBus         - Firing event: WorldEvent[type=ENTITY_REMOVED]
03:33:12.072 [JavaFX App] TRACE Entity               - Cleaning entity
03:33:12.072 [JavaFX App] TRACE Entity               - Removing all controls
03:33:12.073 [JavaFX App] TRACE Entity               - Removing all components
03:33:14.607 [JavaFX App] DEBUG FXGLEventBus         - Firing event: DisplayEvent[type=DIALOG_OPENED]
03:33:14.608 [JavaFX App] DEBUG FXGLEventBus         - Firing event: FXGLEvent[type=PAUSE]
03:33:14.608 [JavaFX App] DEBUG FXGLInput            - Clearing active input actions
03:33:14.608 [JavaFX App] DEBUG FXGLMasterTimer      - Stopping master timer
03:33:14.608 [JavaFX App] DEBUG GameApplication      - State: PLAYING -> PAUSED
03:33:14.608 [JavaFX App] DEBUG FXGLInput            - Clearing active input actions
03:33:15.764 [JavaFX App] DEBUG FXGLEventBus         - Firing event: DisplayEvent[type=DIALOG_CLOSED]
03:33:15.765 [JavaFX App] DEBUG FXGLEventBus         - Firing event: FXGLEvent[type=RESUME]
03:33:15.765 [JavaFX App] DEBUG FXGLInput            - Clearing active input actions
03:33:15.765 [JavaFX App] DEBUG FXGLMasterTimer      - Starting master timer
03:33:15.765 [JavaFX App] DEBUG GameApplication      - State: PAUSED -> PLAYING
03:33:15.765 [JavaFX App] DEBUG FXGLEventBus         - Firing event: DisplayEvent[type=CLOSE_REQUEST]
03:33:15.766 [JavaFX App] DEBUG FXGLEventBus         - Firing event: FXGLEvent[type=EXIT]
03:33:15.766 [JavaFX App] DEBUG FXGLEventBus         - Firing event: SaveEvent
03:33:15.766 [JavaFX App] DEBUG FXGLInput            - Saving data to profile
03:33:15.766 [JavaFX App] DEBUG Bundle               - Logging bundle: input
03:33:15.766 [JavaFX App] DEBUG Bundle               - input.Screenshot=P
03:33:15.767 [JavaFX App] DEBUG Bundle               - input.right=D
03:33:15.767 [JavaFX App] DEBUG Bundle               - input.Developer Options=0
03:33:15.767 [JavaFX App] DEBUG Bundle               - input.left=A
03:33:15.767 [JavaFX App] DEBUG FXGLDisplay          - Saving data to profile
03:33:15.767 [JavaFX App] DEBUG Bundle               - Logging bundle: scene
03:33:15.767 [JavaFX App] DEBUG Bundle               - scene.sizeW=1280.0
03:33:15.767 [JavaFX App] DEBUG Bundle               - scene.sizeH=720.0
03:33:15.767 [JavaFX App] DEBUG FXGLAudioPlayer      - Saving data to profile
03:33:15.767 [JavaFX App] DEBUG Bundle               - Logging bundle: audio
03:33:15.767 [JavaFX App] DEBUG Bundle               - audio.musicVolume=0.5
03:33:15.767 [JavaFX App] DEBUG Bundle               - audio.soundVolume=0.5
03:33:15.767 [JavaFX App] DEBUG AchievementManager   - Saving data to profile
03:33:15.767 [JavaFX App] DEBUG Bundle               - Logging bundle: achievement
03:33:15.767 [JavaFX App] DEBUG FXGLMasterTimer      - Saving data to profile
03:33:15.767 [JavaFX App] DEBUG Bundle               - Logging bundle: timer
03:33:15.767 [JavaFX App] DEBUG Bundle               - timer.playtime=134262712770
03:33:15.768 [JavaFX App] DEBUG SaveLoadManager      - Saving profile: 1
03:33:15.771 [JavaFX App] DEBUG IOTask               - Executing task: writeDataTask(./profiles/1/user.profile)
03:33:15.771 [JavaFX App] DEBUG IOTask               - Executing task: writeDataTask(./profiles/1/user.profile)
03:33:15.775 [JavaFX App] DEBUG FS                   - Writing to: .\profiles\1\user.profile
03:33:15.784 [JavaFX App] DEBUG IOTask               - Executing task: checkSavesDir(./profiles/1/saves/)
03:33:15.785 [JavaFX App] DEBUG IOTask               - Task succeeded: writeDataTask(./profiles/1/user.profile)
