04:02:19.767 [JavaFX App] DEBUG FXGLLoggerFactory    - Service [LoggerFactory] initialized
04:02:19.772 [JavaFX App] DEBUG GameApplication      - Starting Game Application
04:02:19.773 [JavaFX App] DEBUG FXGLEventBus         - Service [EventBus] initialized
04:02:19.776 [JavaFX App] DEBUG FXGLExecutor         - Service [Executor] initialized
04:02:19.778 [JavaFX App] DEBUG GameWorld            - Game world initialized
04:02:19.812 [JavaFX App] DEBUG PhysicsWorld         - Physics world initialized
04:02:19.827 [JavaFX App] DEBUG GameScene            - Game scene initialized: 1280.0x720.0
04:02:19.853 [JavaFX App] DEBUG AssetLoader          - Service [AssetLoader] initialized
04:02:19.854 [JavaFX App] DEBUG AssetLoader          - Loading from disk: /assets/sounds/system/notification.wav
04:02:19.871 [JavaFX App] DEBUG AssetLoader          - Loading from disk: /assets/sounds/menu/select.wav
04:02:19.872 [JavaFX App] DEBUG AssetLoader          - Loading from disk: /assets/sounds/menu/back.wav
04:02:19.873 [JavaFX App] DEBUG AssetLoader          - Loading from disk: /assets/sounds/menu/press.wav
04:02:19.874 [JavaFX App] DEBUG AssetLoader          - Loading from disk: /assets/ui/fonts/Copperplate_Gothic_Light_Regular.ttf
04:02:19.967 [JavaFX App] DEBUG AssetLoader          - Loading from disk: /assets/ui/css/fxgl.css
04:02:19.967 [JavaFX App] DEBUG AssetLoader          - Loading from disk: /assets/ui/icons/fxgl_icon.png
04:02:19.998 [JavaFX App] DEBUG AssetLoader          - Loading from disk: /assets/ui/css/fxgl_dark.css
04:02:20.010 [JavaFX App] DEBUG FXGLDisplay          - Target size: DoubleProperty [value: 1280.0] x DoubleProperty [value: 720.0] @ 1.0
04:02:20.010 [JavaFX App] DEBUG FXGLDisplay          - New size:    1280.0 x 720.0 @ DoubleProperty [value: 1.0]
04:02:20.010 [JavaFX App] DEBUG FXGLDisplay          - Service [Display] initialized
04:02:20.010 [JavaFX App] DEBUG FXGLDisplay          - Using CSS: CSS(externalForm=jar:file:/C:/Users/Romano/Documents/GitHub/Breakout/src/lib/FXGL-0.2.4-uber.jar!/assets/ui/css/fxgl_dark.css)
04:02:20.013 [JavaFX App] DEBUG FXGLInput            - Service [Input] initialized
04:02:20.014 [JavaFX App] DEBUG FXGLInput            - Registered new binding: Screenshot - P
04:02:20.014 [JavaFX App] DEBUG FXGLInput            - Registered new binding: Developer Options - CTRL+0
04:02:20.016 [JavaFX App] DEBUG FXGLInput            - Registered new binding: left - A
04:02:20.016 [JavaFX App] DEBUG FXGLInput            - Registered new binding: right - D
04:02:20.016 [JavaFX App] DEBUG GameApplication      - Initializing global event handlers
04:02:20.016 [JavaFX App] DEBUG FXGLMasterTimer      - Service [MasterTimer] initialized
04:02:20.022 [JavaFX App] DEBUG FXGLEventBus         - Firing event: SaveEvent
04:02:20.023 [JavaFX App] DEBUG FXGLInput            - Saving data to profile
04:02:20.024 [JavaFX App] DEBUG Bundle               - Logging bundle: input
04:02:20.024 [JavaFX App] DEBUG Bundle               - input.Screenshot=P
04:02:20.024 [JavaFX App] DEBUG Bundle               - input.right=D
04:02:20.024 [JavaFX App] DEBUG Bundle               - input.Developer Options=CTRL+0
04:02:20.024 [JavaFX App] DEBUG Bundle               - input.left=A
04:02:20.024 [JavaFX App] DEBUG FXGLDisplay          - Saving data to profile
04:02:20.024 [JavaFX App] DEBUG Bundle               - Logging bundle: scene
04:02:20.024 [JavaFX App] DEBUG Bundle               - scene.sizeW=1280.0
04:02:20.025 [JavaFX App] DEBUG Bundle               - scene.sizeH=720.0
04:02:20.025 [JavaFX App] DEBUG FXGLAudioPlayer      - Service [AudioPlayer] initialized
04:02:20.025 [JavaFX App] DEBUG FXGLAudioPlayer      - Saving data to profile
04:02:20.025 [JavaFX App] DEBUG Bundle               - Logging bundle: audio
04:02:20.025 [JavaFX App] DEBUG Bundle               - audio.musicVolume=0.5
04:02:20.025 [JavaFX App] DEBUG Bundle               - audio.soundVolume=0.5
04:02:20.026 [JavaFX App] DEBUG AchievementManager   - Service [AchievementManager] initialized
04:02:20.026 [JavaFX App] DEBUG AchievementManager   - Saving data to profile
04:02:20.026 [JavaFX App] DEBUG Bundle               - Logging bundle: achievement
04:02:20.026 [JavaFX App] DEBUG FXGLMasterTimer      - Saving data to profile
04:02:20.026 [JavaFX App] DEBUG Bundle               - Logging bundle: timer
04:02:20.026 [JavaFX App] DEBUG Bundle               - timer.playtime=0
04:02:20.056 [JavaFX App] DEBUG GameApplication      - State: STARTUP -> MAIN_MENU
04:02:20.173 [JavaFX App] DEBUG FXGLDisplay          - Showing stage
04:02:20.173 [JavaFX App] DEBUG FXGLDisplay          - Root size: 1280.0x720.0
04:02:20.173 [JavaFX App] DEBUG FXGLDisplay          - Scene size: 1280.0x720.0
04:02:20.173 [JavaFX App] DEBUG FXGLDisplay          - Stage size: 1296.0x758.0
04:02:20.239 [JavaFX App] DEBUG SaveLoadManager      - Checking profiles dir: profiles/
04:02:20.239 [JavaFX App] DEBUG SaveLoadManager      - Loading profile names
04:02:20.242 [JavaFX App] DEBUG IOTask               - Showing dialog
04:02:20.247 [JavaFX App] DEBUG FXGLEventBus         - Firing event: DisplayEvent[type=DIALOG_OPENED]
04:02:20.247 [JavaFX App] DEBUG FXGLInput            - Clearing active input actions
04:02:20.250 [pool-3-thr] DEBUG IOTask               - Executing task: loadDirectoryNamesTask(./profiles/, false)
04:02:20.335 [JavaFX App] DEBUG IOTask               - succeed(): Dismissing dialog
04:02:20.335 [JavaFX App] DEBUG FXGLEventBus         - Firing event: DisplayEvent[type=DIALOG_CLOSED]
04:02:20.336 [JavaFX App] DEBUG IOTask               - Task succeeded: loadDirectoryNamesTask(./profiles/, false)
04:02:20.344 [JavaFX App] DEBUG FXGLEventBus         - Firing event: DisplayEvent[type=DIALOG_OPENED]
04:02:20.344 [JavaFX App] DEBUG FXGLInput            - Clearing active input actions
04:02:21.423 [JavaFX App] DEBUG FXGLEventBus         - Firing event: DisplayEvent[type=DIALOG_CLOSED]
04:02:21.424 [JavaFX App] DEBUG SaveLoadManager      - Loading profile: 1
04:02:21.427 [JavaFX App] DEBUG IOTask               - Showing dialog
04:02:21.444 [JavaFX App] DEBUG FXGLEventBus         - Firing event: DisplayEvent[type=DIALOG_OPENED]
04:02:21.445 [JavaFX App] DEBUG FXGLInput            - Clearing active input actions
04:02:21.445 [pool-3-thr] DEBUG IOTask               - Executing task: readDataTask(./profiles/1/user.profile)
04:02:21.449 [pool-3-thr] DEBUG FS                   - Reading from: .\profiles\1\user.profile
04:02:21.470 [JavaFX App] DEBUG IOTask               - succeed(): Dismissing dialog
04:02:21.473 [JavaFX App] DEBUG FXGLEventBus         - Firing event: DisplayEvent[type=DIALOG_CLOSED]
04:02:21.473 [JavaFX App] DEBUG IOTask               - Task succeeded: readDataTask(./profiles/1/user.profile)
04:02:21.473 [JavaFX App] DEBUG FXGLEventBus         - Firing event: LoadEvent[type=LOAD_PROFILE]
04:02:21.473 [JavaFX App] DEBUG FXGLInput            - Loading data from profile
04:02:21.473 [JavaFX App] DEBUG Bundle               - Logging bundle: input
04:02:21.474 [JavaFX App] DEBUG Bundle               - input.Screenshot=P
04:02:21.474 [JavaFX App] DEBUG Bundle               - input.right=D
04:02:21.474 [JavaFX App] DEBUG Bundle               - input.Developer Options=0
04:02:21.474 [JavaFX App] DEBUG Bundle               - input.left=A
04:02:21.474 [JavaFX App] DEBUG FXGLDisplay          - Loading data from profile
04:02:21.474 [JavaFX App] DEBUG Bundle               - Logging bundle: scene
04:02:21.474 [JavaFX App] DEBUG Bundle               - scene.sizeW=1280.0
04:02:21.474 [JavaFX App] DEBUG Bundle               - scene.sizeH=720.0
04:02:21.474 [JavaFX App] DEBUG FXGLDisplay          - Target size: DoubleProperty [value: 1280.0] x DoubleProperty [value: 720.0] @ 1.0
04:02:21.474 [JavaFX App] DEBUG FXGLDisplay          - New size:    1280.0 x 720.0 @ DoubleProperty [value: 1.0]
04:02:21.488 [JavaFX App] DEBUG FXGLAudioPlayer      - Loading data from profile
04:02:21.489 [JavaFX App] DEBUG Bundle               - Logging bundle: audio
04:02:21.489 [JavaFX App] DEBUG Bundle               - audio.musicVolume=0.5
04:02:21.489 [JavaFX App] DEBUG Bundle               - audio.soundVolume=0.5
04:02:21.489 [JavaFX App] DEBUG AchievementManager   - Loading data from profile
04:02:21.489 [JavaFX App] DEBUG Bundle               - Logging bundle: achievement
04:02:21.489 [JavaFX App] DEBUG FXGLMasterTimer      - Loading data from profile
04:02:21.489 [JavaFX App] DEBUG Bundle               - Logging bundle: timer
04:02:21.489 [JavaFX App] DEBUG Bundle               - timer.playtime=368512187990
04:02:21.489 [JavaFX App] DEBUG SaveLoadManager      - Loading last modified save file
04:02:21.489 [JavaFX App] DEBUG SaveLoadManager      - Loading save files
04:02:21.491 [JavaFX App] DEBUG IOTask               - Showing dialog
04:02:21.497 [JavaFX App] DEBUG FXGLEventBus         - Firing event: DisplayEvent[type=DIALOG_OPENED]
04:02:21.497 [JavaFX App] DEBUG FXGLInput            - Clearing active input actions
04:02:21.497 [pool-3-thr] DEBUG IOTask               - Executing task: loadFileNamesTask(./profiles/1/saves/, true, [FileExtension(extension=.sav)])
04:02:21.497 [pool-3-thr] DEBUG IOTask               - Executing task: loadFileNamesTask(./profiles/1/saves/, true, [FileExtension(extension=.sav)])
04:02:21.497 [pool-3-thr] DEBUG IOTask               - Executing task: loadFileNamesTask(./profiles/1/saves/, true, [FileExtension(extension=.sav)])
04:02:21.498 [pool-3-thr] DEBUG IOTask               - Executing task: readSaveFiles
04:02:21.499 [pool-3-thr] DEBUG IOTask               - Executing task: findLastSave
04:02:21.512 [JavaFX App] DEBUG IOTask               - fail(): Dismissing dialog
04:02:21.512 [JavaFX App] DEBUG FXGLEventBus         - Firing event: DisplayEvent[type=DIALOG_CLOSED]
04:02:21.512 [JavaFX App] WARN  IOTask               - Task failed: loadFileNamesTask(./profiles/1/saves/, true, [FileExtension(extension=.sav)]) Error: java.io.FileNotFoundException: No save files found
04:02:21.512 [JavaFX App] DEBUG FXGLEventBus         - Firing event: ProfileSelectedEvent[name=1,hasSaves=false]
04:02:22.389 [JavaFX App] DEBUG Menu                 - fireNewGame()
04:02:22.389 [JavaFX App] DEBUG GameApplication      - Starting new game
04:02:22.392 [JavaFX App] DEBUG GameApplication      - Initializing App
04:02:22.394 [JavaFX App] DEBUG FXGLEventBus         - Firing event: FXGLEvent[type=PAUSE]
04:02:22.394 [JavaFX App] DEBUG FXGLInput            - Clearing active input actions
04:02:22.395 [JavaFX App] DEBUG FXGLMasterTimer      - Stopping master timer
04:02:22.395 [JavaFX App] DEBUG GameApplication      - State: MAIN_MENU -> PAUSED
04:02:22.396 [JavaFX App] DEBUG FXGLEventBus         - Firing event: FXGLEvent[type=RESET]
04:02:22.396 [JavaFX App] DEBUG GameWorld            - Resetting game world
04:02:22.397 [JavaFX App] TRACE EntityWorld          - Resetting entity world
04:02:22.401 [JavaFX App] DEBUG GameScene            - Resetting game scene
04:02:22.401 [JavaFX App] DEBUG FXGLInput            - Clearing active input actions
04:02:22.401 [JavaFX App] DEBUG FXGLMasterTimer      - Resetting ticks and clearing all actions
04:02:22.401 [JavaFX App] DEBUG GameApplication      - State: PAUSED -> LOADING
04:02:22.413 [JavaFX App] DEBUG GameApplication      - Starting FXGL Init Thread
04:02:22.414 [JavaFX App] DEBUG FXGLEventBus         - Firing event: MenuEvent[type=NEW_GAME]
04:02:22.414 [FXGL Init ] DEBUG InitAppTask          - Initializing Assets
04:02:22.417 [FXGL Init ] DEBUG AssetLoader          - Loading from disk: /assets/textures/Balls/ball_red.png
04:02:22.428 [FXGL Init ] DEBUG AssetLoader          - Loading from disk: /assets/textures/Bats/bat_black.png
04:02:22.431 [FXGL Init ] DEBUG AssetLoader          - Loading from disk: /assets/textures/Bricks/brick_blue_small.png
04:02:22.433 [FXGL Init ] DEBUG AssetLoader          - Loading from disk: /assets/textures/Walls/brick_red.png
04:02:22.435 [FXGL Init ] DEBUG InitAppTask          - Initializing Game
04:02:22.459 [FXGL Init ] DEBUG AssetLoader          - Loading from cache: /assets/textures/Bats/bat_black.png
04:02:22.466 [FXGL Init ] DEBUG AssetLoader          - Loading from cache: /assets/textures/Balls/ball_red.png
04:02:22.468 [FXGL Init ] DEBUG AssetLoader          - Loading from cache: /assets/textures/Bricks/brick_blue_small.png
04:02:22.468 [FXGL Init ] DEBUG AssetLoader          - Loading from cache: /assets/textures/Bricks/brick_blue_small.png
04:02:22.468 [FXGL Init ] DEBUG AssetLoader          - Loading from cache: /assets/textures/Bricks/brick_blue_small.png
04:02:22.469 [FXGL Init ] DEBUG AssetLoader          - Loading from cache: /assets/textures/Bricks/brick_blue_small.png
04:02:22.469 [FXGL Init ] DEBUG AssetLoader          - Loading from cache: /assets/textures/Bricks/brick_blue_small.png
04:02:22.470 [FXGL Init ] DEBUG AssetLoader          - Loading from cache: /assets/textures/Bricks/brick_blue_small.png
04:02:22.470 [FXGL Init ] DEBUG AssetLoader          - Loading from cache: /assets/textures/Bricks/brick_blue_small.png
04:02:22.471 [FXGL Init ] DEBUG AssetLoader          - Loading from cache: /assets/textures/Bricks/brick_blue_small.png
04:02:22.471 [FXGL Init ] DEBUG AssetLoader          - Loading from cache: /assets/textures/Bricks/brick_blue_small.png
04:02:22.471 [FXGL Init ] DEBUG AssetLoader          - Loading from cache: /assets/textures/Bricks/brick_blue_small.png
04:02:22.472 [FXGL Init ] DEBUG AssetLoader          - Loading from cache: /assets/textures/Bricks/brick_blue_small.png
04:02:22.472 [FXGL Init ] DEBUG AssetLoader          - Loading from cache: /assets/textures/Bricks/brick_blue_small.png
04:02:22.472 [FXGL Init ] DEBUG InitAppTask          - Initializing Physics
04:02:22.473 [FXGL Init ] DEBUG InitAppTask          - Initializing UI
04:02:22.474 [FXGL Init ] DEBUG GameScene            - Adding UI node: Text[text="0", x=0.0, y=0.0, alignment=LEFT, origin=BASELINE, boundsType=LOGICAL, font=Font[name=System Regular, family=System, style=Regular, size=20.0], fontSmoothingType=GRAY, fill=0x000000ff]
04:02:22.475 [FXGL Init ] DEBUG InitAppTask          - Initialization Complete
04:02:22.475 [JavaFX App] DEBUG FXGLEventBus         - Firing event: FXGLEvent[type=INIT_APP_COMPLETE]
04:02:22.475 [JavaFX App] DEBUG FXGLEventBus         - Firing event: FXGLEvent[type=RESUME]
04:02:22.475 [JavaFX App] DEBUG FXGLInput            - Clearing active input actions
04:02:22.476 [JavaFX App] DEBUG FXGLMasterTimer      - Starting master timer
04:02:22.476 [JavaFX App] DEBUG GameApplication      - State: LOADING -> PLAYING
04:02:22.488 [JavaFX App] TRACE Entity               - Initializing entity
04:02:22.528 [JavaFX App] DEBUG GameScene            - Entity added to scene
04:02:22.528 [JavaFX App] DEBUG GameScene            - Added MainViewComponent
04:02:22.530 [JavaFX App] DEBUG GameScene            - Creating render group for layer: TOP(2147483647)
04:02:22.532 [JavaFX App] DEBUG FXGLEventBus         - Firing event: WorldEvent[type=ENTITY_ADDED]
04:02:22.532 [JavaFX App] TRACE Entity               - Initializing entity
04:02:22.532 [JavaFX App] DEBUG GameScene            - Entity added to scene
04:02:22.532 [JavaFX App] DEBUG GameScene            - Added MainViewComponent
04:02:22.532 [JavaFX App] DEBUG FXGLEventBus         - Firing event: WorldEvent[type=ENTITY_ADDED]
04:02:22.532 [JavaFX App] TRACE Entity               - Initializing entity
04:02:22.533 [JavaFX App] DEBUG GameScene            - Entity added to scene
04:02:22.533 [JavaFX App] DEBUG GameScene            - Added MainViewComponent
04:02:22.533 [JavaFX App] DEBUG FXGLEventBus         - Firing event: WorldEvent[type=ENTITY_ADDED]
04:02:22.533 [JavaFX App] TRACE Entity               - Initializing entity
04:02:22.533 [JavaFX App] DEBUG GameScene            - Entity added to scene
04:02:22.533 [JavaFX App] DEBUG GameScene            - Added MainViewComponent
04:02:22.533 [JavaFX App] DEBUG FXGLEventBus         - Firing event: WorldEvent[type=ENTITY_ADDED]
04:02:22.533 [JavaFX App] TRACE Entity               - Initializing entity
04:02:22.533 [JavaFX App] DEBUG GameScene            - Entity added to scene
04:02:22.533 [JavaFX App] DEBUG GameScene            - Added MainViewComponent
04:02:22.533 [JavaFX App] DEBUG FXGLEventBus         - Firing event: WorldEvent[type=ENTITY_ADDED]
04:02:22.533 [JavaFX App] TRACE Entity               - Initializing entity
04:02:22.533 [JavaFX App] DEBUG GameScene            - Entity added to scene
04:02:22.533 [JavaFX App] DEBUG GameScene            - Added MainViewComponent
04:02:22.534 [JavaFX App] DEBUG FXGLEventBus         - Firing event: WorldEvent[type=ENTITY_ADDED]
04:02:22.534 [JavaFX App] TRACE Entity               - Initializing entity
04:02:22.534 [JavaFX App] DEBUG GameScene            - Entity added to scene
04:02:22.534 [JavaFX App] DEBUG GameScene            - Added MainViewComponent
04:02:22.534 [JavaFX App] DEBUG FXGLEventBus         - Firing event: WorldEvent[type=ENTITY_ADDED]
04:02:22.534 [JavaFX App] TRACE Entity               - Initializing entity
04:02:22.534 [JavaFX App] DEBUG GameScene            - Entity added to scene
04:02:22.534 [JavaFX App] DEBUG GameScene            - Added MainViewComponent
04:02:22.534 [JavaFX App] DEBUG FXGLEventBus         - Firing event: WorldEvent[type=ENTITY_ADDED]
04:02:22.534 [JavaFX App] TRACE Entity               - Initializing entity
04:02:22.534 [JavaFX App] DEBUG GameScene            - Entity added to scene
04:02:22.534 [JavaFX App] DEBUG GameScene            - Added MainViewComponent
04:02:22.534 [JavaFX App] DEBUG FXGLEventBus         - Firing event: WorldEvent[type=ENTITY_ADDED]
04:02:22.534 [JavaFX App] TRACE Entity               - Initializing entity
04:02:22.534 [JavaFX App] DEBUG GameScene            - Entity added to scene
04:02:22.534 [JavaFX App] DEBUG GameScene            - Added MainViewComponent
04:02:22.534 [JavaFX App] DEBUG FXGLEventBus         - Firing event: WorldEvent[type=ENTITY_ADDED]
04:02:22.534 [JavaFX App] TRACE Entity               - Initializing entity
04:02:22.534 [JavaFX App] DEBUG GameScene            - Entity added to scene
04:02:22.534 [JavaFX App] DEBUG GameScene            - Added MainViewComponent
04:02:22.535 [JavaFX App] DEBUG FXGLEventBus         - Firing event: WorldEvent[type=ENTITY_ADDED]
04:02:22.535 [JavaFX App] TRACE Entity               - Initializing entity
04:02:22.535 [JavaFX App] DEBUG GameScene            - Entity added to scene
04:02:22.535 [JavaFX App] DEBUG GameScene            - Added MainViewComponent
04:02:22.535 [JavaFX App] DEBUG FXGLEventBus         - Firing event: WorldEvent[type=ENTITY_ADDED]
04:02:22.535 [JavaFX App] TRACE Entity               - Initializing entity
04:02:22.535 [JavaFX App] DEBUG GameScene            - Entity added to scene
04:02:22.535 [JavaFX App] DEBUG GameScene            - Added MainViewComponent
04:02:22.535 [JavaFX App] DEBUG FXGLEventBus         - Firing event: WorldEvent[type=ENTITY_ADDED]
04:02:22.535 [JavaFX App] TRACE Entity               - Initializing entity
04:02:22.535 [JavaFX App] DEBUG GameScene            - Entity added to scene
04:02:22.535 [JavaFX App] DEBUG GameScene            - Added MainViewComponent
04:02:22.535 [JavaFX App] DEBUG FXGLEventBus         - Firing event: WorldEvent[type=ENTITY_ADDED]
04:02:22.535 [JavaFX App] TRACE Entity               - Initializing entity
04:02:22.536 [JavaFX App] DEBUG GameScene            - Entity added to scene
04:02:22.536 [JavaFX App] DEBUG FXGLEventBus         - Firing event: WorldEvent[type=ENTITY_ADDED]
04:02:24.245 [JavaFX App] DEBUG FXGLEventBus         - Firing event: DisplayEvent[type=DIALOG_OPENED]
04:02:24.246 [JavaFX App] DEBUG FXGLEventBus         - Firing event: FXGLEvent[type=PAUSE]
04:02:24.247 [JavaFX App] DEBUG FXGLInput            - Clearing active input actions
04:02:24.247 [JavaFX App] DEBUG FXGLMasterTimer      - Stopping master timer
04:02:24.247 [JavaFX App] DEBUG GameApplication      - State: PLAYING -> PAUSED
04:02:24.247 [JavaFX App] DEBUG FXGLInput            - Clearing active input actions
04:02:25.478 [JavaFX App] DEBUG FXGLEventBus         - Firing event: DisplayEvent[type=DIALOG_CLOSED]
04:02:25.479 [JavaFX App] DEBUG FXGLEventBus         - Firing event: FXGLEvent[type=RESUME]
04:02:25.479 [JavaFX App] DEBUG FXGLInput            - Clearing active input actions
04:02:25.479 [JavaFX App] DEBUG FXGLMasterTimer      - Starting master timer
04:02:25.479 [JavaFX App] DEBUG GameApplication      - State: PAUSED -> PLAYING
04:02:25.480 [JavaFX App] DEBUG FXGLEventBus         - Firing event: DisplayEvent[type=CLOSE_REQUEST]
04:02:25.480 [JavaFX App] DEBUG FXGLEventBus         - Firing event: FXGLEvent[type=EXIT]
04:02:25.481 [JavaFX App] DEBUG FXGLEventBus         - Firing event: SaveEvent
04:02:25.481 [JavaFX App] DEBUG FXGLInput            - Saving data to profile
04:02:25.481 [JavaFX App] DEBUG Bundle               - Logging bundle: input
04:02:25.481 [JavaFX App] DEBUG Bundle               - input.Screenshot=P
04:02:25.481 [JavaFX App] DEBUG Bundle               - input.right=D
04:02:25.481 [JavaFX App] DEBUG Bundle               - input.Developer Options=0
04:02:25.481 [JavaFX App] DEBUG Bundle               - input.left=A
04:02:25.481 [JavaFX App] DEBUG FXGLDisplay          - Saving data to profile
04:02:25.482 [JavaFX App] DEBUG Bundle               - Logging bundle: scene
04:02:25.482 [JavaFX App] DEBUG Bundle               - scene.sizeW=1280.0
04:02:25.482 [JavaFX App] DEBUG Bundle               - scene.sizeH=720.0
04:02:25.482 [JavaFX App] DEBUG FXGLAudioPlayer      - Saving data to profile
04:02:25.482 [JavaFX App] DEBUG Bundle               - Logging bundle: audio
04:02:25.482 [JavaFX App] DEBUG Bundle               - audio.musicVolume=0.5
04:02:25.482 [JavaFX App] DEBUG Bundle               - audio.soundVolume=0.5
04:02:25.482 [JavaFX App] DEBUG AchievementManager   - Saving data to profile
04:02:25.482 [JavaFX App] DEBUG Bundle               - Logging bundle: achievement
04:02:25.482 [JavaFX App] DEBUG FXGLMasterTimer      - Saving data to profile
04:02:25.482 [JavaFX App] DEBUG Bundle               - Logging bundle: timer
04:02:25.482 [JavaFX App] DEBUG Bundle               - timer.playtime=370067704255
04:02:25.484 [JavaFX App] DEBUG SaveLoadManager      - Saving profile: 1
04:02:25.487 [JavaFX App] DEBUG IOTask               - Executing task: writeDataTask(./profiles/1/user.profile)
04:02:25.487 [JavaFX App] DEBUG IOTask               - Executing task: writeDataTask(./profiles/1/user.profile)
04:02:25.491 [JavaFX App] DEBUG FS                   - Writing to: .\profiles\1\user.profile
04:02:25.499 [JavaFX App] DEBUG IOTask               - Executing task: checkSavesDir(./profiles/1/saves/)
04:02:25.500 [JavaFX App] DEBUG IOTask               - Task succeeded: writeDataTask(./profiles/1/user.profile)
