04:00:56.864 [JavaFX App] DEBUG FXGLLoggerFactory    - Service [LoggerFactory] initialized
04:00:56.869 [JavaFX App] DEBUG GameApplication      - Starting Game Application
04:00:56.870 [JavaFX App] DEBUG FXGLEventBus         - Service [EventBus] initialized
04:00:56.874 [JavaFX App] DEBUG FXGLExecutor         - Service [Executor] initialized
04:00:56.876 [JavaFX App] DEBUG GameWorld            - Game world initialized
04:00:56.909 [JavaFX App] DEBUG PhysicsWorld         - Physics world initialized
04:00:56.924 [JavaFX App] DEBUG GameScene            - Game scene initialized: 1280.0x720.0
04:00:56.948 [JavaFX App] DEBUG AssetLoader          - Service [AssetLoader] initialized
04:00:56.950 [JavaFX App] DEBUG AssetLoader          - Loading from disk: /assets/sounds/system/notification.wav
04:00:56.965 [JavaFX App] DEBUG AssetLoader          - Loading from disk: /assets/sounds/menu/select.wav
04:00:56.967 [JavaFX App] DEBUG AssetLoader          - Loading from disk: /assets/sounds/menu/back.wav
04:00:56.968 [JavaFX App] DEBUG AssetLoader          - Loading from disk: /assets/sounds/menu/press.wav
04:00:56.970 [JavaFX App] DEBUG AssetLoader          - Loading from disk: /assets/ui/fonts/Copperplate_Gothic_Light_Regular.ttf
04:00:57.060 [JavaFX App] DEBUG AssetLoader          - Loading from disk: /assets/ui/css/fxgl.css
04:00:57.060 [JavaFX App] DEBUG AssetLoader          - Loading from disk: /assets/ui/icons/fxgl_icon.png
04:00:57.091 [JavaFX App] DEBUG AssetLoader          - Loading from disk: /assets/ui/css/fxgl_dark.css
04:00:57.103 [JavaFX App] DEBUG FXGLDisplay          - Target size: DoubleProperty [value: 1280.0] x DoubleProperty [value: 720.0] @ 1.0
04:00:57.103 [JavaFX App] DEBUG FXGLDisplay          - New size:    1280.0 x 720.0 @ DoubleProperty [value: 1.0]
04:00:57.104 [JavaFX App] DEBUG FXGLDisplay          - Service [Display] initialized
04:00:57.104 [JavaFX App] DEBUG FXGLDisplay          - Using CSS: CSS(externalForm=jar:file:/C:/Users/Romano/Documents/GitHub/Breakout/src/lib/FXGL-0.2.4-uber.jar!/assets/ui/css/fxgl_dark.css)
04:00:57.106 [JavaFX App] DEBUG FXGLInput            - Service [Input] initialized
04:00:57.107 [JavaFX App] DEBUG FXGLInput            - Registered new binding: Screenshot - P
04:00:57.107 [JavaFX App] DEBUG FXGLInput            - Registered new binding: Developer Options - CTRL+0
04:00:57.109 [JavaFX App] DEBUG FXGLInput            - Registered new binding: left - A
04:00:57.109 [JavaFX App] DEBUG FXGLInput            - Registered new binding: right - D
04:00:57.109 [JavaFX App] DEBUG GameApplication      - Initializing global event handlers
04:00:57.110 [JavaFX App] DEBUG FXGLMasterTimer      - Service [MasterTimer] initialized
04:00:57.115 [JavaFX App] DEBUG FXGLEventBus         - Firing event: SaveEvent
04:00:57.116 [JavaFX App] DEBUG FXGLInput            - Saving data to profile
04:00:57.117 [JavaFX App] DEBUG Bundle               - Logging bundle: input
04:00:57.117 [JavaFX App] DEBUG Bundle               - input.Screenshot=P
04:00:57.117 [JavaFX App] DEBUG Bundle               - input.right=D
04:00:57.117 [JavaFX App] DEBUG Bundle               - input.Developer Options=CTRL+0
04:00:57.118 [JavaFX App] DEBUG Bundle               - input.left=A
04:00:57.118 [JavaFX App] DEBUG FXGLDisplay          - Saving data to profile
04:00:57.118 [JavaFX App] DEBUG Bundle               - Logging bundle: scene
04:00:57.118 [JavaFX App] DEBUG Bundle               - scene.sizeW=1280.0
04:00:57.118 [JavaFX App] DEBUG Bundle               - scene.sizeH=720.0
04:00:57.118 [JavaFX App] DEBUG FXGLAudioPlayer      - Service [AudioPlayer] initialized
04:00:57.118 [JavaFX App] DEBUG FXGLAudioPlayer      - Saving data to profile
04:00:57.119 [JavaFX App] DEBUG Bundle               - Logging bundle: audio
04:00:57.119 [JavaFX App] DEBUG Bundle               - audio.musicVolume=0.5
04:00:57.119 [JavaFX App] DEBUG Bundle               - audio.soundVolume=0.5
04:00:57.119 [JavaFX App] DEBUG AchievementManager   - Service [AchievementManager] initialized
04:00:57.119 [JavaFX App] DEBUG AchievementManager   - Saving data to profile
04:00:57.119 [JavaFX App] DEBUG Bundle               - Logging bundle: achievement
04:00:57.119 [JavaFX App] DEBUG FXGLMasterTimer      - Saving data to profile
04:00:57.119 [JavaFX App] DEBUG Bundle               - Logging bundle: timer
04:00:57.119 [JavaFX App] DEBUG Bundle               - timer.playtime=0
04:00:57.151 [JavaFX App] DEBUG GameApplication      - State: STARTUP -> MAIN_MENU
04:00:57.267 [JavaFX App] DEBUG FXGLDisplay          - Showing stage
04:00:57.267 [JavaFX App] DEBUG FXGLDisplay          - Root size: 1280.0x720.0
04:00:57.267 [JavaFX App] DEBUG FXGLDisplay          - Scene size: 1280.0x720.0
04:00:57.267 [JavaFX App] DEBUG FXGLDisplay          - Stage size: 1296.0x758.0
04:00:57.335 [JavaFX App] DEBUG SaveLoadManager      - Checking profiles dir: profiles/
04:00:57.336 [JavaFX App] DEBUG SaveLoadManager      - Loading profile names
04:00:57.338 [JavaFX App] DEBUG IOTask               - Showing dialog
04:00:57.344 [JavaFX App] DEBUG FXGLEventBus         - Firing event: DisplayEvent[type=DIALOG_OPENED]
04:00:57.344 [JavaFX App] DEBUG FXGLInput            - Clearing active input actions
04:00:57.346 [pool-3-thr] DEBUG IOTask               - Executing task: loadDirectoryNamesTask(./profiles/, false)
04:00:57.438 [JavaFX App] DEBUG IOTask               - succeed(): Dismissing dialog
04:00:57.438 [JavaFX App] DEBUG FXGLEventBus         - Firing event: DisplayEvent[type=DIALOG_CLOSED]
04:00:57.438 [JavaFX App] DEBUG IOTask               - Task succeeded: loadDirectoryNamesTask(./profiles/, false)
04:00:57.447 [JavaFX App] DEBUG FXGLEventBus         - Firing event: DisplayEvent[type=DIALOG_OPENED]
04:00:57.447 [JavaFX App] DEBUG FXGLInput            - Clearing active input actions
04:00:58.099 [JavaFX App] DEBUG FXGLEventBus         - Firing event: DisplayEvent[type=DIALOG_CLOSED]
04:00:58.099 [JavaFX App] DEBUG SaveLoadManager      - Loading profile: 1
04:00:58.100 [JavaFX App] DEBUG IOTask               - Showing dialog
04:00:58.104 [JavaFX App] DEBUG FXGLEventBus         - Firing event: DisplayEvent[type=DIALOG_OPENED]
04:00:58.104 [JavaFX App] DEBUG FXGLInput            - Clearing active input actions
04:00:58.104 [pool-3-thr] DEBUG IOTask               - Executing task: readDataTask(./profiles/1/user.profile)
04:00:58.107 [pool-3-thr] DEBUG FS                   - Reading from: .\profiles\1\user.profile
04:00:58.115 [JavaFX App] DEBUG IOTask               - succeed(): Dismissing dialog
04:00:58.116 [JavaFX App] DEBUG FXGLEventBus         - Firing event: DisplayEvent[type=DIALOG_CLOSED]
04:00:58.116 [JavaFX App] DEBUG IOTask               - Task succeeded: readDataTask(./profiles/1/user.profile)
04:00:58.116 [JavaFX App] DEBUG FXGLEventBus         - Firing event: LoadEvent[type=LOAD_PROFILE]
04:00:58.116 [JavaFX App] DEBUG FXGLInput            - Loading data from profile
04:00:58.116 [JavaFX App] DEBUG Bundle               - Logging bundle: input
04:00:58.116 [JavaFX App] DEBUG Bundle               - input.Screenshot=P
04:00:58.116 [JavaFX App] DEBUG Bundle               - input.right=D
04:00:58.116 [JavaFX App] DEBUG Bundle               - input.Developer Options=0
04:00:58.116 [JavaFX App] DEBUG Bundle               - input.left=A
04:00:58.116 [JavaFX App] DEBUG FXGLDisplay          - Loading data from profile
04:00:58.116 [JavaFX App] DEBUG Bundle               - Logging bundle: scene
04:00:58.116 [JavaFX App] DEBUG Bundle               - scene.sizeW=1280.0
04:00:58.116 [JavaFX App] DEBUG Bundle               - scene.sizeH=720.0
04:00:58.116 [JavaFX App] DEBUG FXGLDisplay          - Target size: DoubleProperty [value: 1280.0] x DoubleProperty [value: 720.0] @ 1.0
04:00:58.116 [JavaFX App] DEBUG FXGLDisplay          - New size:    1280.0 x 720.0 @ DoubleProperty [value: 1.0]
04:00:58.126 [JavaFX App] DEBUG FXGLAudioPlayer      - Loading data from profile
04:00:58.126 [JavaFX App] DEBUG Bundle               - Logging bundle: audio
04:00:58.126 [JavaFX App] DEBUG Bundle               - audio.musicVolume=0.5
04:00:58.126 [JavaFX App] DEBUG Bundle               - audio.soundVolume=0.5
04:00:58.126 [JavaFX App] DEBUG AchievementManager   - Loading data from profile
04:00:58.126 [JavaFX App] DEBUG Bundle               - Logging bundle: achievement
04:00:58.126 [JavaFX App] DEBUG FXGLMasterTimer      - Loading data from profile
04:00:58.126 [JavaFX App] DEBUG Bundle               - Logging bundle: timer
04:00:58.126 [JavaFX App] DEBUG Bundle               - timer.playtime=368512187990
04:00:58.127 [JavaFX App] DEBUG SaveLoadManager      - Loading last modified save file
04:00:58.127 [JavaFX App] DEBUG SaveLoadManager      - Loading save files
04:00:58.129 [JavaFX App] DEBUG IOTask               - Showing dialog
04:00:58.135 [JavaFX App] DEBUG FXGLEventBus         - Firing event: DisplayEvent[type=DIALOG_OPENED]
04:00:58.135 [JavaFX App] DEBUG FXGLInput            - Clearing active input actions
04:00:58.135 [pool-3-thr] DEBUG IOTask               - Executing task: loadFileNamesTask(./profiles/1/saves/, true, [FileExtension(extension=.sav)])
04:00:58.135 [pool-3-thr] DEBUG IOTask               - Executing task: loadFileNamesTask(./profiles/1/saves/, true, [FileExtension(extension=.sav)])
04:00:58.135 [pool-3-thr] DEBUG IOTask               - Executing task: loadFileNamesTask(./profiles/1/saves/, true, [FileExtension(extension=.sav)])
04:00:58.137 [pool-3-thr] DEBUG IOTask               - Executing task: readSaveFiles
04:00:58.137 [pool-3-thr] DEBUG IOTask               - Executing task: findLastSave
04:00:58.151 [JavaFX App] DEBUG IOTask               - fail(): Dismissing dialog
04:00:58.152 [JavaFX App] DEBUG FXGLEventBus         - Firing event: DisplayEvent[type=DIALOG_CLOSED]
04:00:58.152 [JavaFX App] WARN  IOTask               - Task failed: loadFileNamesTask(./profiles/1/saves/, true, [FileExtension(extension=.sav)]) Error: java.io.FileNotFoundException: No save files found
04:00:58.152 [JavaFX App] DEBUG FXGLEventBus         - Firing event: ProfileSelectedEvent[name=1,hasSaves=false]
04:00:58.664 [JavaFX App] DEBUG Menu                 - fireNewGame()
04:00:58.665 [JavaFX App] DEBUG GameApplication      - Starting new game
04:00:58.668 [JavaFX App] DEBUG GameApplication      - Initializing App
04:00:58.669 [JavaFX App] DEBUG FXGLEventBus         - Firing event: FXGLEvent[type=PAUSE]
04:00:58.670 [JavaFX App] DEBUG FXGLInput            - Clearing active input actions
04:00:58.671 [JavaFX App] DEBUG FXGLMasterTimer      - Stopping master timer
04:00:58.671 [JavaFX App] DEBUG GameApplication      - State: MAIN_MENU -> PAUSED
04:00:58.672 [JavaFX App] DEBUG FXGLEventBus         - Firing event: FXGLEvent[type=RESET]
04:00:58.672 [JavaFX App] DEBUG GameWorld            - Resetting game world
04:00:58.672 [JavaFX App] TRACE EntityWorld          - Resetting entity world
04:00:58.677 [JavaFX App] DEBUG GameScene            - Resetting game scene
04:00:58.677 [JavaFX App] DEBUG FXGLInput            - Clearing active input actions
04:00:58.677 [JavaFX App] DEBUG FXGLMasterTimer      - Resetting ticks and clearing all actions
04:00:58.677 [JavaFX App] DEBUG GameApplication      - State: PAUSED -> LOADING
04:00:58.683 [JavaFX App] DEBUG GameApplication      - Starting FXGL Init Thread
04:00:58.683 [JavaFX App] DEBUG FXGLEventBus         - Firing event: MenuEvent[type=NEW_GAME]
04:00:58.684 [FXGL Init ] DEBUG InitAppTask          - Initializing Assets
04:00:58.686 [FXGL Init ] DEBUG AssetLoader          - Loading from disk: /assets/textures/Balls/ball_red.png
04:00:58.691 [FXGL Init ] DEBUG AssetLoader          - Loading from disk: /assets/textures/Bats/bat_black.png
04:00:58.692 [FXGL Init ] DEBUG AssetLoader          - Loading from disk: /assets/textures/Bricks/brick_blue_small.png
04:00:58.693 [FXGL Init ] DEBUG AssetLoader          - Loading from disk: /assets/textures/Walls/brick_red.png
04:00:58.694 [FXGL Init ] DEBUG InitAppTask          - Initializing Game
04:00:58.715 [FXGL Init ] DEBUG AssetLoader          - Loading from cache: /assets/textures/Bats/bat_black.png
04:00:58.719 [FXGL Init ] DEBUG AssetLoader          - Loading from cache: /assets/textures/Balls/ball_red.png
04:00:58.720 [JavaFX App] DEBUG FXGLEventBus         - Firing event: FXGLEvent[type=PAUSE]
04:00:58.720 [JavaFX App] DEBUG FXGLInput            - Clearing active input actions
04:00:58.720 [JavaFX App] DEBUG FXGLMasterTimer      - Stopping master timer
04:00:58.720 [JavaFX App] DEBUG GameApplication      - State: LOADING -> PAUSED
04:00:58.720 [JavaFX App] FATAL GameApplication      - Uncaught Exception:
04:00:58.721 [JavaFX App] FATAL GameApplication      - 

Exception occurred: java.lang.IllegalStateException : Physics not initialized yet! Use setOnPhysicsInitialized() insteadE: com.almasb.fxgl.physics.PhysicsComponent.setBodyLinearVelocity(PhysicsComponent.java:138)
E: com.almasb.fxgl.physics.PhysicsComponent.setLinearVelocity(PhysicsComponent.java:113)
E: com.almasb.fxgl.physics.PhysicsComponent.setLinearVelocity(PhysicsComponent.java:125)
E: Breakout.Breakout.initBall(Breakout.java:387)
E: Breakout.Breakout.initGame(Breakout.java:173)
E: com.almasb.fxgl.app.InitAppTask.call(InitAppTask.kt:50)
E: com.almasb.fxgl.app.InitAppTask.call(InitAppTask.kt:38)
E: javafx.concurrent.Task$TaskCallable.call(Task.java:1423)
E: java.util.concurrent.FutureTask.run(FutureTask.java:266)
E: java.lang.Thread.run(Thread.java:745)

04:00:58.721 [JavaFX App] FATAL GameApplication      - Application will now exit
04:01:03.683 [JavaFX App] DEBUG FXGLEventBus         - Firing event: FXGLEvent[type=EXIT]
04:01:03.683 [JavaFX App] DEBUG FXGLEventBus         - Firing event: SaveEvent
04:01:03.683 [JavaFX App] DEBUG FXGLInput            - Saving data to profile
04:01:03.683 [JavaFX App] DEBUG Bundle               - Logging bundle: input
04:01:03.683 [JavaFX App] DEBUG Bundle               - input.Screenshot=P
04:01:03.683 [JavaFX App] DEBUG Bundle               - input.right=D
04:01:03.683 [JavaFX App] DEBUG Bundle               - input.Developer Options=0
04:01:03.683 [JavaFX App] DEBUG Bundle               - input.left=A
04:01:03.683 [JavaFX App] DEBUG FXGLDisplay          - Saving data to profile
04:01:03.683 [JavaFX App] DEBUG Bundle               - Logging bundle: scene
04:01:03.683 [JavaFX App] DEBUG Bundle               - scene.sizeW=1280.0
04:01:03.683 [JavaFX App] DEBUG Bundle               - scene.sizeH=720.0
04:01:03.683 [JavaFX App] DEBUG FXGLAudioPlayer      - Saving data to profile
04:01:03.683 [JavaFX App] DEBUG Bundle               - Logging bundle: audio
04:01:03.683 [JavaFX App] DEBUG Bundle               - audio.musicVolume=0.5
04:01:03.683 [JavaFX App] DEBUG Bundle               - audio.soundVolume=0.5
04:01:03.683 [JavaFX App] DEBUG AchievementManager   - Saving data to profile
04:01:03.683 [JavaFX App] DEBUG Bundle               - Logging bundle: achievement
04:01:03.683 [JavaFX App] DEBUG FXGLMasterTimer      - Saving data to profile
04:01:03.683 [JavaFX App] DEBUG Bundle               - Logging bundle: timer
04:01:03.683 [JavaFX App] DEBUG Bundle               - timer.playtime=368512187990
04:01:03.684 [JavaFX App] DEBUG SaveLoadManager      - Saving profile: 1
04:01:03.685 [JavaFX App] DEBUG IOTask               - Executing task: writeDataTask(./profiles/1/user.profile)
04:01:03.685 [JavaFX App] DEBUG IOTask               - Executing task: writeDataTask(./profiles/1/user.profile)
04:01:03.687 [JavaFX App] DEBUG FS                   - Writing to: .\profiles\1\user.profile
04:01:03.689 [JavaFX App] DEBUG IOTask               - Executing task: checkSavesDir(./profiles/1/saves/)
04:01:03.689 [JavaFX App] DEBUG IOTask               - Task succeeded: writeDataTask(./profiles/1/user.profile)
