01:14:50.470 [JavaFX App] DEBUG FXGLLoggerFactory    - Service [LoggerFactory] initialized
01:14:50.478 [JavaFX App] DEBUG GameApplication      - Starting Game Application
01:14:50.481 [JavaFX App] DEBUG FXGLEventBus         - Service [EventBus] initialized
01:14:50.486 [JavaFX App] DEBUG FXGLExecutor         - Service [Executor] initialized
01:14:50.489 [JavaFX App] DEBUG GameWorld            - Game world initialized
01:14:50.534 [JavaFX App] DEBUG PhysicsWorld         - Physics world initialized
01:14:50.550 [JavaFX App] DEBUG GameScene            - Game scene initialized: 1280.0x720.0
01:14:50.577 [JavaFX App] DEBUG AssetLoader          - Service [AssetLoader] initialized
01:14:50.579 [JavaFX App] DEBUG AssetLoader          - Loading from disk: /assets/sounds/system/notification.wav
01:14:50.595 [JavaFX App] DEBUG AssetLoader          - Loading from disk: /assets/sounds/menu/select.wav
01:14:50.596 [JavaFX App] DEBUG AssetLoader          - Loading from disk: /assets/sounds/menu/back.wav
01:14:50.597 [JavaFX App] DEBUG AssetLoader          - Loading from disk: /assets/sounds/menu/press.wav
01:14:50.598 [JavaFX App] DEBUG AssetLoader          - Loading from disk: /assets/ui/fonts/Copperplate_Gothic_Light_Regular.ttf
01:14:50.688 [JavaFX App] DEBUG AssetLoader          - Loading from disk: /assets/ui/css/fxgl.css
01:14:50.688 [JavaFX App] DEBUG AssetLoader          - Loading from disk: /assets/ui/icons/fxgl_icon.png
01:14:50.721 [JavaFX App] DEBUG AssetLoader          - Loading from disk: /assets/ui/css/fxgl_dark.css
01:14:50.736 [JavaFX App] DEBUG FXGLDisplay          - Target size: DoubleProperty [value: 1280.0] x DoubleProperty [value: 720.0] @ 1.0
01:14:50.736 [JavaFX App] DEBUG FXGLDisplay          - New size:    1280.0 x 720.0 @ DoubleProperty [value: 1.0]
01:14:50.736 [JavaFX App] DEBUG FXGLDisplay          - Service [Display] initialized
01:14:50.737 [JavaFX App] DEBUG FXGLDisplay          - Using CSS: CSS(externalForm=jar:file:/C:/Users/Romano/Documents/GitHub/Breakout/src/lib/FXGL-0.2.4-uber.jar!/assets/ui/css/fxgl_dark.css)
01:14:50.740 [JavaFX App] DEBUG FXGLInput            - Service [Input] initialized
01:14:50.741 [JavaFX App] DEBUG FXGLInput            - Registered new binding: Screenshot - P
01:14:50.741 [JavaFX App] DEBUG FXGLInput            - Registered new binding: Developer Options - CTRL+0
01:14:50.743 [JavaFX App] DEBUG FXGLInput            - Registered new binding: left - A
01:14:50.743 [JavaFX App] DEBUG FXGLInput            - Registered new binding: right - D
01:14:50.743 [JavaFX App] DEBUG GameApplication      - Initializing global event handlers
01:14:50.744 [JavaFX App] DEBUG FXGLMasterTimer      - Service [MasterTimer] initialized
01:14:50.751 [JavaFX App] DEBUG FXGLEventBus         - Firing event: SaveEvent
01:14:50.753 [JavaFX App] DEBUG FXGLInput            - Saving data to profile
01:14:50.754 [JavaFX App] DEBUG Bundle               - Logging bundle: input
01:14:50.754 [JavaFX App] DEBUG Bundle               - input.Screenshot=P
01:14:50.754 [JavaFX App] DEBUG Bundle               - input.right=D
01:14:50.754 [JavaFX App] DEBUG Bundle               - input.Developer Options=CTRL+0
01:14:50.754 [JavaFX App] DEBUG Bundle               - input.left=A
01:14:50.754 [JavaFX App] DEBUG FXGLDisplay          - Saving data to profile
01:14:50.754 [JavaFX App] DEBUG Bundle               - Logging bundle: scene
01:14:50.754 [JavaFX App] DEBUG Bundle               - scene.sizeW=1280.0
01:14:50.754 [JavaFX App] DEBUG Bundle               - scene.sizeH=720.0
01:14:50.755 [JavaFX App] DEBUG FXGLAudioPlayer      - Service [AudioPlayer] initialized
01:14:50.755 [JavaFX App] DEBUG FXGLAudioPlayer      - Saving data to profile
01:14:50.755 [JavaFX App] DEBUG Bundle               - Logging bundle: audio
01:14:50.755 [JavaFX App] DEBUG Bundle               - audio.musicVolume=0.5
01:14:50.755 [JavaFX App] DEBUG Bundle               - audio.soundVolume=0.5
01:14:50.756 [JavaFX App] DEBUG AchievementManager   - Service [AchievementManager] initialized
01:14:50.756 [JavaFX App] DEBUG AchievementManager   - Saving data to profile
01:14:50.756 [JavaFX App] DEBUG Bundle               - Logging bundle: achievement
01:14:50.756 [JavaFX App] DEBUG FXGLMasterTimer      - Saving data to profile
01:14:50.756 [JavaFX App] DEBUG Bundle               - Logging bundle: timer
01:14:50.756 [JavaFX App] DEBUG Bundle               - timer.playtime=0
01:14:50.789 [JavaFX App] DEBUG GameApplication      - State: STARTUP -> MAIN_MENU
01:14:50.913 [JavaFX App] DEBUG FXGLDisplay          - Showing stage
01:14:50.913 [JavaFX App] DEBUG FXGLDisplay          - Root size: 1280.0x720.0
01:14:50.913 [JavaFX App] DEBUG FXGLDisplay          - Scene size: 1280.0x720.0
01:14:50.913 [JavaFX App] DEBUG FXGLDisplay          - Stage size: 1296.0x758.0
01:14:50.981 [JavaFX App] DEBUG SaveLoadManager      - Checking profiles dir: profiles/
01:14:50.981 [JavaFX App] DEBUG SaveLoadManager      - Loading profile names
01:14:50.984 [JavaFX App] DEBUG IOTask               - Showing dialog
01:14:50.990 [JavaFX App] DEBUG FXGLEventBus         - Firing event: DisplayEvent[type=DIALOG_OPENED]
01:14:50.990 [JavaFX App] DEBUG FXGLInput            - Clearing active input actions
01:14:50.992 [pool-3-thr] DEBUG IOTask               - Executing task: loadDirectoryNamesTask(./profiles/, false)
01:14:51.080 [JavaFX App] DEBUG IOTask               - succeed(): Dismissing dialog
01:14:51.080 [JavaFX App] DEBUG FXGLEventBus         - Firing event: DisplayEvent[type=DIALOG_CLOSED]
01:14:51.080 [JavaFX App] DEBUG IOTask               - Task succeeded: loadDirectoryNamesTask(./profiles/, false)
01:14:51.088 [JavaFX App] DEBUG FXGLEventBus         - Firing event: DisplayEvent[type=DIALOG_OPENED]
01:14:51.088 [JavaFX App] DEBUG FXGLInput            - Clearing active input actions
01:14:52.650 [JavaFX App] DEBUG FXGLEventBus         - Firing event: DisplayEvent[type=DIALOG_CLOSED]
01:14:52.651 [JavaFX App] DEBUG SaveLoadManager      - Loading profile: 1
01:14:52.652 [JavaFX App] DEBUG IOTask               - Showing dialog
01:14:52.657 [JavaFX App] DEBUG FXGLEventBus         - Firing event: DisplayEvent[type=DIALOG_OPENED]
01:14:52.657 [JavaFX App] DEBUG FXGLInput            - Clearing active input actions
01:14:52.657 [pool-3-thr] DEBUG IOTask               - Executing task: readDataTask(./profiles/1/user.profile)
01:14:52.661 [pool-3-thr] DEBUG FS                   - Reading from: .\profiles\1\user.profile
01:14:52.672 [JavaFX App] DEBUG IOTask               - succeed(): Dismissing dialog
01:14:52.673 [JavaFX App] DEBUG FXGLEventBus         - Firing event: DisplayEvent[type=DIALOG_CLOSED]
01:14:52.673 [JavaFX App] DEBUG IOTask               - Task succeeded: readDataTask(./profiles/1/user.profile)
01:14:52.673 [JavaFX App] DEBUG FXGLEventBus         - Firing event: LoadEvent[type=LOAD_PROFILE]
01:14:52.673 [JavaFX App] DEBUG FXGLInput            - Loading data from profile
01:14:52.673 [JavaFX App] DEBUG Bundle               - Logging bundle: input
01:14:52.673 [JavaFX App] DEBUG Bundle               - input.Screenshot=P
01:14:52.673 [JavaFX App] DEBUG Bundle               - input.right=D
01:14:52.673 [JavaFX App] DEBUG Bundle               - input.Developer Options=0
01:14:52.673 [JavaFX App] DEBUG Bundle               - input.left=A
01:14:52.674 [JavaFX App] DEBUG FXGLDisplay          - Loading data from profile
01:14:52.674 [JavaFX App] DEBUG Bundle               - Logging bundle: scene
01:14:52.674 [JavaFX App] DEBUG Bundle               - scene.sizeW=1280.0
01:14:52.674 [JavaFX App] DEBUG Bundle               - scene.sizeH=720.0
01:14:52.674 [JavaFX App] DEBUG FXGLDisplay          - Target size: DoubleProperty [value: 1280.0] x DoubleProperty [value: 720.0] @ 1.0
01:14:52.674 [JavaFX App] DEBUG FXGLDisplay          - New size:    1280.0 x 720.0 @ DoubleProperty [value: 1.0]
01:14:52.690 [JavaFX App] DEBUG FXGLAudioPlayer      - Loading data from profile
01:14:52.690 [JavaFX App] DEBUG Bundle               - Logging bundle: audio
01:14:52.690 [JavaFX App] DEBUG Bundle               - audio.musicVolume=0.5
01:14:52.690 [JavaFX App] DEBUG Bundle               - audio.soundVolume=0.5
01:14:52.690 [JavaFX App] DEBUG AchievementManager   - Loading data from profile
01:14:52.690 [JavaFX App] DEBUG Bundle               - Logging bundle: achievement
01:14:52.691 [JavaFX App] DEBUG FXGLMasterTimer      - Loading data from profile
01:14:52.691 [JavaFX App] DEBUG Bundle               - Logging bundle: timer
01:14:52.691 [JavaFX App] DEBUG Bundle               - timer.playtime=0
01:14:52.691 [JavaFX App] DEBUG SaveLoadManager      - Loading last modified save file
01:14:52.691 [JavaFX App] DEBUG SaveLoadManager      - Loading save files
01:14:52.694 [JavaFX App] DEBUG IOTask               - Showing dialog
01:14:52.700 [JavaFX App] DEBUG FXGLEventBus         - Firing event: DisplayEvent[type=DIALOG_OPENED]
01:14:52.700 [JavaFX App] DEBUG FXGLInput            - Clearing active input actions
01:14:52.701 [pool-3-thr] DEBUG IOTask               - Executing task: loadFileNamesTask(./profiles/1/saves/, true, [FileExtension(extension=.sav)])
01:14:52.708 [pool-3-thr] DEBUG IOTask               - Executing task: loadFileNamesTask(./profiles/1/saves/, true, [FileExtension(extension=.sav)])
01:14:52.710 [pool-3-thr] DEBUG IOTask               - Executing task: loadFileNamesTask(./profiles/1/saves/, true, [FileExtension(extension=.sav)])
01:14:52.716 [pool-3-thr] DEBUG IOTask               - Executing task: readSaveFiles
01:14:52.717 [pool-3-thr] DEBUG IOTask               - Executing task: findLastSave
01:14:52.718 [JavaFX App] DEBUG IOTask               - fail(): Dismissing dialog
01:14:52.718 [JavaFX App] DEBUG FXGLEventBus         - Firing event: DisplayEvent[type=DIALOG_CLOSED]
01:14:52.718 [JavaFX App] WARN  IOTask               - Task failed: loadFileNamesTask(./profiles/1/saves/, true, [FileExtension(extension=.sav)]) Error: java.io.FileNotFoundException: No save files found
01:14:52.718 [JavaFX App] DEBUG FXGLEventBus         - Firing event: ProfileSelectedEvent[name=1,hasSaves=false]
01:14:54.346 [JavaFX App] DEBUG Menu                 - fireNewGame()
01:14:54.346 [JavaFX App] DEBUG GameApplication      - Starting new game
01:14:54.351 [JavaFX App] DEBUG GameApplication      - Initializing App
01:14:54.352 [JavaFX App] DEBUG FXGLEventBus         - Firing event: FXGLEvent[type=PAUSE]
01:14:54.353 [JavaFX App] DEBUG FXGLInput            - Clearing active input actions
01:14:54.355 [JavaFX App] DEBUG FXGLMasterTimer      - Stopping master timer
01:14:54.355 [JavaFX App] DEBUG GameApplication      - State: MAIN_MENU -> PAUSED
01:14:54.356 [JavaFX App] DEBUG FXGLEventBus         - Firing event: FXGLEvent[type=RESET]
01:14:54.356 [JavaFX App] DEBUG GameWorld            - Resetting game world
01:14:54.356 [JavaFX App] TRACE EntityWorld          - Resetting entity world
01:14:54.360 [JavaFX App] DEBUG GameScene            - Resetting game scene
01:14:54.360 [JavaFX App] DEBUG FXGLInput            - Clearing active input actions
01:14:54.361 [JavaFX App] DEBUG FXGLMasterTimer      - Resetting ticks and clearing all actions
01:14:54.361 [JavaFX App] DEBUG GameApplication      - State: PAUSED -> LOADING
01:14:54.372 [JavaFX App] DEBUG GameApplication      - Starting FXGL Init Thread
01:14:54.373 [JavaFX App] DEBUG FXGLEventBus         - Firing event: MenuEvent[type=NEW_GAME]
01:14:54.374 [FXGL Init ] DEBUG InitAppTask          - Initializing Assets
01:14:54.376 [FXGL Init ] DEBUG AssetLoader          - Loading from disk: /assets/textures/Balls/ball_red.png
01:14:54.391 [FXGL Init ] DEBUG AssetLoader          - Loading from disk: /assets/textures/Bats/bat_black.png
01:14:54.393 [FXGL Init ] DEBUG AssetLoader          - Loading from disk: /assets/textures/Bricks/brick_blue_small.png
01:14:54.394 [FXGL Init ] DEBUG AssetLoader          - Loading from disk: /assets/textures/Walls/brick_red.png
01:14:54.410 [FXGL Init ] DEBUG AssetLoader          - Loading from disk: /assets/textures/Background/background.jpg
01:14:54.430 [FXGL Init ] DEBUG AssetLoader          - Loading from disk: /assets/textures/Balls/ball_blue.png
01:14:54.431 [FXGL Init ] DEBUG AssetLoader          - Loading from disk: /assets/textures/Balls/ball_green.png
01:14:54.431 [FXGL Init ] DEBUG AssetLoader          - Loading from disk: /assets/textures/Balls/ball_orange.png
01:14:54.431 [FXGL Init ] DEBUG AssetLoader          - Loading from cache: /assets/textures/Balls/ball_red.png
01:14:54.432 [FXGL Init ] DEBUG AssetLoader          - Loading from disk: /assets/textures/Balls/ball_silver.png
01:14:54.432 [FXGL Init ] DEBUG AssetLoader          - Loading from disk: /assets/textures/Balls/ball_yellow.png
01:14:54.432 [FXGL Init ] DEBUG AssetLoader          - Loading from cache: /assets/textures/Bats/bat_black.png
01:14:54.432 [FXGL Init ] DEBUG AssetLoader          - Loading from disk: /assets/textures/Bats/bat_blue.png
01:14:54.433 [FXGL Init ] DEBUG AssetLoader          - Loading from disk: /assets/textures/Bats/bat_orange.png
01:14:54.433 [FXGL Init ] DEBUG AssetLoader          - Loading from disk: /assets/textures/Bats/bat_pink.png
01:14:54.434 [FXGL Init ] DEBUG AssetLoader          - Loading from disk: /assets/textures/Bats/bat_yellow.png
01:14:54.434 [FXGL Init ] DEBUG AssetLoader          - Loading from cache: /assets/textures/Bricks/brick_blue_small.png
01:14:54.434 [FXGL Init ] DEBUG AssetLoader          - Loading from disk: /assets/textures/Bricks/brick_blue_small_cracked.png
01:14:54.435 [FXGL Init ] DEBUG AssetLoader          - Loading from disk: /assets/textures/Bricks/brick_green_small.png
01:14:54.435 [FXGL Init ] DEBUG AssetLoader          - Loading from disk: /assets/textures/Bricks/brick_green_small_cracked.png
01:14:54.436 [FXGL Init ] DEBUG AssetLoader          - Loading from disk: /assets/textures/Bricks/brick_pink_small.png
01:14:54.436 [FXGL Init ] DEBUG AssetLoader          - Loading from disk: /assets/textures/Bricks/brick_pink_small_cracked.png
01:14:54.437 [FXGL Init ] DEBUG AssetLoader          - Loading from disk: /assets/textures/Bricks/brick_violet_small.png
01:14:54.437 [FXGL Init ] DEBUG AssetLoader          - Loading from disk: /assets/textures/Bricks/brick_violet_small_cracked.png
01:14:54.438 [FXGL Init ] DEBUG AssetLoader          - Loading from disk: /assets/textures/Bricks/brick_yellow_small.png
01:14:54.438 [FXGL Init ] DEBUG AssetLoader          - Loading from disk: /assets/textures/Bricks/brick_yellow_small_cracked.png
01:14:54.439 [FXGL Init ] DEBUG AssetLoader          - Loading from disk: /assets/textures/Power ups/star.png
01:14:54.440 [FXGL Init ] DEBUG AssetLoader          - Loading from disk: /assets/textures/Power ups/star_blue.png
01:14:54.445 [FXGL Init ] DEBUG AssetLoader          - Loading from disk: /assets/textures/Power ups/star_gree.png
01:14:54.448 [FXGL Init ] DEBUG AssetLoader          - Loading from disk: /assets/textures/Power ups/star_red.png
01:14:54.452 [FXGL Init ] DEBUG AssetLoader          - Loading from disk: /assets/textures/Preview.jpg
01:14:54.471 [FXGL Init ] DEBUG AssetLoader          - Loading from disk: /assets/textures/Read Me.txt
01:14:54.472 [FXGL Init ] DEBUG AssetLoader          - Loading from disk: /assets/textures/Walls/brick.png
01:14:54.474 [FXGL Init ] DEBUG AssetLoader          - Loading from disk: /assets/textures/Walls/brick_blue.png
01:14:54.476 [FXGL Init ] DEBUG AssetLoader          - Loading from disk: /assets/textures/Walls/brick_pink_side.png
01:14:54.478 [FXGL Init ] DEBUG AssetLoader          - Loading from cache: /assets/textures/Walls/brick_red.png
01:14:54.656 [FXGL Init ] DEBUG AssetLoader          - Loading from cache: /assets/sounds/menu/back.wav
01:14:54.656 [FXGL Init ] DEBUG AssetLoader          - Loading from cache: /assets/sounds/menu/press.wav
01:14:54.656 [FXGL Init ] DEBUG AssetLoader          - Loading from disk: /assets/sounds/menu/select.wav
01:14:54.656 [FXGL Init ] DEBUG AssetLoader          - Loading from disk: /assets/sounds/system/notification.wav
01:14:55.176 [FXGL Init ] DEBUG AssetLoader          - Loading from disk: /assets/ui/fonts/Copperplate_Gothic_Light_Regular.ttf
01:14:55.350 [FXGL Init ] DEBUG InitAppTask          - Initializing Game
01:15:07.992 [JavaFX App] DEBUG FXGLLoggerFactory    - Service [LoggerFactory] initialized
01:15:07.999 [JavaFX App] DEBUG GameApplication      - Starting Game Application
01:15:08.001 [JavaFX App] DEBUG FXGLEventBus         - Service [EventBus] initialized
01:15:08.004 [JavaFX App] DEBUG FXGLExecutor         - Service [Executor] initialized
01:15:08.007 [JavaFX App] DEBUG GameWorld            - Game world initialized
01:15:08.051 [JavaFX App] DEBUG PhysicsWorld         - Physics world initialized
01:15:08.067 [JavaFX App] DEBUG GameScene            - Game scene initialized: 1280.0x720.0
01:15:08.095 [JavaFX App] DEBUG AssetLoader          - Service [AssetLoader] initialized
01:15:08.096 [JavaFX App] DEBUG AssetLoader          - Loading from disk: /assets/sounds/system/notification.wav
01:15:08.112 [JavaFX App] DEBUG AssetLoader          - Loading from disk: /assets/sounds/menu/select.wav
01:15:08.113 [JavaFX App] DEBUG AssetLoader          - Loading from disk: /assets/sounds/menu/back.wav
01:15:08.114 [JavaFX App] DEBUG AssetLoader          - Loading from disk: /assets/sounds/menu/press.wav
01:15:08.116 [JavaFX App] DEBUG AssetLoader          - Loading from disk: /assets/ui/fonts/Copperplate_Gothic_Light_Regular.ttf
01:15:08.206 [JavaFX App] DEBUG AssetLoader          - Loading from disk: /assets/ui/css/fxgl.css
01:15:08.206 [JavaFX App] DEBUG AssetLoader          - Loading from disk: /assets/ui/icons/fxgl_icon.png
01:15:08.241 [JavaFX App] DEBUG AssetLoader          - Loading from disk: /assets/ui/css/fxgl_dark.css
01:15:08.256 [JavaFX App] DEBUG FXGLDisplay          - Target size: DoubleProperty [value: 1280.0] x DoubleProperty [value: 720.0] @ 1.0
01:15:08.256 [JavaFX App] DEBUG FXGLDisplay          - New size:    1280.0 x 720.0 @ DoubleProperty [value: 1.0]
01:15:08.256 [JavaFX App] DEBUG FXGLDisplay          - Service [Display] initialized
01:15:08.256 [JavaFX App] DEBUG FXGLDisplay          - Using CSS: CSS(externalForm=jar:file:/C:/Users/Romano/Documents/GitHub/Breakout/src/lib/FXGL-0.2.4-uber.jar!/assets/ui/css/fxgl_dark.css)
01:15:08.259 [JavaFX App] DEBUG FXGLInput            - Service [Input] initialized
01:15:08.260 [JavaFX App] DEBUG FXGLInput            - Registered new binding: Screenshot - P
01:15:08.260 [JavaFX App] DEBUG FXGLInput            - Registered new binding: Developer Options - CTRL+0
01:15:08.262 [JavaFX App] DEBUG FXGLInput            - Registered new binding: left - A
01:15:08.263 [JavaFX App] DEBUG FXGLInput            - Registered new binding: right - D
01:15:08.263 [JavaFX App] DEBUG GameApplication      - Initializing global event handlers
01:15:08.263 [JavaFX App] DEBUG FXGLMasterTimer      - Service [MasterTimer] initialized
01:15:08.271 [JavaFX App] DEBUG FXGLEventBus         - Firing event: SaveEvent
01:15:08.273 [JavaFX App] DEBUG FXGLInput            - Saving data to profile
01:15:08.274 [JavaFX App] DEBUG Bundle               - Logging bundle: input
01:15:08.274 [JavaFX App] DEBUG Bundle               - input.Screenshot=P
01:15:08.275 [JavaFX App] DEBUG Bundle               - input.right=D
01:15:08.275 [JavaFX App] DEBUG Bundle               - input.Developer Options=CTRL+0
01:15:08.275 [JavaFX App] DEBUG Bundle               - input.left=A
01:15:08.275 [JavaFX App] DEBUG FXGLDisplay          - Saving data to profile
01:15:08.275 [JavaFX App] DEBUG Bundle               - Logging bundle: scene
01:15:08.275 [JavaFX App] DEBUG Bundle               - scene.sizeW=1280.0
01:15:08.275 [JavaFX App] DEBUG Bundle               - scene.sizeH=720.0
01:15:08.276 [JavaFX App] DEBUG FXGLAudioPlayer      - Service [AudioPlayer] initialized
01:15:08.276 [JavaFX App] DEBUG FXGLAudioPlayer      - Saving data to profile
01:15:08.276 [JavaFX App] DEBUG Bundle               - Logging bundle: audio
01:15:08.276 [JavaFX App] DEBUG Bundle               - audio.musicVolume=0.5
01:15:08.276 [JavaFX App] DEBUG Bundle               - audio.soundVolume=0.5
01:15:08.277 [JavaFX App] DEBUG AchievementManager   - Service [AchievementManager] initialized
01:15:08.277 [JavaFX App] DEBUG AchievementManager   - Saving data to profile
01:15:08.277 [JavaFX App] DEBUG Bundle               - Logging bundle: achievement
01:15:08.277 [JavaFX App] DEBUG FXGLMasterTimer      - Saving data to profile
01:15:08.277 [JavaFX App] DEBUG Bundle               - Logging bundle: timer
01:15:08.277 [JavaFX App] DEBUG Bundle               - timer.playtime=0
01:15:08.313 [JavaFX App] DEBUG GameApplication      - State: STARTUP -> MAIN_MENU
01:15:08.440 [JavaFX App] DEBUG FXGLDisplay          - Showing stage
01:15:08.441 [JavaFX App] DEBUG FXGLDisplay          - Root size: 1280.0x720.0
01:15:08.441 [JavaFX App] DEBUG FXGLDisplay          - Scene size: 1280.0x720.0
01:15:08.441 [JavaFX App] DEBUG FXGLDisplay          - Stage size: 1296.0x758.0
01:15:08.513 [JavaFX App] DEBUG SaveLoadManager      - Checking profiles dir: profiles/
01:15:08.514 [JavaFX App] DEBUG SaveLoadManager      - Loading profile names
01:15:08.516 [JavaFX App] DEBUG IOTask               - Showing dialog
01:15:08.522 [JavaFX App] DEBUG FXGLEventBus         - Firing event: DisplayEvent[type=DIALOG_OPENED]
01:15:08.523 [JavaFX App] DEBUG FXGLInput            - Clearing active input actions
01:15:08.524 [pool-3-thr] DEBUG IOTask               - Executing task: loadDirectoryNamesTask(./profiles/, false)
01:15:08.610 [JavaFX App] DEBUG IOTask               - succeed(): Dismissing dialog
01:15:08.611 [JavaFX App] DEBUG FXGLEventBus         - Firing event: DisplayEvent[type=DIALOG_CLOSED]
01:15:08.611 [JavaFX App] DEBUG IOTask               - Task succeeded: loadDirectoryNamesTask(./profiles/, false)
01:15:08.621 [JavaFX App] DEBUG FXGLEventBus         - Firing event: DisplayEvent[type=DIALOG_OPENED]
01:15:08.621 [JavaFX App] DEBUG FXGLInput            - Clearing active input actions
01:15:09.752 [JavaFX App] DEBUG FXGLEventBus         - Firing event: DisplayEvent[type=DIALOG_CLOSED]
01:15:09.753 [JavaFX App] DEBUG SaveLoadManager      - Loading profile: 1
01:15:09.756 [JavaFX App] DEBUG IOTask               - Showing dialog
01:15:09.774 [JavaFX App] DEBUG FXGLEventBus         - Firing event: DisplayEvent[type=DIALOG_OPENED]
01:15:09.775 [JavaFX App] DEBUG FXGLInput            - Clearing active input actions
01:15:09.775 [pool-3-thr] DEBUG IOTask               - Executing task: readDataTask(./profiles/1/user.profile)
01:15:09.779 [pool-3-thr] DEBUG FS                   - Reading from: .\profiles\1\user.profile
01:15:09.791 [JavaFX App] DEBUG IOTask               - succeed(): Dismissing dialog
01:15:09.791 [JavaFX App] DEBUG FXGLEventBus         - Firing event: DisplayEvent[type=DIALOG_CLOSED]
01:15:09.791 [JavaFX App] DEBUG IOTask               - Task succeeded: readDataTask(./profiles/1/user.profile)
01:15:09.791 [JavaFX App] DEBUG FXGLEventBus         - Firing event: LoadEvent[type=LOAD_PROFILE]
01:15:09.791 [JavaFX App] DEBUG FXGLInput            - Loading data from profile
01:15:09.792 [JavaFX App] DEBUG Bundle               - Logging bundle: input
01:15:09.792 [JavaFX App] DEBUG Bundle               - input.Screenshot=P
01:15:09.792 [JavaFX App] DEBUG Bundle               - input.right=D
01:15:09.792 [JavaFX App] DEBUG Bundle               - input.Developer Options=0
01:15:09.792 [JavaFX App] DEBUG Bundle               - input.left=A
01:15:09.793 [JavaFX App] DEBUG FXGLDisplay          - Loading data from profile
01:15:09.793 [JavaFX App] DEBUG Bundle               - Logging bundle: scene
01:15:09.793 [JavaFX App] DEBUG Bundle               - scene.sizeW=1280.0
01:15:09.793 [JavaFX App] DEBUG Bundle               - scene.sizeH=720.0
01:15:09.793 [JavaFX App] DEBUG FXGLDisplay          - Target size: DoubleProperty [value: 1280.0] x DoubleProperty [value: 720.0] @ 1.0
01:15:09.793 [JavaFX App] DEBUG FXGLDisplay          - New size:    1280.0 x 720.0 @ DoubleProperty [value: 1.0]
01:15:09.806 [JavaFX App] DEBUG FXGLAudioPlayer      - Loading data from profile
01:15:09.806 [JavaFX App] DEBUG Bundle               - Logging bundle: audio
01:15:09.806 [JavaFX App] DEBUG Bundle               - audio.musicVolume=0.5
01:15:09.806 [JavaFX App] DEBUG Bundle               - audio.soundVolume=0.5
01:15:09.806 [JavaFX App] DEBUG AchievementManager   - Loading data from profile
01:15:09.806 [JavaFX App] DEBUG Bundle               - Logging bundle: achievement
01:15:09.806 [JavaFX App] DEBUG FXGLMasterTimer      - Loading data from profile
01:15:09.806 [JavaFX App] DEBUG Bundle               - Logging bundle: timer
01:15:09.806 [JavaFX App] DEBUG Bundle               - timer.playtime=0
01:15:09.807 [JavaFX App] DEBUG SaveLoadManager      - Loading last modified save file
01:15:09.807 [JavaFX App] DEBUG SaveLoadManager      - Loading save files
01:15:09.810 [JavaFX App] DEBUG IOTask               - Showing dialog
01:15:09.816 [JavaFX App] DEBUG FXGLEventBus         - Firing event: DisplayEvent[type=DIALOG_OPENED]
01:15:09.816 [JavaFX App] DEBUG FXGLInput            - Clearing active input actions
01:15:09.817 [pool-3-thr] DEBUG IOTask               - Executing task: loadFileNamesTask(./profiles/1/saves/, true, [FileExtension(extension=.sav)])
01:15:09.817 [pool-3-thr] DEBUG IOTask               - Executing task: loadFileNamesTask(./profiles/1/saves/, true, [FileExtension(extension=.sav)])
01:15:09.817 [pool-3-thr] DEBUG IOTask               - Executing task: loadFileNamesTask(./profiles/1/saves/, true, [FileExtension(extension=.sav)])
01:15:09.822 [pool-3-thr] DEBUG IOTask               - Executing task: readSaveFiles
01:15:09.824 [pool-3-thr] DEBUG IOTask               - Executing task: findLastSave
01:15:09.832 [JavaFX App] DEBUG IOTask               - fail(): Dismissing dialog
01:15:09.833 [JavaFX App] DEBUG FXGLEventBus         - Firing event: DisplayEvent[type=DIALOG_CLOSED]
01:15:09.833 [JavaFX App] WARN  IOTask               - Task failed: loadFileNamesTask(./profiles/1/saves/, true, [FileExtension(extension=.sav)]) Error: java.io.FileNotFoundException: No save files found
01:15:09.833 [JavaFX App] DEBUG FXGLEventBus         - Firing event: ProfileSelectedEvent[name=1,hasSaves=false]
01:15:10.454 [JavaFX App] DEBUG Menu                 - fireNewGame()
01:15:10.455 [JavaFX App] DEBUG GameApplication      - Starting new game
01:15:10.458 [JavaFX App] DEBUG GameApplication      - Initializing App
01:15:10.460 [JavaFX App] DEBUG FXGLEventBus         - Firing event: FXGLEvent[type=PAUSE]
01:15:10.460 [JavaFX App] DEBUG FXGLInput            - Clearing active input actions
01:15:10.461 [JavaFX App] DEBUG FXGLMasterTimer      - Stopping master timer
01:15:10.461 [JavaFX App] DEBUG GameApplication      - State: MAIN_MENU -> PAUSED
01:15:10.462 [JavaFX App] DEBUG FXGLEventBus         - Firing event: FXGLEvent[type=RESET]
01:15:10.463 [JavaFX App] DEBUG GameWorld            - Resetting game world
01:15:10.463 [JavaFX App] TRACE EntityWorld          - Resetting entity world
01:15:10.467 [JavaFX App] DEBUG GameScene            - Resetting game scene
01:15:10.467 [JavaFX App] DEBUG FXGLInput            - Clearing active input actions
01:15:10.467 [JavaFX App] DEBUG FXGLMasterTimer      - Resetting ticks and clearing all actions
01:15:10.467 [JavaFX App] DEBUG GameApplication      - State: PAUSED -> LOADING
01:15:10.475 [JavaFX App] DEBUG GameApplication      - Starting FXGL Init Thread
01:15:10.476 [JavaFX App] DEBUG FXGLEventBus         - Firing event: MenuEvent[type=NEW_GAME]
01:15:10.476 [FXGL Init ] DEBUG InitAppTask          - Initializing Assets
01:15:10.477 [FXGL Init ] DEBUG AssetLoader          - Loading from disk: /assets/textures/Balls/ball_red.png
01:15:10.484 [FXGL Init ] DEBUG AssetLoader          - Loading from disk: /assets/textures/Bats/bat_black.png
01:15:10.485 [FXGL Init ] DEBUG AssetLoader          - Loading from disk: /assets/textures/Bricks/brick_blue_small.png
01:15:10.487 [FXGL Init ] DEBUG AssetLoader          - Loading from disk: /assets/textures/Walls/brick_red.png
01:15:10.500 [FXGL Init ] DEBUG AssetLoader          - Loading from disk: /assets/textures/Background/background.jpg
01:15:10.511 [FXGL Init ] DEBUG AssetLoader          - Loading from disk: /assets/textures/Balls/ball_blue.png
01:15:10.511 [FXGL Init ] DEBUG AssetLoader          - Loading from disk: /assets/textures/Balls/ball_green.png
01:15:10.512 [FXGL Init ] DEBUG AssetLoader          - Loading from disk: /assets/textures/Balls/ball_orange.png
01:15:10.512 [FXGL Init ] DEBUG AssetLoader          - Loading from cache: /assets/textures/Balls/ball_red.png
01:15:10.512 [FXGL Init ] DEBUG AssetLoader          - Loading from disk: /assets/textures/Balls/ball_silver.png
01:15:10.513 [FXGL Init ] DEBUG AssetLoader          - Loading from disk: /assets/textures/Balls/ball_yellow.png
01:15:10.513 [FXGL Init ] DEBUG AssetLoader          - Loading from cache: /assets/textures/Bats/bat_black.png
01:15:10.514 [FXGL Init ] DEBUG AssetLoader          - Loading from disk: /assets/textures/Bats/bat_blue.png
01:15:10.514 [FXGL Init ] DEBUG AssetLoader          - Loading from disk: /assets/textures/Bats/bat_orange.png
01:15:10.515 [FXGL Init ] DEBUG AssetLoader          - Loading from disk: /assets/textures/Bats/bat_pink.png
01:15:10.515 [FXGL Init ] DEBUG AssetLoader          - Loading from disk: /assets/textures/Bats/bat_yellow.png
01:15:10.516 [FXGL Init ] DEBUG AssetLoader          - Loading from cache: /assets/textures/Bricks/brick_blue_small.png
01:15:10.516 [FXGL Init ] DEBUG AssetLoader          - Loading from disk: /assets/textures/Bricks/brick_blue_small_cracked.png
01:15:10.516 [FXGL Init ] DEBUG AssetLoader          - Loading from disk: /assets/textures/Bricks/brick_green_small.png
01:15:10.517 [FXGL Init ] DEBUG AssetLoader          - Loading from disk: /assets/textures/Bricks/brick_green_small_cracked.png
01:15:10.517 [FXGL Init ] DEBUG AssetLoader          - Loading from disk: /assets/textures/Bricks/brick_pink_small.png
01:15:10.518 [FXGL Init ] DEBUG AssetLoader          - Loading from disk: /assets/textures/Bricks/brick_pink_small_cracked.png
01:15:10.518 [FXGL Init ] DEBUG AssetLoader          - Loading from disk: /assets/textures/Bricks/brick_violet_small.png
01:15:10.519 [FXGL Init ] DEBUG AssetLoader          - Loading from disk: /assets/textures/Bricks/brick_violet_small_cracked.png
01:15:10.520 [FXGL Init ] DEBUG AssetLoader          - Loading from disk: /assets/textures/Bricks/brick_yellow_small.png
01:15:10.520 [FXGL Init ] DEBUG AssetLoader          - Loading from disk: /assets/textures/Bricks/brick_yellow_small_cracked.png
01:15:10.521 [FXGL Init ] DEBUG AssetLoader          - Loading from disk: /assets/textures/Power ups/star.png
01:15:10.521 [FXGL Init ] DEBUG AssetLoader          - Loading from disk: /assets/textures/Power ups/star_blue.png
01:15:10.527 [FXGL Init ] DEBUG AssetLoader          - Loading from disk: /assets/textures/Power ups/star_gree.png
01:15:10.530 [FXGL Init ] DEBUG AssetLoader          - Loading from disk: /assets/textures/Power ups/star_red.png
01:15:10.534 [FXGL Init ] DEBUG AssetLoader          - Loading from disk: /assets/textures/Preview.jpg
01:15:10.553 [FXGL Init ] DEBUG AssetLoader          - Loading from disk: /assets/textures/Read Me.txt
01:15:10.554 [FXGL Init ] DEBUG AssetLoader          - Loading from disk: /assets/textures/Walls/brick.png
01:15:10.556 [FXGL Init ] DEBUG AssetLoader          - Loading from disk: /assets/textures/Walls/brick_blue.png
01:15:10.559 [FXGL Init ] DEBUG AssetLoader          - Loading from disk: /assets/textures/Walls/brick_pink_side.png
01:15:10.561 [FXGL Init ] DEBUG AssetLoader          - Loading from cache: /assets/textures/Walls/brick_red.png
01:15:10.760 [FXGL Init ] DEBUG AssetLoader          - Loading from cache: /assets/sounds/menu/back.wav
01:15:10.760 [FXGL Init ] DEBUG AssetLoader          - Loading from cache: /assets/sounds/menu/press.wav
01:15:10.760 [FXGL Init ] DEBUG AssetLoader          - Loading from disk: /assets/sounds/menu/select.wav
01:15:10.760 [FXGL Init ] DEBUG AssetLoader          - Loading from disk: /assets/sounds/system/notification.wav
01:15:11.275 [FXGL Init ] DEBUG AssetLoader          - Loading from disk: /assets/ui/fonts/Copperplate_Gothic_Light_Regular.ttf
01:15:11.453 [FXGL Init ] DEBUG InitAppTask          - Initializing Game
01:15:11.464 [FXGL Init ] DEBUG AssetLoader          - Loading from cache: /assets/textures/Walls/brick_red.png
01:15:11.467 [FXGL Init ] DEBUG AssetLoader          - Loading from cache: /assets/textures/Walls/brick_red.png
01:15:11.467 [FXGL Init ] DEBUG AssetLoader          - Loading from cache: /assets/textures/Walls/brick_red.png
01:15:11.468 [FXGL Init ] DEBUG AssetLoader          - Loading from cache: /assets/textures/Walls/brick_red.png
01:15:11.468 [FXGL Init ] DEBUG AssetLoader          - Loading from cache: /assets/textures/Walls/brick_red.png
01:15:11.468 [FXGL Init ] DEBUG AssetLoader          - Loading from cache: /assets/textures/Walls/brick_red.png
01:15:11.469 [FXGL Init ] DEBUG AssetLoader          - Loading from cache: /assets/textures/Walls/brick_red.png
01:15:11.469 [FXGL Init ] DEBUG AssetLoader          - Loading from cache: /assets/textures/Walls/brick_red.png
01:15:11.469 [FXGL Init ] DEBUG AssetLoader          - Loading from cache: /assets/textures/Walls/brick_red.png
01:15:11.470 [FXGL Init ] DEBUG AssetLoader          - Loading from cache: /assets/textures/Walls/brick_red.png
01:15:11.470 [FXGL Init ] DEBUG AssetLoader          - Loading from cache: /assets/textures/Walls/brick_red.png
01:15:11.470 [FXGL Init ] DEBUG AssetLoader          - Loading from cache: /assets/textures/Walls/brick_red.png
01:15:11.471 [FXGL Init ] DEBUG AssetLoader          - Loading from cache: /assets/textures/Walls/brick_red.png
01:15:11.471 [FXGL Init ] DEBUG AssetLoader          - Loading from cache: /assets/textures/Walls/brick_red.png
01:15:11.471 [FXGL Init ] DEBUG AssetLoader          - Loading from cache: /assets/textures/Walls/brick_red.png
01:15:11.471 [FXGL Init ] DEBUG AssetLoader          - Loading from cache: /assets/textures/Walls/brick_red.png
01:15:11.472 [FXGL Init ] DEBUG AssetLoader          - Loading from cache: /assets/textures/Walls/brick_red.png
01:15:11.472 [FXGL Init ] DEBUG AssetLoader          - Loading from cache: /assets/textures/Walls/brick_red.png
01:15:11.472 [FXGL Init ] DEBUG AssetLoader          - Loading from cache: /assets/textures/Walls/brick_red.png
01:15:11.473 [FXGL Init ] DEBUG AssetLoader          - Loading from cache: /assets/textures/Walls/brick_red.png
01:15:11.473 [FXGL Init ] DEBUG AssetLoader          - Loading from cache: /assets/textures/Walls/brick_red.png
01:15:11.473 [FXGL Init ] DEBUG AssetLoader          - Loading from cache: /assets/textures/Walls/brick_red.png
01:15:11.473 [FXGL Init ] DEBUG AssetLoader          - Loading from cache: /assets/textures/Walls/brick_red.png
01:15:11.474 [FXGL Init ] DEBUG AssetLoader          - Loading from cache: /assets/textures/Walls/brick_red.png
01:15:11.474 [FXGL Init ] DEBUG AssetLoader          - Loading from cache: /assets/textures/Walls/brick_red.png
01:15:11.474 [FXGL Init ] DEBUG AssetLoader          - Loading from cache: /assets/textures/Walls/brick_red.png
01:15:11.474 [FXGL Init ] DEBUG AssetLoader          - Loading from cache: /assets/textures/Walls/brick_red.png
01:15:11.475 [FXGL Init ] DEBUG AssetLoader          - Loading from cache: /assets/textures/Walls/brick_red.png
01:15:11.475 [FXGL Init ] DEBUG AssetLoader          - Loading from cache: /assets/textures/Walls/brick_red.png
01:15:11.475 [FXGL Init ] DEBUG AssetLoader          - Loading from cache: /assets/textures/Walls/brick_red.png
01:15:11.476 [FXGL Init ] DEBUG AssetLoader          - Loading from cache: /assets/textures/Walls/brick_red.png
01:15:11.476 [FXGL Init ] DEBUG AssetLoader          - Loading from cache: /assets/textures/Walls/brick_red.png
01:15:11.476 [FXGL Init ] DEBUG AssetLoader          - Loading from cache: /assets/textures/Walls/brick_red.png
01:15:11.476 [FXGL Init ] DEBUG AssetLoader          - Loading from cache: /assets/textures/Walls/brick_red.png
01:15:11.477 [FXGL Init ] DEBUG AssetLoader          - Loading from cache: /assets/textures/Walls/brick_red.png
01:15:11.477 [FXGL Init ] DEBUG AssetLoader          - Loading from cache: /assets/textures/Walls/brick_red.png
01:15:11.477 [FXGL Init ] DEBUG AssetLoader          - Loading from cache: /assets/textures/Walls/brick_red.png
01:15:11.477 [FXGL Init ] DEBUG AssetLoader          - Loading from cache: /assets/textures/Walls/brick_red.png
01:15:11.478 [FXGL Init ] DEBUG AssetLoader          - Loading from cache: /assets/textures/Walls/brick_red.png
01:15:11.478 [FXGL Init ] DEBUG AssetLoader          - Loading from cache: /assets/textures/Walls/brick_red.png
01:15:11.478 [FXGL Init ] DEBUG AssetLoader          - Loading from cache: /assets/textures/Walls/brick_red.png
01:15:11.479 [FXGL Init ] DEBUG AssetLoader          - Loading from cache: /assets/textures/Walls/brick_red.png
01:15:11.479 [FXGL Init ] DEBUG AssetLoader          - Loading from cache: /assets/textures/Walls/brick_red.png
01:15:11.479 [FXGL Init ] DEBUG AssetLoader          - Loading from cache: /assets/textures/Walls/brick_red.png
01:15:11.479 [FXGL Init ] DEBUG AssetLoader          - Loading from cache: /assets/textures/Walls/brick_red.png
01:15:11.480 [FXGL Init ] DEBUG AssetLoader          - Loading from cache: /assets/textures/Walls/brick_red.png
01:15:11.480 [FXGL Init ] DEBUG AssetLoader          - Loading from cache: /assets/textures/Walls/brick_red.png
01:15:11.480 [FXGL Init ] DEBUG AssetLoader          - Loading from cache: /assets/textures/Walls/brick_red.png
01:15:11.480 [FXGL Init ] DEBUG AssetLoader          - Loading from cache: /assets/textures/Walls/brick_red.png
01:15:11.481 [FXGL Init ] DEBUG AssetLoader          - Loading from cache: /assets/textures/Walls/brick_red.png
01:15:11.481 [FXGL Init ] DEBUG AssetLoader          - Loading from cache: /assets/textures/Walls/brick_red.png
01:15:11.481 [FXGL Init ] DEBUG AssetLoader          - Loading from cache: /assets/textures/Walls/brick_red.png
01:15:11.481 [FXGL Init ] DEBUG AssetLoader          - Loading from cache: /assets/textures/Walls/brick_red.png
01:15:11.482 [FXGL Init ] DEBUG AssetLoader          - Loading from cache: /assets/textures/Walls/brick_red.png
01:15:11.482 [FXGL Init ] DEBUG AssetLoader          - Loading from cache: /assets/textures/Walls/brick_red.png
01:15:11.482 [FXGL Init ] DEBUG AssetLoader          - Loading from cache: /assets/textures/Walls/brick_red.png
01:15:11.482 [FXGL Init ] DEBUG AssetLoader          - Loading from cache: /assets/textures/Walls/brick_red.png
01:15:11.483 [FXGL Init ] DEBUG AssetLoader          - Loading from cache: /assets/textures/Walls/brick_red.png
01:15:11.483 [FXGL Init ] DEBUG AssetLoader          - Loading from cache: /assets/textures/Walls/brick_red.png
01:15:11.483 [FXGL Init ] DEBUG AssetLoader          - Loading from cache: /assets/textures/Walls/brick_red.png
01:15:11.483 [FXGL Init ] DEBUG AssetLoader          - Loading from cache: /assets/textures/Walls/brick_red.png
01:15:11.484 [FXGL Init ] DEBUG AssetLoader          - Loading from cache: /assets/textures/Walls/brick_red.png
01:15:11.484 [FXGL Init ] DEBUG AssetLoader          - Loading from cache: /assets/textures/Walls/brick_red.png
01:15:11.484 [FXGL Init ] DEBUG AssetLoader          - Loading from cache: /assets/textures/Walls/brick_red.png
01:15:11.485 [FXGL Init ] DEBUG AssetLoader          - Loading from cache: /assets/textures/Walls/brick_red.png
01:15:11.485 [FXGL Init ] DEBUG AssetLoader          - Loading from cache: /assets/textures/Walls/brick_red.png
01:15:11.485 [FXGL Init ] DEBUG AssetLoader          - Loading from cache: /assets/textures/Walls/brick_red.png
01:15:11.485 [FXGL Init ] DEBUG AssetLoader          - Loading from cache: /assets/textures/Walls/brick_red.png
01:15:11.486 [FXGL Init ] DEBUG AssetLoader          - Loading from cache: /assets/textures/Walls/brick_red.png
01:15:11.486 [FXGL Init ] DEBUG AssetLoader          - Loading from cache: /assets/textures/Walls/brick_red.png
01:15:11.486 [FXGL Init ] DEBUG AssetLoader          - Loading from cache: /assets/textures/Walls/brick_red.png
01:15:11.486 [FXGL Init ] DEBUG AssetLoader          - Loading from cache: /assets/textures/Walls/brick_red.png
01:15:11.487 [FXGL Init ] DEBUG AssetLoader          - Loading from cache: /assets/textures/Walls/brick_red.png
01:15:11.487 [FXGL Init ] DEBUG AssetLoader          - Loading from cache: /assets/textures/Walls/brick_red.png
01:15:11.487 [FXGL Init ] DEBUG AssetLoader          - Loading from cache: /assets/textures/Walls/brick_red.png
01:15:11.487 [FXGL Init ] DEBUG AssetLoader          - Loading from cache: /assets/textures/Walls/brick_red.png
01:15:11.487 [FXGL Init ] DEBUG AssetLoader          - Loading from cache: /assets/textures/Walls/brick_red.png
01:15:11.488 [FXGL Init ] DEBUG AssetLoader          - Loading from cache: /assets/textures/Walls/brick_red.png
01:15:11.488 [FXGL Init ] DEBUG AssetLoader          - Loading from cache: /assets/textures/Walls/brick_red.png
01:15:11.488 [FXGL Init ] DEBUG AssetLoader          - Loading from cache: /assets/textures/Walls/brick_red.png
01:15:11.489 [FXGL Init ] DEBUG AssetLoader          - Loading from cache: /assets/textures/Walls/brick_red.png
01:15:11.489 [FXGL Init ] DEBUG AssetLoader          - Loading from cache: /assets/textures/Walls/brick_red.png
01:15:11.489 [FXGL Init ] DEBUG AssetLoader          - Loading from cache: /assets/textures/Walls/brick_red.png
01:15:11.489 [FXGL Init ] DEBUG AssetLoader          - Loading from cache: /assets/textures/Walls/brick_red.png
01:15:11.490 [FXGL Init ] DEBUG AssetLoader          - Loading from cache: /assets/textures/Walls/brick_red.png
01:15:11.490 [FXGL Init ] DEBUG AssetLoader          - Loading from cache: /assets/textures/Walls/brick_red.png
01:15:11.490 [FXGL Init ] DEBUG AssetLoader          - Loading from cache: /assets/textures/Walls/brick_red.png
01:15:11.490 [FXGL Init ] DEBUG AssetLoader          - Loading from cache: /assets/textures/Walls/brick_red.png
01:15:11.491 [FXGL Init ] DEBUG AssetLoader          - Loading from cache: /assets/textures/Walls/brick_red.png
01:15:11.491 [FXGL Init ] DEBUG AssetLoader          - Loading from cache: /assets/textures/Walls/brick_red.png
01:15:11.491 [FXGL Init ] DEBUG AssetLoader          - Loading from cache: /assets/textures/Walls/brick_red.png
01:15:11.491 [FXGL Init ] DEBUG AssetLoader          - Loading from cache: /assets/textures/Walls/brick_red.png
01:15:11.492 [FXGL Init ] DEBUG AssetLoader          - Loading from cache: /assets/textures/Walls/brick_red.png
01:15:11.492 [FXGL Init ] DEBUG AssetLoader          - Loading from cache: /assets/textures/Walls/brick_red.png
01:15:11.492 [FXGL Init ] DEBUG AssetLoader          - Loading from cache: /assets/textures/Walls/brick_red.png
01:15:11.492 [FXGL Init ] DEBUG AssetLoader          - Loading from cache: /assets/textures/Walls/brick_red.png
01:15:11.493 [FXGL Init ] DEBUG AssetLoader          - Loading from cache: /assets/textures/Walls/brick_red.png
01:15:11.493 [FXGL Init ] DEBUG AssetLoader          - Loading from cache: /assets/textures/Walls/brick_red.png
01:15:11.493 [FXGL Init ] DEBUG AssetLoader          - Loading from cache: /assets/textures/Walls/brick_red.png
01:15:11.493 [FXGL Init ] DEBUG AssetLoader          - Loading from cache: /assets/textures/Walls/brick_red.png
01:15:11.494 [FXGL Init ] DEBUG AssetLoader          - Loading from cache: /assets/textures/Walls/brick_red.png
01:15:11.494 [FXGL Init ] DEBUG AssetLoader          - Loading from cache: /assets/textures/Walls/brick_red.png
01:15:11.494 [FXGL Init ] DEBUG AssetLoader          - Loading from cache: /assets/textures/Walls/brick_red.png
01:15:11.494 [FXGL Init ] DEBUG AssetLoader          - Loading from cache: /assets/textures/Walls/brick_red.png
01:15:11.495 [FXGL Init ] DEBUG AssetLoader          - Loading from cache: /assets/textures/Walls/brick_red.png
01:15:11.495 [FXGL Init ] DEBUG AssetLoader          - Loading from cache: /assets/textures/Walls/brick_red.png
01:15:11.495 [FXGL Init ] DEBUG AssetLoader          - Loading from cache: /assets/textures/Walls/brick_red.png
01:15:11.495 [FXGL Init ] DEBUG AssetLoader          - Loading from cache: /assets/textures/Walls/brick_red.png
01:15:11.495 [FXGL Init ] DEBUG AssetLoader          - Loading from cache: /assets/textures/Walls/brick_red.png
01:15:11.496 [FXGL Init ] DEBUG AssetLoader          - Loading from cache: /assets/textures/Walls/brick_red.png
01:15:11.496 [FXGL Init ] DEBUG AssetLoader          - Loading from cache: /assets/textures/Walls/brick_red.png
01:15:11.496 [FXGL Init ] DEBUG AssetLoader          - Loading from cache: /assets/textures/Walls/brick_red.png
01:15:11.496 [FXGL Init ] DEBUG AssetLoader          - Loading from cache: /assets/textures/Walls/brick_red.png
01:15:11.496 [FXGL Init ] DEBUG AssetLoader          - Loading from cache: /assets/textures/Walls/brick_red.png
01:15:11.497 [FXGL Init ] DEBUG AssetLoader          - Loading from cache: /assets/textures/Walls/brick_red.png
01:15:11.497 [FXGL Init ] DEBUG AssetLoader          - Loading from cache: /assets/textures/Walls/brick_red.png
01:15:11.497 [FXGL Init ] DEBUG AssetLoader          - Loading from cache: /assets/textures/Walls/brick_red.png
01:15:11.497 [FXGL Init ] DEBUG AssetLoader          - Loading from cache: /assets/textures/Walls/brick_red.png
01:15:11.497 [FXGL Init ] DEBUG AssetLoader          - Loading from cache: /assets/textures/Walls/brick_red.png
01:15:11.498 [FXGL Init ] DEBUG AssetLoader          - Loading from cache: /assets/textures/Walls/brick_red.png
01:15:11.498 [FXGL Init ] DEBUG AssetLoader          - Loading from cache: /assets/textures/Walls/brick_red.png
01:15:11.498 [FXGL Init ] DEBUG AssetLoader          - Loading from cache: /assets/textures/Walls/brick_red.png
01:15:11.498 [FXGL Init ] DEBUG AssetLoader          - Loading from cache: /assets/textures/Walls/brick_red.png
01:15:11.498 [FXGL Init ] DEBUG AssetLoader          - Loading from cache: /assets/textures/Walls/brick_red.png
01:15:11.499 [FXGL Init ] DEBUG AssetLoader          - Loading from cache: /assets/textures/Walls/brick_red.png
01:15:11.499 [FXGL Init ] DEBUG AssetLoader          - Loading from cache: /assets/textures/Walls/brick_red.png
01:15:11.499 [FXGL Init ] DEBUG AssetLoader          - Loading from cache: /assets/textures/Walls/brick_red.png
01:15:11.499 [FXGL Init ] DEBUG AssetLoader          - Loading from cache: /assets/textures/Walls/brick_red.png
01:15:11.500 [FXGL Init ] DEBUG AssetLoader          - Loading from cache: /assets/textures/Walls/brick_red.png
01:15:11.500 [FXGL Init ] DEBUG AssetLoader          - Loading from cache: /assets/textures/Walls/brick_red.png
01:15:11.500 [FXGL Init ] DEBUG AssetLoader          - Loading from cache: /assets/textures/Walls/brick_red.png
01:15:11.500 [FXGL Init ] DEBUG AssetLoader          - Loading from cache: /assets/textures/Walls/brick_red.png
01:15:11.500 [FXGL Init ] DEBUG AssetLoader          - Loading from cache: /assets/textures/Walls/brick_red.png
01:15:11.501 [FXGL Init ] DEBUG AssetLoader          - Loading from cache: /assets/textures/Walls/brick_red.png
01:15:11.501 [FXGL Init ] DEBUG AssetLoader          - Loading from cache: /assets/textures/Walls/brick_red.png
01:15:11.501 [FXGL Init ] DEBUG AssetLoader          - Loading from cache: /assets/textures/Walls/brick_red.png
01:15:11.501 [FXGL Init ] DEBUG AssetLoader          - Loading from cache: /assets/textures/Walls/brick_red.png
01:15:11.501 [FXGL Init ] DEBUG AssetLoader          - Loading from cache: /assets/textures/Walls/brick_red.png
01:15:11.502 [FXGL Init ] DEBUG AssetLoader          - Loading from cache: /assets/textures/Walls/brick_red.png
01:15:11.502 [FXGL Init ] DEBUG AssetLoader          - Loading from cache: /assets/textures/Walls/brick_red.png
01:15:11.502 [FXGL Init ] DEBUG AssetLoader          - Loading from cache: /assets/textures/Walls/brick_red.png
01:15:11.502 [FXGL Init ] DEBUG AssetLoader          - Loading from cache: /assets/textures/Walls/brick_red.png
01:15:11.502 [FXGL Init ] DEBUG AssetLoader          - Loading from cache: /assets/textures/Walls/brick_red.png
01:15:11.502 [FXGL Init ] DEBUG AssetLoader          - Loading from cache: /assets/textures/Walls/brick_red.png
01:15:11.503 [FXGL Init ] DEBUG AssetLoader          - Loading from cache: /assets/textures/Walls/brick_red.png
01:15:11.503 [FXGL Init ] DEBUG AssetLoader          - Loading from cache: /assets/textures/Walls/brick_red.png
01:15:11.503 [FXGL Init ] DEBUG AssetLoader          - Loading from cache: /assets/textures/Walls/brick_red.png
01:15:11.503 [FXGL Init ] DEBUG AssetLoader          - Loading from cache: /assets/textures/Walls/brick_red.png
01:15:11.503 [FXGL Init ] DEBUG AssetLoader          - Loading from cache: /assets/textures/Walls/brick_red.png
01:15:11.504 [FXGL Init ] DEBUG AssetLoader          - Loading from cache: /assets/textures/Walls/brick_red.png
01:15:11.504 [FXGL Init ] DEBUG AssetLoader          - Loading from cache: /assets/textures/Walls/brick_red.png
01:15:11.504 [FXGL Init ] DEBUG AssetLoader          - Loading from cache: /assets/textures/Walls/brick_red.png
01:15:11.504 [FXGL Init ] DEBUG AssetLoader          - Loading from cache: /assets/textures/Walls/brick_red.png
01:15:11.504 [FXGL Init ] DEBUG AssetLoader          - Loading from cache: /assets/textures/Walls/brick_red.png
01:15:11.504 [FXGL Init ] DEBUG AssetLoader          - Loading from cache: /assets/textures/Walls/brick_red.png
01:15:11.505 [FXGL Init ] DEBUG AssetLoader          - Loading from cache: /assets/textures/Walls/brick_red.png
01:15:11.505 [FXGL Init ] DEBUG AssetLoader          - Loading from cache: /assets/textures/Walls/brick_red.png
01:15:11.505 [FXGL Init ] DEBUG AssetLoader          - Loading from cache: /assets/textures/Walls/brick_red.png
01:15:11.505 [FXGL Init ] DEBUG AssetLoader          - Loading from cache: /assets/textures/Walls/brick_red.png
01:15:11.505 [FXGL Init ] DEBUG AssetLoader          - Loading from cache: /assets/textures/Walls/brick_red.png
01:15:11.506 [FXGL Init ] DEBUG AssetLoader          - Loading from cache: /assets/textures/Walls/brick_red.png
01:15:11.506 [FXGL Init ] DEBUG AssetLoader          - Loading from cache: /assets/textures/Walls/brick_red.png
01:15:11.506 [FXGL Init ] DEBUG AssetLoader          - Loading from cache: /assets/textures/Walls/brick_red.png
01:15:11.506 [FXGL Init ] DEBUG AssetLoader          - Loading from cache: /assets/textures/Walls/brick_red.png
01:15:11.506 [FXGL Init ] DEBUG AssetLoader          - Loading from cache: /assets/textures/Walls/brick_red.png
01:15:11.506 [FXGL Init ] DEBUG AssetLoader          - Loading from cache: /assets/textures/Walls/brick_red.png
01:15:11.507 [FXGL Init ] DEBUG AssetLoader          - Loading from cache: /assets/textures/Walls/brick_red.png
01:15:11.507 [FXGL Init ] DEBUG AssetLoader          - Loading from cache: /assets/textures/Walls/brick_red.png
01:15:11.507 [FXGL Init ] DEBUG AssetLoader          - Loading from cache: /assets/textures/Walls/brick_red.png
01:15:11.507 [FXGL Init ] DEBUG AssetLoader          - Loading from cache: /assets/textures/Walls/brick_red.png
01:15:11.507 [FXGL Init ] DEBUG AssetLoader          - Loading from cache: /assets/textures/Walls/brick_red.png
01:15:11.507 [FXGL Init ] DEBUG AssetLoader          - Loading from cache: /assets/textures/Walls/brick_red.png
01:15:11.508 [FXGL Init ] DEBUG AssetLoader          - Loading from cache: /assets/textures/Walls/brick_red.png
01:15:11.508 [FXGL Init ] DEBUG AssetLoader          - Loading from cache: /assets/textures/Walls/brick_red.png
01:15:11.508 [FXGL Init ] DEBUG AssetLoader          - Loading from cache: /assets/textures/Walls/brick_red.png
01:15:11.508 [FXGL Init ] DEBUG AssetLoader          - Loading from cache: /assets/textures/Walls/brick_red.png
01:15:11.508 [FXGL Init ] DEBUG AssetLoader          - Loading from cache: /assets/textures/Walls/brick_red.png
01:15:11.508 [FXGL Init ] DEBUG AssetLoader          - Loading from cache: /assets/textures/Walls/brick_red.png
01:15:11.509 [FXGL Init ] DEBUG AssetLoader          - Loading from cache: /assets/textures/Walls/brick_red.png
01:15:11.509 [FXGL Init ] DEBUG AssetLoader          - Loading from cache: /assets/textures/Walls/brick_red.png
01:15:11.510 [FXGL Init ] DEBUG AssetLoader          - Loading from cache: /assets/textures/Bats/bat_black.png
01:15:11.513 [FXGL Init ] DEBUG AssetLoader          - Loading from cache: /assets/textures/Balls/ball_red.png
01:15:12.871 [FXGL Init ] DEBUG AssetLoader          - Loading from cache: /assets/textures/Bricks/brick_blue_small.png
01:15:12.874 [FXGL Init ] DEBUG AssetLoader          - Loading from cache: /assets/textures/Bricks/brick_blue_small.png
01:15:15.146 [JavaFX App] DEBUG FXGLEventBus         - Firing event: FXGLEvent[type=PAUSE]
01:15:15.147 [JavaFX App] DEBUG FXGLInput            - Clearing active input actions
01:15:15.147 [JavaFX App] DEBUG FXGLMasterTimer      - Stopping master timer
01:15:15.148 [JavaFX App] DEBUG GameApplication      - State: LOADING -> PAUSED
01:15:15.148 [JavaFX App] FATAL GameApplication      - Uncaught Exception:
01:15:15.150 [JavaFX App] FATAL GameApplication      - 

Exception occurred: java.lang.IllegalArgumentException : Entity already has a component with type: com.almasb.fxgl.entity.component.CollidableComponentE: com.almasb.ents.Entity.addComponent(Entity.java:217)
E: Breakout.Breakout.initBrick(Breakout.java:389)
E: Breakout.Breakout.initGame(Breakout.java:175)
E: com.almasb.fxgl.app.InitAppTask.call(InitAppTask.kt:50)
E: com.almasb.fxgl.app.InitAppTask.call(InitAppTask.kt:38)
E: javafx.concurrent.Task$TaskCallable.call(Task.java:1423)
E: java.util.concurrent.FutureTask.run(FutureTask.java:266)
E: java.lang.Thread.run(Thread.java:745)

01:15:15.150 [JavaFX App] FATAL GameApplication      - Application will now exit
01:15:18.351 [JavaFX App] DEBUG FXGLEventBus         - Firing event: FXGLEvent[type=EXIT]
01:15:18.353 [JavaFX App] DEBUG FXGLEventBus         - Firing event: SaveEvent
01:15:18.353 [JavaFX App] DEBUG FXGLInput            - Saving data to profile
01:15:18.354 [JavaFX App] DEBUG Bundle               - Logging bundle: input
01:15:18.355 [JavaFX App] DEBUG Bundle               - input.Screenshot=P
01:15:18.356 [JavaFX App] DEBUG Bundle               - input.right=D
01:15:18.356 [JavaFX App] DEBUG Bundle               - input.Developer Options=0
01:15:18.357 [JavaFX App] DEBUG Bundle               - input.left=A
01:15:18.357 [JavaFX App] DEBUG FXGLDisplay          - Saving data to profile
01:15:18.357 [JavaFX App] DEBUG Bundle               - Logging bundle: scene
01:15:18.358 [JavaFX App] DEBUG Bundle               - scene.sizeW=1280.0
01:15:18.358 [JavaFX App] DEBUG Bundle               - scene.sizeH=720.0
01:15:18.358 [JavaFX App] DEBUG FXGLAudioPlayer      - Saving data to profile
01:15:18.358 [JavaFX App] DEBUG Bundle               - Logging bundle: audio
01:15:18.359 [JavaFX App] DEBUG Bundle               - audio.musicVolume=0.5
01:15:18.359 [JavaFX App] DEBUG Bundle               - audio.soundVolume=0.5
01:15:18.359 [JavaFX App] DEBUG AchievementManager   - Saving data to profile
01:15:18.359 [JavaFX App] DEBUG Bundle               - Logging bundle: achievement
01:15:18.359 [JavaFX App] DEBUG FXGLMasterTimer      - Saving data to profile
01:15:18.360 [JavaFX App] DEBUG Bundle               - Logging bundle: timer
01:15:18.360 [JavaFX App] DEBUG Bundle               - timer.playtime=0
01:15:18.360 [JavaFX App] DEBUG SaveLoadManager      - Saving profile: 1
01:15:18.362 [JavaFX App] DEBUG IOTask               - Executing task: writeDataTask(./profiles/1/user.profile)
01:15:18.362 [JavaFX App] DEBUG IOTask               - Executing task: writeDataTask(./profiles/1/user.profile)
01:15:18.365 [JavaFX App] DEBUG FS                   - Writing to: .\profiles\1\user.profile
01:15:18.383 [JavaFX App] DEBUG IOTask               - Executing task: checkSavesDir(./profiles/1/saves/)
01:15:18.384 [JavaFX App] DEBUG IOTask               - Task succeeded: writeDataTask(./profiles/1/user.profile)
