03:27:19.327 [JavaFX App] DEBUG FXGLLoggerFactory    - Service [LoggerFactory] initialized
03:27:19.331 [JavaFX App] DEBUG GameApplication      - Starting Game Application
03:27:19.332 [JavaFX App] DEBUG FXGLEventBus         - Service [EventBus] initialized
03:27:19.335 [JavaFX App] DEBUG FXGLExecutor         - Service [Executor] initialized
03:27:19.337 [JavaFX App] DEBUG GameWorld            - Game world initialized
03:27:19.371 [JavaFX App] DEBUG PhysicsWorld         - Physics world initialized
03:27:19.386 [JavaFX App] DEBUG GameScene            - Game scene initialized: 1280.0x720.0
03:27:19.412 [JavaFX App] DEBUG AssetLoader          - Service [AssetLoader] initialized
03:27:19.413 [JavaFX App] DEBUG AssetLoader          - Loading from disk: /assets/sounds/system/notification.wav
03:27:19.429 [JavaFX App] DEBUG AssetLoader          - Loading from disk: /assets/sounds/menu/select.wav
03:27:19.430 [JavaFX App] DEBUG AssetLoader          - Loading from disk: /assets/sounds/menu/back.wav
03:27:19.431 [JavaFX App] DEBUG AssetLoader          - Loading from disk: /assets/sounds/menu/press.wav
03:27:19.434 [JavaFX App] DEBUG AssetLoader          - Loading from disk: /assets/ui/fonts/Copperplate_Gothic_Light_Regular.ttf
03:27:19.524 [JavaFX App] DEBUG AssetLoader          - Loading from disk: /assets/ui/css/fxgl.css
03:27:19.524 [JavaFX App] DEBUG AssetLoader          - Loading from disk: /assets/ui/icons/fxgl_icon.png
03:27:19.555 [JavaFX App] DEBUG AssetLoader          - Loading from disk: /assets/ui/css/fxgl_dark.css
03:27:19.568 [JavaFX App] DEBUG FXGLDisplay          - Target size: DoubleProperty [value: 1280.0] x DoubleProperty [value: 720.0] @ 1.0
03:27:19.568 [JavaFX App] DEBUG FXGLDisplay          - New size:    1280.0 x 720.0 @ DoubleProperty [value: 1.0]
03:27:19.568 [JavaFX App] DEBUG FXGLDisplay          - Service [Display] initialized
03:27:19.568 [JavaFX App] DEBUG FXGLDisplay          - Using CSS: CSS(externalForm=jar:file:/C:/Users/Romano/Documents/GitHub/Breakout/src/lib/FXGL-0.2.4-uber.jar!/assets/ui/css/fxgl_dark.css)
03:27:19.571 [JavaFX App] DEBUG FXGLInput            - Service [Input] initialized
03:27:19.572 [JavaFX App] DEBUG FXGLInput            - Registered new binding: Screenshot - P
03:27:19.572 [JavaFX App] DEBUG FXGLInput            - Registered new binding: Developer Options - CTRL+0
03:27:19.574 [JavaFX App] DEBUG FXGLInput            - Registered new binding: left - A
03:27:19.574 [JavaFX App] DEBUG FXGLInput            - Registered new binding: right - D
03:27:19.574 [JavaFX App] DEBUG GameApplication      - Initializing global event handlers
03:27:19.574 [JavaFX App] DEBUG FXGLMasterTimer      - Service [MasterTimer] initialized
03:27:19.583 [JavaFX App] DEBUG FXGLEventBus         - Firing event: SaveEvent
03:27:19.584 [JavaFX App] DEBUG FXGLInput            - Saving data to profile
03:27:19.584 [JavaFX App] DEBUG Bundle               - Logging bundle: input
03:27:19.585 [JavaFX App] DEBUG Bundle               - input.Screenshot=P
03:27:19.585 [JavaFX App] DEBUG Bundle               - input.right=D
03:27:19.585 [JavaFX App] DEBUG Bundle               - input.Developer Options=CTRL+0
03:27:19.585 [JavaFX App] DEBUG Bundle               - input.left=A
03:27:19.585 [JavaFX App] DEBUG FXGLDisplay          - Saving data to profile
03:27:19.585 [JavaFX App] DEBUG Bundle               - Logging bundle: scene
03:27:19.585 [JavaFX App] DEBUG Bundle               - scene.sizeW=1280.0
03:27:19.585 [JavaFX App] DEBUG Bundle               - scene.sizeH=720.0
03:27:19.585 [JavaFX App] DEBUG FXGLAudioPlayer      - Service [AudioPlayer] initialized
03:27:19.586 [JavaFX App] DEBUG FXGLAudioPlayer      - Saving data to profile
03:27:19.586 [JavaFX App] DEBUG Bundle               - Logging bundle: audio
03:27:19.586 [JavaFX App] DEBUG Bundle               - audio.musicVolume=0.5
03:27:19.586 [JavaFX App] DEBUG Bundle               - audio.soundVolume=0.5
03:27:19.586 [JavaFX App] DEBUG AchievementManager   - Service [AchievementManager] initialized
03:27:19.586 [JavaFX App] DEBUG AchievementManager   - Saving data to profile
03:27:19.586 [JavaFX App] DEBUG Bundle               - Logging bundle: achievement
03:27:19.586 [JavaFX App] DEBUG FXGLMasterTimer      - Saving data to profile
03:27:19.586 [JavaFX App] DEBUG Bundle               - Logging bundle: timer
03:27:19.586 [JavaFX App] DEBUG Bundle               - timer.playtime=0
03:27:19.618 [JavaFX App] DEBUG GameApplication      - State: STARTUP -> MAIN_MENU
03:27:19.733 [JavaFX App] DEBUG FXGLDisplay          - Showing stage
03:27:19.733 [JavaFX App] DEBUG FXGLDisplay          - Root size: 1280.0x720.0
03:27:19.733 [JavaFX App] DEBUG FXGLDisplay          - Scene size: 1280.0x720.0
03:27:19.733 [JavaFX App] DEBUG FXGLDisplay          - Stage size: 1296.0x758.0
03:27:19.802 [JavaFX App] DEBUG SaveLoadManager      - Checking profiles dir: profiles/
03:27:19.803 [JavaFX App] DEBUG SaveLoadManager      - Loading profile names
03:27:19.805 [JavaFX App] DEBUG IOTask               - Showing dialog
03:27:19.811 [JavaFX App] DEBUG FXGLEventBus         - Firing event: DisplayEvent[type=DIALOG_OPENED]
03:27:19.811 [JavaFX App] DEBUG FXGLInput            - Clearing active input actions
03:27:19.817 [pool-3-thr] DEBUG IOTask               - Executing task: loadDirectoryNamesTask(./profiles/, false)
03:27:19.905 [JavaFX App] DEBUG IOTask               - succeed(): Dismissing dialog
03:27:19.906 [JavaFX App] DEBUG FXGLEventBus         - Firing event: DisplayEvent[type=DIALOG_CLOSED]
03:27:19.906 [JavaFX App] DEBUG IOTask               - Task succeeded: loadDirectoryNamesTask(./profiles/, false)
03:27:19.914 [JavaFX App] DEBUG FXGLEventBus         - Firing event: DisplayEvent[type=DIALOG_OPENED]
03:27:19.914 [JavaFX App] DEBUG FXGLInput            - Clearing active input actions
03:27:21.153 [JavaFX App] DEBUG FXGLEventBus         - Firing event: DisplayEvent[type=DIALOG_CLOSED]
03:27:21.154 [JavaFX App] DEBUG SaveLoadManager      - Loading profile: 1
03:27:21.155 [JavaFX App] DEBUG IOTask               - Showing dialog
03:27:21.168 [JavaFX App] DEBUG FXGLEventBus         - Firing event: DisplayEvent[type=DIALOG_OPENED]
03:27:21.168 [JavaFX App] DEBUG FXGLInput            - Clearing active input actions
03:27:21.168 [pool-3-thr] DEBUG IOTask               - Executing task: readDataTask(./profiles/1/user.profile)
03:27:21.173 [pool-3-thr] DEBUG FS                   - Reading from: .\profiles\1\user.profile
03:27:21.187 [JavaFX App] DEBUG IOTask               - succeed(): Dismissing dialog
03:27:21.188 [JavaFX App] DEBUG FXGLEventBus         - Firing event: DisplayEvent[type=DIALOG_CLOSED]
03:27:21.188 [JavaFX App] DEBUG IOTask               - Task succeeded: readDataTask(./profiles/1/user.profile)
03:27:21.188 [JavaFX App] DEBUG FXGLEventBus         - Firing event: LoadEvent[type=LOAD_PROFILE]
03:27:21.188 [JavaFX App] DEBUG FXGLInput            - Loading data from profile
03:27:21.188 [JavaFX App] DEBUG Bundle               - Logging bundle: input
03:27:21.188 [JavaFX App] DEBUG Bundle               - input.Screenshot=P
03:27:21.188 [JavaFX App] DEBUG Bundle               - input.right=D
03:27:21.188 [JavaFX App] DEBUG Bundle               - input.Developer Options=0
03:27:21.188 [JavaFX App] DEBUG Bundle               - input.left=A
03:27:21.188 [JavaFX App] DEBUG FXGLDisplay          - Loading data from profile
03:27:21.188 [JavaFX App] DEBUG Bundle               - Logging bundle: scene
03:27:21.188 [JavaFX App] DEBUG Bundle               - scene.sizeW=1280.0
03:27:21.188 [JavaFX App] DEBUG Bundle               - scene.sizeH=720.0
03:27:21.188 [JavaFX App] DEBUG FXGLDisplay          - Target size: DoubleProperty [value: 1280.0] x DoubleProperty [value: 720.0] @ 1.0
03:27:21.188 [JavaFX App] DEBUG FXGLDisplay          - New size:    1280.0 x 720.0 @ DoubleProperty [value: 1.0]
03:27:21.198 [JavaFX App] DEBUG FXGLAudioPlayer      - Loading data from profile
03:27:21.198 [JavaFX App] DEBUG Bundle               - Logging bundle: audio
03:27:21.198 [JavaFX App] DEBUG Bundle               - audio.musicVolume=0.5
03:27:21.198 [JavaFX App] DEBUG Bundle               - audio.soundVolume=0.5
03:27:21.198 [JavaFX App] DEBUG AchievementManager   - Loading data from profile
03:27:21.198 [JavaFX App] DEBUG Bundle               - Logging bundle: achievement
03:27:21.198 [JavaFX App] DEBUG FXGLMasterTimer      - Loading data from profile
03:27:21.199 [JavaFX App] DEBUG Bundle               - Logging bundle: timer
03:27:21.199 [JavaFX App] DEBUG Bundle               - timer.playtime=119769604643
03:27:21.199 [JavaFX App] DEBUG SaveLoadManager      - Loading last modified save file
03:27:21.199 [JavaFX App] DEBUG SaveLoadManager      - Loading save files
03:27:21.201 [JavaFX App] DEBUG IOTask               - Showing dialog
03:27:21.207 [JavaFX App] DEBUG FXGLEventBus         - Firing event: DisplayEvent[type=DIALOG_OPENED]
03:27:21.208 [JavaFX App] DEBUG FXGLInput            - Clearing active input actions
03:27:21.208 [pool-3-thr] DEBUG IOTask               - Executing task: loadFileNamesTask(./profiles/1/saves/, true, [FileExtension(extension=.sav)])
03:27:21.208 [pool-3-thr] DEBUG IOTask               - Executing task: loadFileNamesTask(./profiles/1/saves/, true, [FileExtension(extension=.sav)])
03:27:21.208 [pool-3-thr] DEBUG IOTask               - Executing task: loadFileNamesTask(./profiles/1/saves/, true, [FileExtension(extension=.sav)])
03:27:21.209 [pool-3-thr] DEBUG IOTask               - Executing task: readSaveFiles
03:27:21.210 [pool-3-thr] DEBUG IOTask               - Executing task: findLastSave
03:27:21.224 [JavaFX App] DEBUG IOTask               - fail(): Dismissing dialog
03:27:21.225 [JavaFX App] DEBUG FXGLEventBus         - Firing event: DisplayEvent[type=DIALOG_CLOSED]
03:27:21.225 [JavaFX App] WARN  IOTask               - Task failed: loadFileNamesTask(./profiles/1/saves/, true, [FileExtension(extension=.sav)]) Error: java.io.FileNotFoundException: No save files found
03:27:21.225 [JavaFX App] DEBUG FXGLEventBus         - Firing event: ProfileSelectedEvent[name=1,hasSaves=false]
03:27:21.848 [JavaFX App] DEBUG Menu                 - fireNewGame()
03:27:21.848 [JavaFX App] DEBUG GameApplication      - Starting new game
03:27:21.851 [JavaFX App] DEBUG GameApplication      - Initializing App
03:27:21.852 [JavaFX App] DEBUG FXGLEventBus         - Firing event: FXGLEvent[type=PAUSE]
03:27:21.852 [JavaFX App] DEBUG FXGLInput            - Clearing active input actions
03:27:21.853 [JavaFX App] DEBUG FXGLMasterTimer      - Stopping master timer
03:27:21.854 [JavaFX App] DEBUG GameApplication      - State: MAIN_MENU -> PAUSED
03:27:21.854 [JavaFX App] DEBUG FXGLEventBus         - Firing event: FXGLEvent[type=RESET]
03:27:21.855 [JavaFX App] DEBUG GameWorld            - Resetting game world
03:27:21.855 [JavaFX App] TRACE EntityWorld          - Resetting entity world
03:27:21.858 [JavaFX App] DEBUG GameScene            - Resetting game scene
03:27:21.859 [JavaFX App] DEBUG FXGLInput            - Clearing active input actions
03:27:21.859 [JavaFX App] DEBUG FXGLMasterTimer      - Resetting ticks and clearing all actions
03:27:21.859 [JavaFX App] DEBUG GameApplication      - State: PAUSED -> LOADING
03:27:21.868 [JavaFX App] DEBUG GameApplication      - Starting FXGL Init Thread
03:27:21.868 [JavaFX App] DEBUG FXGLEventBus         - Firing event: MenuEvent[type=NEW_GAME]
03:27:21.869 [FXGL Init ] DEBUG InitAppTask          - Initializing Assets
03:27:21.870 [FXGL Init ] DEBUG AssetLoader          - Loading from disk: /assets/textures/Balls/ball_red.png
03:27:21.876 [FXGL Init ] DEBUG AssetLoader          - Loading from disk: /assets/textures/Bats/bat_black.png
03:27:21.878 [FXGL Init ] DEBUG AssetLoader          - Loading from disk: /assets/textures/Bricks/brick_blue_small.png
03:27:21.879 [FXGL Init ] DEBUG AssetLoader          - Loading from disk: /assets/textures/Walls/brick_red.png
03:27:21.880 [FXGL Init ] DEBUG InitAppTask          - Initializing Game
03:27:21.904 [FXGL Init ] DEBUG AssetLoader          - Loading from cache: /assets/textures/Walls/brick_red.png
03:27:21.906 [FXGL Init ] DEBUG AssetLoader          - Loading from cache: /assets/textures/Walls/brick_red.png
03:27:21.906 [FXGL Init ] DEBUG AssetLoader          - Loading from cache: /assets/textures/Walls/brick_red.png
03:27:21.907 [FXGL Init ] DEBUG AssetLoader          - Loading from cache: /assets/textures/Walls/brick_red.png
03:27:21.907 [FXGL Init ] DEBUG AssetLoader          - Loading from cache: /assets/textures/Walls/brick_red.png
03:27:21.908 [FXGL Init ] DEBUG AssetLoader          - Loading from cache: /assets/textures/Walls/brick_red.png
03:27:21.908 [FXGL Init ] DEBUG AssetLoader          - Loading from cache: /assets/textures/Walls/brick_red.png
03:27:21.908 [FXGL Init ] DEBUG AssetLoader          - Loading from cache: /assets/textures/Walls/brick_red.png
03:27:21.909 [FXGL Init ] DEBUG AssetLoader          - Loading from cache: /assets/textures/Walls/brick_red.png
03:27:21.909 [FXGL Init ] DEBUG AssetLoader          - Loading from cache: /assets/textures/Walls/brick_red.png
03:27:21.910 [FXGL Init ] DEBUG AssetLoader          - Loading from cache: /assets/textures/Walls/brick_red.png
03:27:21.910 [FXGL Init ] DEBUG AssetLoader          - Loading from cache: /assets/textures/Walls/brick_red.png
03:27:21.910 [FXGL Init ] DEBUG AssetLoader          - Loading from cache: /assets/textures/Walls/brick_red.png
03:27:21.911 [FXGL Init ] DEBUG AssetLoader          - Loading from cache: /assets/textures/Walls/brick_red.png
03:27:21.911 [FXGL Init ] DEBUG AssetLoader          - Loading from cache: /assets/textures/Walls/brick_red.png
03:27:21.911 [FXGL Init ] DEBUG AssetLoader          - Loading from cache: /assets/textures/Walls/brick_red.png
03:27:21.912 [FXGL Init ] DEBUG AssetLoader          - Loading from cache: /assets/textures/Walls/brick_red.png
03:27:21.912 [FXGL Init ] DEBUG AssetLoader          - Loading from cache: /assets/textures/Walls/brick_red.png
03:27:21.912 [FXGL Init ] DEBUG AssetLoader          - Loading from cache: /assets/textures/Walls/brick_red.png
03:27:21.913 [FXGL Init ] DEBUG AssetLoader          - Loading from cache: /assets/textures/Walls/brick_red.png
03:27:21.913 [FXGL Init ] DEBUG AssetLoader          - Loading from cache: /assets/textures/Walls/brick_red.png
03:27:21.913 [FXGL Init ] DEBUG AssetLoader          - Loading from cache: /assets/textures/Walls/brick_red.png
03:27:21.914 [FXGL Init ] DEBUG AssetLoader          - Loading from cache: /assets/textures/Walls/brick_red.png
03:27:21.914 [FXGL Init ] DEBUG AssetLoader          - Loading from cache: /assets/textures/Walls/brick_red.png
03:27:21.914 [FXGL Init ] DEBUG AssetLoader          - Loading from cache: /assets/textures/Walls/brick_red.png
03:27:21.914 [FXGL Init ] DEBUG AssetLoader          - Loading from cache: /assets/textures/Walls/brick_red.png
03:27:21.915 [FXGL Init ] DEBUG AssetLoader          - Loading from cache: /assets/textures/Walls/brick_red.png
03:27:21.915 [FXGL Init ] DEBUG AssetLoader          - Loading from cache: /assets/textures/Walls/brick_red.png
03:27:21.915 [FXGL Init ] DEBUG AssetLoader          - Loading from cache: /assets/textures/Walls/brick_red.png
03:27:21.916 [FXGL Init ] DEBUG AssetLoader          - Loading from cache: /assets/textures/Walls/brick_red.png
03:27:21.916 [FXGL Init ] DEBUG AssetLoader          - Loading from cache: /assets/textures/Walls/brick_red.png
03:27:21.916 [FXGL Init ] DEBUG AssetLoader          - Loading from cache: /assets/textures/Walls/brick_red.png
03:27:21.916 [FXGL Init ] DEBUG AssetLoader          - Loading from cache: /assets/textures/Walls/brick_red.png
03:27:21.917 [FXGL Init ] DEBUG AssetLoader          - Loading from cache: /assets/textures/Walls/brick_red.png
03:27:21.917 [FXGL Init ] DEBUG AssetLoader          - Loading from cache: /assets/textures/Walls/brick_red.png
03:27:21.917 [FXGL Init ] DEBUG AssetLoader          - Loading from cache: /assets/textures/Walls/brick_red.png
03:27:21.918 [FXGL Init ] DEBUG AssetLoader          - Loading from cache: /assets/textures/Walls/brick_red.png
03:27:21.918 [FXGL Init ] DEBUG AssetLoader          - Loading from cache: /assets/textures/Walls/brick_red.png
03:27:21.918 [FXGL Init ] DEBUG AssetLoader          - Loading from cache: /assets/textures/Walls/brick_red.png
03:27:21.919 [FXGL Init ] DEBUG AssetLoader          - Loading from cache: /assets/textures/Walls/brick_red.png
03:27:21.919 [FXGL Init ] DEBUG AssetLoader          - Loading from cache: /assets/textures/Walls/brick_red.png
03:27:21.919 [FXGL Init ] DEBUG AssetLoader          - Loading from cache: /assets/textures/Walls/brick_red.png
03:27:21.920 [FXGL Init ] DEBUG AssetLoader          - Loading from cache: /assets/textures/Walls/brick_red.png
03:27:21.920 [FXGL Init ] DEBUG AssetLoader          - Loading from cache: /assets/textures/Walls/brick_red.png
03:27:21.920 [FXGL Init ] DEBUG AssetLoader          - Loading from cache: /assets/textures/Walls/brick_red.png
03:27:21.921 [FXGL Init ] DEBUG AssetLoader          - Loading from cache: /assets/textures/Walls/brick_red.png
03:27:21.921 [FXGL Init ] DEBUG AssetLoader          - Loading from cache: /assets/textures/Walls/brick_red.png
03:27:21.921 [FXGL Init ] DEBUG AssetLoader          - Loading from cache: /assets/textures/Walls/brick_red.png
03:27:21.921 [FXGL Init ] DEBUG AssetLoader          - Loading from cache: /assets/textures/Walls/brick_red.png
03:27:21.922 [FXGL Init ] DEBUG AssetLoader          - Loading from cache: /assets/textures/Walls/brick_red.png
03:27:21.922 [FXGL Init ] DEBUG AssetLoader          - Loading from cache: /assets/textures/Walls/brick_red.png
03:27:21.922 [FXGL Init ] DEBUG AssetLoader          - Loading from cache: /assets/textures/Walls/brick_red.png
03:27:21.923 [FXGL Init ] DEBUG AssetLoader          - Loading from cache: /assets/textures/Walls/brick_red.png
03:27:21.923 [FXGL Init ] DEBUG AssetLoader          - Loading from cache: /assets/textures/Walls/brick_red.png
03:27:21.923 [FXGL Init ] DEBUG AssetLoader          - Loading from cache: /assets/textures/Walls/brick_red.png
03:27:21.923 [FXGL Init ] DEBUG AssetLoader          - Loading from cache: /assets/textures/Walls/brick_red.png
03:27:21.924 [FXGL Init ] DEBUG AssetLoader          - Loading from cache: /assets/textures/Walls/brick_red.png
03:27:21.924 [FXGL Init ] DEBUG AssetLoader          - Loading from cache: /assets/textures/Walls/brick_red.png
03:27:21.924 [FXGL Init ] DEBUG AssetLoader          - Loading from cache: /assets/textures/Walls/brick_red.png
03:27:21.924 [FXGL Init ] DEBUG AssetLoader          - Loading from cache: /assets/textures/Walls/brick_red.png
03:27:21.925 [FXGL Init ] DEBUG AssetLoader          - Loading from cache: /assets/textures/Walls/brick_red.png
03:27:21.925 [FXGL Init ] DEBUG AssetLoader          - Loading from cache: /assets/textures/Walls/brick_red.png
03:27:21.925 [FXGL Init ] DEBUG AssetLoader          - Loading from cache: /assets/textures/Walls/brick_red.png
03:27:21.926 [FXGL Init ] DEBUG AssetLoader          - Loading from cache: /assets/textures/Walls/brick_red.png
03:27:21.926 [FXGL Init ] DEBUG AssetLoader          - Loading from cache: /assets/textures/Walls/brick_red.png
03:27:21.926 [FXGL Init ] DEBUG AssetLoader          - Loading from cache: /assets/textures/Walls/brick_red.png
03:27:21.926 [FXGL Init ] DEBUG AssetLoader          - Loading from cache: /assets/textures/Walls/brick_red.png
03:27:21.927 [FXGL Init ] DEBUG AssetLoader          - Loading from cache: /assets/textures/Walls/brick_red.png
03:27:21.927 [FXGL Init ] DEBUG AssetLoader          - Loading from cache: /assets/textures/Walls/brick_red.png
03:27:21.927 [FXGL Init ] DEBUG AssetLoader          - Loading from cache: /assets/textures/Walls/brick_red.png
03:27:21.927 [FXGL Init ] DEBUG AssetLoader          - Loading from cache: /assets/textures/Walls/brick_red.png
03:27:21.927 [FXGL Init ] DEBUG AssetLoader          - Loading from cache: /assets/textures/Walls/brick_red.png
03:27:21.928 [FXGL Init ] DEBUG AssetLoader          - Loading from cache: /assets/textures/Walls/brick_red.png
03:27:21.928 [FXGL Init ] DEBUG AssetLoader          - Loading from cache: /assets/textures/Walls/brick_red.png
03:27:21.928 [FXGL Init ] DEBUG AssetLoader          - Loading from cache: /assets/textures/Walls/brick_red.png
03:27:21.928 [FXGL Init ] DEBUG AssetLoader          - Loading from cache: /assets/textures/Walls/brick_red.png
03:27:21.929 [FXGL Init ] DEBUG AssetLoader          - Loading from cache: /assets/textures/Walls/brick_red.png
03:27:21.929 [FXGL Init ] DEBUG AssetLoader          - Loading from cache: /assets/textures/Walls/brick_red.png
03:27:21.929 [FXGL Init ] DEBUG AssetLoader          - Loading from cache: /assets/textures/Walls/brick_red.png
03:27:21.929 [FXGL Init ] DEBUG AssetLoader          - Loading from cache: /assets/textures/Walls/brick_red.png
03:27:21.929 [FXGL Init ] DEBUG AssetLoader          - Loading from cache: /assets/textures/Walls/brick_red.png
03:27:21.930 [FXGL Init ] DEBUG AssetLoader          - Loading from cache: /assets/textures/Walls/brick_red.png
03:27:21.930 [FXGL Init ] DEBUG AssetLoader          - Loading from cache: /assets/textures/Walls/brick_red.png
03:27:21.930 [FXGL Init ] DEBUG AssetLoader          - Loading from cache: /assets/textures/Walls/brick_red.png
03:27:21.930 [FXGL Init ] DEBUG AssetLoader          - Loading from cache: /assets/textures/Walls/brick_red.png
03:27:21.931 [FXGL Init ] DEBUG AssetLoader          - Loading from cache: /assets/textures/Walls/brick_red.png
03:27:21.931 [FXGL Init ] DEBUG AssetLoader          - Loading from cache: /assets/textures/Walls/brick_red.png
03:27:21.931 [FXGL Init ] DEBUG AssetLoader          - Loading from cache: /assets/textures/Walls/brick_red.png
03:27:21.931 [FXGL Init ] DEBUG AssetLoader          - Loading from cache: /assets/textures/Walls/brick_red.png
03:27:21.931 [FXGL Init ] DEBUG AssetLoader          - Loading from cache: /assets/textures/Walls/brick_red.png
03:27:21.932 [FXGL Init ] DEBUG AssetLoader          - Loading from cache: /assets/textures/Walls/brick_red.png
03:27:21.932 [FXGL Init ] DEBUG AssetLoader          - Loading from cache: /assets/textures/Walls/brick_red.png
03:27:21.932 [FXGL Init ] DEBUG AssetLoader          - Loading from cache: /assets/textures/Walls/brick_red.png
03:27:21.933 [FXGL Init ] DEBUG AssetLoader          - Loading from cache: /assets/textures/Walls/brick_red.png
03:27:21.933 [FXGL Init ] DEBUG AssetLoader          - Loading from cache: /assets/textures/Walls/brick_red.png
03:27:21.933 [FXGL Init ] DEBUG AssetLoader          - Loading from cache: /assets/textures/Walls/brick_red.png
03:27:21.933 [FXGL Init ] DEBUG AssetLoader          - Loading from cache: /assets/textures/Walls/brick_red.png
03:27:21.933 [FXGL Init ] DEBUG AssetLoader          - Loading from cache: /assets/textures/Walls/brick_red.png
03:27:21.934 [FXGL Init ] DEBUG AssetLoader          - Loading from cache: /assets/textures/Walls/brick_red.png
03:27:21.934 [FXGL Init ] DEBUG AssetLoader          - Loading from cache: /assets/textures/Walls/brick_red.png
03:27:21.934 [FXGL Init ] DEBUG AssetLoader          - Loading from cache: /assets/textures/Walls/brick_red.png
03:27:21.934 [FXGL Init ] DEBUG AssetLoader          - Loading from cache: /assets/textures/Walls/brick_red.png
03:27:21.934 [FXGL Init ] DEBUG AssetLoader          - Loading from cache: /assets/textures/Walls/brick_red.png
03:27:21.935 [FXGL Init ] DEBUG AssetLoader          - Loading from cache: /assets/textures/Walls/brick_red.png
03:27:21.935 [FXGL Init ] DEBUG AssetLoader          - Loading from cache: /assets/textures/Walls/brick_red.png
03:27:21.935 [FXGL Init ] DEBUG AssetLoader          - Loading from cache: /assets/textures/Walls/brick_red.png
03:27:21.935 [FXGL Init ] DEBUG AssetLoader          - Loading from cache: /assets/textures/Walls/brick_red.png
03:27:21.935 [FXGL Init ] DEBUG AssetLoader          - Loading from cache: /assets/textures/Walls/brick_red.png
03:27:21.936 [FXGL Init ] DEBUG AssetLoader          - Loading from cache: /assets/textures/Walls/brick_red.png
03:27:21.936 [FXGL Init ] DEBUG AssetLoader          - Loading from cache: /assets/textures/Walls/brick_red.png
03:27:21.936 [FXGL Init ] DEBUG AssetLoader          - Loading from cache: /assets/textures/Walls/brick_red.png
03:27:21.936 [FXGL Init ] DEBUG AssetLoader          - Loading from cache: /assets/textures/Walls/brick_red.png
03:27:21.936 [FXGL Init ] DEBUG AssetLoader          - Loading from cache: /assets/textures/Walls/brick_red.png
03:27:21.937 [FXGL Init ] DEBUG AssetLoader          - Loading from cache: /assets/textures/Walls/brick_red.png
03:27:21.937 [FXGL Init ] DEBUG AssetLoader          - Loading from cache: /assets/textures/Walls/brick_red.png
03:27:21.937 [FXGL Init ] DEBUG AssetLoader          - Loading from cache: /assets/textures/Walls/brick_red.png
03:27:21.937 [FXGL Init ] DEBUG AssetLoader          - Loading from cache: /assets/textures/Walls/brick_red.png
03:27:21.937 [FXGL Init ] DEBUG AssetLoader          - Loading from cache: /assets/textures/Walls/brick_red.png
03:27:21.938 [FXGL Init ] DEBUG AssetLoader          - Loading from cache: /assets/textures/Walls/brick_red.png
03:27:21.938 [FXGL Init ] DEBUG AssetLoader          - Loading from cache: /assets/textures/Walls/brick_red.png
03:27:21.938 [FXGL Init ] DEBUG AssetLoader          - Loading from cache: /assets/textures/Walls/brick_red.png
03:27:21.938 [FXGL Init ] DEBUG AssetLoader          - Loading from cache: /assets/textures/Walls/brick_red.png
03:27:21.938 [FXGL Init ] DEBUG AssetLoader          - Loading from cache: /assets/textures/Walls/brick_red.png
03:27:21.938 [FXGL Init ] DEBUG AssetLoader          - Loading from cache: /assets/textures/Walls/brick_red.png
03:27:21.939 [FXGL Init ] DEBUG AssetLoader          - Loading from cache: /assets/textures/Walls/brick_red.png
03:27:21.939 [FXGL Init ] DEBUG AssetLoader          - Loading from cache: /assets/textures/Walls/brick_red.png
03:27:21.939 [FXGL Init ] DEBUG AssetLoader          - Loading from cache: /assets/textures/Walls/brick_red.png
03:27:21.939 [FXGL Init ] DEBUG AssetLoader          - Loading from cache: /assets/textures/Walls/brick_red.png
03:27:21.939 [FXGL Init ] DEBUG AssetLoader          - Loading from cache: /assets/textures/Walls/brick_red.png
03:27:21.940 [FXGL Init ] DEBUG AssetLoader          - Loading from cache: /assets/textures/Walls/brick_red.png
03:27:21.940 [FXGL Init ] DEBUG AssetLoader          - Loading from cache: /assets/textures/Walls/brick_red.png
03:27:21.940 [FXGL Init ] DEBUG AssetLoader          - Loading from cache: /assets/textures/Walls/brick_red.png
03:27:21.940 [FXGL Init ] DEBUG AssetLoader          - Loading from cache: /assets/textures/Walls/brick_red.png
03:27:21.940 [FXGL Init ] DEBUG AssetLoader          - Loading from cache: /assets/textures/Walls/brick_red.png
03:27:21.940 [FXGL Init ] DEBUG AssetLoader          - Loading from cache: /assets/textures/Walls/brick_red.png
03:27:21.941 [FXGL Init ] DEBUG AssetLoader          - Loading from cache: /assets/textures/Walls/brick_red.png
03:27:21.941 [FXGL Init ] DEBUG AssetLoader          - Loading from cache: /assets/textures/Walls/brick_red.png
03:27:21.941 [FXGL Init ] DEBUG AssetLoader          - Loading from cache: /assets/textures/Walls/brick_red.png
03:27:21.941 [FXGL Init ] DEBUG AssetLoader          - Loading from cache: /assets/textures/Walls/brick_red.png
03:27:21.941 [FXGL Init ] DEBUG AssetLoader          - Loading from cache: /assets/textures/Walls/brick_red.png
03:27:21.941 [FXGL Init ] DEBUG AssetLoader          - Loading from cache: /assets/textures/Walls/brick_red.png
03:27:21.942 [FXGL Init ] DEBUG AssetLoader          - Loading from cache: /assets/textures/Walls/brick_red.png
03:27:21.942 [FXGL Init ] DEBUG AssetLoader          - Loading from cache: /assets/textures/Walls/brick_red.png
03:27:21.942 [FXGL Init ] DEBUG AssetLoader          - Loading from cache: /assets/textures/Walls/brick_red.png
03:27:21.942 [FXGL Init ] DEBUG AssetLoader          - Loading from cache: /assets/textures/Walls/brick_red.png
03:27:21.942 [FXGL Init ] DEBUG AssetLoader          - Loading from cache: /assets/textures/Walls/brick_red.png
03:27:21.943 [FXGL Init ] DEBUG AssetLoader          - Loading from cache: /assets/textures/Walls/brick_red.png
03:27:21.943 [FXGL Init ] DEBUG AssetLoader          - Loading from cache: /assets/textures/Walls/brick_red.png
03:27:21.943 [FXGL Init ] DEBUG AssetLoader          - Loading from cache: /assets/textures/Walls/brick_red.png
03:27:21.943 [FXGL Init ] DEBUG AssetLoader          - Loading from cache: /assets/textures/Walls/brick_red.png
03:27:21.943 [FXGL Init ] DEBUG AssetLoader          - Loading from cache: /assets/textures/Walls/brick_red.png
03:27:21.943 [FXGL Init ] DEBUG AssetLoader          - Loading from cache: /assets/textures/Walls/brick_red.png
03:27:21.944 [FXGL Init ] DEBUG AssetLoader          - Loading from cache: /assets/textures/Walls/brick_red.png
03:27:21.944 [FXGL Init ] DEBUG AssetLoader          - Loading from cache: /assets/textures/Walls/brick_red.png
03:27:21.944 [FXGL Init ] DEBUG AssetLoader          - Loading from cache: /assets/textures/Walls/brick_red.png
03:27:21.944 [FXGL Init ] DEBUG AssetLoader          - Loading from cache: /assets/textures/Walls/brick_red.png
03:27:21.944 [FXGL Init ] DEBUG AssetLoader          - Loading from cache: /assets/textures/Walls/brick_red.png
03:27:21.944 [FXGL Init ] DEBUG AssetLoader          - Loading from cache: /assets/textures/Walls/brick_red.png
03:27:21.945 [FXGL Init ] DEBUG AssetLoader          - Loading from cache: /assets/textures/Walls/brick_red.png
03:27:21.945 [FXGL Init ] DEBUG AssetLoader          - Loading from cache: /assets/textures/Walls/brick_red.png
03:27:21.945 [FXGL Init ] DEBUG AssetLoader          - Loading from cache: /assets/textures/Walls/brick_red.png
03:27:21.945 [FXGL Init ] DEBUG AssetLoader          - Loading from cache: /assets/textures/Walls/brick_red.png
03:27:21.945 [FXGL Init ] DEBUG AssetLoader          - Loading from cache: /assets/textures/Walls/brick_red.png
03:27:21.945 [FXGL Init ] DEBUG AssetLoader          - Loading from cache: /assets/textures/Walls/brick_red.png
03:27:21.946 [FXGL Init ] DEBUG AssetLoader          - Loading from cache: /assets/textures/Walls/brick_red.png
03:27:21.946 [FXGL Init ] DEBUG AssetLoader          - Loading from cache: /assets/textures/Walls/brick_red.png
03:27:21.946 [FXGL Init ] DEBUG AssetLoader          - Loading from cache: /assets/textures/Walls/brick_red.png
03:27:21.946 [FXGL Init ] DEBUG AssetLoader          - Loading from cache: /assets/textures/Walls/brick_red.png
03:27:21.946 [FXGL Init ] DEBUG AssetLoader          - Loading from cache: /assets/textures/Walls/brick_red.png
03:27:21.946 [FXGL Init ] DEBUG AssetLoader          - Loading from cache: /assets/textures/Walls/brick_red.png
03:27:21.947 [FXGL Init ] DEBUG AssetLoader          - Loading from cache: /assets/textures/Walls/brick_red.png
03:27:21.947 [FXGL Init ] DEBUG AssetLoader          - Loading from cache: /assets/textures/Walls/brick_red.png
03:27:21.947 [FXGL Init ] DEBUG AssetLoader          - Loading from cache: /assets/textures/Walls/brick_red.png
03:27:21.947 [FXGL Init ] DEBUG AssetLoader          - Loading from cache: /assets/textures/Walls/brick_red.png
03:27:21.947 [FXGL Init ] DEBUG AssetLoader          - Loading from cache: /assets/textures/Walls/brick_red.png
03:27:21.947 [FXGL Init ] DEBUG AssetLoader          - Loading from cache: /assets/textures/Walls/brick_red.png
03:27:21.947 [FXGL Init ] DEBUG AssetLoader          - Loading from cache: /assets/textures/Walls/brick_red.png
03:27:21.948 [FXGL Init ] DEBUG AssetLoader          - Loading from cache: /assets/textures/Walls/brick_red.png
03:27:21.948 [FXGL Init ] DEBUG AssetLoader          - Loading from cache: /assets/textures/Walls/brick_red.png
03:27:21.948 [FXGL Init ] DEBUG AssetLoader          - Loading from cache: /assets/textures/Walls/brick_red.png
03:27:21.949 [FXGL Init ] DEBUG AssetLoader          - Loading from cache: /assets/textures/Bats/bat_black.png
03:27:21.951 [FXGL Init ] DEBUG AssetLoader          - Loading from cache: /assets/textures/Balls/ball_red.png
03:27:21.952 [FXGL Init ] DEBUG AssetLoader          - Loading from cache: /assets/textures/Bricks/brick_blue_small.png
03:27:21.953 [FXGL Init ] DEBUG InitAppTask          - Initializing Physics
03:27:21.953 [FXGL Init ] DEBUG InitAppTask          - Initializing UI
03:27:21.954 [FXGL Init ] DEBUG GameScene            - Adding UI node: Text[text="0", x=0.0, y=0.0, alignment=LEFT, origin=BASELINE, boundsType=LOGICAL, font=Font[name=System Regular, family=System, style=Regular, size=20.0], fontSmoothingType=GRAY, fill=0x000000ff]
03:27:21.954 [FXGL Init ] DEBUG InitAppTask          - Initialization Complete
03:27:21.955 [JavaFX App] DEBUG FXGLEventBus         - Firing event: FXGLEvent[type=INIT_APP_COMPLETE]
03:27:21.955 [JavaFX App] DEBUG FXGLEventBus         - Firing event: FXGLEvent[type=RESUME]
03:27:21.955 [JavaFX App] DEBUG FXGLInput            - Clearing active input actions
03:27:21.955 [JavaFX App] DEBUG FXGLMasterTimer      - Starting master timer
03:27:21.955 [JavaFX App] DEBUG GameApplication      - State: LOADING -> PLAYING
03:27:21.959 [JavaFX App] TRACE Entity               - Initializing entity
03:27:21.960 [JavaFX App] DEBUG GameScene            - Entity added to scene
03:27:21.960 [JavaFX App] DEBUG GameScene            - Added MainViewComponent
03:27:21.961 [JavaFX App] DEBUG GameScene            - Creating render group for layer: TOP(2147483647)
03:27:21.963 [JavaFX App] DEBUG FXGLEventBus         - Firing event: WorldEvent[type=ENTITY_ADDED]
03:27:21.963 [JavaFX App] TRACE Entity               - Initializing entity
03:27:21.963 [JavaFX App] DEBUG GameScene            - Entity added to scene
03:27:21.963 [JavaFX App] DEBUG GameScene            - Added MainViewComponent
03:27:21.964 [JavaFX App] DEBUG FXGLEventBus         - Firing event: WorldEvent[type=ENTITY_ADDED]
03:27:21.964 [JavaFX App] TRACE Entity               - Initializing entity
03:27:21.964 [JavaFX App] DEBUG GameScene            - Entity added to scene
03:27:21.964 [JavaFX App] DEBUG GameScene            - Added MainViewComponent
03:27:21.964 [JavaFX App] DEBUG FXGLEventBus         - Firing event: WorldEvent[type=ENTITY_ADDED]
03:27:21.964 [JavaFX App] TRACE Entity               - Initializing entity
03:27:21.964 [JavaFX App] DEBUG GameScene            - Entity added to scene
03:27:21.964 [JavaFX App] DEBUG GameScene            - Added MainViewComponent
03:27:21.964 [JavaFX App] DEBUG FXGLEventBus         - Firing event: WorldEvent[type=ENTITY_ADDED]
03:27:21.964 [JavaFX App] TRACE Entity               - Initializing entity
03:27:21.964 [JavaFX App] DEBUG GameScene            - Entity added to scene
03:27:21.964 [JavaFX App] DEBUG GameScene            - Added MainViewComponent
03:27:21.964 [JavaFX App] DEBUG FXGLEventBus         - Firing event: WorldEvent[type=ENTITY_ADDED]
03:27:21.964 [JavaFX App] TRACE Entity               - Initializing entity
03:27:21.964 [JavaFX App] DEBUG GameScene            - Entity added to scene
03:27:21.964 [JavaFX App] DEBUG GameScene            - Added MainViewComponent
03:27:21.964 [JavaFX App] DEBUG FXGLEventBus         - Firing event: WorldEvent[type=ENTITY_ADDED]
03:27:21.964 [JavaFX App] TRACE Entity               - Initializing entity
03:27:21.964 [JavaFX App] DEBUG GameScene            - Entity added to scene
03:27:21.964 [JavaFX App] DEBUG GameScene            - Added MainViewComponent
03:27:21.965 [JavaFX App] DEBUG FXGLEventBus         - Firing event: WorldEvent[type=ENTITY_ADDED]
03:27:21.965 [JavaFX App] TRACE Entity               - Initializing entity
03:27:21.965 [JavaFX App] DEBUG GameScene            - Entity added to scene
03:27:21.965 [JavaFX App] DEBUG GameScene            - Added MainViewComponent
03:27:21.965 [JavaFX App] DEBUG FXGLEventBus         - Firing event: WorldEvent[type=ENTITY_ADDED]
03:27:21.965 [JavaFX App] TRACE Entity               - Initializing entity
03:27:21.965 [JavaFX App] DEBUG GameScene            - Entity added to scene
03:27:21.965 [JavaFX App] DEBUG GameScene            - Added MainViewComponent
03:27:21.965 [JavaFX App] DEBUG FXGLEventBus         - Firing event: WorldEvent[type=ENTITY_ADDED]
03:27:21.965 [JavaFX App] TRACE Entity               - Initializing entity
03:27:21.965 [JavaFX App] DEBUG GameScene            - Entity added to scene
03:27:21.965 [JavaFX App] DEBUG GameScene            - Added MainViewComponent
03:27:21.965 [JavaFX App] DEBUG FXGLEventBus         - Firing event: WorldEvent[type=ENTITY_ADDED]
03:27:21.965 [JavaFX App] TRACE Entity               - Initializing entity
03:27:21.965 [JavaFX App] DEBUG GameScene            - Entity added to scene
03:27:21.965 [JavaFX App] DEBUG GameScene            - Added MainViewComponent
03:27:21.965 [JavaFX App] DEBUG FXGLEventBus         - Firing event: WorldEvent[type=ENTITY_ADDED]
03:27:21.965 [JavaFX App] TRACE Entity               - Initializing entity
03:27:21.965 [JavaFX App] DEBUG GameScene            - Entity added to scene
03:27:21.965 [JavaFX App] DEBUG GameScene            - Added MainViewComponent
03:27:21.966 [JavaFX App] DEBUG FXGLEventBus         - Firing event: WorldEvent[type=ENTITY_ADDED]
03:27:21.966 [JavaFX App] TRACE Entity               - Initializing entity
03:27:21.966 [JavaFX App] DEBUG GameScene            - Entity added to scene
03:27:21.966 [JavaFX App] DEBUG GameScene            - Added MainViewComponent
03:27:21.966 [JavaFX App] DEBUG FXGLEventBus         - Firing event: WorldEvent[type=ENTITY_ADDED]
03:27:21.966 [JavaFX App] TRACE Entity               - Initializing entity
03:27:21.966 [JavaFX App] DEBUG GameScene            - Entity added to scene
03:27:21.966 [JavaFX App] DEBUG GameScene            - Added MainViewComponent
03:27:21.966 [JavaFX App] DEBUG FXGLEventBus         - Firing event: WorldEvent[type=ENTITY_ADDED]
03:27:21.966 [JavaFX App] TRACE Entity               - Initializing entity
03:27:21.966 [JavaFX App] DEBUG GameScene            - Entity added to scene
03:27:21.966 [JavaFX App] DEBUG GameScene            - Added MainViewComponent
03:27:21.966 [JavaFX App] DEBUG FXGLEventBus         - Firing event: WorldEvent[type=ENTITY_ADDED]
03:27:21.966 [JavaFX App] TRACE Entity               - Initializing entity
03:27:21.966 [JavaFX App] DEBUG GameScene            - Entity added to scene
03:27:21.966 [JavaFX App] DEBUG GameScene            - Added MainViewComponent
03:27:21.966 [JavaFX App] DEBUG FXGLEventBus         - Firing event: WorldEvent[type=ENTITY_ADDED]
03:27:21.966 [JavaFX App] TRACE Entity               - Initializing entity
03:27:21.966 [JavaFX App] DEBUG GameScene            - Entity added to scene
03:27:21.966 [JavaFX App] DEBUG GameScene            - Added MainViewComponent
03:27:21.966 [JavaFX App] DEBUG FXGLEventBus         - Firing event: WorldEvent[type=ENTITY_ADDED]
03:27:21.966 [JavaFX App] TRACE Entity               - Initializing entity
03:27:21.966 [JavaFX App] DEBUG GameScene            - Entity added to scene
03:27:21.966 [JavaFX App] DEBUG GameScene            - Added MainViewComponent
03:27:21.967 [JavaFX App] DEBUG FXGLEventBus         - Firing event: WorldEvent[type=ENTITY_ADDED]
03:27:21.967 [JavaFX App] TRACE Entity               - Initializing entity
03:27:21.967 [JavaFX App] DEBUG GameScene            - Entity added to scene
03:27:21.967 [JavaFX App] DEBUG GameScene            - Added MainViewComponent
03:27:21.967 [JavaFX App] DEBUG FXGLEventBus         - Firing event: WorldEvent[type=ENTITY_ADDED]
03:27:21.967 [JavaFX App] TRACE Entity               - Initializing entity
03:27:21.967 [JavaFX App] DEBUG GameScene            - Entity added to scene
03:27:21.967 [JavaFX App] DEBUG GameScene            - Added MainViewComponent
03:27:21.967 [JavaFX App] DEBUG FXGLEventBus         - Firing event: WorldEvent[type=ENTITY_ADDED]
03:27:21.967 [JavaFX App] TRACE Entity               - Initializing entity
03:27:21.967 [JavaFX App] DEBUG GameScene            - Entity added to scene
03:27:21.967 [JavaFX App] DEBUG GameScene            - Added MainViewComponent
03:27:21.967 [JavaFX App] DEBUG FXGLEventBus         - Firing event: WorldEvent[type=ENTITY_ADDED]
03:27:21.967 [JavaFX App] TRACE Entity               - Initializing entity
03:27:21.967 [JavaFX App] DEBUG GameScene            - Entity added to scene
03:27:21.967 [JavaFX App] DEBUG GameScene            - Added MainViewComponent
03:27:21.967 [JavaFX App] DEBUG FXGLEventBus         - Firing event: WorldEvent[type=ENTITY_ADDED]
03:27:21.967 [JavaFX App] TRACE Entity               - Initializing entity
03:27:21.967 [JavaFX App] DEBUG GameScene            - Entity added to scene
03:27:21.967 [JavaFX App] DEBUG GameScene            - Added MainViewComponent
03:27:21.967 [JavaFX App] DEBUG FXGLEventBus         - Firing event: WorldEvent[type=ENTITY_ADDED]
03:27:21.967 [JavaFX App] TRACE Entity               - Initializing entity
03:27:21.967 [JavaFX App] DEBUG GameScene            - Entity added to scene
03:27:21.967 [JavaFX App] DEBUG GameScene            - Added MainViewComponent
03:27:21.968 [JavaFX App] DEBUG FXGLEventBus         - Firing event: WorldEvent[type=ENTITY_ADDED]
03:27:21.968 [JavaFX App] TRACE Entity               - Initializing entity
03:27:21.968 [JavaFX App] DEBUG GameScene            - Entity added to scene
03:27:21.968 [JavaFX App] DEBUG GameScene            - Added MainViewComponent
03:27:21.968 [JavaFX App] DEBUG FXGLEventBus         - Firing event: WorldEvent[type=ENTITY_ADDED]
03:27:21.968 [JavaFX App] TRACE Entity               - Initializing entity
03:27:21.968 [JavaFX App] DEBUG GameScene            - Entity added to scene
03:27:21.968 [JavaFX App] DEBUG GameScene            - Added MainViewComponent
03:27:21.968 [JavaFX App] DEBUG FXGLEventBus         - Firing event: WorldEvent[type=ENTITY_ADDED]
03:27:21.968 [JavaFX App] TRACE Entity               - Initializing entity
03:27:21.968 [JavaFX App] DEBUG GameScene            - Entity added to scene
03:27:21.968 [JavaFX App] DEBUG GameScene            - Added MainViewComponent
03:27:21.968 [JavaFX App] DEBUG FXGLEventBus         - Firing event: WorldEvent[type=ENTITY_ADDED]
03:27:21.968 [JavaFX App] TRACE Entity               - Initializing entity
03:27:21.968 [JavaFX App] DEBUG GameScene            - Entity added to scene
03:27:21.968 [JavaFX App] DEBUG GameScene            - Added MainViewComponent
03:27:21.968 [JavaFX App] DEBUG FXGLEventBus         - Firing event: WorldEvent[type=ENTITY_ADDED]
03:27:21.968 [JavaFX App] TRACE Entity               - Initializing entity
03:27:21.968 [JavaFX App] DEBUG GameScene            - Entity added to scene
03:27:21.968 [JavaFX App] DEBUG GameScene            - Added MainViewComponent
03:27:21.968 [JavaFX App] DEBUG FXGLEventBus         - Firing event: WorldEvent[type=ENTITY_ADDED]
03:27:21.968 [JavaFX App] TRACE Entity               - Initializing entity
03:27:21.968 [JavaFX App] DEBUG GameScene            - Entity added to scene
03:27:21.968 [JavaFX App] DEBUG GameScene            - Added MainViewComponent
03:27:21.968 [JavaFX App] DEBUG FXGLEventBus         - Firing event: WorldEvent[type=ENTITY_ADDED]
03:27:21.968 [JavaFX App] TRACE Entity               - Initializing entity
03:27:21.969 [JavaFX App] DEBUG GameScene            - Entity added to scene
03:27:21.969 [JavaFX App] DEBUG GameScene            - Added MainViewComponent
03:27:21.969 [JavaFX App] DEBUG FXGLEventBus         - Firing event: WorldEvent[type=ENTITY_ADDED]
03:27:21.969 [JavaFX App] TRACE Entity               - Initializing entity
03:27:21.969 [JavaFX App] DEBUG GameScene            - Entity added to scene
03:27:21.969 [JavaFX App] DEBUG GameScene            - Added MainViewComponent
03:27:21.969 [JavaFX App] DEBUG FXGLEventBus         - Firing event: WorldEvent[type=ENTITY_ADDED]
03:27:21.969 [JavaFX App] TRACE Entity               - Initializing entity
03:27:21.969 [JavaFX App] DEBUG GameScene            - Entity added to scene
03:27:21.969 [JavaFX App] DEBUG GameScene            - Added MainViewComponent
03:27:21.969 [JavaFX App] DEBUG FXGLEventBus         - Firing event: WorldEvent[type=ENTITY_ADDED]
03:27:21.969 [JavaFX App] TRACE Entity               - Initializing entity
03:27:21.969 [JavaFX App] DEBUG GameScene            - Entity added to scene
03:27:21.969 [JavaFX App] DEBUG GameScene            - Added MainViewComponent
03:27:21.969 [JavaFX App] DEBUG FXGLEventBus         - Firing event: WorldEvent[type=ENTITY_ADDED]
03:27:21.969 [JavaFX App] TRACE Entity               - Initializing entity
03:27:21.969 [JavaFX App] DEBUG GameScene            - Entity added to scene
03:27:21.969 [JavaFX App] DEBUG GameScene            - Added MainViewComponent
03:27:21.969 [JavaFX App] DEBUG FXGLEventBus         - Firing event: WorldEvent[type=ENTITY_ADDED]
03:27:21.969 [JavaFX App] TRACE Entity               - Initializing entity
03:27:21.969 [JavaFX App] DEBUG GameScene            - Entity added to scene
03:27:21.969 [JavaFX App] DEBUG GameScene            - Added MainViewComponent
03:27:21.969 [JavaFX App] DEBUG FXGLEventBus         - Firing event: WorldEvent[type=ENTITY_ADDED]
03:27:21.970 [JavaFX App] TRACE Entity               - Initializing entity
03:27:21.970 [JavaFX App] DEBUG GameScene            - Entity added to scene
03:27:21.970 [JavaFX App] DEBUG GameScene            - Added MainViewComponent
03:27:21.970 [JavaFX App] DEBUG FXGLEventBus         - Firing event: WorldEvent[type=ENTITY_ADDED]
03:27:21.970 [JavaFX App] TRACE Entity               - Initializing entity
03:27:21.970 [JavaFX App] DEBUG GameScene            - Entity added to scene
03:27:21.970 [JavaFX App] DEBUG GameScene            - Added MainViewComponent
03:27:21.970 [JavaFX App] DEBUG FXGLEventBus         - Firing event: WorldEvent[type=ENTITY_ADDED]
03:27:21.970 [JavaFX App] TRACE Entity               - Initializing entity
03:27:21.970 [JavaFX App] DEBUG GameScene            - Entity added to scene
03:27:21.970 [JavaFX App] DEBUG GameScene            - Added MainViewComponent
03:27:21.970 [JavaFX App] DEBUG FXGLEventBus         - Firing event: WorldEvent[type=ENTITY_ADDED]
03:27:21.970 [JavaFX App] TRACE Entity               - Initializing entity
03:27:21.970 [JavaFX App] DEBUG GameScene            - Entity added to scene
03:27:21.970 [JavaFX App] DEBUG GameScene            - Added MainViewComponent
03:27:21.970 [JavaFX App] DEBUG FXGLEventBus         - Firing event: WorldEvent[type=ENTITY_ADDED]
03:27:21.970 [JavaFX App] TRACE Entity               - Initializing entity
03:27:21.970 [JavaFX App] DEBUG GameScene            - Entity added to scene
03:27:21.970 [JavaFX App] DEBUG GameScene            - Added MainViewComponent
03:27:21.970 [JavaFX App] DEBUG FXGLEventBus         - Firing event: WorldEvent[type=ENTITY_ADDED]
03:27:21.971 [JavaFX App] TRACE Entity               - Initializing entity
03:27:21.971 [JavaFX App] DEBUG GameScene            - Entity added to scene
03:27:21.971 [JavaFX App] DEBUG GameScene            - Added MainViewComponent
03:27:21.971 [JavaFX App] DEBUG FXGLEventBus         - Firing event: WorldEvent[type=ENTITY_ADDED]
03:27:21.971 [JavaFX App] TRACE Entity               - Initializing entity
03:27:21.971 [JavaFX App] DEBUG GameScene            - Entity added to scene
03:27:21.971 [JavaFX App] DEBUG GameScene            - Added MainViewComponent
03:27:21.971 [JavaFX App] DEBUG FXGLEventBus         - Firing event: WorldEvent[type=ENTITY_ADDED]
03:27:21.971 [JavaFX App] TRACE Entity               - Initializing entity
03:27:21.971 [JavaFX App] DEBUG GameScene            - Entity added to scene
03:27:21.971 [JavaFX App] DEBUG GameScene            - Added MainViewComponent
03:27:21.971 [JavaFX App] DEBUG FXGLEventBus         - Firing event: WorldEvent[type=ENTITY_ADDED]
03:27:21.971 [JavaFX App] TRACE Entity               - Initializing entity
03:27:21.971 [JavaFX App] DEBUG GameScene            - Entity added to scene
03:27:21.971 [JavaFX App] DEBUG GameScene            - Added MainViewComponent
03:27:21.971 [JavaFX App] DEBUG FXGLEventBus         - Firing event: WorldEvent[type=ENTITY_ADDED]
03:27:21.971 [JavaFX App] TRACE Entity               - Initializing entity
03:27:21.971 [JavaFX App] DEBUG GameScene            - Entity added to scene
03:27:21.971 [JavaFX App] DEBUG GameScene            - Added MainViewComponent
03:27:21.971 [JavaFX App] DEBUG FXGLEventBus         - Firing event: WorldEvent[type=ENTITY_ADDED]
03:27:21.971 [JavaFX App] TRACE Entity               - Initializing entity
03:27:21.971 [JavaFX App] DEBUG GameScene            - Entity added to scene
03:27:21.971 [JavaFX App] DEBUG GameScene            - Added MainViewComponent
03:27:21.972 [JavaFX App] DEBUG FXGLEventBus         - Firing event: WorldEvent[type=ENTITY_ADDED]
03:27:21.972 [JavaFX App] TRACE Entity               - Initializing entity
03:27:21.972 [JavaFX App] DEBUG GameScene            - Entity added to scene
03:27:21.972 [JavaFX App] DEBUG GameScene            - Added MainViewComponent
03:27:21.972 [JavaFX App] DEBUG FXGLEventBus         - Firing event: WorldEvent[type=ENTITY_ADDED]
03:27:21.972 [JavaFX App] TRACE Entity               - Initializing entity
03:27:21.972 [JavaFX App] DEBUG GameScene            - Entity added to scene
03:27:21.972 [JavaFX App] DEBUG GameScene            - Added MainViewComponent
03:27:21.972 [JavaFX App] DEBUG FXGLEventBus         - Firing event: WorldEvent[type=ENTITY_ADDED]
03:27:21.972 [JavaFX App] TRACE Entity               - Initializing entity
03:27:21.972 [JavaFX App] DEBUG GameScene            - Entity added to scene
03:27:21.972 [JavaFX App] DEBUG GameScene            - Added MainViewComponent
03:27:21.972 [JavaFX App] DEBUG FXGLEventBus         - Firing event: WorldEvent[type=ENTITY_ADDED]
03:27:21.972 [JavaFX App] TRACE Entity               - Initializing entity
03:27:21.972 [JavaFX App] DEBUG GameScene            - Entity added to scene
03:27:21.972 [JavaFX App] DEBUG GameScene            - Added MainViewComponent
03:27:21.972 [JavaFX App] DEBUG FXGLEventBus         - Firing event: WorldEvent[type=ENTITY_ADDED]
03:27:21.972 [JavaFX App] TRACE Entity               - Initializing entity
03:27:21.972 [JavaFX App] DEBUG GameScene            - Entity added to scene
03:27:21.972 [JavaFX App] DEBUG GameScene            - Added MainViewComponent
03:27:21.972 [JavaFX App] DEBUG FXGLEventBus         - Firing event: WorldEvent[type=ENTITY_ADDED]
03:27:21.972 [JavaFX App] TRACE Entity               - Initializing entity
03:27:21.972 [JavaFX App] DEBUG GameScene            - Entity added to scene
03:27:21.972 [JavaFX App] DEBUG GameScene            - Added MainViewComponent
03:27:21.973 [JavaFX App] DEBUG FXGLEventBus         - Firing event: WorldEvent[type=ENTITY_ADDED]
03:27:21.973 [JavaFX App] TRACE Entity               - Initializing entity
03:27:21.973 [JavaFX App] DEBUG GameScene            - Entity added to scene
03:27:21.973 [JavaFX App] DEBUG GameScene            - Added MainViewComponent
03:27:21.973 [JavaFX App] DEBUG FXGLEventBus         - Firing event: WorldEvent[type=ENTITY_ADDED]
03:27:21.973 [JavaFX App] TRACE Entity               - Initializing entity
03:27:21.973 [JavaFX App] DEBUG GameScene            - Entity added to scene
03:27:21.973 [JavaFX App] DEBUG GameScene            - Added MainViewComponent
03:27:21.973 [JavaFX App] DEBUG FXGLEventBus         - Firing event: WorldEvent[type=ENTITY_ADDED]
03:27:21.973 [JavaFX App] TRACE Entity               - Initializing entity
03:27:21.973 [JavaFX App] DEBUG GameScene            - Entity added to scene
03:27:21.973 [JavaFX App] DEBUG GameScene            - Added MainViewComponent
03:27:21.973 [JavaFX App] DEBUG FXGLEventBus         - Firing event: WorldEvent[type=ENTITY_ADDED]
03:27:21.973 [JavaFX App] TRACE Entity               - Initializing entity
03:27:21.973 [JavaFX App] DEBUG GameScene            - Entity added to scene
03:27:21.973 [JavaFX App] DEBUG GameScene            - Added MainViewComponent
03:27:21.973 [JavaFX App] DEBUG FXGLEventBus         - Firing event: WorldEvent[type=ENTITY_ADDED]
03:27:21.973 [JavaFX App] TRACE Entity               - Initializing entity
03:27:21.973 [JavaFX App] DEBUG GameScene            - Entity added to scene
03:27:21.973 [JavaFX App] DEBUG GameScene            - Added MainViewComponent
03:27:21.973 [JavaFX App] DEBUG FXGLEventBus         - Firing event: WorldEvent[type=ENTITY_ADDED]
03:27:21.973 [JavaFX App] TRACE Entity               - Initializing entity
03:27:21.973 [JavaFX App] DEBUG GameScene            - Entity added to scene
03:27:21.973 [JavaFX App] DEBUG GameScene            - Added MainViewComponent
03:27:21.973 [JavaFX App] DEBUG FXGLEventBus         - Firing event: WorldEvent[type=ENTITY_ADDED]
03:27:21.973 [JavaFX App] TRACE Entity               - Initializing entity
03:27:21.973 [JavaFX App] DEBUG GameScene            - Entity added to scene
03:27:21.973 [JavaFX App] DEBUG GameScene            - Added MainViewComponent
03:27:21.974 [JavaFX App] DEBUG FXGLEventBus         - Firing event: WorldEvent[type=ENTITY_ADDED]
03:27:21.974 [JavaFX App] TRACE Entity               - Initializing entity
03:27:21.974 [JavaFX App] DEBUG GameScene            - Entity added to scene
03:27:21.974 [JavaFX App] DEBUG GameScene            - Added MainViewComponent
03:27:21.974 [JavaFX App] DEBUG FXGLEventBus         - Firing event: WorldEvent[type=ENTITY_ADDED]
03:27:21.974 [JavaFX App] TRACE Entity               - Initializing entity
03:27:21.974 [JavaFX App] DEBUG GameScene            - Entity added to scene
03:27:21.974 [JavaFX App] DEBUG GameScene            - Added MainViewComponent
03:27:21.974 [JavaFX App] DEBUG FXGLEventBus         - Firing event: WorldEvent[type=ENTITY_ADDED]
03:27:21.974 [JavaFX App] TRACE Entity               - Initializing entity
03:27:21.974 [JavaFX App] DEBUG GameScene            - Entity added to scene
03:27:21.974 [JavaFX App] DEBUG GameScene            - Added MainViewComponent
03:27:21.974 [JavaFX App] DEBUG FXGLEventBus         - Firing event: WorldEvent[type=ENTITY_ADDED]
03:27:21.974 [JavaFX App] TRACE Entity               - Initializing entity
03:27:21.974 [JavaFX App] DEBUG GameScene            - Entity added to scene
03:27:21.974 [JavaFX App] DEBUG GameScene            - Added MainViewComponent
03:27:21.974 [JavaFX App] DEBUG FXGLEventBus         - Firing event: WorldEvent[type=ENTITY_ADDED]
03:27:21.974 [JavaFX App] TRACE Entity               - Initializing entity
03:27:21.974 [JavaFX App] DEBUG GameScene            - Entity added to scene
03:27:21.974 [JavaFX App] DEBUG GameScene            - Added MainViewComponent
03:27:21.974 [JavaFX App] DEBUG FXGLEventBus         - Firing event: WorldEvent[type=ENTITY_ADDED]
03:27:21.974 [JavaFX App] TRACE Entity               - Initializing entity
03:27:21.974 [JavaFX App] DEBUG GameScene            - Entity added to scene
03:27:21.974 [JavaFX App] DEBUG GameScene            - Added MainViewComponent
03:27:21.975 [JavaFX App] DEBUG FXGLEventBus         - Firing event: WorldEvent[type=ENTITY_ADDED]
03:27:21.975 [JavaFX App] TRACE Entity               - Initializing entity
03:27:21.975 [JavaFX App] DEBUG GameScene            - Entity added to scene
03:27:21.975 [JavaFX App] DEBUG GameScene            - Added MainViewComponent
03:27:21.975 [JavaFX App] DEBUG FXGLEventBus         - Firing event: WorldEvent[type=ENTITY_ADDED]
03:27:21.975 [JavaFX App] TRACE Entity               - Initializing entity
03:27:21.975 [JavaFX App] DEBUG GameScene            - Entity added to scene
03:27:21.975 [JavaFX App] DEBUG GameScene            - Added MainViewComponent
03:27:21.975 [JavaFX App] DEBUG FXGLEventBus         - Firing event: WorldEvent[type=ENTITY_ADDED]
03:27:21.975 [JavaFX App] TRACE Entity               - Initializing entity
03:27:21.975 [JavaFX App] DEBUG GameScene            - Entity added to scene
03:27:21.975 [JavaFX App] DEBUG GameScene            - Added MainViewComponent
03:27:21.975 [JavaFX App] DEBUG FXGLEventBus         - Firing event: WorldEvent[type=ENTITY_ADDED]
03:27:21.975 [JavaFX App] TRACE Entity               - Initializing entity
03:27:21.975 [JavaFX App] DEBUG GameScene            - Entity added to scene
03:27:21.975 [JavaFX App] DEBUG GameScene            - Added MainViewComponent
03:27:21.975 [JavaFX App] DEBUG FXGLEventBus         - Firing event: WorldEvent[type=ENTITY_ADDED]
03:27:21.975 [JavaFX App] TRACE Entity               - Initializing entity
03:27:21.975 [JavaFX App] DEBUG GameScene            - Entity added to scene
03:27:21.975 [JavaFX App] DEBUG GameScene            - Added MainViewComponent
03:27:21.975 [JavaFX App] DEBUG FXGLEventBus         - Firing event: WorldEvent[type=ENTITY_ADDED]
03:27:21.975 [JavaFX App] TRACE Entity               - Initializing entity
03:27:21.975 [JavaFX App] DEBUG GameScene            - Entity added to scene
03:27:21.975 [JavaFX App] DEBUG GameScene            - Added MainViewComponent
03:27:21.975 [JavaFX App] DEBUG FXGLEventBus         - Firing event: WorldEvent[type=ENTITY_ADDED]
03:27:21.975 [JavaFX App] TRACE Entity               - Initializing entity
03:27:21.975 [JavaFX App] DEBUG GameScene            - Entity added to scene
03:27:21.975 [JavaFX App] DEBUG GameScene            - Added MainViewComponent
03:27:21.975 [JavaFX App] DEBUG FXGLEventBus         - Firing event: WorldEvent[type=ENTITY_ADDED]
03:27:21.976 [JavaFX App] TRACE Entity               - Initializing entity
03:27:21.976 [JavaFX App] DEBUG GameScene            - Entity added to scene
03:27:21.976 [JavaFX App] DEBUG GameScene            - Added MainViewComponent
03:27:21.976 [JavaFX App] DEBUG FXGLEventBus         - Firing event: WorldEvent[type=ENTITY_ADDED]
03:27:21.976 [JavaFX App] TRACE Entity               - Initializing entity
03:27:21.976 [JavaFX App] DEBUG GameScene            - Entity added to scene
03:27:21.976 [JavaFX App] DEBUG GameScene            - Added MainViewComponent
03:27:21.976 [JavaFX App] DEBUG FXGLEventBus         - Firing event: WorldEvent[type=ENTITY_ADDED]
03:27:21.976 [JavaFX App] TRACE Entity               - Initializing entity
03:27:21.976 [JavaFX App] DEBUG GameScene            - Entity added to scene
03:27:21.976 [JavaFX App] DEBUG GameScene            - Added MainViewComponent
03:27:21.976 [JavaFX App] DEBUG FXGLEventBus         - Firing event: WorldEvent[type=ENTITY_ADDED]
03:27:21.976 [JavaFX App] TRACE Entity               - Initializing entity
03:27:21.976 [JavaFX App] DEBUG GameScene            - Entity added to scene
03:27:21.976 [JavaFX App] DEBUG GameScene            - Added MainViewComponent
03:27:21.976 [JavaFX App] DEBUG FXGLEventBus         - Firing event: WorldEvent[type=ENTITY_ADDED]
03:27:21.976 [JavaFX App] TRACE Entity               - Initializing entity
03:27:21.976 [JavaFX App] DEBUG GameScene            - Entity added to scene
03:27:21.976 [JavaFX App] DEBUG GameScene            - Added MainViewComponent
03:27:21.976 [JavaFX App] DEBUG FXGLEventBus         - Firing event: WorldEvent[type=ENTITY_ADDED]
03:27:21.976 [JavaFX App] TRACE Entity               - Initializing entity
03:27:21.976 [JavaFX App] DEBUG GameScene            - Entity added to scene
03:27:21.976 [JavaFX App] DEBUG GameScene            - Added MainViewComponent
03:27:21.976 [JavaFX App] DEBUG FXGLEventBus         - Firing event: WorldEvent[type=ENTITY_ADDED]
03:27:21.976 [JavaFX App] TRACE Entity               - Initializing entity
03:27:21.976 [JavaFX App] DEBUG GameScene            - Entity added to scene
03:27:21.976 [JavaFX App] DEBUG GameScene            - Added MainViewComponent
03:27:21.977 [JavaFX App] DEBUG FXGLEventBus         - Firing event: WorldEvent[type=ENTITY_ADDED]
03:27:21.977 [JavaFX App] TRACE Entity               - Initializing entity
03:27:21.977 [JavaFX App] DEBUG GameScene            - Entity added to scene
03:27:21.977 [JavaFX App] DEBUG GameScene            - Added MainViewComponent
03:27:21.977 [JavaFX App] DEBUG FXGLEventBus         - Firing event: WorldEvent[type=ENTITY_ADDED]
03:27:21.977 [JavaFX App] TRACE Entity               - Initializing entity
03:27:21.977 [JavaFX App] DEBUG GameScene            - Entity added to scene
03:27:21.977 [JavaFX App] DEBUG GameScene            - Added MainViewComponent
03:27:21.977 [JavaFX App] DEBUG FXGLEventBus         - Firing event: WorldEvent[type=ENTITY_ADDED]
03:27:21.977 [JavaFX App] TRACE Entity               - Initializing entity
03:27:21.977 [JavaFX App] DEBUG GameScene            - Entity added to scene
03:27:21.977 [JavaFX App] DEBUG GameScene            - Added MainViewComponent
03:27:21.977 [JavaFX App] DEBUG FXGLEventBus         - Firing event: WorldEvent[type=ENTITY_ADDED]
03:27:21.977 [JavaFX App] TRACE Entity               - Initializing entity
03:27:21.977 [JavaFX App] DEBUG GameScene            - Entity added to scene
03:27:21.977 [JavaFX App] DEBUG GameScene            - Added MainViewComponent
03:27:21.977 [JavaFX App] DEBUG FXGLEventBus         - Firing event: WorldEvent[type=ENTITY_ADDED]
03:27:21.977 [JavaFX App] TRACE Entity               - Initializing entity
03:27:21.977 [JavaFX App] DEBUG GameScene            - Entity added to scene
03:27:21.977 [JavaFX App] DEBUG GameScene            - Added MainViewComponent
03:27:21.977 [JavaFX App] DEBUG FXGLEventBus         - Firing event: WorldEvent[type=ENTITY_ADDED]
03:27:21.977 [JavaFX App] TRACE Entity               - Initializing entity
03:27:21.977 [JavaFX App] DEBUG GameScene            - Entity added to scene
03:27:21.977 [JavaFX App] DEBUG GameScene            - Added MainViewComponent
03:27:21.977 [JavaFX App] DEBUG FXGLEventBus         - Firing event: WorldEvent[type=ENTITY_ADDED]
03:27:21.977 [JavaFX App] TRACE Entity               - Initializing entity
03:27:21.977 [JavaFX App] DEBUG GameScene            - Entity added to scene
03:27:21.977 [JavaFX App] DEBUG GameScene            - Added MainViewComponent
03:27:21.978 [JavaFX App] DEBUG FXGLEventBus         - Firing event: WorldEvent[type=ENTITY_ADDED]
03:27:21.978 [JavaFX App] TRACE Entity               - Initializing entity
03:27:21.978 [JavaFX App] DEBUG GameScene            - Entity added to scene
03:27:21.978 [JavaFX App] DEBUG GameScene            - Added MainViewComponent
03:27:21.978 [JavaFX App] DEBUG FXGLEventBus         - Firing event: WorldEvent[type=ENTITY_ADDED]
03:27:21.978 [JavaFX App] TRACE Entity               - Initializing entity
03:27:21.978 [JavaFX App] DEBUG GameScene            - Entity added to scene
03:27:21.978 [JavaFX App] DEBUG GameScene            - Added MainViewComponent
03:27:21.978 [JavaFX App] DEBUG FXGLEventBus         - Firing event: WorldEvent[type=ENTITY_ADDED]
03:27:21.978 [JavaFX App] TRACE Entity               - Initializing entity
03:27:21.978 [JavaFX App] DEBUG GameScene            - Entity added to scene
03:27:21.978 [JavaFX App] DEBUG GameScene            - Added MainViewComponent
03:27:21.978 [JavaFX App] DEBUG FXGLEventBus         - Firing event: WorldEvent[type=ENTITY_ADDED]
03:27:21.978 [JavaFX App] TRACE Entity               - Initializing entity
03:27:21.978 [JavaFX App] DEBUG GameScene            - Entity added to scene
03:27:21.978 [JavaFX App] DEBUG GameScene            - Added MainViewComponent
03:27:21.978 [JavaFX App] DEBUG FXGLEventBus         - Firing event: WorldEvent[type=ENTITY_ADDED]
03:27:21.978 [JavaFX App] TRACE Entity               - Initializing entity
03:27:21.978 [JavaFX App] DEBUG GameScene            - Entity added to scene
03:27:21.978 [JavaFX App] DEBUG GameScene            - Added MainViewComponent
03:27:21.978 [JavaFX App] DEBUG FXGLEventBus         - Firing event: WorldEvent[type=ENTITY_ADDED]
03:27:21.978 [JavaFX App] TRACE Entity               - Initializing entity
03:27:21.978 [JavaFX App] DEBUG GameScene            - Entity added to scene
03:27:21.978 [JavaFX App] DEBUG GameScene            - Added MainViewComponent
03:27:21.978 [JavaFX App] DEBUG FXGLEventBus         - Firing event: WorldEvent[type=ENTITY_ADDED]
03:27:21.978 [JavaFX App] TRACE Entity               - Initializing entity
03:27:21.978 [JavaFX App] DEBUG GameScene            - Entity added to scene
03:27:21.978 [JavaFX App] DEBUG GameScene            - Added MainViewComponent
03:27:21.979 [JavaFX App] DEBUG FXGLEventBus         - Firing event: WorldEvent[type=ENTITY_ADDED]
03:27:21.979 [JavaFX App] TRACE Entity               - Initializing entity
03:27:21.979 [JavaFX App] DEBUG GameScene            - Entity added to scene
03:27:21.979 [JavaFX App] DEBUG GameScene            - Added MainViewComponent
03:27:21.979 [JavaFX App] DEBUG FXGLEventBus         - Firing event: WorldEvent[type=ENTITY_ADDED]
03:27:21.979 [JavaFX App] TRACE Entity               - Initializing entity
03:27:21.979 [JavaFX App] DEBUG GameScene            - Entity added to scene
03:27:21.979 [JavaFX App] DEBUG GameScene            - Added MainViewComponent
03:27:21.979 [JavaFX App] DEBUG FXGLEventBus         - Firing event: WorldEvent[type=ENTITY_ADDED]
03:27:21.979 [JavaFX App] TRACE Entity               - Initializing entity
03:27:21.979 [JavaFX App] DEBUG GameScene            - Entity added to scene
03:27:21.979 [JavaFX App] DEBUG GameScene            - Added MainViewComponent
03:27:21.979 [JavaFX App] DEBUG FXGLEventBus         - Firing event: WorldEvent[type=ENTITY_ADDED]
03:27:21.979 [JavaFX App] TRACE Entity               - Initializing entity
03:27:21.979 [JavaFX App] DEBUG GameScene            - Entity added to scene
03:27:21.979 [JavaFX App] DEBUG GameScene            - Added MainViewComponent
03:27:21.979 [JavaFX App] DEBUG FXGLEventBus         - Firing event: WorldEvent[type=ENTITY_ADDED]
03:27:21.979 [JavaFX App] TRACE Entity               - Initializing entity
03:27:21.979 [JavaFX App] DEBUG GameScene            - Entity added to scene
03:27:21.979 [JavaFX App] DEBUG GameScene            - Added MainViewComponent
03:27:21.979 [JavaFX App] DEBUG FXGLEventBus         - Firing event: WorldEvent[type=ENTITY_ADDED]
03:27:21.979 [JavaFX App] TRACE Entity               - Initializing entity
03:27:21.979 [JavaFX App] DEBUG GameScene            - Entity added to scene
03:27:21.979 [JavaFX App] DEBUG GameScene            - Added MainViewComponent
03:27:21.979 [JavaFX App] DEBUG FXGLEventBus         - Firing event: WorldEvent[type=ENTITY_ADDED]
03:27:21.979 [JavaFX App] TRACE Entity               - Initializing entity
03:27:21.979 [JavaFX App] DEBUG GameScene            - Entity added to scene
03:27:21.979 [JavaFX App] DEBUG GameScene            - Added MainViewComponent
03:27:21.980 [JavaFX App] DEBUG FXGLEventBus         - Firing event: WorldEvent[type=ENTITY_ADDED]
03:27:21.980 [JavaFX App] TRACE Entity               - Initializing entity
03:27:21.980 [JavaFX App] DEBUG GameScene            - Entity added to scene
03:27:21.980 [JavaFX App] DEBUG GameScene            - Added MainViewComponent
03:27:21.980 [JavaFX App] DEBUG FXGLEventBus         - Firing event: WorldEvent[type=ENTITY_ADDED]
03:27:21.980 [JavaFX App] TRACE Entity               - Initializing entity
03:27:21.980 [JavaFX App] DEBUG GameScene            - Entity added to scene
03:27:21.980 [JavaFX App] DEBUG GameScene            - Added MainViewComponent
03:27:21.980 [JavaFX App] DEBUG FXGLEventBus         - Firing event: WorldEvent[type=ENTITY_ADDED]
03:27:21.980 [JavaFX App] TRACE Entity               - Initializing entity
03:27:21.980 [JavaFX App] DEBUG GameScene            - Entity added to scene
03:27:21.980 [JavaFX App] DEBUG GameScene            - Added MainViewComponent
03:27:21.980 [JavaFX App] DEBUG FXGLEventBus         - Firing event: WorldEvent[type=ENTITY_ADDED]
03:27:21.980 [JavaFX App] TRACE Entity               - Initializing entity
03:27:21.980 [JavaFX App] DEBUG GameScene            - Entity added to scene
03:27:21.980 [JavaFX App] DEBUG GameScene            - Added MainViewComponent
03:27:21.980 [JavaFX App] DEBUG FXGLEventBus         - Firing event: WorldEvent[type=ENTITY_ADDED]
03:27:21.980 [JavaFX App] TRACE Entity               - Initializing entity
03:27:21.980 [JavaFX App] DEBUG GameScene            - Entity added to scene
03:27:21.980 [JavaFX App] DEBUG GameScene            - Added MainViewComponent
03:27:21.980 [JavaFX App] DEBUG FXGLEventBus         - Firing event: WorldEvent[type=ENTITY_ADDED]
03:27:21.980 [JavaFX App] TRACE Entity               - Initializing entity
03:27:21.980 [JavaFX App] DEBUG GameScene            - Entity added to scene
03:27:21.980 [JavaFX App] DEBUG GameScene            - Added MainViewComponent
03:27:21.980 [JavaFX App] DEBUG FXGLEventBus         - Firing event: WorldEvent[type=ENTITY_ADDED]
03:27:21.980 [JavaFX App] TRACE Entity               - Initializing entity
03:27:21.980 [JavaFX App] DEBUG GameScene            - Entity added to scene
03:27:21.980 [JavaFX App] DEBUG GameScene            - Added MainViewComponent
03:27:21.980 [JavaFX App] DEBUG FXGLEventBus         - Firing event: WorldEvent[type=ENTITY_ADDED]
03:27:21.980 [JavaFX App] TRACE Entity               - Initializing entity
03:27:21.980 [JavaFX App] DEBUG GameScene            - Entity added to scene
03:27:21.980 [JavaFX App] DEBUG GameScene            - Added MainViewComponent
03:27:21.981 [JavaFX App] DEBUG FXGLEventBus         - Firing event: WorldEvent[type=ENTITY_ADDED]
03:27:21.981 [JavaFX App] TRACE Entity               - Initializing entity
03:27:21.981 [JavaFX App] DEBUG GameScene            - Entity added to scene
03:27:21.981 [JavaFX App] DEBUG GameScene            - Added MainViewComponent
03:27:21.981 [JavaFX App] DEBUG FXGLEventBus         - Firing event: WorldEvent[type=ENTITY_ADDED]
03:27:21.981 [JavaFX App] TRACE Entity               - Initializing entity
03:27:21.981 [JavaFX App] DEBUG GameScene            - Entity added to scene
03:27:21.981 [JavaFX App] DEBUG GameScene            - Added MainViewComponent
03:27:21.981 [JavaFX App] DEBUG FXGLEventBus         - Firing event: WorldEvent[type=ENTITY_ADDED]
03:27:21.981 [JavaFX App] TRACE Entity               - Initializing entity
03:27:21.981 [JavaFX App] DEBUG GameScene            - Entity added to scene
03:27:21.981 [JavaFX App] DEBUG GameScene            - Added MainViewComponent
03:27:21.981 [JavaFX App] DEBUG FXGLEventBus         - Firing event: WorldEvent[type=ENTITY_ADDED]
03:27:21.981 [JavaFX App] TRACE Entity               - Initializing entity
03:27:21.981 [JavaFX App] DEBUG GameScene            - Entity added to scene
03:27:21.981 [JavaFX App] DEBUG GameScene            - Added MainViewComponent
03:27:21.981 [JavaFX App] DEBUG FXGLEventBus         - Firing event: WorldEvent[type=ENTITY_ADDED]
03:27:21.981 [JavaFX App] TRACE Entity               - Initializing entity
03:27:21.981 [JavaFX App] DEBUG GameScene            - Entity added to scene
03:27:21.981 [JavaFX App] DEBUG GameScene            - Added MainViewComponent
03:27:21.981 [JavaFX App] DEBUG FXGLEventBus         - Firing event: WorldEvent[type=ENTITY_ADDED]
03:27:21.981 [JavaFX App] TRACE Entity               - Initializing entity
03:27:21.981 [JavaFX App] DEBUG GameScene            - Entity added to scene
03:27:21.981 [JavaFX App] DEBUG GameScene            - Added MainViewComponent
03:27:21.981 [JavaFX App] DEBUG FXGLEventBus         - Firing event: WorldEvent[type=ENTITY_ADDED]
03:27:21.981 [JavaFX App] TRACE Entity               - Initializing entity
03:27:21.981 [JavaFX App] DEBUG GameScene            - Entity added to scene
03:27:21.981 [JavaFX App] DEBUG GameScene            - Added MainViewComponent
03:27:21.981 [JavaFX App] DEBUG FXGLEventBus         - Firing event: WorldEvent[type=ENTITY_ADDED]
03:27:21.981 [JavaFX App] TRACE Entity               - Initializing entity
03:27:21.982 [JavaFX App] DEBUG GameScene            - Entity added to scene
03:27:21.982 [JavaFX App] DEBUG GameScene            - Added MainViewComponent
03:27:21.982 [JavaFX App] DEBUG FXGLEventBus         - Firing event: WorldEvent[type=ENTITY_ADDED]
03:27:21.982 [JavaFX App] TRACE Entity               - Initializing entity
03:27:21.982 [JavaFX App] DEBUG GameScene            - Entity added to scene
03:27:21.982 [JavaFX App] DEBUG GameScene            - Added MainViewComponent
03:27:21.982 [JavaFX App] DEBUG FXGLEventBus         - Firing event: WorldEvent[type=ENTITY_ADDED]
03:27:21.982 [JavaFX App] TRACE Entity               - Initializing entity
03:27:21.982 [JavaFX App] DEBUG GameScene            - Entity added to scene
03:27:21.982 [JavaFX App] DEBUG GameScene            - Added MainViewComponent
03:27:21.982 [JavaFX App] DEBUG FXGLEventBus         - Firing event: WorldEvent[type=ENTITY_ADDED]
03:27:21.982 [JavaFX App] TRACE Entity               - Initializing entity
03:27:21.982 [JavaFX App] DEBUG GameScene            - Entity added to scene
03:27:21.982 [JavaFX App] DEBUG GameScene            - Added MainViewComponent
03:27:21.982 [JavaFX App] DEBUG FXGLEventBus         - Firing event: WorldEvent[type=ENTITY_ADDED]
03:27:21.982 [JavaFX App] TRACE Entity               - Initializing entity
03:27:21.982 [JavaFX App] DEBUG GameScene            - Entity added to scene
03:27:21.982 [JavaFX App] DEBUG GameScene            - Added MainViewComponent
03:27:21.982 [JavaFX App] DEBUG FXGLEventBus         - Firing event: WorldEvent[type=ENTITY_ADDED]
03:27:21.982 [JavaFX App] TRACE Entity               - Initializing entity
03:27:21.982 [JavaFX App] DEBUG GameScene            - Entity added to scene
03:27:21.982 [JavaFX App] DEBUG GameScene            - Added MainViewComponent
03:27:21.982 [JavaFX App] DEBUG FXGLEventBus         - Firing event: WorldEvent[type=ENTITY_ADDED]
03:27:21.982 [JavaFX App] TRACE Entity               - Initializing entity
03:27:21.982 [JavaFX App] DEBUG GameScene            - Entity added to scene
03:27:21.982 [JavaFX App] DEBUG GameScene            - Added MainViewComponent
03:27:21.982 [JavaFX App] DEBUG FXGLEventBus         - Firing event: WorldEvent[type=ENTITY_ADDED]
03:27:21.982 [JavaFX App] TRACE Entity               - Initializing entity
03:27:21.982 [JavaFX App] DEBUG GameScene            - Entity added to scene
03:27:21.982 [JavaFX App] DEBUG GameScene            - Added MainViewComponent
03:27:21.983 [JavaFX App] DEBUG FXGLEventBus         - Firing event: WorldEvent[type=ENTITY_ADDED]
03:27:21.983 [JavaFX App] TRACE Entity               - Initializing entity
03:27:21.983 [JavaFX App] DEBUG GameScene            - Entity added to scene
03:27:21.983 [JavaFX App] DEBUG GameScene            - Added MainViewComponent
03:27:21.983 [JavaFX App] DEBUG FXGLEventBus         - Firing event: WorldEvent[type=ENTITY_ADDED]
03:27:21.983 [JavaFX App] TRACE Entity               - Initializing entity
03:27:21.983 [JavaFX App] DEBUG GameScene            - Entity added to scene
03:27:21.983 [JavaFX App] DEBUG GameScene            - Added MainViewComponent
03:27:21.983 [JavaFX App] DEBUG FXGLEventBus         - Firing event: WorldEvent[type=ENTITY_ADDED]
03:27:21.983 [JavaFX App] TRACE Entity               - Initializing entity
03:27:21.983 [JavaFX App] DEBUG GameScene            - Entity added to scene
03:27:21.983 [JavaFX App] DEBUG GameScene            - Added MainViewComponent
03:27:21.983 [JavaFX App] DEBUG FXGLEventBus         - Firing event: WorldEvent[type=ENTITY_ADDED]
03:27:21.983 [JavaFX App] TRACE Entity               - Initializing entity
03:27:21.983 [JavaFX App] DEBUG GameScene            - Entity added to scene
03:27:21.983 [JavaFX App] DEBUG GameScene            - Added MainViewComponent
03:27:21.983 [JavaFX App] DEBUG FXGLEventBus         - Firing event: WorldEvent[type=ENTITY_ADDED]
03:27:21.983 [JavaFX App] TRACE Entity               - Initializing entity
03:27:21.983 [JavaFX App] DEBUG GameScene            - Entity added to scene
03:27:21.983 [JavaFX App] DEBUG GameScene            - Added MainViewComponent
03:27:21.983 [JavaFX App] DEBUG FXGLEventBus         - Firing event: WorldEvent[type=ENTITY_ADDED]
03:27:21.983 [JavaFX App] TRACE Entity               - Initializing entity
03:27:21.983 [JavaFX App] DEBUG GameScene            - Entity added to scene
03:27:21.983 [JavaFX App] DEBUG GameScene            - Added MainViewComponent
03:27:21.983 [JavaFX App] DEBUG FXGLEventBus         - Firing event: WorldEvent[type=ENTITY_ADDED]
03:27:21.983 [JavaFX App] TRACE Entity               - Initializing entity
03:27:21.983 [JavaFX App] DEBUG GameScene            - Entity added to scene
03:27:21.983 [JavaFX App] DEBUG GameScene            - Added MainViewComponent
03:27:21.983 [JavaFX App] DEBUG FXGLEventBus         - Firing event: WorldEvent[type=ENTITY_ADDED]
03:27:21.983 [JavaFX App] TRACE Entity               - Initializing entity
03:27:21.983 [JavaFX App] DEBUG GameScene            - Entity added to scene
03:27:21.983 [JavaFX App] DEBUG GameScene            - Added MainViewComponent
03:27:21.984 [JavaFX App] DEBUG FXGLEventBus         - Firing event: WorldEvent[type=ENTITY_ADDED]
03:27:21.984 [JavaFX App] TRACE Entity               - Initializing entity
03:27:21.984 [JavaFX App] DEBUG GameScene            - Entity added to scene
03:27:21.984 [JavaFX App] DEBUG GameScene            - Added MainViewComponent
03:27:21.984 [JavaFX App] DEBUG FXGLEventBus         - Firing event: WorldEvent[type=ENTITY_ADDED]
03:27:21.984 [JavaFX App] TRACE Entity               - Initializing entity
03:27:21.984 [JavaFX App] DEBUG GameScene            - Entity added to scene
03:27:21.984 [JavaFX App] DEBUG GameScene            - Added MainViewComponent
03:27:21.984 [JavaFX App] DEBUG FXGLEventBus         - Firing event: WorldEvent[type=ENTITY_ADDED]
03:27:21.984 [JavaFX App] TRACE Entity               - Initializing entity
03:27:21.984 [JavaFX App] DEBUG GameScene            - Entity added to scene
03:27:21.984 [JavaFX App] DEBUG GameScene            - Added MainViewComponent
03:27:21.984 [JavaFX App] DEBUG FXGLEventBus         - Firing event: WorldEvent[type=ENTITY_ADDED]
03:27:21.984 [JavaFX App] TRACE Entity               - Initializing entity
03:27:21.984 [JavaFX App] DEBUG GameScene            - Entity added to scene
03:27:21.984 [JavaFX App] DEBUG GameScene            - Added MainViewComponent
03:27:21.984 [JavaFX App] DEBUG FXGLEventBus         - Firing event: WorldEvent[type=ENTITY_ADDED]
03:27:21.984 [JavaFX App] TRACE Entity               - Initializing entity
03:27:21.984 [JavaFX App] DEBUG GameScene            - Entity added to scene
03:27:21.984 [JavaFX App] DEBUG GameScene            - Added MainViewComponent
03:27:21.984 [JavaFX App] DEBUG FXGLEventBus         - Firing event: WorldEvent[type=ENTITY_ADDED]
03:27:21.984 [JavaFX App] TRACE Entity               - Initializing entity
03:27:21.984 [JavaFX App] DEBUG GameScene            - Entity added to scene
03:27:21.984 [JavaFX App] DEBUG GameScene            - Added MainViewComponent
03:27:21.984 [JavaFX App] DEBUG FXGLEventBus         - Firing event: WorldEvent[type=ENTITY_ADDED]
03:27:21.984 [JavaFX App] TRACE Entity               - Initializing entity
03:27:21.984 [JavaFX App] DEBUG GameScene            - Entity added to scene
03:27:21.984 [JavaFX App] DEBUG GameScene            - Added MainViewComponent
03:27:21.984 [JavaFX App] DEBUG FXGLEventBus         - Firing event: WorldEvent[type=ENTITY_ADDED]
03:27:21.984 [JavaFX App] TRACE Entity               - Initializing entity
03:27:21.984 [JavaFX App] DEBUG GameScene            - Entity added to scene
03:27:21.984 [JavaFX App] DEBUG GameScene            - Added MainViewComponent
03:27:21.985 [JavaFX App] DEBUG FXGLEventBus         - Firing event: WorldEvent[type=ENTITY_ADDED]
03:27:21.985 [JavaFX App] TRACE Entity               - Initializing entity
03:27:21.985 [JavaFX App] DEBUG GameScene            - Entity added to scene
03:27:21.985 [JavaFX App] DEBUG GameScene            - Added MainViewComponent
03:27:21.985 [JavaFX App] DEBUG FXGLEventBus         - Firing event: WorldEvent[type=ENTITY_ADDED]
03:27:21.985 [JavaFX App] TRACE Entity               - Initializing entity
03:27:21.985 [JavaFX App] DEBUG GameScene            - Entity added to scene
03:27:21.985 [JavaFX App] DEBUG GameScene            - Added MainViewComponent
03:27:21.985 [JavaFX App] DEBUG FXGLEventBus         - Firing event: WorldEvent[type=ENTITY_ADDED]
03:27:21.985 [JavaFX App] TRACE Entity               - Initializing entity
03:27:21.985 [JavaFX App] DEBUG GameScene            - Entity added to scene
03:27:21.985 [JavaFX App] DEBUG GameScene            - Added MainViewComponent
03:27:21.985 [JavaFX App] DEBUG FXGLEventBus         - Firing event: WorldEvent[type=ENTITY_ADDED]
03:27:21.985 [JavaFX App] TRACE Entity               - Initializing entity
03:27:21.985 [JavaFX App] DEBUG GameScene            - Entity added to scene
03:27:21.985 [JavaFX App] DEBUG GameScene            - Added MainViewComponent
03:27:21.985 [JavaFX App] DEBUG FXGLEventBus         - Firing event: WorldEvent[type=ENTITY_ADDED]
03:27:21.985 [JavaFX App] TRACE Entity               - Initializing entity
03:27:21.985 [JavaFX App] DEBUG GameScene            - Entity added to scene
03:27:21.985 [JavaFX App] DEBUG GameScene            - Added MainViewComponent
03:27:21.985 [JavaFX App] DEBUG FXGLEventBus         - Firing event: WorldEvent[type=ENTITY_ADDED]
03:27:21.985 [JavaFX App] TRACE Entity               - Initializing entity
03:27:21.985 [JavaFX App] DEBUG GameScene            - Entity added to scene
03:27:21.985 [JavaFX App] DEBUG GameScene            - Added MainViewComponent
03:27:21.985 [JavaFX App] DEBUG FXGLEventBus         - Firing event: WorldEvent[type=ENTITY_ADDED]
03:27:21.985 [JavaFX App] TRACE Entity               - Initializing entity
03:27:21.985 [JavaFX App] DEBUG GameScene            - Entity added to scene
03:27:21.985 [JavaFX App] DEBUG GameScene            - Added MainViewComponent
03:27:21.986 [JavaFX App] DEBUG FXGLEventBus         - Firing event: WorldEvent[type=ENTITY_ADDED]
03:27:21.986 [JavaFX App] TRACE Entity               - Initializing entity
03:27:21.986 [JavaFX App] DEBUG GameScene            - Entity added to scene
03:27:21.986 [JavaFX App] DEBUG GameScene            - Added MainViewComponent
03:27:21.986 [JavaFX App] DEBUG FXGLEventBus         - Firing event: WorldEvent[type=ENTITY_ADDED]
03:27:21.986 [JavaFX App] TRACE Entity               - Initializing entity
03:27:21.986 [JavaFX App] DEBUG GameScene            - Entity added to scene
03:27:21.986 [JavaFX App] DEBUG GameScene            - Added MainViewComponent
03:27:21.986 [JavaFX App] DEBUG FXGLEventBus         - Firing event: WorldEvent[type=ENTITY_ADDED]
03:27:21.986 [JavaFX App] TRACE Entity               - Initializing entity
03:27:21.986 [JavaFX App] DEBUG GameScene            - Entity added to scene
03:27:21.986 [JavaFX App] DEBUG GameScene            - Added MainViewComponent
03:27:21.986 [JavaFX App] DEBUG FXGLEventBus         - Firing event: WorldEvent[type=ENTITY_ADDED]
03:27:21.986 [JavaFX App] TRACE Entity               - Initializing entity
03:27:21.986 [JavaFX App] DEBUG GameScene            - Entity added to scene
03:27:21.986 [JavaFX App] DEBUG GameScene            - Added MainViewComponent
03:27:21.986 [JavaFX App] DEBUG FXGLEventBus         - Firing event: WorldEvent[type=ENTITY_ADDED]
03:27:21.986 [JavaFX App] TRACE Entity               - Initializing entity
03:27:21.986 [JavaFX App] DEBUG GameScene            - Entity added to scene
03:27:21.986 [JavaFX App] DEBUG GameScene            - Added MainViewComponent
03:27:21.986 [JavaFX App] DEBUG FXGLEventBus         - Firing event: WorldEvent[type=ENTITY_ADDED]
03:27:21.986 [JavaFX App] TRACE Entity               - Initializing entity
03:27:21.986 [JavaFX App] DEBUG GameScene            - Entity added to scene
03:27:21.986 [JavaFX App] DEBUG GameScene            - Added MainViewComponent
03:27:21.986 [JavaFX App] DEBUG FXGLEventBus         - Firing event: WorldEvent[type=ENTITY_ADDED]
03:27:21.986 [JavaFX App] TRACE Entity               - Initializing entity
03:27:21.986 [JavaFX App] DEBUG GameScene            - Entity added to scene
03:27:21.986 [JavaFX App] DEBUG GameScene            - Added MainViewComponent
03:27:21.986 [JavaFX App] DEBUG FXGLEventBus         - Firing event: WorldEvent[type=ENTITY_ADDED]
03:27:21.986 [JavaFX App] TRACE Entity               - Initializing entity
03:27:21.986 [JavaFX App] DEBUG GameScene            - Entity added to scene
03:27:21.986 [JavaFX App] DEBUG GameScene            - Added MainViewComponent
03:27:21.986 [JavaFX App] DEBUG FXGLEventBus         - Firing event: WorldEvent[type=ENTITY_ADDED]
03:27:21.986 [JavaFX App] TRACE Entity               - Initializing entity
03:27:21.987 [JavaFX App] DEBUG GameScene            - Entity added to scene
03:27:21.987 [JavaFX App] DEBUG GameScene            - Added MainViewComponent
03:27:21.987 [JavaFX App] DEBUG FXGLEventBus         - Firing event: WorldEvent[type=ENTITY_ADDED]
03:27:21.987 [JavaFX App] TRACE Entity               - Initializing entity
03:27:21.987 [JavaFX App] DEBUG GameScene            - Entity added to scene
03:27:21.987 [JavaFX App] DEBUG GameScene            - Added MainViewComponent
03:27:21.987 [JavaFX App] DEBUG FXGLEventBus         - Firing event: WorldEvent[type=ENTITY_ADDED]
03:27:21.987 [JavaFX App] TRACE Entity               - Initializing entity
03:27:21.987 [JavaFX App] DEBUG GameScene            - Entity added to scene
03:27:21.987 [JavaFX App] DEBUG GameScene            - Added MainViewComponent
03:27:21.987 [JavaFX App] DEBUG FXGLEventBus         - Firing event: WorldEvent[type=ENTITY_ADDED]
03:27:21.987 [JavaFX App] TRACE Entity               - Initializing entity
03:27:21.987 [JavaFX App] DEBUG GameScene            - Entity added to scene
03:27:21.987 [JavaFX App] DEBUG GameScene            - Added MainViewComponent
03:27:21.987 [JavaFX App] DEBUG FXGLEventBus         - Firing event: WorldEvent[type=ENTITY_ADDED]
03:27:21.987 [JavaFX App] TRACE Entity               - Initializing entity
03:27:21.987 [JavaFX App] DEBUG GameScene            - Entity added to scene
03:27:21.987 [JavaFX App] DEBUG GameScene            - Added MainViewComponent
03:27:21.987 [JavaFX App] DEBUG FXGLEventBus         - Firing event: WorldEvent[type=ENTITY_ADDED]
03:27:21.987 [JavaFX App] TRACE Entity               - Initializing entity
03:27:21.987 [JavaFX App] DEBUG GameScene            - Entity added to scene
03:27:21.987 [JavaFX App] DEBUG GameScene            - Added MainViewComponent
03:27:21.987 [JavaFX App] DEBUG FXGLEventBus         - Firing event: WorldEvent[type=ENTITY_ADDED]
03:27:21.987 [JavaFX App] TRACE Entity               - Initializing entity
03:27:21.987 [JavaFX App] DEBUG GameScene            - Entity added to scene
03:27:21.987 [JavaFX App] DEBUG GameScene            - Added MainViewComponent
03:27:21.987 [JavaFX App] DEBUG FXGLEventBus         - Firing event: WorldEvent[type=ENTITY_ADDED]
03:27:21.987 [JavaFX App] TRACE Entity               - Initializing entity
03:27:21.987 [JavaFX App] DEBUG GameScene            - Entity added to scene
03:27:21.987 [JavaFX App] DEBUG GameScene            - Added MainViewComponent
03:27:21.987 [JavaFX App] DEBUG FXGLEventBus         - Firing event: WorldEvent[type=ENTITY_ADDED]
03:27:21.987 [JavaFX App] TRACE Entity               - Initializing entity
03:27:21.987 [JavaFX App] DEBUG GameScene            - Entity added to scene
03:27:21.987 [JavaFX App] DEBUG GameScene            - Added MainViewComponent
03:27:21.988 [JavaFX App] DEBUG FXGLEventBus         - Firing event: WorldEvent[type=ENTITY_ADDED]
03:27:21.988 [JavaFX App] TRACE Entity               - Initializing entity
03:27:21.988 [JavaFX App] DEBUG GameScene            - Entity added to scene
03:27:21.988 [JavaFX App] DEBUG GameScene            - Added MainViewComponent
03:27:21.988 [JavaFX App] DEBUG FXGLEventBus         - Firing event: WorldEvent[type=ENTITY_ADDED]
03:27:21.988 [JavaFX App] TRACE Entity               - Initializing entity
03:27:21.988 [JavaFX App] DEBUG GameScene            - Entity added to scene
03:27:21.988 [JavaFX App] DEBUG GameScene            - Added MainViewComponent
03:27:21.988 [JavaFX App] DEBUG FXGLEventBus         - Firing event: WorldEvent[type=ENTITY_ADDED]
03:27:21.988 [JavaFX App] TRACE Entity               - Initializing entity
03:27:21.988 [JavaFX App] DEBUG GameScene            - Entity added to scene
03:27:21.988 [JavaFX App] DEBUG GameScene            - Added MainViewComponent
03:27:21.988 [JavaFX App] DEBUG FXGLEventBus         - Firing event: WorldEvent[type=ENTITY_ADDED]
03:27:21.988 [JavaFX App] TRACE Entity               - Initializing entity
03:27:21.988 [JavaFX App] DEBUG GameScene            - Entity added to scene
03:27:21.988 [JavaFX App] DEBUG GameScene            - Added MainViewComponent
03:27:21.988 [JavaFX App] DEBUG FXGLEventBus         - Firing event: WorldEvent[type=ENTITY_ADDED]
03:27:21.988 [JavaFX App] TRACE Entity               - Initializing entity
03:27:21.988 [JavaFX App] DEBUG GameScene            - Entity added to scene
03:27:21.988 [JavaFX App] DEBUG GameScene            - Added MainViewComponent
03:27:21.988 [JavaFX App] DEBUG FXGLEventBus         - Firing event: WorldEvent[type=ENTITY_ADDED]
03:27:21.988 [JavaFX App] TRACE Entity               - Initializing entity
03:27:21.988 [JavaFX App] DEBUG GameScene            - Entity added to scene
03:27:21.988 [JavaFX App] DEBUG GameScene            - Added MainViewComponent
03:27:21.988 [JavaFX App] DEBUG FXGLEventBus         - Firing event: WorldEvent[type=ENTITY_ADDED]
03:27:21.988 [JavaFX App] TRACE Entity               - Initializing entity
03:27:21.988 [JavaFX App] DEBUG GameScene            - Entity added to scene
03:27:21.988 [JavaFX App] DEBUG GameScene            - Added MainViewComponent
03:27:21.988 [JavaFX App] DEBUG FXGLEventBus         - Firing event: WorldEvent[type=ENTITY_ADDED]
03:27:21.988 [JavaFX App] TRACE Entity               - Initializing entity
03:27:21.988 [JavaFX App] DEBUG GameScene            - Entity added to scene
03:27:21.988 [JavaFX App] DEBUG GameScene            - Added MainViewComponent
03:27:21.989 [JavaFX App] DEBUG FXGLEventBus         - Firing event: WorldEvent[type=ENTITY_ADDED]
03:27:21.989 [JavaFX App] TRACE Entity               - Initializing entity
03:27:21.989 [JavaFX App] DEBUG GameScene            - Entity added to scene
03:27:21.989 [JavaFX App] DEBUG GameScene            - Added MainViewComponent
03:27:21.989 [JavaFX App] DEBUG FXGLEventBus         - Firing event: WorldEvent[type=ENTITY_ADDED]
03:27:21.989 [JavaFX App] TRACE Entity               - Initializing entity
03:27:21.989 [JavaFX App] DEBUG GameScene            - Entity added to scene
03:27:21.989 [JavaFX App] DEBUG GameScene            - Added MainViewComponent
03:27:21.989 [JavaFX App] DEBUG FXGLEventBus         - Firing event: WorldEvent[type=ENTITY_ADDED]
03:27:21.989 [JavaFX App] TRACE Entity               - Initializing entity
03:27:21.989 [JavaFX App] DEBUG GameScene            - Entity added to scene
03:27:21.989 [JavaFX App] DEBUG GameScene            - Added MainViewComponent
03:27:21.989 [JavaFX App] DEBUG FXGLEventBus         - Firing event: WorldEvent[type=ENTITY_ADDED]
03:27:21.989 [JavaFX App] TRACE Entity               - Initializing entity
03:27:21.989 [JavaFX App] DEBUG GameScene            - Entity added to scene
03:27:21.989 [JavaFX App] DEBUG GameScene            - Added MainViewComponent
03:27:21.989 [JavaFX App] DEBUG FXGLEventBus         - Firing event: WorldEvent[type=ENTITY_ADDED]
03:27:21.989 [JavaFX App] TRACE Entity               - Initializing entity
03:27:21.989 [JavaFX App] DEBUG GameScene            - Entity added to scene
03:27:21.989 [JavaFX App] DEBUG GameScene            - Added MainViewComponent
03:27:21.989 [JavaFX App] DEBUG FXGLEventBus         - Firing event: WorldEvent[type=ENTITY_ADDED]
03:27:21.989 [JavaFX App] TRACE Entity               - Initializing entity
03:27:21.989 [JavaFX App] DEBUG GameScene            - Entity added to scene
03:27:21.989 [JavaFX App] DEBUG GameScene            - Added MainViewComponent
03:27:21.989 [JavaFX App] DEBUG FXGLEventBus         - Firing event: WorldEvent[type=ENTITY_ADDED]
03:27:21.989 [JavaFX App] TRACE Entity               - Initializing entity
03:27:21.989 [JavaFX App] DEBUG GameScene            - Entity added to scene
03:27:21.989 [JavaFX App] DEBUG GameScene            - Added MainViewComponent
03:27:21.989 [JavaFX App] DEBUG FXGLEventBus         - Firing event: WorldEvent[type=ENTITY_ADDED]
03:27:21.989 [JavaFX App] TRACE Entity               - Initializing entity
03:27:21.989 [JavaFX App] DEBUG GameScene            - Entity added to scene
03:27:21.989 [JavaFX App] DEBUG GameScene            - Added MainViewComponent
03:27:21.990 [JavaFX App] DEBUG FXGLEventBus         - Firing event: WorldEvent[type=ENTITY_ADDED]
03:27:21.990 [JavaFX App] TRACE Entity               - Initializing entity
03:27:21.990 [JavaFX App] DEBUG GameScene            - Entity added to scene
03:27:21.990 [JavaFX App] DEBUG GameScene            - Added MainViewComponent
03:27:21.990 [JavaFX App] DEBUG FXGLEventBus         - Firing event: WorldEvent[type=ENTITY_ADDED]
03:27:21.990 [JavaFX App] TRACE Entity               - Initializing entity
03:27:22.028 [JavaFX App] DEBUG GameScene            - Entity added to scene
03:27:22.028 [JavaFX App] DEBUG GameScene            - Added MainViewComponent
03:27:22.028 [JavaFX App] DEBUG FXGLEventBus         - Firing event: WorldEvent[type=ENTITY_ADDED]
03:27:22.028 [JavaFX App] TRACE Entity               - Initializing entity
03:27:22.030 [JavaFX App] DEBUG GameScene            - Entity added to scene
03:27:22.030 [JavaFX App] DEBUG GameScene            - Added MainViewComponent
03:27:22.030 [JavaFX App] DEBUG FXGLEventBus         - Firing event: WorldEvent[type=ENTITY_ADDED]
03:27:22.030 [JavaFX App] TRACE Entity               - Initializing entity
03:27:22.030 [JavaFX App] DEBUG GameScene            - Entity added to scene
03:27:22.030 [JavaFX App] DEBUG GameScene            - Added MainViewComponent
03:27:22.030 [JavaFX App] DEBUG FXGLEventBus         - Firing event: WorldEvent[type=ENTITY_ADDED]
03:27:24.433 [JavaFX App] DEBUG FXGLEventBus         - Firing event: DisplayEvent[type=DIALOG_OPENED]
03:27:24.434 [JavaFX App] DEBUG FXGLEventBus         - Firing event: FXGLEvent[type=PAUSE]
03:27:24.434 [JavaFX App] DEBUG FXGLInput            - Clearing active input actions
03:27:24.434 [JavaFX App] DEBUG FXGLMasterTimer      - Stopping master timer
03:27:24.434 [JavaFX App] DEBUG GameApplication      - State: PLAYING -> PAUSED
03:27:24.434 [JavaFX App] DEBUG FXGLInput            - Clearing active input actions
03:27:25.464 [JavaFX App] DEBUG FXGLEventBus         - Firing event: DisplayEvent[type=DIALOG_CLOSED]
03:27:25.464 [JavaFX App] DEBUG FXGLEventBus         - Firing event: FXGLEvent[type=RESUME]
03:27:25.464 [JavaFX App] DEBUG FXGLInput            - Clearing active input actions
03:27:25.464 [JavaFX App] DEBUG FXGLMasterTimer      - Starting master timer
03:27:25.464 [JavaFX App] DEBUG GameApplication      - State: PAUSED -> PLAYING
03:27:25.464 [JavaFX App] DEBUG FXGLEventBus         - Firing event: DisplayEvent[type=CLOSE_REQUEST]
03:27:25.464 [JavaFX App] DEBUG FXGLEventBus         - Firing event: FXGLEvent[type=EXIT]
03:27:25.465 [JavaFX App] DEBUG FXGLEventBus         - Firing event: SaveEvent
03:27:25.465 [JavaFX App] DEBUG FXGLInput            - Saving data to profile
03:27:25.465 [JavaFX App] DEBUG Bundle               - Logging bundle: input
03:27:25.465 [JavaFX App] DEBUG Bundle               - input.Screenshot=P
03:27:25.465 [JavaFX App] DEBUG Bundle               - input.right=D
03:27:25.465 [JavaFX App] DEBUG Bundle               - input.Developer Options=0
03:27:25.465 [JavaFX App] DEBUG Bundle               - input.left=A
03:27:25.465 [JavaFX App] DEBUG FXGLDisplay          - Saving data to profile
03:27:25.465 [JavaFX App] DEBUG Bundle               - Logging bundle: scene
03:27:25.465 [JavaFX App] DEBUG Bundle               - scene.sizeW=1280.0
03:27:25.465 [JavaFX App] DEBUG Bundle               - scene.sizeH=720.0
03:27:25.465 [JavaFX App] DEBUG FXGLAudioPlayer      - Saving data to profile
03:27:25.465 [JavaFX App] DEBUG Bundle               - Logging bundle: audio
03:27:25.465 [JavaFX App] DEBUG Bundle               - audio.musicVolume=0.5
03:27:25.465 [JavaFX App] DEBUG Bundle               - audio.soundVolume=0.5
03:27:25.465 [JavaFX App] DEBUG AchievementManager   - Saving data to profile
03:27:25.465 [JavaFX App] DEBUG Bundle               - Logging bundle: achievement
03:27:25.465 [JavaFX App] DEBUG FXGLMasterTimer      - Saving data to profile
03:27:25.465 [JavaFX App] DEBUG Bundle               - Logging bundle: timer
03:27:25.465 [JavaFX App] DEBUG Bundle               - timer.playtime=121969378906
03:27:25.465 [JavaFX App] DEBUG SaveLoadManager      - Saving profile: 1
03:27:25.466 [JavaFX App] DEBUG IOTask               - Executing task: writeDataTask(./profiles/1/user.profile)
03:27:25.466 [JavaFX App] DEBUG IOTask               - Executing task: writeDataTask(./profiles/1/user.profile)
03:27:25.467 [JavaFX App] DEBUG FS                   - Writing to: .\profiles\1\user.profile
03:27:25.470 [JavaFX App] DEBUG IOTask               - Executing task: checkSavesDir(./profiles/1/saves/)
03:27:25.470 [JavaFX App] DEBUG IOTask               - Task succeeded: writeDataTask(./profiles/1/user.profile)
