01:15:44.896 [JavaFX App] DEBUG FXGLLoggerFactory    - Service [LoggerFactory] initialized
01:15:44.901 [JavaFX App] DEBUG GameApplication      - Starting Game Application
01:15:44.903 [JavaFX App] DEBUG FXGLEventBus         - Service [EventBus] initialized
01:15:44.906 [JavaFX App] DEBUG FXGLExecutor         - Service [Executor] initialized
01:15:44.909 [JavaFX App] DEBUG GameWorld            - Game world initialized
01:15:44.950 [JavaFX App] DEBUG PhysicsWorld         - Physics world initialized
01:15:44.966 [JavaFX App] DEBUG GameScene            - Game scene initialized: 1280.0x720.0
01:15:44.994 [JavaFX App] DEBUG AssetLoader          - Service [AssetLoader] initialized
01:15:44.995 [JavaFX App] DEBUG AssetLoader          - Loading from disk: /assets/sounds/system/notification.wav
01:15:45.012 [JavaFX App] DEBUG AssetLoader          - Loading from disk: /assets/sounds/menu/select.wav
01:15:45.013 [JavaFX App] DEBUG AssetLoader          - Loading from disk: /assets/sounds/menu/back.wav
01:15:45.014 [JavaFX App] DEBUG AssetLoader          - Loading from disk: /assets/sounds/menu/press.wav
01:15:45.015 [JavaFX App] DEBUG AssetLoader          - Loading from disk: /assets/ui/fonts/Copperplate_Gothic_Light_Regular.ttf
01:15:45.105 [JavaFX App] DEBUG AssetLoader          - Loading from disk: /assets/ui/css/fxgl.css
01:15:45.105 [JavaFX App] DEBUG AssetLoader          - Loading from disk: /assets/ui/icons/fxgl_icon.png
01:15:45.140 [JavaFX App] DEBUG AssetLoader          - Loading from disk: /assets/ui/css/fxgl_dark.css
01:15:45.154 [JavaFX App] DEBUG FXGLDisplay          - Target size: DoubleProperty [value: 1280.0] x DoubleProperty [value: 720.0] @ 1.0
01:15:45.155 [JavaFX App] DEBUG FXGLDisplay          - New size:    1280.0 x 720.0 @ DoubleProperty [value: 1.0]
01:15:45.155 [JavaFX App] DEBUG FXGLDisplay          - Service [Display] initialized
01:15:45.155 [JavaFX App] DEBUG FXGLDisplay          - Using CSS: CSS(externalForm=jar:file:/C:/Users/Romano/Documents/GitHub/Breakout/src/lib/FXGL-0.2.4-uber.jar!/assets/ui/css/fxgl_dark.css)
01:15:45.158 [JavaFX App] DEBUG FXGLInput            - Service [Input] initialized
01:15:45.159 [JavaFX App] DEBUG FXGLInput            - Registered new binding: Screenshot - P
01:15:45.159 [JavaFX App] DEBUG FXGLInput            - Registered new binding: Developer Options - CTRL+0
01:15:45.161 [JavaFX App] DEBUG FXGLInput            - Registered new binding: left - A
01:15:45.161 [JavaFX App] DEBUG FXGLInput            - Registered new binding: right - D
01:15:45.161 [JavaFX App] DEBUG GameApplication      - Initializing global event handlers
01:15:45.162 [JavaFX App] DEBUG FXGLMasterTimer      - Service [MasterTimer] initialized
01:15:45.169 [JavaFX App] DEBUG FXGLEventBus         - Firing event: SaveEvent
01:15:45.170 [JavaFX App] DEBUG FXGLInput            - Saving data to profile
01:15:45.171 [JavaFX App] DEBUG Bundle               - Logging bundle: input
01:15:45.171 [JavaFX App] DEBUG Bundle               - input.Screenshot=P
01:15:45.171 [JavaFX App] DEBUG Bundle               - input.right=D
01:15:45.171 [JavaFX App] DEBUG Bundle               - input.Developer Options=CTRL+0
01:15:45.171 [JavaFX App] DEBUG Bundle               - input.left=A
01:15:45.171 [JavaFX App] DEBUG FXGLDisplay          - Saving data to profile
01:15:45.172 [JavaFX App] DEBUG Bundle               - Logging bundle: scene
01:15:45.172 [JavaFX App] DEBUG Bundle               - scene.sizeW=1280.0
01:15:45.172 [JavaFX App] DEBUG Bundle               - scene.sizeH=720.0
01:15:45.172 [JavaFX App] DEBUG FXGLAudioPlayer      - Service [AudioPlayer] initialized
01:15:45.172 [JavaFX App] DEBUG FXGLAudioPlayer      - Saving data to profile
01:15:45.173 [JavaFX App] DEBUG Bundle               - Logging bundle: audio
01:15:45.173 [JavaFX App] DEBUG Bundle               - audio.musicVolume=0.5
01:15:45.173 [JavaFX App] DEBUG Bundle               - audio.soundVolume=0.5
01:15:45.173 [JavaFX App] DEBUG AchievementManager   - Service [AchievementManager] initialized
01:15:45.173 [JavaFX App] DEBUG AchievementManager   - Saving data to profile
01:15:45.173 [JavaFX App] DEBUG Bundle               - Logging bundle: achievement
01:15:45.173 [JavaFX App] DEBUG FXGLMasterTimer      - Saving data to profile
01:15:45.173 [JavaFX App] DEBUG Bundle               - Logging bundle: timer
01:15:45.173 [JavaFX App] DEBUG Bundle               - timer.playtime=0
01:15:45.208 [JavaFX App] DEBUG GameApplication      - State: STARTUP -> MAIN_MENU
01:15:45.335 [JavaFX App] DEBUG FXGLDisplay          - Showing stage
01:15:45.335 [JavaFX App] DEBUG FXGLDisplay          - Root size: 1280.0x720.0
01:15:45.335 [JavaFX App] DEBUG FXGLDisplay          - Scene size: 1280.0x720.0
01:15:45.335 [JavaFX App] DEBUG FXGLDisplay          - Stage size: 1296.0x758.0
01:15:45.401 [JavaFX App] DEBUG SaveLoadManager      - Checking profiles dir: profiles/
01:15:45.402 [JavaFX App] DEBUG SaveLoadManager      - Loading profile names
01:15:45.404 [JavaFX App] DEBUG IOTask               - Showing dialog
01:15:45.411 [JavaFX App] DEBUG FXGLEventBus         - Firing event: DisplayEvent[type=DIALOG_OPENED]
01:15:45.411 [JavaFX App] DEBUG FXGLInput            - Clearing active input actions
01:15:45.414 [pool-3-thr] DEBUG IOTask               - Executing task: loadDirectoryNamesTask(./profiles/, false)
01:15:45.494 [JavaFX App] DEBUG IOTask               - succeed(): Dismissing dialog
01:15:45.494 [JavaFX App] DEBUG FXGLEventBus         - Firing event: DisplayEvent[type=DIALOG_CLOSED]
01:15:45.495 [JavaFX App] DEBUG IOTask               - Task succeeded: loadDirectoryNamesTask(./profiles/, false)
01:15:45.502 [JavaFX App] DEBUG FXGLEventBus         - Firing event: DisplayEvent[type=DIALOG_OPENED]
01:15:45.503 [JavaFX App] DEBUG FXGLInput            - Clearing active input actions
01:15:46.776 [JavaFX App] DEBUG FXGLEventBus         - Firing event: DisplayEvent[type=DIALOG_CLOSED]
01:15:46.778 [JavaFX App] DEBUG SaveLoadManager      - Loading profile: 1
01:15:46.781 [JavaFX App] DEBUG IOTask               - Showing dialog
01:15:46.798 [JavaFX App] DEBUG FXGLEventBus         - Firing event: DisplayEvent[type=DIALOG_OPENED]
01:15:46.798 [JavaFX App] DEBUG FXGLInput            - Clearing active input actions
01:15:46.802 [pool-3-thr] DEBUG IOTask               - Executing task: readDataTask(./profiles/1/user.profile)
01:15:46.806 [pool-3-thr] DEBUG FS                   - Reading from: .\profiles\1\user.profile
01:15:46.826 [JavaFX App] DEBUG IOTask               - succeed(): Dismissing dialog
01:15:46.827 [JavaFX App] DEBUG FXGLEventBus         - Firing event: DisplayEvent[type=DIALOG_CLOSED]
01:15:46.827 [JavaFX App] DEBUG IOTask               - Task succeeded: readDataTask(./profiles/1/user.profile)
01:15:46.827 [JavaFX App] DEBUG FXGLEventBus         - Firing event: LoadEvent[type=LOAD_PROFILE]
01:15:46.827 [JavaFX App] DEBUG FXGLInput            - Loading data from profile
01:15:46.827 [JavaFX App] DEBUG Bundle               - Logging bundle: input
01:15:46.827 [JavaFX App] DEBUG Bundle               - input.Screenshot=P
01:15:46.827 [JavaFX App] DEBUG Bundle               - input.right=D
01:15:46.827 [JavaFX App] DEBUG Bundle               - input.Developer Options=0
01:15:46.827 [JavaFX App] DEBUG Bundle               - input.left=A
01:15:46.827 [JavaFX App] DEBUG FXGLDisplay          - Loading data from profile
01:15:46.827 [JavaFX App] DEBUG Bundle               - Logging bundle: scene
01:15:46.827 [JavaFX App] DEBUG Bundle               - scene.sizeW=1280.0
01:15:46.829 [JavaFX App] DEBUG Bundle               - scene.sizeH=720.0
01:15:46.829 [JavaFX App] DEBUG FXGLDisplay          - Target size: DoubleProperty [value: 1280.0] x DoubleProperty [value: 720.0] @ 1.0
01:15:46.830 [JavaFX App] DEBUG FXGLDisplay          - New size:    1280.0 x 720.0 @ DoubleProperty [value: 1.0]
01:15:46.843 [JavaFX App] DEBUG FXGLAudioPlayer      - Loading data from profile
01:15:46.843 [JavaFX App] DEBUG Bundle               - Logging bundle: audio
01:15:46.843 [JavaFX App] DEBUG Bundle               - audio.musicVolume=0.5
01:15:46.843 [JavaFX App] DEBUG Bundle               - audio.soundVolume=0.5
01:15:46.843 [JavaFX App] DEBUG AchievementManager   - Loading data from profile
01:15:46.843 [JavaFX App] DEBUG Bundle               - Logging bundle: achievement
01:15:46.843 [JavaFX App] DEBUG FXGLMasterTimer      - Loading data from profile
01:15:46.843 [JavaFX App] DEBUG Bundle               - Logging bundle: timer
01:15:46.843 [JavaFX App] DEBUG Bundle               - timer.playtime=0
01:15:46.844 [JavaFX App] DEBUG SaveLoadManager      - Loading last modified save file
01:15:46.844 [JavaFX App] DEBUG SaveLoadManager      - Loading save files
01:15:46.846 [JavaFX App] DEBUG IOTask               - Showing dialog
01:15:46.852 [JavaFX App] DEBUG FXGLEventBus         - Firing event: DisplayEvent[type=DIALOG_OPENED]
01:15:46.852 [JavaFX App] DEBUG FXGLInput            - Clearing active input actions
01:15:46.856 [pool-3-thr] DEBUG IOTask               - Executing task: loadFileNamesTask(./profiles/1/saves/, true, [FileExtension(extension=.sav)])
01:15:46.856 [pool-3-thr] DEBUG IOTask               - Executing task: loadFileNamesTask(./profiles/1/saves/, true, [FileExtension(extension=.sav)])
01:15:46.856 [pool-3-thr] DEBUG IOTask               - Executing task: loadFileNamesTask(./profiles/1/saves/, true, [FileExtension(extension=.sav)])
01:15:46.865 [pool-3-thr] DEBUG IOTask               - Executing task: readSaveFiles
01:15:46.869 [pool-3-thr] DEBUG IOTask               - Executing task: findLastSave
01:15:46.871 [JavaFX App] DEBUG IOTask               - fail(): Dismissing dialog
01:15:46.871 [JavaFX App] DEBUG FXGLEventBus         - Firing event: DisplayEvent[type=DIALOG_CLOSED]
01:15:46.872 [JavaFX App] WARN  IOTask               - Task failed: loadFileNamesTask(./profiles/1/saves/, true, [FileExtension(extension=.sav)]) Error: java.io.FileNotFoundException: No save files found
01:15:46.872 [JavaFX App] DEBUG FXGLEventBus         - Firing event: ProfileSelectedEvent[name=1,hasSaves=false]
01:15:47.429 [JavaFX App] DEBUG Menu                 - fireNewGame()
01:15:47.430 [JavaFX App] DEBUG GameApplication      - Starting new game
01:15:47.431 [JavaFX App] DEBUG GameApplication      - Initializing App
01:15:47.432 [JavaFX App] DEBUG FXGLEventBus         - Firing event: FXGLEvent[type=PAUSE]
01:15:47.432 [JavaFX App] DEBUG FXGLInput            - Clearing active input actions
01:15:47.432 [JavaFX App] DEBUG FXGLMasterTimer      - Stopping master timer
01:15:47.432 [JavaFX App] DEBUG GameApplication      - State: MAIN_MENU -> PAUSED
01:15:47.433 [JavaFX App] DEBUG FXGLEventBus         - Firing event: FXGLEvent[type=RESET]
01:15:47.433 [JavaFX App] DEBUG GameWorld            - Resetting game world
01:15:47.433 [JavaFX App] TRACE EntityWorld          - Resetting entity world
01:15:47.435 [JavaFX App] DEBUG GameScene            - Resetting game scene
01:15:47.435 [JavaFX App] DEBUG FXGLInput            - Clearing active input actions
01:15:47.435 [JavaFX App] DEBUG FXGLMasterTimer      - Resetting ticks and clearing all actions
01:15:47.435 [JavaFX App] DEBUG GameApplication      - State: PAUSED -> LOADING
01:15:47.440 [JavaFX App] DEBUG GameApplication      - Starting FXGL Init Thread
01:15:47.441 [JavaFX App] DEBUG FXGLEventBus         - Firing event: MenuEvent[type=NEW_GAME]
01:15:47.455 [FXGL Init ] DEBUG InitAppTask          - Initializing Assets
01:15:47.460 [FXGL Init ] DEBUG AssetLoader          - Loading from disk: /assets/textures/Balls/ball_red.png
01:15:47.480 [FXGL Init ] DEBUG AssetLoader          - Loading from disk: /assets/textures/Bats/bat_black.png
01:15:47.481 [FXGL Init ] DEBUG AssetLoader          - Loading from disk: /assets/textures/Bricks/brick_blue_small.png
01:15:47.481 [FXGL Init ] DEBUG AssetLoader          - Loading from disk: /assets/textures/Walls/brick_red.png
01:15:47.493 [FXGL Init ] DEBUG AssetLoader          - Loading from disk: /assets/textures/Background/background.jpg
01:15:47.504 [FXGL Init ] DEBUG AssetLoader          - Loading from disk: /assets/textures/Balls/ball_blue.png
01:15:47.505 [FXGL Init ] DEBUG AssetLoader          - Loading from disk: /assets/textures/Balls/ball_green.png
01:15:47.505 [FXGL Init ] DEBUG AssetLoader          - Loading from disk: /assets/textures/Balls/ball_orange.png
01:15:47.506 [FXGL Init ] DEBUG AssetLoader          - Loading from cache: /assets/textures/Balls/ball_red.png
01:15:47.506 [FXGL Init ] DEBUG AssetLoader          - Loading from disk: /assets/textures/Balls/ball_silver.png
01:15:47.506 [FXGL Init ] DEBUG AssetLoader          - Loading from disk: /assets/textures/Balls/ball_yellow.png
01:15:47.507 [FXGL Init ] DEBUG AssetLoader          - Loading from cache: /assets/textures/Bats/bat_black.png
01:15:47.507 [FXGL Init ] DEBUG AssetLoader          - Loading from disk: /assets/textures/Bats/bat_blue.png
01:15:47.508 [FXGL Init ] DEBUG AssetLoader          - Loading from disk: /assets/textures/Bats/bat_orange.png
01:15:47.509 [FXGL Init ] DEBUG AssetLoader          - Loading from disk: /assets/textures/Bats/bat_pink.png
01:15:47.509 [FXGL Init ] DEBUG AssetLoader          - Loading from disk: /assets/textures/Bats/bat_yellow.png
01:15:47.510 [FXGL Init ] DEBUG AssetLoader          - Loading from cache: /assets/textures/Bricks/brick_blue_small.png
01:15:47.510 [FXGL Init ] DEBUG AssetLoader          - Loading from disk: /assets/textures/Bricks/brick_blue_small_cracked.png
01:15:47.511 [FXGL Init ] DEBUG AssetLoader          - Loading from disk: /assets/textures/Bricks/brick_green_small.png
01:15:47.511 [FXGL Init ] DEBUG AssetLoader          - Loading from disk: /assets/textures/Bricks/brick_green_small_cracked.png
01:15:47.512 [FXGL Init ] DEBUG AssetLoader          - Loading from disk: /assets/textures/Bricks/brick_pink_small.png
01:15:47.512 [FXGL Init ] DEBUG AssetLoader          - Loading from disk: /assets/textures/Bricks/brick_pink_small_cracked.png
01:15:47.513 [FXGL Init ] DEBUG AssetLoader          - Loading from disk: /assets/textures/Bricks/brick_violet_small.png
01:15:47.514 [FXGL Init ] DEBUG AssetLoader          - Loading from disk: /assets/textures/Bricks/brick_violet_small_cracked.png
01:15:47.514 [FXGL Init ] DEBUG AssetLoader          - Loading from disk: /assets/textures/Bricks/brick_yellow_small.png
01:15:47.515 [FXGL Init ] DEBUG AssetLoader          - Loading from disk: /assets/textures/Bricks/brick_yellow_small_cracked.png
01:15:47.516 [FXGL Init ] DEBUG AssetLoader          - Loading from disk: /assets/textures/Power ups/star.png
01:15:47.516 [FXGL Init ] DEBUG AssetLoader          - Loading from disk: /assets/textures/Power ups/star_blue.png
01:15:47.521 [FXGL Init ] DEBUG AssetLoader          - Loading from disk: /assets/textures/Power ups/star_gree.png
01:15:47.525 [FXGL Init ] DEBUG AssetLoader          - Loading from disk: /assets/textures/Power ups/star_red.png
01:15:47.528 [FXGL Init ] DEBUG AssetLoader          - Loading from disk: /assets/textures/Preview.jpg
01:15:47.548 [FXGL Init ] DEBUG AssetLoader          - Loading from disk: /assets/textures/Read Me.txt
01:15:47.548 [FXGL Init ] DEBUG AssetLoader          - Loading from disk: /assets/textures/Walls/brick.png
01:15:47.550 [FXGL Init ] DEBUG AssetLoader          - Loading from disk: /assets/textures/Walls/brick_blue.png
01:15:47.552 [FXGL Init ] DEBUG AssetLoader          - Loading from disk: /assets/textures/Walls/brick_pink_side.png
01:15:47.554 [FXGL Init ] DEBUG AssetLoader          - Loading from cache: /assets/textures/Walls/brick_red.png
01:15:47.742 [FXGL Init ] DEBUG AssetLoader          - Loading from cache: /assets/sounds/menu/back.wav
01:15:47.742 [FXGL Init ] DEBUG AssetLoader          - Loading from cache: /assets/sounds/menu/press.wav
01:15:47.742 [FXGL Init ] DEBUG AssetLoader          - Loading from disk: /assets/sounds/menu/select.wav
01:15:47.742 [FXGL Init ] DEBUG AssetLoader          - Loading from disk: /assets/sounds/system/notification.wav
01:15:48.253 [FXGL Init ] DEBUG AssetLoader          - Loading from disk: /assets/ui/fonts/Copperplate_Gothic_Light_Regular.ttf
01:15:48.428 [FXGL Init ] DEBUG InitAppTask          - Initializing Game
01:15:48.443 [FXGL Init ] DEBUG AssetLoader          - Loading from cache: /assets/textures/Walls/brick_red.png
01:15:48.445 [FXGL Init ] DEBUG AssetLoader          - Loading from cache: /assets/textures/Walls/brick_red.png
01:15:48.446 [FXGL Init ] DEBUG AssetLoader          - Loading from cache: /assets/textures/Walls/brick_red.png
01:15:48.446 [FXGL Init ] DEBUG AssetLoader          - Loading from cache: /assets/textures/Walls/brick_red.png
01:15:48.446 [FXGL Init ] DEBUG AssetLoader          - Loading from cache: /assets/textures/Walls/brick_red.png
01:15:48.447 [FXGL Init ] DEBUG AssetLoader          - Loading from cache: /assets/textures/Walls/brick_red.png
01:15:48.447 [FXGL Init ] DEBUG AssetLoader          - Loading from cache: /assets/textures/Walls/brick_red.png
01:15:48.447 [FXGL Init ] DEBUG AssetLoader          - Loading from cache: /assets/textures/Walls/brick_red.png
01:15:48.448 [FXGL Init ] DEBUG AssetLoader          - Loading from cache: /assets/textures/Walls/brick_red.png
01:15:48.448 [FXGL Init ] DEBUG AssetLoader          - Loading from cache: /assets/textures/Walls/brick_red.png
01:15:48.448 [FXGL Init ] DEBUG AssetLoader          - Loading from cache: /assets/textures/Walls/brick_red.png
01:15:48.449 [FXGL Init ] DEBUG AssetLoader          - Loading from cache: /assets/textures/Walls/brick_red.png
01:15:48.449 [FXGL Init ] DEBUG AssetLoader          - Loading from cache: /assets/textures/Walls/brick_red.png
01:15:48.449 [FXGL Init ] DEBUG AssetLoader          - Loading from cache: /assets/textures/Walls/brick_red.png
01:15:48.450 [FXGL Init ] DEBUG AssetLoader          - Loading from cache: /assets/textures/Walls/brick_red.png
01:15:48.450 [FXGL Init ] DEBUG AssetLoader          - Loading from cache: /assets/textures/Walls/brick_red.png
01:15:48.450 [FXGL Init ] DEBUG AssetLoader          - Loading from cache: /assets/textures/Walls/brick_red.png
01:15:48.450 [FXGL Init ] DEBUG AssetLoader          - Loading from cache: /assets/textures/Walls/brick_red.png
01:15:48.451 [FXGL Init ] DEBUG AssetLoader          - Loading from cache: /assets/textures/Walls/brick_red.png
01:15:48.451 [FXGL Init ] DEBUG AssetLoader          - Loading from cache: /assets/textures/Walls/brick_red.png
01:15:48.451 [FXGL Init ] DEBUG AssetLoader          - Loading from cache: /assets/textures/Walls/brick_red.png
01:15:48.451 [FXGL Init ] DEBUG AssetLoader          - Loading from cache: /assets/textures/Walls/brick_red.png
01:15:48.452 [FXGL Init ] DEBUG AssetLoader          - Loading from cache: /assets/textures/Walls/brick_red.png
01:15:48.452 [FXGL Init ] DEBUG AssetLoader          - Loading from cache: /assets/textures/Walls/brick_red.png
01:15:48.452 [FXGL Init ] DEBUG AssetLoader          - Loading from cache: /assets/textures/Walls/brick_red.png
01:15:48.453 [FXGL Init ] DEBUG AssetLoader          - Loading from cache: /assets/textures/Walls/brick_red.png
01:15:48.453 [FXGL Init ] DEBUG AssetLoader          - Loading from cache: /assets/textures/Walls/brick_red.png
01:15:48.453 [FXGL Init ] DEBUG AssetLoader          - Loading from cache: /assets/textures/Walls/brick_red.png
01:15:48.453 [FXGL Init ] DEBUG AssetLoader          - Loading from cache: /assets/textures/Walls/brick_red.png
01:15:48.454 [FXGL Init ] DEBUG AssetLoader          - Loading from cache: /assets/textures/Walls/brick_red.png
01:15:48.454 [FXGL Init ] DEBUG AssetLoader          - Loading from cache: /assets/textures/Walls/brick_red.png
01:15:48.454 [FXGL Init ] DEBUG AssetLoader          - Loading from cache: /assets/textures/Walls/brick_red.png
01:15:48.455 [FXGL Init ] DEBUG AssetLoader          - Loading from cache: /assets/textures/Walls/brick_red.png
01:15:48.455 [FXGL Init ] DEBUG AssetLoader          - Loading from cache: /assets/textures/Walls/brick_red.png
01:15:48.455 [FXGL Init ] DEBUG AssetLoader          - Loading from cache: /assets/textures/Walls/brick_red.png
01:15:48.455 [FXGL Init ] DEBUG AssetLoader          - Loading from cache: /assets/textures/Walls/brick_red.png
01:15:48.456 [FXGL Init ] DEBUG AssetLoader          - Loading from cache: /assets/textures/Walls/brick_red.png
01:15:48.456 [FXGL Init ] DEBUG AssetLoader          - Loading from cache: /assets/textures/Walls/brick_red.png
01:15:48.456 [FXGL Init ] DEBUG AssetLoader          - Loading from cache: /assets/textures/Walls/brick_red.png
01:15:48.456 [FXGL Init ] DEBUG AssetLoader          - Loading from cache: /assets/textures/Walls/brick_red.png
01:15:48.457 [FXGL Init ] DEBUG AssetLoader          - Loading from cache: /assets/textures/Walls/brick_red.png
01:15:48.457 [FXGL Init ] DEBUG AssetLoader          - Loading from cache: /assets/textures/Walls/brick_red.png
01:15:48.457 [FXGL Init ] DEBUG AssetLoader          - Loading from cache: /assets/textures/Walls/brick_red.png
01:15:48.457 [FXGL Init ] DEBUG AssetLoader          - Loading from cache: /assets/textures/Walls/brick_red.png
01:15:48.458 [FXGL Init ] DEBUG AssetLoader          - Loading from cache: /assets/textures/Walls/brick_red.png
01:15:48.458 [FXGL Init ] DEBUG AssetLoader          - Loading from cache: /assets/textures/Walls/brick_red.png
01:15:48.458 [FXGL Init ] DEBUG AssetLoader          - Loading from cache: /assets/textures/Walls/brick_red.png
01:15:48.458 [FXGL Init ] DEBUG AssetLoader          - Loading from cache: /assets/textures/Walls/brick_red.png
01:15:48.459 [FXGL Init ] DEBUG AssetLoader          - Loading from cache: /assets/textures/Walls/brick_red.png
01:15:48.459 [FXGL Init ] DEBUG AssetLoader          - Loading from cache: /assets/textures/Walls/brick_red.png
01:15:48.459 [FXGL Init ] DEBUG AssetLoader          - Loading from cache: /assets/textures/Walls/brick_red.png
01:15:48.460 [FXGL Init ] DEBUG AssetLoader          - Loading from cache: /assets/textures/Walls/brick_red.png
01:15:48.460 [FXGL Init ] DEBUG AssetLoader          - Loading from cache: /assets/textures/Walls/brick_red.png
01:15:48.460 [FXGL Init ] DEBUG AssetLoader          - Loading from cache: /assets/textures/Walls/brick_red.png
01:15:48.460 [FXGL Init ] DEBUG AssetLoader          - Loading from cache: /assets/textures/Walls/brick_red.png
01:15:48.460 [FXGL Init ] DEBUG AssetLoader          - Loading from cache: /assets/textures/Walls/brick_red.png
01:15:48.461 [FXGL Init ] DEBUG AssetLoader          - Loading from cache: /assets/textures/Walls/brick_red.png
01:15:48.461 [FXGL Init ] DEBUG AssetLoader          - Loading from cache: /assets/textures/Walls/brick_red.png
01:15:48.461 [FXGL Init ] DEBUG AssetLoader          - Loading from cache: /assets/textures/Walls/brick_red.png
01:15:48.461 [FXGL Init ] DEBUG AssetLoader          - Loading from cache: /assets/textures/Walls/brick_red.png
01:15:48.462 [FXGL Init ] DEBUG AssetLoader          - Loading from cache: /assets/textures/Walls/brick_red.png
01:15:48.462 [FXGL Init ] DEBUG AssetLoader          - Loading from cache: /assets/textures/Walls/brick_red.png
01:15:48.462 [FXGL Init ] DEBUG AssetLoader          - Loading from cache: /assets/textures/Walls/brick_red.png
01:15:48.463 [FXGL Init ] DEBUG AssetLoader          - Loading from cache: /assets/textures/Walls/brick_red.png
01:15:48.463 [FXGL Init ] DEBUG AssetLoader          - Loading from cache: /assets/textures/Walls/brick_red.png
01:15:48.463 [FXGL Init ] DEBUG AssetLoader          - Loading from cache: /assets/textures/Walls/brick_red.png
01:15:48.463 [FXGL Init ] DEBUG AssetLoader          - Loading from cache: /assets/textures/Walls/brick_red.png
01:15:48.464 [FXGL Init ] DEBUG AssetLoader          - Loading from cache: /assets/textures/Walls/brick_red.png
01:15:48.464 [FXGL Init ] DEBUG AssetLoader          - Loading from cache: /assets/textures/Walls/brick_red.png
01:15:48.464 [FXGL Init ] DEBUG AssetLoader          - Loading from cache: /assets/textures/Walls/brick_red.png
01:15:48.464 [FXGL Init ] DEBUG AssetLoader          - Loading from cache: /assets/textures/Walls/brick_red.png
01:15:48.465 [FXGL Init ] DEBUG AssetLoader          - Loading from cache: /assets/textures/Walls/brick_red.png
01:15:48.465 [FXGL Init ] DEBUG AssetLoader          - Loading from cache: /assets/textures/Walls/brick_red.png
01:15:48.465 [FXGL Init ] DEBUG AssetLoader          - Loading from cache: /assets/textures/Walls/brick_red.png
01:15:48.465 [FXGL Init ] DEBUG AssetLoader          - Loading from cache: /assets/textures/Walls/brick_red.png
01:15:48.466 [FXGL Init ] DEBUG AssetLoader          - Loading from cache: /assets/textures/Walls/brick_red.png
01:15:48.466 [FXGL Init ] DEBUG AssetLoader          - Loading from cache: /assets/textures/Walls/brick_red.png
01:15:48.466 [FXGL Init ] DEBUG AssetLoader          - Loading from cache: /assets/textures/Walls/brick_red.png
01:15:48.466 [FXGL Init ] DEBUG AssetLoader          - Loading from cache: /assets/textures/Walls/brick_red.png
01:15:48.467 [FXGL Init ] DEBUG AssetLoader          - Loading from cache: /assets/textures/Walls/brick_red.png
01:15:48.467 [FXGL Init ] DEBUG AssetLoader          - Loading from cache: /assets/textures/Walls/brick_red.png
01:15:48.467 [FXGL Init ] DEBUG AssetLoader          - Loading from cache: /assets/textures/Walls/brick_red.png
01:15:48.467 [FXGL Init ] DEBUG AssetLoader          - Loading from cache: /assets/textures/Walls/brick_red.png
01:15:48.468 [FXGL Init ] DEBUG AssetLoader          - Loading from cache: /assets/textures/Walls/brick_red.png
01:15:48.468 [FXGL Init ] DEBUG AssetLoader          - Loading from cache: /assets/textures/Walls/brick_red.png
01:15:48.468 [FXGL Init ] DEBUG AssetLoader          - Loading from cache: /assets/textures/Walls/brick_red.png
01:15:48.469 [FXGL Init ] DEBUG AssetLoader          - Loading from cache: /assets/textures/Walls/brick_red.png
01:15:48.469 [FXGL Init ] DEBUG AssetLoader          - Loading from cache: /assets/textures/Walls/brick_red.png
01:15:48.469 [FXGL Init ] DEBUG AssetLoader          - Loading from cache: /assets/textures/Walls/brick_red.png
01:15:48.470 [FXGL Init ] DEBUG AssetLoader          - Loading from cache: /assets/textures/Walls/brick_red.png
01:15:48.470 [FXGL Init ] DEBUG AssetLoader          - Loading from cache: /assets/textures/Walls/brick_red.png
01:15:48.470 [FXGL Init ] DEBUG AssetLoader          - Loading from cache: /assets/textures/Walls/brick_red.png
01:15:48.470 [FXGL Init ] DEBUG AssetLoader          - Loading from cache: /assets/textures/Walls/brick_red.png
01:15:48.470 [FXGL Init ] DEBUG AssetLoader          - Loading from cache: /assets/textures/Walls/brick_red.png
01:15:48.471 [FXGL Init ] DEBUG AssetLoader          - Loading from cache: /assets/textures/Walls/brick_red.png
01:15:48.471 [FXGL Init ] DEBUG AssetLoader          - Loading from cache: /assets/textures/Walls/brick_red.png
01:15:48.471 [FXGL Init ] DEBUG AssetLoader          - Loading from cache: /assets/textures/Walls/brick_red.png
01:15:48.471 [FXGL Init ] DEBUG AssetLoader          - Loading from cache: /assets/textures/Walls/brick_red.png
01:15:48.472 [FXGL Init ] DEBUG AssetLoader          - Loading from cache: /assets/textures/Walls/brick_red.png
01:15:48.472 [FXGL Init ] DEBUG AssetLoader          - Loading from cache: /assets/textures/Walls/brick_red.png
01:15:48.472 [FXGL Init ] DEBUG AssetLoader          - Loading from cache: /assets/textures/Walls/brick_red.png
01:15:48.472 [FXGL Init ] DEBUG AssetLoader          - Loading from cache: /assets/textures/Walls/brick_red.png
01:15:48.472 [FXGL Init ] DEBUG AssetLoader          - Loading from cache: /assets/textures/Walls/brick_red.png
01:15:48.473 [FXGL Init ] DEBUG AssetLoader          - Loading from cache: /assets/textures/Walls/brick_red.png
01:15:48.473 [FXGL Init ] DEBUG AssetLoader          - Loading from cache: /assets/textures/Walls/brick_red.png
01:15:48.473 [FXGL Init ] DEBUG AssetLoader          - Loading from cache: /assets/textures/Walls/brick_red.png
01:15:48.473 [FXGL Init ] DEBUG AssetLoader          - Loading from cache: /assets/textures/Walls/brick_red.png
01:15:48.473 [FXGL Init ] DEBUG AssetLoader          - Loading from cache: /assets/textures/Walls/brick_red.png
01:15:48.474 [FXGL Init ] DEBUG AssetLoader          - Loading from cache: /assets/textures/Walls/brick_red.png
01:15:48.474 [FXGL Init ] DEBUG AssetLoader          - Loading from cache: /assets/textures/Walls/brick_red.png
01:15:48.474 [FXGL Init ] DEBUG AssetLoader          - Loading from cache: /assets/textures/Walls/brick_red.png
01:15:48.474 [FXGL Init ] DEBUG AssetLoader          - Loading from cache: /assets/textures/Walls/brick_red.png
01:15:48.474 [FXGL Init ] DEBUG AssetLoader          - Loading from cache: /assets/textures/Walls/brick_red.png
01:15:48.475 [FXGL Init ] DEBUG AssetLoader          - Loading from cache: /assets/textures/Walls/brick_red.png
01:15:48.475 [FXGL Init ] DEBUG AssetLoader          - Loading from cache: /assets/textures/Walls/brick_red.png
01:15:48.475 [FXGL Init ] DEBUG AssetLoader          - Loading from cache: /assets/textures/Walls/brick_red.png
01:15:48.475 [FXGL Init ] DEBUG AssetLoader          - Loading from cache: /assets/textures/Walls/brick_red.png
01:15:48.476 [FXGL Init ] DEBUG AssetLoader          - Loading from cache: /assets/textures/Walls/brick_red.png
01:15:48.476 [FXGL Init ] DEBUG AssetLoader          - Loading from cache: /assets/textures/Walls/brick_red.png
01:15:48.476 [FXGL Init ] DEBUG AssetLoader          - Loading from cache: /assets/textures/Walls/brick_red.png
01:15:48.476 [FXGL Init ] DEBUG AssetLoader          - Loading from cache: /assets/textures/Walls/brick_red.png
01:15:48.476 [FXGL Init ] DEBUG AssetLoader          - Loading from cache: /assets/textures/Walls/brick_red.png
01:15:48.477 [FXGL Init ] DEBUG AssetLoader          - Loading from cache: /assets/textures/Walls/brick_red.png
01:15:48.477 [FXGL Init ] DEBUG AssetLoader          - Loading from cache: /assets/textures/Walls/brick_red.png
01:15:48.477 [FXGL Init ] DEBUG AssetLoader          - Loading from cache: /assets/textures/Walls/brick_red.png
01:15:48.477 [FXGL Init ] DEBUG AssetLoader          - Loading from cache: /assets/textures/Walls/brick_red.png
01:15:48.477 [FXGL Init ] DEBUG AssetLoader          - Loading from cache: /assets/textures/Walls/brick_red.png
01:15:48.478 [FXGL Init ] DEBUG AssetLoader          - Loading from cache: /assets/textures/Walls/brick_red.png
01:15:48.478 [FXGL Init ] DEBUG AssetLoader          - Loading from cache: /assets/textures/Walls/brick_red.png
01:15:48.478 [FXGL Init ] DEBUG AssetLoader          - Loading from cache: /assets/textures/Walls/brick_red.png
01:15:48.478 [FXGL Init ] DEBUG AssetLoader          - Loading from cache: /assets/textures/Walls/brick_red.png
01:15:48.479 [FXGL Init ] DEBUG AssetLoader          - Loading from cache: /assets/textures/Walls/brick_red.png
01:15:48.479 [FXGL Init ] DEBUG AssetLoader          - Loading from cache: /assets/textures/Walls/brick_red.png
01:15:48.479 [FXGL Init ] DEBUG AssetLoader          - Loading from cache: /assets/textures/Walls/brick_red.png
01:15:48.479 [FXGL Init ] DEBUG AssetLoader          - Loading from cache: /assets/textures/Walls/brick_red.png
01:15:48.479 [FXGL Init ] DEBUG AssetLoader          - Loading from cache: /assets/textures/Walls/brick_red.png
01:15:48.480 [FXGL Init ] DEBUG AssetLoader          - Loading from cache: /assets/textures/Walls/brick_red.png
01:15:48.480 [FXGL Init ] DEBUG AssetLoader          - Loading from cache: /assets/textures/Walls/brick_red.png
01:15:48.480 [FXGL Init ] DEBUG AssetLoader          - Loading from cache: /assets/textures/Walls/brick_red.png
01:15:48.480 [FXGL Init ] DEBUG AssetLoader          - Loading from cache: /assets/textures/Walls/brick_red.png
01:15:48.480 [FXGL Init ] DEBUG AssetLoader          - Loading from cache: /assets/textures/Walls/brick_red.png
01:15:48.480 [FXGL Init ] DEBUG AssetLoader          - Loading from cache: /assets/textures/Walls/brick_red.png
01:15:48.481 [FXGL Init ] DEBUG AssetLoader          - Loading from cache: /assets/textures/Walls/brick_red.png
01:15:48.481 [FXGL Init ] DEBUG AssetLoader          - Loading from cache: /assets/textures/Walls/brick_red.png
01:15:48.481 [FXGL Init ] DEBUG AssetLoader          - Loading from cache: /assets/textures/Walls/brick_red.png
01:15:48.481 [FXGL Init ] DEBUG AssetLoader          - Loading from cache: /assets/textures/Walls/brick_red.png
01:15:48.481 [FXGL Init ] DEBUG AssetLoader          - Loading from cache: /assets/textures/Walls/brick_red.png
01:15:48.482 [FXGL Init ] DEBUG AssetLoader          - Loading from cache: /assets/textures/Walls/brick_red.png
01:15:48.482 [FXGL Init ] DEBUG AssetLoader          - Loading from cache: /assets/textures/Walls/brick_red.png
01:15:48.482 [FXGL Init ] DEBUG AssetLoader          - Loading from cache: /assets/textures/Walls/brick_red.png
01:15:48.482 [FXGL Init ] DEBUG AssetLoader          - Loading from cache: /assets/textures/Walls/brick_red.png
01:15:48.482 [FXGL Init ] DEBUG AssetLoader          - Loading from cache: /assets/textures/Walls/brick_red.png
01:15:48.482 [FXGL Init ] DEBUG AssetLoader          - Loading from cache: /assets/textures/Walls/brick_red.png
01:15:48.483 [FXGL Init ] DEBUG AssetLoader          - Loading from cache: /assets/textures/Walls/brick_red.png
01:15:48.483 [FXGL Init ] DEBUG AssetLoader          - Loading from cache: /assets/textures/Walls/brick_red.png
01:15:48.483 [FXGL Init ] DEBUG AssetLoader          - Loading from cache: /assets/textures/Walls/brick_red.png
01:15:48.483 [FXGL Init ] DEBUG AssetLoader          - Loading from cache: /assets/textures/Walls/brick_red.png
01:15:48.483 [FXGL Init ] DEBUG AssetLoader          - Loading from cache: /assets/textures/Walls/brick_red.png
01:15:48.483 [FXGL Init ] DEBUG AssetLoader          - Loading from cache: /assets/textures/Walls/brick_red.png
01:15:48.484 [FXGL Init ] DEBUG AssetLoader          - Loading from cache: /assets/textures/Walls/brick_red.png
01:15:48.484 [FXGL Init ] DEBUG AssetLoader          - Loading from cache: /assets/textures/Walls/brick_red.png
01:15:48.484 [FXGL Init ] DEBUG AssetLoader          - Loading from cache: /assets/textures/Walls/brick_red.png
01:15:48.484 [FXGL Init ] DEBUG AssetLoader          - Loading from cache: /assets/textures/Walls/brick_red.png
01:15:48.484 [FXGL Init ] DEBUG AssetLoader          - Loading from cache: /assets/textures/Walls/brick_red.png
01:15:48.484 [FXGL Init ] DEBUG AssetLoader          - Loading from cache: /assets/textures/Walls/brick_red.png
01:15:48.485 [FXGL Init ] DEBUG AssetLoader          - Loading from cache: /assets/textures/Walls/brick_red.png
01:15:48.485 [FXGL Init ] DEBUG AssetLoader          - Loading from cache: /assets/textures/Walls/brick_red.png
01:15:48.485 [FXGL Init ] DEBUG AssetLoader          - Loading from cache: /assets/textures/Walls/brick_red.png
01:15:48.485 [FXGL Init ] DEBUG AssetLoader          - Loading from cache: /assets/textures/Walls/brick_red.png
01:15:48.485 [FXGL Init ] DEBUG AssetLoader          - Loading from cache: /assets/textures/Walls/brick_red.png
01:15:48.485 [FXGL Init ] DEBUG AssetLoader          - Loading from cache: /assets/textures/Walls/brick_red.png
01:15:48.486 [FXGL Init ] DEBUG AssetLoader          - Loading from cache: /assets/textures/Walls/brick_red.png
01:15:48.486 [FXGL Init ] DEBUG AssetLoader          - Loading from cache: /assets/textures/Walls/brick_red.png
01:15:48.486 [FXGL Init ] DEBUG AssetLoader          - Loading from cache: /assets/textures/Walls/brick_red.png
01:15:48.486 [FXGL Init ] DEBUG AssetLoader          - Loading from cache: /assets/textures/Walls/brick_red.png
01:15:48.486 [FXGL Init ] DEBUG AssetLoader          - Loading from cache: /assets/textures/Walls/brick_red.png
01:15:48.486 [FXGL Init ] DEBUG AssetLoader          - Loading from cache: /assets/textures/Walls/brick_red.png
01:15:48.487 [FXGL Init ] DEBUG AssetLoader          - Loading from cache: /assets/textures/Walls/brick_red.png
01:15:48.487 [FXGL Init ] DEBUG AssetLoader          - Loading from cache: /assets/textures/Walls/brick_red.png
01:15:48.487 [FXGL Init ] DEBUG AssetLoader          - Loading from cache: /assets/textures/Walls/brick_red.png
01:15:48.488 [FXGL Init ] DEBUG AssetLoader          - Loading from cache: /assets/textures/Bats/bat_black.png
01:15:48.491 [FXGL Init ] DEBUG AssetLoader          - Loading from cache: /assets/textures/Balls/ball_red.png
01:16:06.610 [FXGL Init ] DEBUG AssetLoader          - Loading from cache: /assets/textures/Bricks/brick_blue_small.png
01:16:13.802 [FXGL Init ] DEBUG AssetLoader          - Loading from cache: /assets/textures/Bricks/brick_blue_small.png
01:16:16.441 [JavaFX App] DEBUG FXGLEventBus         - Firing event: FXGLEvent[type=PAUSE]
01:16:16.441 [JavaFX App] DEBUG FXGLInput            - Clearing active input actions
01:16:16.441 [JavaFX App] DEBUG FXGLMasterTimer      - Stopping master timer
01:16:16.441 [JavaFX App] DEBUG GameApplication      - State: LOADING -> PAUSED
01:16:16.441 [JavaFX App] FATAL GameApplication      - Uncaught Exception:
01:16:16.443 [JavaFX App] FATAL GameApplication      - 

Exception occurred: java.lang.IllegalArgumentException : Entity already has a component with type: com.almasb.fxgl.entity.component.CollidableComponentE: com.almasb.ents.Entity.addComponent(Entity.java:217)
E: Breakout.Breakout.initBrick(Breakout.java:389)
E: Breakout.Breakout.initGame(Breakout.java:175)
E: com.almasb.fxgl.app.InitAppTask.call(InitAppTask.kt:50)
E: com.almasb.fxgl.app.InitAppTask.call(InitAppTask.kt:38)
E: javafx.concurrent.Task$TaskCallable.call(Task.java:1423)
E: java.util.concurrent.FutureTask.run(FutureTask.java:266)
E: java.lang.Thread.run(Thread.java:745)

01:16:16.443 [JavaFX App] FATAL GameApplication      - Application will now exit
01:16:23.421 [JavaFX App] DEBUG FXGLEventBus         - Firing event: FXGLEvent[type=EXIT]
01:16:23.422 [JavaFX App] DEBUG FXGLEventBus         - Firing event: SaveEvent
01:16:23.422 [JavaFX App] DEBUG FXGLInput            - Saving data to profile
01:16:23.422 [JavaFX App] DEBUG Bundle               - Logging bundle: input
01:16:23.423 [JavaFX App] DEBUG Bundle               - input.Screenshot=P
01:16:23.423 [JavaFX App] DEBUG Bundle               - input.right=D
01:16:23.423 [JavaFX App] DEBUG Bundle               - input.Developer Options=0
01:16:23.424 [JavaFX App] DEBUG Bundle               - input.left=A
01:16:23.424 [JavaFX App] DEBUG FXGLDisplay          - Saving data to profile
01:16:23.424 [JavaFX App] DEBUG Bundle               - Logging bundle: scene
01:16:23.424 [JavaFX App] DEBUG Bundle               - scene.sizeW=1280.0
01:16:23.424 [JavaFX App] DEBUG Bundle               - scene.sizeH=720.0
01:16:23.424 [JavaFX App] DEBUG FXGLAudioPlayer      - Saving data to profile
01:16:23.425 [JavaFX App] DEBUG Bundle               - Logging bundle: audio
01:16:23.425 [JavaFX App] DEBUG Bundle               - audio.musicVolume=0.5
01:16:23.425 [JavaFX App] DEBUG Bundle               - audio.soundVolume=0.5
01:16:23.425 [JavaFX App] DEBUG AchievementManager   - Saving data to profile
01:16:23.425 [JavaFX App] DEBUG Bundle               - Logging bundle: achievement
01:16:23.425 [JavaFX App] DEBUG FXGLMasterTimer      - Saving data to profile
01:16:23.426 [JavaFX App] DEBUG Bundle               - Logging bundle: timer
01:16:23.426 [JavaFX App] DEBUG Bundle               - timer.playtime=0
01:16:23.426 [JavaFX App] DEBUG SaveLoadManager      - Saving profile: 1
01:16:23.428 [JavaFX App] DEBUG IOTask               - Executing task: writeDataTask(./profiles/1/user.profile)
01:16:23.428 [JavaFX App] DEBUG IOTask               - Executing task: writeDataTask(./profiles/1/user.profile)
01:16:23.431 [JavaFX App] DEBUG FS                   - Writing to: .\profiles\1\user.profile
01:16:23.445 [JavaFX App] DEBUG IOTask               - Executing task: checkSavesDir(./profiles/1/saves/)
01:16:23.446 [JavaFX App] DEBUG IOTask               - Task succeeded: writeDataTask(./profiles/1/user.profile)
